ARM GAS  /tmp/cc6TdT2e.s 			page 1


   1              		.syntax unified
   2              		.cpu cortex-m4
   3              		.eabi_attribute 27, 3
   4              		.eabi_attribute 28, 1
   5              		.fpu fpv4-sp-d16
   6              		.eabi_attribute 20, 1
   7              		.eabi_attribute 21, 1
   8              		.eabi_attribute 23, 3
   9              		.eabi_attribute 24, 1
  10              		.eabi_attribute 25, 1
  11              		.eabi_attribute 26, 1
  12              		.eabi_attribute 30, 2
  13              		.eabi_attribute 34, 1
  14              		.eabi_attribute 18, 4
  15              		.thumb
  16              		.file	"arb.c"
  17              		.text
  18              	.Ltext0:
  19              		.cfi_sections	.debug_frame
  20              		.global	nntest_data
  21              		.global	nntest_data_sampled
  22              		.section	.data.nntest_data_sampled,"aw",%progbits
  23              		.align	2
  24              		.type	nntest_data_sampled, %object
  25              		.size	nntest_data_sampled, 128
  26              	nntest_data_sampled:
  27 0000 75751B3F 		.word	1058764149
  28 0004 3EDAB93E 		.word	1052367422
  29 0008 6212923E 		.word	1049760354
  30 000c D89A493E 		.word	1045011160
  31 0010 00000000 		.word	0
  32 0014 480E223D 		.word	1025642056
  33 0018 A9C65A3E 		.word	1046136489
  34 001c 2546B23F 		.word	1068647973
  35 0020 00004040 		.word	1077936128
  36 0024 FA5E1540 		.word	1075142394
  37 0028 544C183F 		.word	1058557012
  38 002c 8F9D9F3C 		.word	1017093519
  39 0030 72E9733E 		.word	1047783794
  40 0034 D9FA043F 		.word	1057290969
  41 0038 E1D1273F 		.word	1059574241
  42 003c FA52483F 		.word	1061704442
  43 0040 5491543F 		.word	1062506836
  44 0044 FDEC513F 		.word	1062333693
  45 0048 CE5E4F3F 		.word	1062166222
  46 004c AB33463F 		.word	1061565355
  47 0050 5D6F3F3F 		.word	1061121885
  48 0054 1838273F 		.word	1059534872
  49 0058 2BC91D3F 		.word	1058916651
  50 005c 63C3233F 		.word	1059308387
  51 0060 7464203F 		.word	1059087476
  52 0064 9685223F 		.word	1059227030
  53 0068 E283213F 		.word	1059161058
  54 006c E35E263F 		.word	1059479267
  55 0070 84C5273F 		.word	1059571076
  56 0074 B9581D3F 		.word	1058887865
  57 0078 8CF01E3F 		.word	1058992268
ARM GAS  /tmp/cc6TdT2e.s 			page 2


  58 007c BB3B203F 		.word	1059077051
  59              		.section	.data.nntest_data,"aw",%progbits
  60              		.align	2
  61              		.type	nntest_data, %object
  62              		.size	nntest_data, 1024
  63              	nntest_data:
  64 0000 F49FD13E 		.word	1053925364
  65 0004 5C26D33E 		.word	1054025308
  66 0008 441CD33E 		.word	1054022724
  67 000c 8E57D13E 		.word	1053906830
  68 0010 3584C03E 		.word	1052804149
  69 0014 DCB2C93E 		.word	1053405916
  70 0018 6A05C83E 		.word	1053295978
  71 001c 4925BE3E 		.word	1052648777
  72 0020 E71EB83E 		.word	1052253927
  73 0024 98F2BD3E 		.word	1052635800
  74 0028 76FAB13E 		.word	1051851382
  75 002c 0505B33E 		.word	1051919621
  76 0030 0C15A83E 		.word	1051202828
  77 0034 845F9D3E 		.word	1050500996
  78 0038 DCDAA33E 		.word	1050925788
  79 003c 6A50953E 		.word	1049972842
  80 0040 130B973E 		.word	1050086163
  81 0044 6D7A8E3E 		.word	1049524845
  82 0048 28AD8E3E 		.word	1049537832
  83 004c BCF9803E 		.word	1048639932
  84 0050 3488743E 		.word	1047824436
  85 0054 4273803E 		.word	1048605506
  86 0058 81DC613E 		.word	1046600833
  87 005c 09C4533E 		.word	1045677065
  88 0060 E3DB4A3E 		.word	1045093347
  89 0064 D735273E 		.word	1042757079
  90 0068 0783113E 		.word	1041335047
  91 006c 245A063E 		.word	1040603684
  92 0070 9B8EE13D 		.word	1038192283
  93 0074 8389C73D 		.word	1036487043
  94 0078 8280A23D 		.word	1034059906
  95 007c FF2F9C3D 		.word	1033646079
  96 0080 19514D3D 		.word	1028477209
  97 0084 1B51013D 		.word	1023496475
  98 0088 720C8F3C 		.word	1016007794
  99 008c 00000000 		.word	0
 100 0090 9D0EE43B 		.word	1004801693
 101 0094 3C6E933C 		.word	1016294972
 102 0098 6DA76F3C 		.word	1013950317
 103 009c 54BC083D 		.word	1023982676
 104 00a0 97EE443D 		.word	1027927703
 105 00a4 386D8F3D 		.word	1032809784
 106 00a8 CF5AAC3D 		.word	1034705615
 107 00ac 18930A3E 		.word	1040880408
 108 00b0 8B32233E 		.word	1042494091
 109 00b4 8003493E 		.word	1044972416
 110 00b8 AA87823E 		.word	1048741802
 111 00bc 85A7963E 		.word	1050060677
 112 00c0 AC08AD3E 		.word	1051527340
 113 00c4 83D1CC3E 		.word	1053610371
 114 00c8 2975F33E 		.word	1056142633
ARM GAS  /tmp/cc6TdT2e.s 			page 3


 115 00cc 41900E3F 		.word	1057919041
 116 00d0 98F6363F 		.word	1060566680
 117 00d4 907C5C3F 		.word	1063025808
 118 00d8 9AEC873F 		.word	1065872538
 119 00dc A39E9E3F 		.word	1067359907
 120 00e0 177DB83F 		.word	1069055255
 121 00e4 DA10D33F 		.word	1070797018
 122 00e8 4509EF3F 		.word	1072630085
 123 00ec 75240740 		.word	1074209909
 124 00f0 ED731540 		.word	1075147757
 125 00f4 5F8A2540 		.word	1076202079
 126 00f8 C0963240 		.word	1077057216
 127 00fc 91E83C40 		.word	1077733521
 128 0100 00004040 		.word	1077936128
 129 0104 65763C40 		.word	1077704293
 130 0108 65903440 		.word	1077186661
 131 010c 7E072840 		.word	1076365182
 132 0110 A5AF1D40 		.word	1075687333
 133 0114 84601340 		.word	1075011716
 134 0118 39650C40 		.word	1074554169
 135 011c 93C70340 		.word	1073989523
 136 0120 71CDF63F 		.word	1073139057
 137 0124 E0D8E33F 		.word	1071896800
 138 0128 AE44CE3F 		.word	1070482606
 139 012c 174AB13F 		.word	1068583447
 140 0130 AC0D973F 		.word	1066864044
 141 0134 50F1773F 		.word	1064825168
 142 0138 58AB413F 		.word	1061268312
 143 013c CAAF163F 		.word	1058451402
 144 0140 77B4D93E 		.word	1054454903
 145 0144 CEEFA03E 		.word	1050734542
 146 0148 5FB6593E 		.word	1046066783
 147 014c 514C0E3E 		.word	1041124433
 148 0150 DF89AA3D 		.word	1034586591
 149 0154 4CE0463D 		.word	1028055116
 150 0158 E8A9483D 		.word	1028172264
 151 015c 32B6083D 		.word	1023981106
 152 0160 9969663D 		.word	1030121881
 153 0164 8EF7673D 		.word	1030223758
 154 0168 8F0FB33D 		.word	1035145103
 155 016c 6F220C3E 		.word	1040982639
 156 0170 A08A293E 		.word	1042909856
 157 0174 51AD3B3E 		.word	1044098385
 158 0178 FF155C3E 		.word	1046222335
 159 017c 8E1D8C3E 		.word	1049369998
 160 0180 88DA953E 		.word	1050008200
 161 0184 5A7AAD3E 		.word	1051556442
 162 0188 54F0BD3E 		.word	1052635220
 163 018c 42CACF3E 		.word	1053805122
 164 0190 2CAEDB3E 		.word	1054584364
 165 0194 87F3E43E 		.word	1055191943
 166 0198 4F9EF43E 		.word	1056218703
 167 019c 231EF83E 		.word	1056448035
 168 01a0 D140033F 		.word	1057177809
 169 01a4 A1550A3F 		.word	1057641889
 170 01a8 059D0C3F 		.word	1057791237
 171 01ac B902153F 		.word	1058341561
ARM GAS  /tmp/cc6TdT2e.s 			page 4


 172 01b0 22D9183F 		.word	1058593058
 173 01b4 3D311B3F 		.word	1058746685
 174 01b8 FF20203F 		.word	1059070207
 175 01bc B58F263F 		.word	1059491765
 176 01c0 1E4B253F 		.word	1059408670
 177 01c4 768A273F 		.word	1059555958
 178 01c8 58982F3F 		.word	1060083800
 179 01cc C55F363F 		.word	1060528069
 180 01d0 BC31343F 		.word	1060385212
 181 01d4 72FE3B3F 		.word	1060896370
 182 01d8 BBBA3D3F 		.word	1061010107
 183 01dc 08843D3F 		.word	1060996104
 184 01e0 459C423F 		.word	1061329989
 185 01e4 F6B73F3F 		.word	1061140470
 186 01e8 204A453F 		.word	1061505568
 187 01ec 6109483F 		.word	1061685601
 188 01f0 AE6F4E3F 		.word	1062105006
 189 01f4 0FA24C3F 		.word	1061986831
 190 01f8 253F4A3F 		.word	1061830437
 191 01fc A51D483F 		.word	1061690789
 192 0200 DC3B443F 		.word	1061436380
 193 0204 5A604F3F 		.word	1062166618
 194 0208 768C4C3F 		.word	1061981302
 195 020c 0C82483F 		.word	1061716492
 196 0210 6B8F463F 		.word	1061588843
 197 0214 5B9B433F 		.word	1061395291
 198 0218 94AC453F 		.word	1061530772
 199 021c 3909483F 		.word	1061685561
 200 0220 1234463F 		.word	1061565458
 201 0224 674F473F 		.word	1061637991
 202 0228 12E04B3F 		.word	1061937170
 203 022c 6333453F 		.word	1061499747
 204 0230 3ED5473F 		.word	1061672254
 205 0234 679A453F 		.word	1061526119
 206 0238 DA20453F 		.word	1061495002
 207 023c 3377433F 		.word	1061386035
 208 0240 41BA423F 		.word	1061337665
 209 0244 CB5A423F 		.word	1061313227
 210 0248 501A3F3F 		.word	1061100112
 211 024c 1E8D3D3F 		.word	1060998430
 212 0250 D3F93D3F 		.word	1061026259
 213 0254 790F3F3F 		.word	1061097337
 214 0258 9C7D403F 		.word	1061191068
 215 025c 664C3B3F 		.word	1060850790
 216 0260 91FC3B3F 		.word	1060895889
 217 0264 B0993A3F 		.word	1060805040
 218 0268 C6BC393F 		.word	1060748486
 219 026c D7B1393F 		.word	1060745687
 220 0270 08F93C3F 		.word	1060960520
 221 0274 0E983F3F 		.word	1061132302
 222 0278 338D393F 		.word	1060736307
 223 027c CA34343F 		.word	1060385994
 224 0280 F7B2343F 		.word	1060418295
 225 0284 8598343F 		.word	1060411525
 226 0288 92E32F3F 		.word	1060103058
 227 028c 66652D3F 		.word	1059939686
 228 0290 F5EC253F 		.word	1059450101
ARM GAS  /tmp/cc6TdT2e.s 			page 5


 229 0294 5E2A233F 		.word	1059269214
 230 0298 8653253F 		.word	1059410822
 231 029c F052193F 		.word	1058624240
 232 02a0 485E1E3F 		.word	1058954824
 233 02a4 4B6D163F 		.word	1058434379
 234 02a8 69311C3F 		.word	1058812265
 235 02ac EA471E3F 		.word	1058949098
 236 02b0 EDFB1B3F 		.word	1058798573
 237 02b4 94EC1B3F 		.word	1058794644
 238 02b8 0364163F 		.word	1058432003
 239 02bc E5AC1D3F 		.word	1058909413
 240 02c0 35E51B3F 		.word	1058792757
 241 02c4 F99B1B3F 		.word	1058774009
 242 02c8 FE5A123F 		.word	1058167550
 243 02cc 3BCE1A3F 		.word	1058721339
 244 02d0 8E5B183F 		.word	1058560910
 245 02d4 F1601C3F 		.word	1058824433
 246 02d8 DEE6193F 		.word	1058662110
 247 02dc A49E1A3F 		.word	1058709156
 248 02e0 F05C1F3F 		.word	1059020016
 249 02e4 9C611E3F 		.word	1058955676
 250 02e8 2F5E1F3F 		.word	1059020335
 251 02ec 86E41B3F 		.word	1058792582
 252 02f0 1E941F3F 		.word	1059034142
 253 02f4 68501E3F 		.word	1058951272
 254 02f8 6AA61B3F 		.word	1058776682
 255 02fc 35111C3F 		.word	1058804021
 256 0300 244F193F 		.word	1058623268
 257 0304 36CB163F 		.word	1058458422
 258 0308 CB6F1C3F 		.word	1058828235
 259 030c F7A01A3F 		.word	1058709751
 260 0310 521B193F 		.word	1058610002
 261 0314 DAF31C3F 		.word	1058862042
 262 0318 5D551D3F 		.word	1058887005
 263 031c 29E31C3F 		.word	1058857769
 264 0320 49F3163F 		.word	1058468681
 265 0324 72151A3F 		.word	1058674034
 266 0328 C2161C3F 		.word	1058805442
 267 032c 6807193F 		.word	1058604904
 268 0330 8967233F 		.word	1059284873
 269 0334 26A41C3F 		.word	1058841638
 270 0338 0BC61C3F 		.word	1058850315
 271 033c 6FA5223F 		.word	1059235183
 272 0340 6DC61E3F 		.word	1058981485
 273 0344 0F8D1C3F 		.word	1058835727
 274 0348 2438193F 		.word	1058617380
 275 034c A33D193F 		.word	1058618787
 276 0350 931A1A3F 		.word	1058675347
 277 0354 34BF1A3F 		.word	1058717492
 278 0358 16C11A3F 		.word	1058717974
 279 035c 5CCF1F3F 		.word	1059049308
 280 0360 D7181E3F 		.word	1058937047
 281 0364 12C0243F 		.word	1059373074
 282 0368 8A92253F 		.word	1059426954
 283 036c 263E253F 		.word	1059405350
 284 0370 7753253F 		.word	1059410807
 285 0374 F244233F 		.word	1059276018
ARM GAS  /tmp/cc6TdT2e.s 			page 6


 286 0378 25A9213F 		.word	1059170597
 287 037c 6FA81F3F 		.word	1059039343
 288 0380 CD38223F 		.word	1059207373
 289 0384 658D1C3F 		.word	1058835813
 290 0388 047D1C3F 		.word	1058831620
 291 038c 5A221A3F 		.word	1058677338
 292 0390 CBE51B3F 		.word	1058792907
 293 0394 16621D3F 		.word	1058890262
 294 0398 993D1A3F 		.word	1058684313
 295 039c 60B8153F 		.word	1058388064
 296 03a0 1185103F 		.word	1058047249
 297 03a4 7CCB133F 		.word	1058261884
 298 03a8 8811183F 		.word	1058541960
 299 03ac 20AA163F 		.word	1058449952
 300 03b0 A4A6183F 		.word	1058580132
 301 03b4 78F9173F 		.word	1058535800
 302 03b8 047D193F 		.word	1058635012
 303 03bc 7987173F 		.word	1058506617
 304 03c0 44D51F3F 		.word	1059050820
 305 03c4 84D8233F 		.word	1059313796
 306 03c8 70A7183F 		.word	1058580336
 307 03cc 60021C3F 		.word	1058800224
 308 03d0 F4C5113F 		.word	1058129396
 309 03d4 9B88183F 		.word	1058572443
 310 03d8 A63E193F 		.word	1058619046
 311 03dc 97431F3F 		.word	1059013527
 312 03e0 BD891A3F 		.word	1058703805
 313 03e4 9D13153F 		.word	1058345885
 314 03e8 0E7E133F 		.word	1058242062
 315 03ec 494D183F 		.word	1058557257
 316 03f0 A73F1B3F 		.word	1058750375
 317 03f4 5529123F 		.word	1058154837
 318 03f8 BFFD183F 		.word	1058602431
 319 03fc AA05173F 		.word	1058473386
 320              		.text
 321              	.Letext0:
 322              		.file 1 "../weights/arb.c"
 323              		.section	.debug_info,"",%progbits
 324              	.Ldebug_info0:
 325 0000 6A000000 		.4byte	0x6a
 326 0004 0400     		.2byte	0x4
 327 0006 00000000 		.4byte	.Ldebug_abbrev0
 328 000a 04       		.byte	0x4
 329 000b 01       		.uleb128 0x1
 330 000c 62000000 		.4byte	.LASF4
 331 0010 01       		.byte	0x1
 332 0011 51000000 		.4byte	.LASF5
 333 0015 0F000000 		.4byte	.LASF6
 334 0019 00000000 		.4byte	.Ldebug_line0
 335 001d 02       		.uleb128 0x2
 336 001e 34000000 		.4byte	0x34
 337 0022 2D000000 		.4byte	0x2d
 338 0026 03       		.uleb128 0x3
 339 0027 2D000000 		.4byte	0x2d
 340 002b 1F       		.byte	0x1f
 341 002c 00       		.byte	0
 342 002d 04       		.uleb128 0x4
ARM GAS  /tmp/cc6TdT2e.s 			page 7


 343 002e 04       		.byte	0x4
 344 002f 07       		.byte	0x7
 345 0030 00000000 		.4byte	.LASF0
 346 0034 04       		.uleb128 0x4
 347 0035 04       		.byte	0x4
 348 0036 04       		.byte	0x4
 349 0037 09000000 		.4byte	.LASF1
 350 003b 05       		.uleb128 0x5
 351 003c 3D000000 		.4byte	.LASF2
 352 0040 01       		.byte	0x1
 353 0041 01       		.byte	0x1
 354 0042 1D000000 		.4byte	0x1d
 355 0046 05       		.uleb128 0x5
 356 0047 03       		.byte	0x3
 357 0048 00000000 		.4byte	nntest_data_sampled
 358 004c 02       		.uleb128 0x2
 359 004d 34000000 		.4byte	0x34
 360 0051 5C000000 		.4byte	0x5c
 361 0055 03       		.uleb128 0x3
 362 0056 2D000000 		.4byte	0x2d
 363 005a FF       		.byte	0xff
 364 005b 00       		.byte	0
 365 005c 05       		.uleb128 0x5
 366 005d 31000000 		.4byte	.LASF3
 367 0061 01       		.byte	0x1
 368 0062 22       		.byte	0x22
 369 0063 4C000000 		.4byte	0x4c
 370 0067 05       		.uleb128 0x5
 371 0068 03       		.byte	0x3
 372 0069 00000000 		.4byte	nntest_data
 373 006d 00       		.byte	0
 374              		.section	.debug_abbrev,"",%progbits
 375              	.Ldebug_abbrev0:
 376 0000 01       		.uleb128 0x1
 377 0001 11       		.uleb128 0x11
 378 0002 01       		.byte	0x1
 379 0003 25       		.uleb128 0x25
 380 0004 0E       		.uleb128 0xe
 381 0005 13       		.uleb128 0x13
 382 0006 0B       		.uleb128 0xb
 383 0007 03       		.uleb128 0x3
 384 0008 0E       		.uleb128 0xe
 385 0009 1B       		.uleb128 0x1b
 386 000a 0E       		.uleb128 0xe
 387 000b 10       		.uleb128 0x10
 388 000c 17       		.uleb128 0x17
 389 000d 00       		.byte	0
 390 000e 00       		.byte	0
 391 000f 02       		.uleb128 0x2
 392 0010 01       		.uleb128 0x1
 393 0011 01       		.byte	0x1
 394 0012 49       		.uleb128 0x49
 395 0013 13       		.uleb128 0x13
 396 0014 01       		.uleb128 0x1
 397 0015 13       		.uleb128 0x13
 398 0016 00       		.byte	0
 399 0017 00       		.byte	0
ARM GAS  /tmp/cc6TdT2e.s 			page 8


 400 0018 03       		.uleb128 0x3
 401 0019 21       		.uleb128 0x21
 402 001a 00       		.byte	0
 403 001b 49       		.uleb128 0x49
 404 001c 13       		.uleb128 0x13
 405 001d 2F       		.uleb128 0x2f
 406 001e 0B       		.uleb128 0xb
 407 001f 00       		.byte	0
 408 0020 00       		.byte	0
 409 0021 04       		.uleb128 0x4
 410 0022 24       		.uleb128 0x24
 411 0023 00       		.byte	0
 412 0024 0B       		.uleb128 0xb
 413 0025 0B       		.uleb128 0xb
 414 0026 3E       		.uleb128 0x3e
 415 0027 0B       		.uleb128 0xb
 416 0028 03       		.uleb128 0x3
 417 0029 0E       		.uleb128 0xe
 418 002a 00       		.byte	0
 419 002b 00       		.byte	0
 420 002c 05       		.uleb128 0x5
 421 002d 34       		.uleb128 0x34
 422 002e 00       		.byte	0
 423 002f 03       		.uleb128 0x3
 424 0030 0E       		.uleb128 0xe
 425 0031 3A       		.uleb128 0x3a
 426 0032 0B       		.uleb128 0xb
 427 0033 3B       		.uleb128 0x3b
 428 0034 0B       		.uleb128 0xb
 429 0035 49       		.uleb128 0x49
 430 0036 13       		.uleb128 0x13
 431 0037 3F       		.uleb128 0x3f
 432 0038 19       		.uleb128 0x19
 433 0039 02       		.uleb128 0x2
 434 003a 18       		.uleb128 0x18
 435 003b 00       		.byte	0
 436 003c 00       		.byte	0
 437 003d 00       		.byte	0
 438              		.section	.debug_aranges,"",%progbits
 439 0000 14000000 		.4byte	0x14
 440 0004 0200     		.2byte	0x2
 441 0006 00000000 		.4byte	.Ldebug_info0
 442 000a 04       		.byte	0x4
 443 000b 00       		.byte	0
 444 000c 0000     		.2byte	0
 445 000e 0000     		.2byte	0
 446 0010 00000000 		.4byte	0
 447 0014 00000000 		.4byte	0
 448              		.section	.debug_line,"",%progbits
 449              	.Ldebug_line0:
 450 0000 2D000000 		.section	.debug_str,"MS",%progbits,1
 450      02002700 
 450      00000201 
 450      FB0E0D00 
 450      01010101 
 451              	.LASF0:
 452 0000 73697A65 		.ascii	"sizetype\000"
ARM GAS  /tmp/cc6TdT2e.s 			page 9


 452      74797065 
 452      00
 453              	.LASF1:
 454 0009 666C6F61 		.ascii	"float\000"
 454      7400
 455              	.LASF6:
 456 000f 2F686F6D 		.ascii	"/home/bhimebau/forge/annsynth/src\000"
 456      652F6268 
 456      696D6562 
 456      61752F66 
 456      6F726765 
 457              	.LASF3:
 458 0031 6E6E7465 		.ascii	"nntest_data\000"
 458      73745F64 
 458      61746100 
 459              	.LASF2:
 460 003d 6E6E7465 		.ascii	"nntest_data_sampled\000"
 460      73745F64 
 460      6174615F 
 460      73616D70 
 460      6C656400 
 461              	.LASF5:
 462 0051 2E2E2F77 		.ascii	"../weights/arb.c\000"
 462      65696768 
 462      74732F61 
 462      72622E63 
 462      00
 463              	.LASF4:
 464 0062 474E5520 		.ascii	"GNU C 4.9.3 20141119 (release) [ARM/embedded-4_9-br"
 464      4320342E 
 464      392E3320 
 464      32303134 
 464      31313139 
 465 0095 616E6368 		.ascii	"anch revision 218278] -mcpu=cortex-m4 -mfloat-abi=h"
 465      20726576 
 465      6973696F 
 465      6E203231 
 465      38323738 
 466 00c8 61726420 		.ascii	"ard -mfpu=fpv4-sp-d16 -mno-thumb-interwork -mthumb "
 466      2D6D6670 
 466      753D6670 
 466      76342D73 
 466      702D6431 
 467 00fb 2D676764 		.ascii	"-ggdb -O2 -fomit-frame-pointer -falign-functions=16"
 467      62202D4F 
 467      32202D66 
 467      6F6D6974 
 467      2D667261 
 468 012e 202D6666 		.ascii	" -ffunction-sections -fdata-sections -fno-common -f"
 468      756E6374 
 468      696F6E2D 
 468      73656374 
 468      696F6E73 
 469 0161 73696E67 		.ascii	"single-precision-constant\000"
 469      6C652D70 
 469      72656369 
 469      73696F6E 
ARM GAS  /tmp/cc6TdT2e.s 			page 10


 469      2D636F6E 
 470              		.ident	"GCC: (GNU Tools for ARM Embedded Processors) 4.9.3 20141119 (release) [ARM/embedded-4_9-br
ARM GAS  /tmp/cc6TdT2e.s 			page 11


DEFINED SYMBOLS
                            *ABS*:00000000 arb.c
     /tmp/cc6TdT2e.s:63     .data.nntest_data:00000000 nntest_data
     /tmp/cc6TdT2e.s:26     .data.nntest_data_sampled:00000000 nntest_data_sampled
     /tmp/cc6TdT2e.s:23     .data.nntest_data_sampled:00000000 $d
     /tmp/cc6TdT2e.s:60     .data.nntest_data:00000000 $d

NO UNDEFINED SYMBOLS
