ARM GAS  /tmp/cc4yKuJd.s 			page 1


   1              		.syntax unified
   2              		.cpu cortex-m4
   3              		.eabi_attribute 27, 3
   4              		.eabi_attribute 28, 1
   5              		.fpu fpv4-sp-d16
   6              		.eabi_attribute 20, 1
   7              		.eabi_attribute 21, 1
   8              		.eabi_attribute 23, 3
   9              		.eabi_attribute 24, 1
  10              		.eabi_attribute 25, 1
  11              		.eabi_attribute 26, 1
  12              		.eabi_attribute 30, 2
  13              		.eabi_attribute 34, 1
  14              		.eabi_attribute 18, 4
  15              		.thumb
  16              		.file	"atoh.c"
  17              		.text
  18              	.Ltext0:
  19              		.cfi_sections	.debug_frame
  20              		.section	.text.atoh,"ax",%progbits
  21              		.align	2
  22              		.p2align 4,,15
  23              		.global	atoh
  24              		.thumb
  25              		.thumb_func
  26              		.type	atoh, %function
  27              	atoh:
  28              	.LFB0:
  29              		.file 1 "../atoh/atoh.c"
  30              		.loc 1 39 0
  31              		.cfi_startproc
  32              		@ args = 0, pretend = 0, frame = 0
  33              		@ frame_needed = 0, uses_anonymous_args = 0
  34              		@ link register save eliminated.
  35              	.LVL0:
  36              		.loc 1 43 0
  37 0000 0378     		ldrb	r3, [r0]	@ zero_extendqisi2
  38 0002 43B3     		cbz	r3, .L8
  39              		.loc 1 39 0
  40 0004 F0B4     		push	{r4, r5, r6, r7}
  41              		.cfi_def_cfa_offset 16
  42              		.cfi_offset 4, -16
  43              		.cfi_offset 5, -12
  44              		.cfi_offset 6, -8
  45              		.cfi_offset 7, -4
  46              		.loc 1 43 0
  47 0006 0022     		movs	r2, #0
  48 0008 00F10807 		add	r7, r0, #8
  49 000c 05E0     		b	.L7
  50              	.LVL1:
  51              	.L18:
  52              		.loc 1 46 0
  53 000e 2244     		add	r2, r2, r4
  54              	.LVL2:
  55              	.L4:
  56              		.loc 1 58 0
  57 0010 B842     		cmp	r0, r7
ARM GAS  /tmp/cc4yKuJd.s 			page 2


  58 0012 14D0     		beq	.L10
  59              	.L19:
  60              		.loc 1 43 0
  61 0014 10F8013F 		ldrb	r3, [r0, #1]!	@ zero_extendqisi2
  62              	.LVL3:
  63 0018 CBB1     		cbz	r3, .L17
  64              	.LVL4:
  65              	.L7:
  66              		.loc 1 45 0
  67 001a A3F13004 		sub	r4, r3, #48
  68 001e E5B2     		uxtb	r5, r4
  69 0020 092D     		cmp	r5, #9
  70              		.loc 1 48 0
  71 0022 A3F16106 		sub	r6, r3, #97
  72              		.loc 1 44 0
  73 0026 4FEA0212 		lsl	r2, r2, #4
  74              	.LVL5:
  75              		.loc 1 45 0
  76 002a F0D9     		bls	.L18
  77              		.loc 1 48 0
  78 002c 052E     		cmp	r6, #5
  79              		.loc 1 51 0
  80 002e A3F14104 		sub	r4, r3, #65
  81              		.loc 1 49 0
  82 0032 A3F15705 		sub	r5, r3, #87
  83              		.loc 1 48 0
  84 0036 05D8     		bhi	.L5
  85              		.loc 1 58 0
  86 0038 B842     		cmp	r0, r7
  87              		.loc 1 49 0
  88 003a 2A44     		add	r2, r2, r5
  89              	.LVL6:
  90              		.loc 1 58 0
  91 003c EAD1     		bne	.L19
  92              	.LVL7:
  93              	.L10:
  94              		.loc 1 56 0
  95 003e 0120     		movs	r0, #1
  96              	.LVL8:
  97              		.loc 1 66 0
  98 0040 F0BC     		pop	{r4, r5, r6, r7}
  99              		.cfi_remember_state
 100              		.cfi_restore 7
 101              		.cfi_restore 6
 102              		.cfi_restore 5
 103              		.cfi_restore 4
 104              		.cfi_def_cfa_offset 0
 105 0042 7047     		bx	lr
 106              	.LVL9:
 107              	.L5:
 108              		.cfi_restore_state
 109              		.loc 1 51 0
 110 0044 052C     		cmp	r4, #5
 111 0046 FAD8     		bhi	.L10
 112              		.loc 1 52 0
 113 0048 373B     		subs	r3, r3, #55
 114 004a 1A44     		add	r2, r2, r3
ARM GAS  /tmp/cc4yKuJd.s 			page 3


 115              	.LVL10:
 116 004c E0E7     		b	.L4
 117              	.LVL11:
 118              	.L17:
 119              		.loc 1 65 0
 120 004e 0020     		movs	r0, #0
 121              	.LVL12:
 122              		.loc 1 64 0
 123 0050 0A60     		str	r2, [r1]
 124              		.loc 1 66 0
 125 0052 F0BC     		pop	{r4, r5, r6, r7}
 126              		.cfi_restore 4
 127              		.cfi_restore 5
 128              		.cfi_restore 6
 129              		.cfi_restore 7
 130              		.cfi_def_cfa_offset 0
 131 0054 7047     		bx	lr
 132              	.LVL13:
 133              	.L8:
 134              		.loc 1 64 0
 135 0056 0B60     		str	r3, [r1]
 136              		.loc 1 65 0
 137 0058 0020     		movs	r0, #0
 138              	.LVL14:
 139              		.loc 1 66 0
 140 005a 7047     		bx	lr
 141              		.cfi_endproc
 142              	.LFE0:
 143              		.size	atoh, .-atoh
 144 005c AFF30080 		.text
 145              	.Letext0:
 146              		.section	.debug_info,"",%progbits
 147              	.Ldebug_info0:
 148 0000 9A000000 		.4byte	0x9a
 149 0004 0400     		.2byte	0x4
 150 0006 00000000 		.4byte	.Ldebug_abbrev0
 151 000a 04       		.byte	0x4
 152 000b 01       		.uleb128 0x1
 153 000c 32000000 		.4byte	.LASF4
 154 0010 01       		.byte	0x1
 155 0011 0B000000 		.4byte	.LASF5
 156 0015 4B010000 		.4byte	.LASF6
 157 0019 00000000 		.4byte	.Ldebug_ranges0+0
 158 001d 00000000 		.4byte	0
 159 0021 00000000 		.4byte	.Ldebug_line0
 160 0025 02       		.uleb128 0x2
 161 0026 22000000 		.4byte	.LASF7
 162 002a 01       		.byte	0x1
 163 002b 27       		.byte	0x27
 164 002c 83000000 		.4byte	0x83
 165 0030 00000000 		.4byte	.LFB0
 166 0034 5C000000 		.4byte	.LFE0-.LFB0
 167 0038 01       		.uleb128 0x1
 168 0039 9C       		.byte	0x9c
 169 003a 83000000 		.4byte	0x83
 170 003e 03       		.uleb128 0x3
 171 003f 7000     		.ascii	"p\000"
ARM GAS  /tmp/cc4yKuJd.s 			page 4


 172 0041 01       		.byte	0x1
 173 0042 27       		.byte	0x27
 174 0043 8A000000 		.4byte	0x8a
 175 0047 00000000 		.4byte	.LLST0
 176 004b 04       		.uleb128 0x4
 177 004c 27000000 		.4byte	.LASF0
 178 0050 01       		.byte	0x1
 179 0051 27       		.byte	0x27
 180 0052 97000000 		.4byte	0x97
 181 0056 01       		.uleb128 0x1
 182 0057 51       		.byte	0x51
 183 0058 05       		.uleb128 0x5
 184 0059 746D7000 		.ascii	"tmp\000"
 185 005d 01       		.byte	0x1
 186 005e 28       		.byte	0x28
 187 005f 83000000 		.4byte	0x83
 188 0063 5C000000 		.4byte	.LLST1
 189 0067 06       		.uleb128 0x6
 190 0068 1A000000 		.4byte	.LASF1
 191 006c 01       		.byte	0x1
 192 006d 29       		.byte	0x29
 193 006e 83000000 		.4byte	0x83
 194 0072 00       		.byte	0
 195 0073 07       		.uleb128 0x7
 196 0074 00000000 		.4byte	.LASF2
 197 0078 01       		.byte	0x1
 198 0079 2A       		.byte	0x2a
 199 007a 83000000 		.4byte	0x83
 200 007e 87000000 		.4byte	.LLST2
 201 0082 00       		.byte	0
 202 0083 08       		.uleb128 0x8
 203 0084 04       		.byte	0x4
 204 0085 05       		.byte	0x5
 205 0086 696E7400 		.ascii	"int\000"
 206 008a 09       		.uleb128 0x9
 207 008b 04       		.byte	0x4
 208 008c 90000000 		.4byte	0x90
 209 0090 0A       		.uleb128 0xa
 210 0091 01       		.byte	0x1
 211 0092 08       		.byte	0x8
 212 0093 2D000000 		.4byte	.LASF3
 213 0097 09       		.uleb128 0x9
 214 0098 04       		.byte	0x4
 215 0099 83000000 		.4byte	0x83
 216 009d 00       		.byte	0
 217              		.section	.debug_abbrev,"",%progbits
 218              	.Ldebug_abbrev0:
 219 0000 01       		.uleb128 0x1
 220 0001 11       		.uleb128 0x11
 221 0002 01       		.byte	0x1
 222 0003 25       		.uleb128 0x25
 223 0004 0E       		.uleb128 0xe
 224 0005 13       		.uleb128 0x13
 225 0006 0B       		.uleb128 0xb
 226 0007 03       		.uleb128 0x3
 227 0008 0E       		.uleb128 0xe
 228 0009 1B       		.uleb128 0x1b
ARM GAS  /tmp/cc4yKuJd.s 			page 5


 229 000a 0E       		.uleb128 0xe
 230 000b 55       		.uleb128 0x55
 231 000c 17       		.uleb128 0x17
 232 000d 11       		.uleb128 0x11
 233 000e 01       		.uleb128 0x1
 234 000f 10       		.uleb128 0x10
 235 0010 17       		.uleb128 0x17
 236 0011 00       		.byte	0
 237 0012 00       		.byte	0
 238 0013 02       		.uleb128 0x2
 239 0014 2E       		.uleb128 0x2e
 240 0015 01       		.byte	0x1
 241 0016 3F       		.uleb128 0x3f
 242 0017 19       		.uleb128 0x19
 243 0018 03       		.uleb128 0x3
 244 0019 0E       		.uleb128 0xe
 245 001a 3A       		.uleb128 0x3a
 246 001b 0B       		.uleb128 0xb
 247 001c 3B       		.uleb128 0x3b
 248 001d 0B       		.uleb128 0xb
 249 001e 27       		.uleb128 0x27
 250 001f 19       		.uleb128 0x19
 251 0020 49       		.uleb128 0x49
 252 0021 13       		.uleb128 0x13
 253 0022 11       		.uleb128 0x11
 254 0023 01       		.uleb128 0x1
 255 0024 12       		.uleb128 0x12
 256 0025 06       		.uleb128 0x6
 257 0026 40       		.uleb128 0x40
 258 0027 18       		.uleb128 0x18
 259 0028 9742     		.uleb128 0x2117
 260 002a 19       		.uleb128 0x19
 261 002b 01       		.uleb128 0x1
 262 002c 13       		.uleb128 0x13
 263 002d 00       		.byte	0
 264 002e 00       		.byte	0
 265 002f 03       		.uleb128 0x3
 266 0030 05       		.uleb128 0x5
 267 0031 00       		.byte	0
 268 0032 03       		.uleb128 0x3
 269 0033 08       		.uleb128 0x8
 270 0034 3A       		.uleb128 0x3a
 271 0035 0B       		.uleb128 0xb
 272 0036 3B       		.uleb128 0x3b
 273 0037 0B       		.uleb128 0xb
 274 0038 49       		.uleb128 0x49
 275 0039 13       		.uleb128 0x13
 276 003a 02       		.uleb128 0x2
 277 003b 17       		.uleb128 0x17
 278 003c 00       		.byte	0
 279 003d 00       		.byte	0
 280 003e 04       		.uleb128 0x4
 281 003f 05       		.uleb128 0x5
 282 0040 00       		.byte	0
 283 0041 03       		.uleb128 0x3
 284 0042 0E       		.uleb128 0xe
 285 0043 3A       		.uleb128 0x3a
ARM GAS  /tmp/cc4yKuJd.s 			page 6


 286 0044 0B       		.uleb128 0xb
 287 0045 3B       		.uleb128 0x3b
 288 0046 0B       		.uleb128 0xb
 289 0047 49       		.uleb128 0x49
 290 0048 13       		.uleb128 0x13
 291 0049 02       		.uleb128 0x2
 292 004a 18       		.uleb128 0x18
 293 004b 00       		.byte	0
 294 004c 00       		.byte	0
 295 004d 05       		.uleb128 0x5
 296 004e 34       		.uleb128 0x34
 297 004f 00       		.byte	0
 298 0050 03       		.uleb128 0x3
 299 0051 08       		.uleb128 0x8
 300 0052 3A       		.uleb128 0x3a
 301 0053 0B       		.uleb128 0xb
 302 0054 3B       		.uleb128 0x3b
 303 0055 0B       		.uleb128 0xb
 304 0056 49       		.uleb128 0x49
 305 0057 13       		.uleb128 0x13
 306 0058 02       		.uleb128 0x2
 307 0059 17       		.uleb128 0x17
 308 005a 00       		.byte	0
 309 005b 00       		.byte	0
 310 005c 06       		.uleb128 0x6
 311 005d 34       		.uleb128 0x34
 312 005e 00       		.byte	0
 313 005f 03       		.uleb128 0x3
 314 0060 0E       		.uleb128 0xe
 315 0061 3A       		.uleb128 0x3a
 316 0062 0B       		.uleb128 0xb
 317 0063 3B       		.uleb128 0x3b
 318 0064 0B       		.uleb128 0xb
 319 0065 49       		.uleb128 0x49
 320 0066 13       		.uleb128 0x13
 321 0067 1C       		.uleb128 0x1c
 322 0068 0B       		.uleb128 0xb
 323 0069 00       		.byte	0
 324 006a 00       		.byte	0
 325 006b 07       		.uleb128 0x7
 326 006c 34       		.uleb128 0x34
 327 006d 00       		.byte	0
 328 006e 03       		.uleb128 0x3
 329 006f 0E       		.uleb128 0xe
 330 0070 3A       		.uleb128 0x3a
 331 0071 0B       		.uleb128 0xb
 332 0072 3B       		.uleb128 0x3b
 333 0073 0B       		.uleb128 0xb
 334 0074 49       		.uleb128 0x49
 335 0075 13       		.uleb128 0x13
 336 0076 02       		.uleb128 0x2
 337 0077 17       		.uleb128 0x17
 338 0078 00       		.byte	0
 339 0079 00       		.byte	0
 340 007a 08       		.uleb128 0x8
 341 007b 24       		.uleb128 0x24
 342 007c 00       		.byte	0
ARM GAS  /tmp/cc4yKuJd.s 			page 7


 343 007d 0B       		.uleb128 0xb
 344 007e 0B       		.uleb128 0xb
 345 007f 3E       		.uleb128 0x3e
 346 0080 0B       		.uleb128 0xb
 347 0081 03       		.uleb128 0x3
 348 0082 08       		.uleb128 0x8
 349 0083 00       		.byte	0
 350 0084 00       		.byte	0
 351 0085 09       		.uleb128 0x9
 352 0086 0F       		.uleb128 0xf
 353 0087 00       		.byte	0
 354 0088 0B       		.uleb128 0xb
 355 0089 0B       		.uleb128 0xb
 356 008a 49       		.uleb128 0x49
 357 008b 13       		.uleb128 0x13
 358 008c 00       		.byte	0
 359 008d 00       		.byte	0
 360 008e 0A       		.uleb128 0xa
 361 008f 24       		.uleb128 0x24
 362 0090 00       		.byte	0
 363 0091 0B       		.uleb128 0xb
 364 0092 0B       		.uleb128 0xb
 365 0093 3E       		.uleb128 0x3e
 366 0094 0B       		.uleb128 0xb
 367 0095 03       		.uleb128 0x3
 368 0096 0E       		.uleb128 0xe
 369 0097 00       		.byte	0
 370 0098 00       		.byte	0
 371 0099 00       		.byte	0
 372              		.section	.debug_loc,"",%progbits
 373              	.Ldebug_loc0:
 374              	.LLST0:
 375 0000 00000000 		.4byte	.LVL0
 376 0004 18000000 		.4byte	.LVL3
 377 0008 0100     		.2byte	0x1
 378 000a 50       		.byte	0x50
 379 000b 18000000 		.4byte	.LVL3
 380 000f 1A000000 		.4byte	.LVL4
 381 0013 0300     		.2byte	0x3
 382 0015 70       		.byte	0x70
 383 0016 7F       		.sleb128 -1
 384 0017 9F       		.byte	0x9f
 385 0018 1A000000 		.4byte	.LVL4
 386 001c 40000000 		.4byte	.LVL8
 387 0020 0100     		.2byte	0x1
 388 0022 50       		.byte	0x50
 389 0023 44000000 		.4byte	.LVL9
 390 0027 4E000000 		.4byte	.LVL11
 391 002b 0100     		.2byte	0x1
 392 002d 50       		.byte	0x50
 393 002e 4E000000 		.4byte	.LVL11
 394 0032 50000000 		.4byte	.LVL12
 395 0036 0300     		.2byte	0x3
 396 0038 70       		.byte	0x70
 397 0039 7F       		.sleb128 -1
 398 003a 9F       		.byte	0x9f
 399 003b 56000000 		.4byte	.LVL13
ARM GAS  /tmp/cc4yKuJd.s 			page 8


 400 003f 5A000000 		.4byte	.LVL14
 401 0043 0100     		.2byte	0x1
 402 0045 50       		.byte	0x50
 403 0046 5A000000 		.4byte	.LVL14
 404 004a 5C000000 		.4byte	.LFE0
 405 004e 0400     		.2byte	0x4
 406 0050 F3       		.byte	0xf3
 407 0051 01       		.uleb128 0x1
 408 0052 50       		.byte	0x50
 409 0053 9F       		.byte	0x9f
 410 0054 00000000 		.4byte	0
 411 0058 00000000 		.4byte	0
 412              	.LLST1:
 413 005c 00000000 		.4byte	.LVL0
 414 0060 0E000000 		.4byte	.LVL1
 415 0064 0200     		.2byte	0x2
 416 0066 30       		.byte	0x30
 417 0067 9F       		.byte	0x9f
 418 0068 0E000000 		.4byte	.LVL1
 419 006c 56000000 		.4byte	.LVL13
 420 0070 0100     		.2byte	0x1
 421 0072 52       		.byte	0x52
 422 0073 56000000 		.4byte	.LVL13
 423 0077 5C000000 		.4byte	.LFE0
 424 007b 0200     		.2byte	0x2
 425 007d 30       		.byte	0x30
 426 007e 9F       		.byte	0x9f
 427 007f 00000000 		.4byte	0
 428 0083 00000000 		.4byte	0
 429              	.LLST2:
 430 0087 00000000 		.4byte	.LVL0
 431 008b 10000000 		.4byte	.LVL2
 432 008f 0200     		.2byte	0x2
 433 0091 30       		.byte	0x30
 434 0092 9F       		.byte	0x9f
 435 0093 10000000 		.4byte	.LVL2
 436 0097 1A000000 		.4byte	.LVL4
 437 009b 0200     		.2byte	0x2
 438 009d 31       		.byte	0x31
 439 009e 9F       		.byte	0x9f
 440 009f 1A000000 		.4byte	.LVL4
 441 00a3 3C000000 		.4byte	.LVL6
 442 00a7 0200     		.2byte	0x2
 443 00a9 30       		.byte	0x30
 444 00aa 9F       		.byte	0x9f
 445 00ab 3C000000 		.4byte	.LVL6
 446 00af 3E000000 		.4byte	.LVL7
 447 00b3 0200     		.2byte	0x2
 448 00b5 31       		.byte	0x31
 449 00b6 9F       		.byte	0x9f
 450 00b7 44000000 		.4byte	.LVL9
 451 00bb 4E000000 		.4byte	.LVL11
 452 00bf 0200     		.2byte	0x2
 453 00c1 30       		.byte	0x30
 454 00c2 9F       		.byte	0x9f
 455 00c3 4E000000 		.4byte	.LVL11
 456 00c7 56000000 		.4byte	.LVL13
ARM GAS  /tmp/cc4yKuJd.s 			page 9


 457 00cb 0200     		.2byte	0x2
 458 00cd 31       		.byte	0x31
 459 00ce 9F       		.byte	0x9f
 460 00cf 56000000 		.4byte	.LVL13
 461 00d3 5C000000 		.4byte	.LFE0
 462 00d7 0200     		.2byte	0x2
 463 00d9 30       		.byte	0x30
 464 00da 9F       		.byte	0x9f
 465 00db 00000000 		.4byte	0
 466 00df 00000000 		.4byte	0
 467              		.section	.debug_aranges,"",%progbits
 468 0000 1C000000 		.4byte	0x1c
 469 0004 0200     		.2byte	0x2
 470 0006 00000000 		.4byte	.Ldebug_info0
 471 000a 04       		.byte	0x4
 472 000b 00       		.byte	0
 473 000c 0000     		.2byte	0
 474 000e 0000     		.2byte	0
 475 0010 00000000 		.4byte	.LFB0
 476 0014 5C000000 		.4byte	.LFE0-.LFB0
 477 0018 00000000 		.4byte	0
 478 001c 00000000 		.4byte	0
 479              		.section	.debug_ranges,"",%progbits
 480              	.Ldebug_ranges0:
 481 0000 00000000 		.4byte	.LFB0
 482 0004 5C000000 		.4byte	.LFE0
 483 0008 00000000 		.4byte	0
 484 000c 00000000 		.4byte	0
 485              		.section	.debug_line,"",%progbits
 486              	.Ldebug_line0:
 487 0000 65000000 		.section	.debug_str,"MS",%progbits,1
 487      02002500 
 487      00000201 
 487      FB0E0D00 
 487      01010101 
 488              	.LASF2:
 489 0000 6C6F6F70 		.ascii	"loop_count\000"
 489      5F636F75 
 489      6E7400
 490              	.LASF5:
 491 000b 2E2E2F61 		.ascii	"../atoh/atoh.c\000"
 491      746F682F 
 491      61746F68 
 491      2E6300
 492              	.LASF1:
 493 001a 7265745F 		.ascii	"ret_val\000"
 493      76616C00 
 494              	.LASF7:
 495 0022 61746F68 		.ascii	"atoh\000"
 495      00
 496              	.LASF0:
 497 0027 76616C75 		.ascii	"value\000"
 497      6500
 498              	.LASF3:
 499 002d 63686172 		.ascii	"char\000"
 499      00
 500              	.LASF4:
ARM GAS  /tmp/cc4yKuJd.s 			page 10


 501 0032 474E5520 		.ascii	"GNU C 4.9.3 20141119 (release) [ARM/embedded-4_9-br"
 501      4320342E 
 501      392E3320 
 501      32303134 
 501      31313139 
 502 0065 616E6368 		.ascii	"anch revision 218278] -mcpu=cortex-m4 -mfloat-abi=h"
 502      20726576 
 502      6973696F 
 502      6E203231 
 502      38323738 
 503 0098 61726420 		.ascii	"ard -mfpu=fpv4-sp-d16 -mno-thumb-interwork -mthumb "
 503      2D6D6670 
 503      753D6670 
 503      76342D73 
 503      702D6431 
 504 00cb 2D676764 		.ascii	"-ggdb -O2 -fomit-frame-pointer -falign-functions=16"
 504      62202D4F 
 504      32202D66 
 504      6F6D6974 
 504      2D667261 
 505 00fe 202D6666 		.ascii	" -ffunction-sections -fdata-sections -fno-common -f"
 505      756E6374 
 505      696F6E2D 
 505      73656374 
 505      696F6E73 
 506 0131 73696E67 		.ascii	"single-precision-constant\000"
 506      6C652D70 
 506      72656369 
 506      73696F6E 
 506      2D636F6E 
 507              	.LASF6:
 508 014b 2F686F6D 		.ascii	"/home/bhimebau/forge/annsynth/src\000"
 508      652F6268 
 508      696D6562 
 508      61752F66 
 508      6F726765 
 509              		.ident	"GCC: (GNU Tools for ARM Embedded Processors) 4.9.3 20141119 (release) [ARM/embedded-4_9-br
ARM GAS  /tmp/cc4yKuJd.s 			page 11


DEFINED SYMBOLS
                            *ABS*:00000000 atoh.c
     /tmp/cc4yKuJd.s:21     .text.atoh:00000000 $t
     /tmp/cc4yKuJd.s:27     .text.atoh:00000000 atoh
                     .debug_frame:00000010 $d

NO UNDEFINED SYMBOLS
