ARM GAS  /tmp/cckRP8GY.s 			page 1


   1              		.syntax unified
   2              		.cpu cortex-m4
   3              		.eabi_attribute 27, 3
   4              		.eabi_attribute 28, 1
   5              		.fpu fpv4-sp-d16
   6              		.eabi_attribute 20, 1
   7              		.eabi_attribute 21, 1
   8              		.eabi_attribute 23, 3
   9              		.eabi_attribute 24, 1
  10              		.eabi_attribute 25, 1
  11              		.eabi_attribute 26, 1
  12              		.eabi_attribute 30, 2
  13              		.eabi_attribute 34, 1
  14              		.eabi_attribute 18, 4
  15              		.thumb
  16              		.file	"chmemcore.c"
  17              		.text
  18              	.Ltext0:
  19              		.cfi_sections	.debug_frame
  20              		.section	.text._core_init,"ax",%progbits
  21              		.align	2
  22              		.p2align 4,,15
  23              		.global	_core_init
  24              		.thumb
  25              		.thumb_func
  26              		.type	_core_init, %function
  27              	_core_init:
  28              	.LFB226:
  29              		.file 1 "../ChibiOS/os/rt/src/chmemcore.c"
  30              		.loc 1 78 0
  31              		.cfi_startproc
  32              		@ args = 0, pretend = 0, frame = 0
  33              		@ frame_needed = 0, uses_anonymous_args = 0
  34              		@ link register save eliminated.
  35              		.loc 1 83 0
  36 0000 054A     		ldr	r2, .L2
  37              		.loc 1 84 0
  38 0002 064B     		ldr	r3, .L2+4
  39              		.loc 1 83 0
  40 0004 0648     		ldr	r0, .L2+8
  41              		.loc 1 84 0
  42 0006 0749     		ldr	r1, .L2+12
  43              		.loc 1 83 0
  44 0008 22F00702 		bic	r2, r2, #7
  45              		.loc 1 84 0
  46 000c 23F00703 		bic	r3, r3, #7
  47              		.loc 1 83 0
  48 0010 0260     		str	r2, [r0]
  49              		.loc 1 84 0
  50 0012 0B60     		str	r3, [r1]
  51 0014 7047     		bx	lr
  52              	.L3:
  53 0016 00BF     		.align	2
  54              	.L2:
  55 0018 07000000 		.word	__heap_base__+7
  56 001c 00000000 		.word	__heap_end__
  57 0020 00000000 		.word	.LANCHOR0
ARM GAS  /tmp/cckRP8GY.s 			page 2


  58 0024 00000000 		.word	.LANCHOR1
  59              		.cfi_endproc
  60              	.LFE226:
  61              		.size	_core_init, .-_core_init
  62 0028 AFF30080 		.section	.text.chCoreAlloc,"ax",%progbits
  62      AFF30080 
  63              		.align	2
  64              		.p2align 4,,15
  65              		.global	chCoreAlloc
  66              		.thumb
  67              		.thumb_func
  68              		.type	chCoreAlloc, %function
  69              	chCoreAlloc:
  70              	.LFB227:
  71              		.loc 1 105 0
  72              		.cfi_startproc
  73              		@ args = 0, pretend = 0, frame = 0
  74              		@ frame_needed = 0, uses_anonymous_args = 0
  75              		@ link register save eliminated.
  76              	.LVL0:
  77 0000 10B4     		push	{r4}
  78              		.cfi_def_cfa_offset 4
  79              		.cfi_offset 4, -4
  80              	.LBB26:
  81              	.LBB27:
  82              	.LBB28:
  83              	.LBB29:
  84              		.file 2 "../ChibiOS/os/ext/CMSIS/include/core_cmFunc.h"
  85              		.loc 2 546 0
  86 0002 2023     		movs	r3, #32
  87              	@ 546 "../ChibiOS/os/ext/CMSIS/include/core_cmFunc.h" 1
  88 0004 83F31188 		MSR basepri, r3
  89              	@ 0 "" 2
  90              	.LVL1:
  91              		.thumb
  92              	.LBE29:
  93              	.LBE28:
  94              	.LBE27:
  95              	.LBE26:
  96              	.LBB30:
  97              	.LBB31:
  98              		.loc 1 133 0
  99 0008 094C     		ldr	r4, .L8
 100 000a 0A4B     		ldr	r3, .L8+4
 101 000c 2268     		ldr	r2, [r4]
 102 000e 1968     		ldr	r1, [r3]
 103              		.loc 1 132 0
 104 0010 C31D     		adds	r3, r0, #7
 105 0012 23F00703 		bic	r3, r3, #7
 106              	.LVL2:
 107              		.loc 1 133 0
 108 0016 891A     		subs	r1, r1, r2
 109 0018 8B42     		cmp	r3, r1
 110              	.LVL3:
 111              		.loc 1 137 0
 112 001a 9DBF     		ittte	ls
 113 001c 9B18     		addls	r3, r3, r2
ARM GAS  /tmp/cckRP8GY.s 			page 3


 114              	.LVL4:
 115 001e 2360     		strls	r3, [r4]
 116              		.loc 1 139 0
 117 0020 1046     		movls	r0, r2
 118              	.LVL5:
 119              		.loc 1 134 0
 120 0022 0020     		movhi	r0, #0
 121              	.LVL6:
 122              	.LBE31:
 123              	.LBE30:
 124              	.LBB32:
 125              	.LBB33:
 126              	.LBB34:
 127              	.LBB35:
 128              	.LBB36:
 129              		.loc 2 546 0
 130 0024 0023     		movs	r3, #0
 131              	@ 546 "../ChibiOS/os/ext/CMSIS/include/core_cmFunc.h" 1
 132 0026 83F31188 		MSR basepri, r3
 133              	@ 0 "" 2
 134              		.thumb
 135              	.LBE36:
 136              	.LBE35:
 137              	.LBE34:
 138              	.LBE33:
 139              	.LBE32:
 140              		.loc 1 113 0
 141 002a 5DF8044B 		ldr	r4, [sp], #4
 142              		.cfi_restore 4
 143              		.cfi_def_cfa_offset 0
 144 002e 7047     		bx	lr
 145              	.L9:
 146              		.align	2
 147              	.L8:
 148 0030 00000000 		.word	.LANCHOR0
 149 0034 00000000 		.word	.LANCHOR1
 150              		.cfi_endproc
 151              	.LFE227:
 152              		.size	chCoreAlloc, .-chCoreAlloc
 153 0038 AFF30080 		.section	.text.chCoreAllocI,"ax",%progbits
 153      AFF30080 
 154              		.align	2
 155              		.p2align 4,,15
 156              		.global	chCoreAllocI
 157              		.thumb
 158              		.thumb_func
 159              		.type	chCoreAllocI, %function
 160              	chCoreAllocI:
 161              	.LFB228:
 162              		.loc 1 127 0
 163              		.cfi_startproc
 164              		@ args = 0, pretend = 0, frame = 0
 165              		@ frame_needed = 0, uses_anonymous_args = 0
 166              		@ link register save eliminated.
 167              	.LVL7:
 168 0000 10B4     		push	{r4}
 169              		.cfi_def_cfa_offset 4
ARM GAS  /tmp/cckRP8GY.s 			page 4


 170              		.cfi_offset 4, -4
 171              		.loc 1 133 0
 172 0002 084B     		ldr	r3, .L14
 173 0004 084C     		ldr	r4, .L14+4
 174 0006 1968     		ldr	r1, [r3]
 175 0008 2268     		ldr	r2, [r4]
 176              		.loc 1 132 0
 177 000a 0730     		adds	r0, r0, #7
 178              	.LVL8:
 179 000c 20F00703 		bic	r3, r0, #7
 180              	.LVL9:
 181              		.loc 1 133 0
 182 0010 891A     		subs	r1, r1, r2
 183 0012 8B42     		cmp	r3, r1
 184              	.LVL10:
 185              		.loc 1 137 0
 186 0014 9DBF     		ittte	ls
 187 0016 9B18     		addls	r3, r3, r2
 188              	.LVL11:
 189 0018 2360     		strls	r3, [r4]
 190              		.loc 1 139 0
 191 001a 1046     		movls	r0, r2
 192              	.LVL12:
 193              		.loc 1 134 0
 194 001c 0020     		movhi	r0, #0
 195              		.loc 1 140 0
 196 001e 5DF8044B 		ldr	r4, [sp], #4
 197              		.cfi_restore 4
 198              		.cfi_def_cfa_offset 0
 199 0022 7047     		bx	lr
 200              	.L15:
 201              		.align	2
 202              	.L14:
 203 0024 00000000 		.word	.LANCHOR1
 204 0028 00000000 		.word	.LANCHOR0
 205              		.cfi_endproc
 206              	.LFE228:
 207              		.size	chCoreAllocI, .-chCoreAllocI
 208 002c AFF30080 		.section	.text.chCoreGetStatusX,"ax",%progbits
 209              		.align	2
 210              		.p2align 4,,15
 211              		.global	chCoreGetStatusX
 212              		.thumb
 213              		.thumb_func
 214              		.type	chCoreGetStatusX, %function
 215              	chCoreGetStatusX:
 216              	.LFB229:
 217              		.loc 1 149 0
 218              		.cfi_startproc
 219              		@ args = 0, pretend = 0, frame = 0
 220              		@ frame_needed = 0, uses_anonymous_args = 0
 221              		@ link register save eliminated.
 222              		.loc 1 151 0
 223 0000 024A     		ldr	r2, .L17
 224 0002 034B     		ldr	r3, .L17+4
 225 0004 1068     		ldr	r0, [r2]
 226 0006 1B68     		ldr	r3, [r3]
ARM GAS  /tmp/cckRP8GY.s 			page 5


 227              		.loc 1 152 0
 228 0008 C01A     		subs	r0, r0, r3
 229 000a 7047     		bx	lr
 230              	.L18:
 231              		.align	2
 232              	.L17:
 233 000c 00000000 		.word	.LANCHOR1
 234 0010 00000000 		.word	.LANCHOR0
 235              		.cfi_endproc
 236              	.LFE229:
 237              		.size	chCoreGetStatusX, .-chCoreGetStatusX
 238 0014 AFF30080 		.section	.bss.endmem,"aw",%nobits
 238      AFF30080 
 238      AFF30080 
 239              		.align	2
 240              		.set	.LANCHOR1,. + 0
 241              		.type	endmem, %object
 242              		.size	endmem, 4
 243              	endmem:
 244 0000 00000000 		.space	4
 245              		.section	.bss.nextmem,"aw",%nobits
 246              		.align	2
 247              		.set	.LANCHOR0,. + 0
 248              		.type	nextmem, %object
 249              		.size	nextmem, 4
 250              	nextmem:
 251 0000 00000000 		.space	4
 252              		.text
 253              	.Letext0:
 254              		.file 3 "/l/arm2/gcc-arm-none-eabi-4_9-2014q4/lib/gcc/arm-none-eabi/4.9.3/include/stddef.h"
 255              		.file 4 "/l/arm2/gcc-arm-none-eabi-4_9-2014q4/arm-none-eabi/include/machine/_default_types.h"
 256              		.file 5 "/l/arm2/gcc-arm-none-eabi-4_9-2014q4/arm-none-eabi/include/stdint.h"
 257              		.file 6 "../ChibiOS/os/rt/ports/ARMCMx/compilers/GCC/chtypes.h"
 258              		.file 7 "../ChibiOS/os/rt/include/chsystypes.h"
 259              		.file 8 "../ChibiOS/os/rt/include/chschd.h"
 260              		.file 9 "../ChibiOS/os/rt/ports/ARMCMx/chcore.h"
 261              		.file 10 "../ChibiOS/os/rt/ports/ARMCMx/chcore_v7m.h"
 262              		.file 11 "../ChibiOS/os/rt/include/chtm.h"
 263              		.file 12 "../ChibiOS/os/rt/include/chmtx.h"
 264              		.file 13 "../ChibiOS/os/rt/include/chsys.h"
 265              		.file 14 "../ChibiOS/os/ext/CMSIS/include/core_cm4.h"
 266              		.section	.debug_info,"",%progbits
 267              	.Ldebug_info0:
 268 0000 AF080000 		.4byte	0x8af
 269 0004 0400     		.2byte	0x4
 270 0006 00000000 		.4byte	.Ldebug_abbrev0
 271 000a 04       		.byte	0x4
 272 000b 01       		.uleb128 0x1
 273 000c 3F030000 		.4byte	.LASF107
 274 0010 01       		.byte	0x1
 275 0011 23020000 		.4byte	.LASF108
 276 0015 B0040000 		.4byte	.LASF109
 277 0019 00000000 		.4byte	.Ldebug_ranges0+0
 278 001d 00000000 		.4byte	0
 279 0021 00000000 		.4byte	.Ldebug_line0
 280 0025 02       		.uleb128 0x2
 281 0026 04       		.byte	0x4
ARM GAS  /tmp/cckRP8GY.s 			page 6


 282 0027 05       		.byte	0x5
 283 0028 696E7400 		.ascii	"int\000"
 284 002c 03       		.uleb128 0x3
 285 002d 14000000 		.4byte	.LASF2
 286 0031 03       		.byte	0x3
 287 0032 D4       		.byte	0xd4
 288 0033 37000000 		.4byte	0x37
 289 0037 04       		.uleb128 0x4
 290 0038 04       		.byte	0x4
 291 0039 07       		.byte	0x7
 292 003a 81010000 		.4byte	.LASF0
 293 003e 04       		.uleb128 0x4
 294 003f 01       		.byte	0x1
 295 0040 06       		.byte	0x6
 296 0041 DA000000 		.4byte	.LASF1
 297 0045 03       		.uleb128 0x3
 298 0046 37000000 		.4byte	.LASF3
 299 004a 04       		.byte	0x4
 300 004b 1D       		.byte	0x1d
 301 004c 50000000 		.4byte	0x50
 302 0050 04       		.uleb128 0x4
 303 0051 01       		.byte	0x1
 304 0052 08       		.byte	0x8
 305 0053 E8020000 		.4byte	.LASF4
 306 0057 04       		.uleb128 0x4
 307 0058 02       		.byte	0x2
 308 0059 05       		.byte	0x5
 309 005a 0B030000 		.4byte	.LASF5
 310 005e 04       		.uleb128 0x4
 311 005f 02       		.byte	0x2
 312 0060 07       		.byte	0x7
 313 0061 AA010000 		.4byte	.LASF6
 314 0065 03       		.uleb128 0x3
 315 0066 FB010000 		.4byte	.LASF7
 316 006a 04       		.byte	0x4
 317 006b 3F       		.byte	0x3f
 318 006c 70000000 		.4byte	0x70
 319 0070 04       		.uleb128 0x4
 320 0071 04       		.byte	0x4
 321 0072 05       		.byte	0x5
 322 0073 24010000 		.4byte	.LASF8
 323 0077 03       		.uleb128 0x3
 324 0078 1F050000 		.4byte	.LASF9
 325 007c 04       		.byte	0x4
 326 007d 41       		.byte	0x41
 327 007e 82000000 		.4byte	0x82
 328 0082 04       		.uleb128 0x4
 329 0083 04       		.byte	0x4
 330 0084 07       		.byte	0x7
 331 0085 D2040000 		.4byte	.LASF10
 332 0089 04       		.uleb128 0x4
 333 008a 08       		.byte	0x8
 334 008b 05       		.byte	0x5
 335 008c CC000000 		.4byte	.LASF11
 336 0090 03       		.uleb128 0x3
 337 0091 98020000 		.4byte	.LASF12
 338 0095 04       		.byte	0x4
ARM GAS  /tmp/cckRP8GY.s 			page 7


 339 0096 5B       		.byte	0x5b
 340 0097 9B000000 		.4byte	0x9b
 341 009b 04       		.uleb128 0x4
 342 009c 08       		.byte	0x8
 343 009d 07       		.byte	0x7
 344 009e 66000000 		.4byte	.LASF13
 345 00a2 03       		.uleb128 0x3
 346 00a3 8B050000 		.4byte	.LASF14
 347 00a7 05       		.byte	0x5
 348 00a8 15       		.byte	0x15
 349 00a9 45000000 		.4byte	0x45
 350 00ad 03       		.uleb128 0x3
 351 00ae E0020000 		.4byte	.LASF15
 352 00b2 05       		.byte	0x5
 353 00b3 2C       		.byte	0x2c
 354 00b4 65000000 		.4byte	0x65
 355 00b8 03       		.uleb128 0x3
 356 00b9 8F040000 		.4byte	.LASF16
 357 00bd 05       		.byte	0x5
 358 00be 2D       		.byte	0x2d
 359 00bf 77000000 		.4byte	0x77
 360 00c3 03       		.uleb128 0x3
 361 00c4 22000000 		.4byte	.LASF17
 362 00c8 05       		.byte	0x5
 363 00c9 39       		.byte	0x39
 364 00ca 90000000 		.4byte	0x90
 365 00ce 05       		.uleb128 0x5
 366 00cf AD000000 		.4byte	0xad
 367 00d3 03       		.uleb128 0x3
 368 00d4 51050000 		.4byte	.LASF18
 369 00d8 06       		.byte	0x6
 370 00d9 45       		.byte	0x45
 371 00da B8000000 		.4byte	0xb8
 372 00de 03       		.uleb128 0x3
 373 00df D9010000 		.4byte	.LASF19
 374 00e3 06       		.byte	0x6
 375 00e4 48       		.byte	0x48
 376 00e5 A2000000 		.4byte	0xa2
 377 00e9 03       		.uleb128 0x3
 378 00ea 2D010000 		.4byte	.LASF20
 379 00ee 06       		.byte	0x6
 380 00ef 49       		.byte	0x49
 381 00f0 A2000000 		.4byte	0xa2
 382 00f4 03       		.uleb128 0x3
 383 00f5 A3020000 		.4byte	.LASF21
 384 00f9 06       		.byte	0x6
 385 00fa 4A       		.byte	0x4a
 386 00fb A2000000 		.4byte	0xa2
 387 00ff 03       		.uleb128 0x3
 388 0100 C2020000 		.4byte	.LASF22
 389 0104 06       		.byte	0x6
 390 0105 4C       		.byte	0x4c
 391 0106 B8000000 		.4byte	0xb8
 392 010a 03       		.uleb128 0x3
 393 010b C7010000 		.4byte	.LASF23
 394 010f 06       		.byte	0x6
 395 0110 4D       		.byte	0x4d
ARM GAS  /tmp/cckRP8GY.s 			page 8


 396 0111 AD000000 		.4byte	0xad
 397 0115 03       		.uleb128 0x3
 398 0116 EF010000 		.4byte	.LASF24
 399 011a 06       		.byte	0x6
 400 011b 4F       		.byte	0x4f
 401 011c B8000000 		.4byte	0xb8
 402 0120 03       		.uleb128 0x3
 403 0121 01050000 		.4byte	.LASF25
 404 0125 07       		.byte	0x7
 405 0126 33       		.byte	0x33
 406 0127 B8000000 		.4byte	0xb8
 407 012b 03       		.uleb128 0x3
 408 012c E9040000 		.4byte	.LASF26
 409 0130 07       		.byte	0x7
 410 0131 3F       		.byte	0x3f
 411 0132 36010000 		.4byte	0x136
 412 0136 06       		.uleb128 0x6
 413 0137 BD010000 		.4byte	.LASF45
 414 013b 44       		.byte	0x44
 415 013c 08       		.byte	0x8
 416 013d BE       		.byte	0xbe
 417 013e 23020000 		.4byte	0x223
 418 0142 07       		.uleb128 0x7
 419 0143 38030000 		.4byte	.LASF27
 420 0147 08       		.byte	0x8
 421 0148 BF       		.byte	0xbf
 422 0149 CD050000 		.4byte	0x5cd
 423 014d 00       		.byte	0
 424 014e 07       		.uleb128 0x7
 425 014f BB020000 		.4byte	.LASF28
 426 0153 08       		.byte	0x8
 427 0154 C1       		.byte	0xc1
 428 0155 CD050000 		.4byte	0x5cd
 429 0159 04       		.byte	0x4
 430 015a 07       		.uleb128 0x7
 431 015b C5000000 		.4byte	.LASF29
 432 015f 08       		.byte	0x8
 433 0160 C3       		.byte	0xc3
 434 0161 FF000000 		.4byte	0xff
 435 0165 08       		.byte	0x8
 436 0166 07       		.uleb128 0x7
 437 0167 CF050000 		.4byte	.LASF30
 438 016b 08       		.byte	0x8
 439 016c C4       		.byte	0xc4
 440 016d 4D040000 		.4byte	0x44d
 441 0171 0C       		.byte	0xc
 442 0172 07       		.uleb128 0x7
 443 0173 36010000 		.4byte	.LASF31
 444 0177 08       		.byte	0x8
 445 0178 C6       		.byte	0xc6
 446 0179 CD050000 		.4byte	0x5cd
 447 017d 10       		.byte	0x10
 448 017e 07       		.uleb128 0x7
 449 017f 67020000 		.4byte	.LASF32
 450 0183 08       		.byte	0x8
 451 0184 C7       		.byte	0xc7
 452 0185 CD050000 		.4byte	0x5cd
ARM GAS  /tmp/cckRP8GY.s 			page 9


 453 0189 14       		.byte	0x14
 454 018a 07       		.uleb128 0x7
 455 018b 9A050000 		.4byte	.LASF33
 456 018f 08       		.byte	0x8
 457 0190 CE       		.byte	0xce
 458 0191 0B060000 		.4byte	0x60b
 459 0195 18       		.byte	0x18
 460 0196 07       		.uleb128 0x7
 461 0197 15030000 		.4byte	.LASF34
 462 019b 08       		.byte	0x8
 463 019c D9       		.byte	0xd9
 464 019d E9000000 		.4byte	0xe9
 465 01a1 1C       		.byte	0x1c
 466 01a2 07       		.uleb128 0x7
 467 01a3 58040000 		.4byte	.LASF35
 468 01a7 08       		.byte	0x8
 469 01a8 DD       		.byte	0xdd
 470 01a9 DE000000 		.4byte	0xde
 471 01ad 1D       		.byte	0x1d
 472 01ae 07       		.uleb128 0x7
 473 01af 7E050000 		.4byte	.LASF36
 474 01b3 08       		.byte	0x8
 475 01b4 E2       		.byte	0xe2
 476 01b5 F4000000 		.4byte	0xf4
 477 01b9 1E       		.byte	0x1e
 478 01ba 08       		.uleb128 0x8
 479 01bb 705F7500 		.ascii	"p_u\000"
 480 01bf 08       		.byte	0x8
 481 01c0 1401     		.2byte	0x114
 482 01c2 D3050000 		.4byte	0x5d3
 483 01c6 20       		.byte	0x20
 484 01c7 09       		.uleb128 0x9
 485 01c8 10020000 		.4byte	.LASF37
 486 01cc 08       		.byte	0x8
 487 01cd 1901     		.2byte	0x119
 488 01cf 23020000 		.4byte	0x223
 489 01d3 24       		.byte	0x24
 490 01d4 09       		.uleb128 0x9
 491 01d5 9F010000 		.4byte	.LASF38
 492 01d9 08       		.byte	0x8
 493 01da 1F01     		.2byte	0x11f
 494 01dc 47020000 		.4byte	0x247
 495 01e0 28       		.byte	0x28
 496 01e1 09       		.uleb128 0x9
 497 01e2 C1050000 		.4byte	.LASF39
 498 01e6 08       		.byte	0x8
 499 01e7 2301     		.2byte	0x123
 500 01e9 0A010000 		.4byte	0x10a
 501 01ed 30       		.byte	0x30
 502 01ee 09       		.uleb128 0x9
 503 01ef 84040000 		.4byte	.LASF40
 504 01f3 08       		.byte	0x8
 505 01f4 2901     		.2byte	0x129
 506 01f6 15010000 		.4byte	0x115
 507 01fa 34       		.byte	0x34
 508 01fb 09       		.uleb128 0x9
 509 01fc 01030000 		.4byte	.LASF41
ARM GAS  /tmp/cckRP8GY.s 			page 10


 510 0200 08       		.byte	0x8
 511 0201 3001     		.2byte	0x130
 512 0203 4E060000 		.4byte	0x64e
 513 0207 38       		.byte	0x38
 514 0208 09       		.uleb128 0x9
 515 0209 0B050000 		.4byte	.LASF42
 516 020d 08       		.byte	0x8
 517 020e 3401     		.2byte	0x134
 518 0210 FF000000 		.4byte	0xff
 519 0214 3C       		.byte	0x3c
 520 0215 09       		.uleb128 0x9
 521 0216 E6000000 		.4byte	.LASF43
 522 021a 08       		.byte	0x8
 523 021b 3A01     		.2byte	0x13a
 524 021d FA020000 		.4byte	0x2fa
 525 0221 40       		.byte	0x40
 526 0222 00       		.byte	0
 527 0223 03       		.uleb128 0x3
 528 0224 A6050000 		.4byte	.LASF44
 529 0228 07       		.byte	0x7
 530 0229 44       		.byte	0x44
 531 022a 2E020000 		.4byte	0x22e
 532 022e 06       		.uleb128 0x6
 533 022f A0040000 		.4byte	.LASF46
 534 0233 04       		.byte	0x4
 535 0234 08       		.byte	0x8
 536 0235 AC       		.byte	0xac
 537 0236 47020000 		.4byte	0x247
 538 023a 07       		.uleb128 0x7
 539 023b 38030000 		.4byte	.LASF27
 540 023f 08       		.byte	0x8
 541 0240 AD       		.byte	0xad
 542 0241 CD050000 		.4byte	0x5cd
 543 0245 00       		.byte	0
 544 0246 00       		.byte	0
 545 0247 03       		.uleb128 0x3
 546 0248 6E050000 		.4byte	.LASF47
 547 024c 07       		.byte	0x7
 548 024d 4B       		.byte	0x4b
 549 024e 52020000 		.4byte	0x252
 550 0252 06       		.uleb128 0x6
 551 0253 B4000000 		.4byte	.LASF48
 552 0257 08       		.byte	0x8
 553 0258 08       		.byte	0x8
 554 0259 B3       		.byte	0xb3
 555 025a 77020000 		.4byte	0x277
 556 025e 07       		.uleb128 0x7
 557 025f 38030000 		.4byte	.LASF27
 558 0263 08       		.byte	0x8
 559 0264 B4       		.byte	0xb4
 560 0265 CD050000 		.4byte	0x5cd
 561 0269 00       		.byte	0
 562 026a 07       		.uleb128 0x7
 563 026b BB020000 		.4byte	.LASF28
 564 026f 08       		.byte	0x8
 565 0270 B5       		.byte	0xb5
 566 0271 CD050000 		.4byte	0x5cd
ARM GAS  /tmp/cckRP8GY.s 			page 11


 567 0275 04       		.byte	0x4
 568 0276 00       		.byte	0
 569 0277 03       		.uleb128 0x3
 570 0278 07000000 		.4byte	.LASF49
 571 027c 07       		.byte	0x7
 572 027d 52       		.byte	0x52
 573 027e 82020000 		.4byte	0x282
 574 0282 0A       		.uleb128 0xa
 575 0283 E1010000 		.4byte	.LASF50
 576 0287 1C       		.byte	0x1c
 577 0288 08       		.byte	0x8
 578 0289 7201     		.2byte	0x172
 579 028b DE020000 		.4byte	0x2de
 580 028f 09       		.uleb128 0x9
 581 0290 98040000 		.4byte	.LASF51
 582 0294 08       		.byte	0x8
 583 0295 7301     		.2byte	0x173
 584 0297 47020000 		.4byte	0x247
 585 029b 00       		.byte	0
 586 029c 09       		.uleb128 0x9
 587 029d 2A030000 		.4byte	.LASF52
 588 02a1 08       		.byte	0x8
 589 02a2 7401     		.2byte	0x174
 590 02a4 FF000000 		.4byte	0xff
 591 02a8 08       		.byte	0x8
 592 02a9 09       		.uleb128 0x9
 593 02aa 6F020000 		.4byte	.LASF53
 594 02ae 08       		.byte	0x8
 595 02af 7601     		.2byte	0x176
 596 02b1 4D040000 		.4byte	0x44d
 597 02b5 0C       		.byte	0xc
 598 02b6 09       		.uleb128 0x9
 599 02b7 4B010000 		.4byte	.LASF54
 600 02bb 08       		.byte	0x8
 601 02bc 7901     		.2byte	0x179
 602 02be CD050000 		.4byte	0x5cd
 603 02c2 10       		.byte	0x10
 604 02c3 09       		.uleb128 0x9
 605 02c4 90020000 		.4byte	.LASF55
 606 02c8 08       		.byte	0x8
 607 02c9 7A01     		.2byte	0x17a
 608 02cb CD050000 		.4byte	0x5cd
 609 02cf 14       		.byte	0x14
 610 02d0 09       		.uleb128 0x9
 611 02d1 86020000 		.4byte	.LASF56
 612 02d5 08       		.byte	0x8
 613 02d6 7D01     		.2byte	0x17d
 614 02d8 CD050000 		.4byte	0x5cd
 615 02dc 18       		.byte	0x18
 616 02dd 00       		.byte	0
 617 02de 03       		.uleb128 0x3
 618 02df 16050000 		.4byte	.LASF57
 619 02e3 07       		.byte	0x7
 620 02e4 57       		.byte	0x57
 621 02e5 E9020000 		.4byte	0x2e9
 622 02e9 0B       		.uleb128 0xb
 623 02ea 04       		.byte	0x4
ARM GAS  /tmp/cckRP8GY.s 			page 12


 624 02eb EF020000 		.4byte	0x2ef
 625 02ef 0C       		.uleb128 0xc
 626 02f0 FA020000 		.4byte	0x2fa
 627 02f4 0D       		.uleb128 0xd
 628 02f5 FA020000 		.4byte	0x2fa
 629 02f9 00       		.byte	0
 630 02fa 0E       		.uleb128 0xe
 631 02fb 04       		.byte	0x4
 632 02fc 03       		.uleb128 0x3
 633 02fd AB020000 		.4byte	.LASF58
 634 0301 07       		.byte	0x7
 635 0302 5C       		.byte	0x5c
 636 0303 07030000 		.4byte	0x307
 637 0307 0A       		.uleb128 0xa
 638 0308 73040000 		.4byte	.LASF59
 639 030c 14       		.byte	0x14
 640 030d 08       		.byte	0x8
 641 030e 4D01     		.2byte	0x14d
 642 0310 56030000 		.4byte	0x356
 643 0314 09       		.uleb128 0x9
 644 0315 8E010000 		.4byte	.LASF60
 645 0319 08       		.byte	0x8
 646 031a 4E01     		.2byte	0x14e
 647 031c 54060000 		.4byte	0x654
 648 0320 00       		.byte	0
 649 0321 09       		.uleb128 0x9
 650 0322 5C010000 		.4byte	.LASF61
 651 0326 08       		.byte	0x8
 652 0327 4F01     		.2byte	0x14f
 653 0329 54060000 		.4byte	0x654
 654 032d 04       		.byte	0x4
 655 032e 09       		.uleb128 0x9
 656 032f 96010000 		.4byte	.LASF62
 657 0333 08       		.byte	0x8
 658 0334 5001     		.2byte	0x150
 659 0336 20010000 		.4byte	0x120
 660 033a 08       		.byte	0x8
 661 033b 09       		.uleb128 0x9
 662 033c D5050000 		.4byte	.LASF63
 663 0340 08       		.byte	0x8
 664 0341 5101     		.2byte	0x151
 665 0343 DE020000 		.4byte	0x2de
 666 0347 0C       		.byte	0xc
 667 0348 09       		.uleb128 0x9
 668 0349 59050000 		.4byte	.LASF64
 669 034d 08       		.byte	0x8
 670 034e 5301     		.2byte	0x153
 671 0350 FA020000 		.4byte	0x2fa
 672 0354 10       		.byte	0x10
 673 0355 00       		.byte	0
 674 0356 03       		.uleb128 0x3
 675 0357 91000000 		.4byte	.LASF65
 676 035b 07       		.byte	0x7
 677 035c 61       		.byte	0x61
 678 035d 61030000 		.4byte	0x361
 679 0361 0A       		.uleb128 0xa
 680 0362 44020000 		.4byte	.LASF66
ARM GAS  /tmp/cckRP8GY.s 			page 13


 681 0366 10       		.byte	0x10
 682 0367 08       		.byte	0x8
 683 0368 5D01     		.2byte	0x15d
 684 036a A3030000 		.4byte	0x3a3
 685 036e 09       		.uleb128 0x9
 686 036f 8E010000 		.4byte	.LASF60
 687 0373 08       		.byte	0x8
 688 0374 5E01     		.2byte	0x15e
 689 0376 54060000 		.4byte	0x654
 690 037a 00       		.byte	0
 691 037b 09       		.uleb128 0x9
 692 037c 5C010000 		.4byte	.LASF61
 693 0380 08       		.byte	0x8
 694 0381 6001     		.2byte	0x160
 695 0383 54060000 		.4byte	0x654
 696 0387 04       		.byte	0x4
 697 0388 09       		.uleb128 0x9
 698 0389 96010000 		.4byte	.LASF62
 699 038d 08       		.byte	0x8
 700 038e 6201     		.2byte	0x162
 701 0390 20010000 		.4byte	0x120
 702 0394 08       		.byte	0x8
 703 0395 09       		.uleb128 0x9
 704 0396 5B020000 		.4byte	.LASF67
 705 039a 08       		.byte	0x8
 706 039b 6A01     		.2byte	0x16a
 707 039d 20010000 		.4byte	0x120
 708 03a1 0C       		.byte	0xc
 709 03a2 00       		.byte	0
 710 03a3 03       		.uleb128 0x3
 711 03a4 4D000000 		.4byte	.LASF68
 712 03a8 07       		.byte	0x7
 713 03a9 66       		.byte	0x66
 714 03aa AE030000 		.4byte	0x3ae
 715 03ae 0A       		.uleb128 0xa
 716 03af D0020000 		.4byte	.LASF69
 717 03b3 04       		.byte	0x4
 718 03b4 08       		.byte	0x8
 719 03b5 8401     		.2byte	0x184
 720 03b7 C9030000 		.4byte	0x3c9
 721 03bb 09       		.uleb128 0x9
 722 03bc 38050000 		.4byte	.LASF70
 723 03c0 08       		.byte	0x8
 724 03c1 8C01     		.2byte	0x18c
 725 03c3 5A060000 		.4byte	0x65a
 726 03c7 00       		.byte	0
 727 03c8 00       		.byte	0
 728 03c9 03       		.uleb128 0x3
 729 03ca CD010000 		.4byte	.LASF71
 730 03ce 07       		.byte	0x7
 731 03cf 6B       		.byte	0x6b
 732 03d0 D4030000 		.4byte	0x3d4
 733 03d4 0F       		.uleb128 0xf
 734 03d5 1A010000 		.4byte	.LASF72
 735 03d9 D801     		.2byte	0x1d8
 736 03db 08       		.byte	0x8
 737 03dc A401     		.2byte	0x1a4
ARM GAS  /tmp/cckRP8GY.s 			page 14


 738 03de 30040000 		.4byte	0x430
 739 03e2 09       		.uleb128 0x9
 740 03e3 85050000 		.4byte	.LASF73
 741 03e7 08       		.byte	0x8
 742 03e8 A801     		.2byte	0x1a8
 743 03ea 77020000 		.4byte	0x277
 744 03ee 00       		.byte	0
 745 03ef 09       		.uleb128 0x9
 746 03f0 F6000000 		.4byte	.LASF74
 747 03f4 08       		.byte	0x8
 748 03f5 AC01     		.2byte	0x1ac
 749 03f7 56030000 		.4byte	0x356
 750 03fb 1C       		.byte	0x1c
 751 03fc 08       		.uleb128 0x8
 752 03fd 64626700 		.ascii	"dbg\000"
 753 0401 08       		.byte	0x8
 754 0402 B001     		.2byte	0x1b0
 755 0404 A3030000 		.4byte	0x3a3
 756 0408 2C       		.byte	0x2c
 757 0409 09       		.uleb128 0x9
 758 040a 86000000 		.4byte	.LASF75
 759 040e 08       		.byte	0x8
 760 040f B401     		.2byte	0x1b4
 761 0411 2B010000 		.4byte	0x12b
 762 0415 30       		.byte	0x30
 763 0416 08       		.uleb128 0x8
 764 0417 746D00   		.ascii	"tm\000"
 765 041a 08       		.byte	0x8
 766 041b B901     		.2byte	0x1b9
 767 041d C2050000 		.4byte	0x5c2
 768 0421 74       		.byte	0x74
 769 0422 09       		.uleb128 0x9
 770 0423 72010000 		.4byte	.LASF76
 771 0427 08       		.byte	0x8
 772 0428 C501     		.2byte	0x1c5
 773 042a 5F060000 		.4byte	0x65f
 774 042e 78       		.byte	0x78
 775 042f 00       		.byte	0
 776 0430 04       		.uleb128 0x4
 777 0431 04       		.byte	0x4
 778 0432 07       		.byte	0x7
 779 0433 1A020000 		.4byte	.LASF77
 780 0437 03       		.uleb128 0x3
 781 0438 53010000 		.4byte	.LASF78
 782 043c 09       		.byte	0x9
 783 043d 85       		.byte	0x85
 784 043e FA020000 		.4byte	0x2fa
 785 0442 03       		.uleb128 0x3
 786 0443 05020000 		.4byte	.LASF79
 787 0447 09       		.byte	0x9
 788 0448 8D       		.byte	0x8d
 789 0449 C3000000 		.4byte	0xc3
 790 044d 06       		.uleb128 0x6
 791 044e 49050000 		.4byte	.LASF80
 792 0452 04       		.byte	0x4
 793 0453 09       		.byte	0x9
 794 0454 A9       		.byte	0xa9
ARM GAS  /tmp/cckRP8GY.s 			page 15


 795 0455 66040000 		.4byte	0x466
 796 0459 10       		.uleb128 0x10
 797 045a 72313300 		.ascii	"r13\000"
 798 045e 09       		.byte	0x9
 799 045f AA       		.byte	0xaa
 800 0460 A7050000 		.4byte	0x5a7
 801 0464 00       		.byte	0
 802 0465 00       		.byte	0
 803 0466 06       		.uleb128 0x6
 804 0467 41000000 		.4byte	.LASF81
 805 046b 64       		.byte	0x64
 806 046c 0A       		.byte	0xa
 807 046d F4       		.byte	0xf4
 808 046e A7050000 		.4byte	0x5a7
 809 0472 10       		.uleb128 0x10
 810 0473 73313600 		.ascii	"s16\000"
 811 0477 0A       		.byte	0xa
 812 0478 F6       		.byte	0xf6
 813 0479 37040000 		.4byte	0x437
 814 047d 00       		.byte	0
 815 047e 10       		.uleb128 0x10
 816 047f 73313700 		.ascii	"s17\000"
 817 0483 0A       		.byte	0xa
 818 0484 F7       		.byte	0xf7
 819 0485 37040000 		.4byte	0x437
 820 0489 04       		.byte	0x4
 821 048a 10       		.uleb128 0x10
 822 048b 73313800 		.ascii	"s18\000"
 823 048f 0A       		.byte	0xa
 824 0490 F8       		.byte	0xf8
 825 0491 37040000 		.4byte	0x437
 826 0495 08       		.byte	0x8
 827 0496 10       		.uleb128 0x10
 828 0497 73313900 		.ascii	"s19\000"
 829 049b 0A       		.byte	0xa
 830 049c F9       		.byte	0xf9
 831 049d 37040000 		.4byte	0x437
 832 04a1 0C       		.byte	0xc
 833 04a2 10       		.uleb128 0x10
 834 04a3 73323000 		.ascii	"s20\000"
 835 04a7 0A       		.byte	0xa
 836 04a8 FA       		.byte	0xfa
 837 04a9 37040000 		.4byte	0x437
 838 04ad 10       		.byte	0x10
 839 04ae 10       		.uleb128 0x10
 840 04af 73323100 		.ascii	"s21\000"
 841 04b3 0A       		.byte	0xa
 842 04b4 FB       		.byte	0xfb
 843 04b5 37040000 		.4byte	0x437
 844 04b9 14       		.byte	0x14
 845 04ba 10       		.uleb128 0x10
 846 04bb 73323200 		.ascii	"s22\000"
 847 04bf 0A       		.byte	0xa
 848 04c0 FC       		.byte	0xfc
 849 04c1 37040000 		.4byte	0x437
 850 04c5 18       		.byte	0x18
 851 04c6 10       		.uleb128 0x10
ARM GAS  /tmp/cckRP8GY.s 			page 16


 852 04c7 73323300 		.ascii	"s23\000"
 853 04cb 0A       		.byte	0xa
 854 04cc FD       		.byte	0xfd
 855 04cd 37040000 		.4byte	0x437
 856 04d1 1C       		.byte	0x1c
 857 04d2 10       		.uleb128 0x10
 858 04d3 73323400 		.ascii	"s24\000"
 859 04d7 0A       		.byte	0xa
 860 04d8 FE       		.byte	0xfe
 861 04d9 37040000 		.4byte	0x437
 862 04dd 20       		.byte	0x20
 863 04de 10       		.uleb128 0x10
 864 04df 73323500 		.ascii	"s25\000"
 865 04e3 0A       		.byte	0xa
 866 04e4 FF       		.byte	0xff
 867 04e5 37040000 		.4byte	0x437
 868 04e9 24       		.byte	0x24
 869 04ea 08       		.uleb128 0x8
 870 04eb 73323600 		.ascii	"s26\000"
 871 04ef 0A       		.byte	0xa
 872 04f0 0001     		.2byte	0x100
 873 04f2 37040000 		.4byte	0x437
 874 04f6 28       		.byte	0x28
 875 04f7 08       		.uleb128 0x8
 876 04f8 73323700 		.ascii	"s27\000"
 877 04fc 0A       		.byte	0xa
 878 04fd 0101     		.2byte	0x101
 879 04ff 37040000 		.4byte	0x437
 880 0503 2C       		.byte	0x2c
 881 0504 08       		.uleb128 0x8
 882 0505 73323800 		.ascii	"s28\000"
 883 0509 0A       		.byte	0xa
 884 050a 0201     		.2byte	0x102
 885 050c 37040000 		.4byte	0x437
 886 0510 30       		.byte	0x30
 887 0511 08       		.uleb128 0x8
 888 0512 73323900 		.ascii	"s29\000"
 889 0516 0A       		.byte	0xa
 890 0517 0301     		.2byte	0x103
 891 0519 37040000 		.4byte	0x437
 892 051d 34       		.byte	0x34
 893 051e 08       		.uleb128 0x8
 894 051f 73333000 		.ascii	"s30\000"
 895 0523 0A       		.byte	0xa
 896 0524 0401     		.2byte	0x104
 897 0526 37040000 		.4byte	0x437
 898 052a 38       		.byte	0x38
 899 052b 08       		.uleb128 0x8
 900 052c 73333100 		.ascii	"s31\000"
 901 0530 0A       		.byte	0xa
 902 0531 0501     		.2byte	0x105
 903 0533 37040000 		.4byte	0x437
 904 0537 3C       		.byte	0x3c
 905 0538 08       		.uleb128 0x8
 906 0539 723400   		.ascii	"r4\000"
 907 053c 0A       		.byte	0xa
 908 053d 0701     		.2byte	0x107
ARM GAS  /tmp/cckRP8GY.s 			page 17


 909 053f 37040000 		.4byte	0x437
 910 0543 40       		.byte	0x40
 911 0544 08       		.uleb128 0x8
 912 0545 723500   		.ascii	"r5\000"
 913 0548 0A       		.byte	0xa
 914 0549 0801     		.2byte	0x108
 915 054b 37040000 		.4byte	0x437
 916 054f 44       		.byte	0x44
 917 0550 08       		.uleb128 0x8
 918 0551 723600   		.ascii	"r6\000"
 919 0554 0A       		.byte	0xa
 920 0555 0901     		.2byte	0x109
 921 0557 37040000 		.4byte	0x437
 922 055b 48       		.byte	0x48
 923 055c 08       		.uleb128 0x8
 924 055d 723700   		.ascii	"r7\000"
 925 0560 0A       		.byte	0xa
 926 0561 0A01     		.2byte	0x10a
 927 0563 37040000 		.4byte	0x437
 928 0567 4C       		.byte	0x4c
 929 0568 08       		.uleb128 0x8
 930 0569 723800   		.ascii	"r8\000"
 931 056c 0A       		.byte	0xa
 932 056d 0B01     		.2byte	0x10b
 933 056f 37040000 		.4byte	0x437
 934 0573 50       		.byte	0x50
 935 0574 08       		.uleb128 0x8
 936 0575 723900   		.ascii	"r9\000"
 937 0578 0A       		.byte	0xa
 938 0579 0C01     		.2byte	0x10c
 939 057b 37040000 		.4byte	0x437
 940 057f 54       		.byte	0x54
 941 0580 08       		.uleb128 0x8
 942 0581 72313000 		.ascii	"r10\000"
 943 0585 0A       		.byte	0xa
 944 0586 0D01     		.2byte	0x10d
 945 0588 37040000 		.4byte	0x437
 946 058c 58       		.byte	0x58
 947 058d 08       		.uleb128 0x8
 948 058e 72313100 		.ascii	"r11\000"
 949 0592 0A       		.byte	0xa
 950 0593 0E01     		.2byte	0x10e
 951 0595 37040000 		.4byte	0x437
 952 0599 5C       		.byte	0x5c
 953 059a 08       		.uleb128 0x8
 954 059b 6C7200   		.ascii	"lr\000"
 955 059e 0A       		.byte	0xa
 956 059f 0F01     		.2byte	0x10f
 957 05a1 37040000 		.4byte	0x437
 958 05a5 60       		.byte	0x60
 959 05a6 00       		.byte	0
 960 05a7 0B       		.uleb128 0xb
 961 05a8 04       		.byte	0x4
 962 05a9 66040000 		.4byte	0x466
 963 05ad 11       		.uleb128 0x11
 964 05ae 04       		.byte	0x4
 965 05af 0B       		.byte	0xb
ARM GAS  /tmp/cckRP8GY.s 			page 18


 966 05b0 38       		.byte	0x38
 967 05b1 C2050000 		.4byte	0x5c2
 968 05b5 07       		.uleb128 0x7
 969 05b6 42050000 		.4byte	.LASF82
 970 05ba 0B       		.byte	0xb
 971 05bb 3C       		.byte	0x3c
 972 05bc D3000000 		.4byte	0xd3
 973 05c0 00       		.byte	0
 974 05c1 00       		.byte	0
 975 05c2 03       		.uleb128 0x3
 976 05c3 75020000 		.4byte	.LASF83
 977 05c7 0B       		.byte	0xb
 978 05c8 3D       		.byte	0x3d
 979 05c9 AD050000 		.4byte	0x5ad
 980 05cd 0B       		.uleb128 0xb
 981 05ce 04       		.byte	0x4
 982 05cf 2B010000 		.4byte	0x12b
 983 05d3 12       		.uleb128 0x12
 984 05d4 04       		.byte	0x4
 985 05d5 08       		.byte	0x8
 986 05d6 F6       		.byte	0xf6
 987 05d7 0B060000 		.4byte	0x60b
 988 05db 13       		.uleb128 0x13
 989 05dc 1B000000 		.4byte	.LASF84
 990 05e0 08       		.byte	0x8
 991 05e1 FD       		.byte	0xfd
 992 05e2 0A010000 		.4byte	0x10a
 993 05e6 14       		.uleb128 0x14
 994 05e7 7D000000 		.4byte	.LASF85
 995 05eb 08       		.byte	0x8
 996 05ec 0401     		.2byte	0x104
 997 05ee 0A010000 		.4byte	0x10a
 998 05f2 14       		.uleb128 0x14
 999 05f3 93050000 		.4byte	.LASF86
 1000 05f7 08       		.byte	0x8
 1001 05f8 0B01     		.2byte	0x10b
 1002 05fa FA020000 		.4byte	0x2fa
 1003 05fe 14       		.uleb128 0x14
 1004 05ff 31030000 		.4byte	.LASF87
 1005 0603 08       		.byte	0x8
 1006 0604 1201     		.2byte	0x112
 1007 0606 15010000 		.4byte	0x115
 1008 060a 00       		.byte	0
 1009 060b 0B       		.uleb128 0xb
 1010 060c 04       		.byte	0x4
 1011 060d 11060000 		.4byte	0x611
 1012 0611 15       		.uleb128 0x15
 1013 0612 16060000 		.4byte	0x616
 1014 0616 04       		.uleb128 0x4
 1015 0617 01       		.byte	0x1
 1016 0618 08       		.byte	0x8
 1017 0619 E4040000 		.4byte	.LASF88
 1018 061d 06       		.uleb128 0x6
 1019 061e CA020000 		.4byte	.LASF89
 1020 0622 10       		.byte	0x10
 1021 0623 0C       		.byte	0xc
 1022 0624 39       		.byte	0x39
ARM GAS  /tmp/cckRP8GY.s 			page 19


 1023 0625 4E060000 		.4byte	0x64e
 1024 0629 07       		.uleb128 0x7
 1025 062a EE000000 		.4byte	.LASF90
 1026 062e 0C       		.byte	0xc
 1027 062f 3A       		.byte	0x3a
 1028 0630 47020000 		.4byte	0x247
 1029 0634 00       		.byte	0
 1030 0635 07       		.uleb128 0x7
 1031 0636 C7050000 		.4byte	.LASF91
 1032 063a 0C       		.byte	0xc
 1033 063b 3C       		.byte	0x3c
 1034 063c CD050000 		.4byte	0x5cd
 1035 0640 08       		.byte	0x8
 1036 0641 07       		.uleb128 0x7
 1037 0642 FA040000 		.4byte	.LASF92
 1038 0646 0C       		.byte	0xc
 1039 0647 3E       		.byte	0x3e
 1040 0648 7A060000 		.4byte	0x67a
 1041 064c 0C       		.byte	0xc
 1042 064d 00       		.byte	0
 1043 064e 0B       		.uleb128 0xb
 1044 064f 04       		.byte	0x4
 1045 0650 1D060000 		.4byte	0x61d
 1046 0654 0B       		.uleb128 0xb
 1047 0655 04       		.byte	0x4
 1048 0656 FC020000 		.4byte	0x2fc
 1049 065a 05       		.uleb128 0x5
 1050 065b 0B060000 		.4byte	0x60b
 1051 065f 16       		.uleb128 0x16
 1052 0660 42040000 		.4byte	0x442
 1053 0664 6F060000 		.4byte	0x66f
 1054 0668 17       		.uleb128 0x17
 1055 0669 30040000 		.4byte	0x430
 1056 066d 2B       		.byte	0x2b
 1057 066e 00       		.byte	0
 1058 066f 03       		.uleb128 0x3
 1059 0670 64010000 		.4byte	.LASF93
 1060 0674 0C       		.byte	0xc
 1061 0675 34       		.byte	0x34
 1062 0676 1D060000 		.4byte	0x61d
 1063 067a 0B       		.uleb128 0xb
 1064 067b 04       		.byte	0x4
 1065 067c 6F060000 		.4byte	0x66f
 1066 0680 0B       		.uleb128 0xb
 1067 0681 04       		.byte	0x4
 1068 0682 A2000000 		.4byte	0xa2
 1069 0686 18       		.uleb128 0x18
 1070 0687 2A050000 		.4byte	.LASF99
 1071 068b 02       		.byte	0x2
 1072 068c 2002     		.2byte	0x220
 1073 068e 03       		.byte	0x3
 1074 068f A0060000 		.4byte	0x6a0
 1075 0693 19       		.uleb128 0x19
 1076 0694 6C010000 		.4byte	.LASF97
 1077 0698 02       		.byte	0x2
 1078 0699 2002     		.2byte	0x220
 1079 069b B8000000 		.4byte	0xb8
ARM GAS  /tmp/cckRP8GY.s 			page 20


 1080 069f 00       		.byte	0
 1081 06a0 1A       		.uleb128 0x1a
 1082 06a1 5C000000 		.4byte	.LASF94
 1083 06a5 0A       		.byte	0xa
 1084 06a6 BB01     		.2byte	0x1bb
 1085 06a8 03       		.byte	0x3
 1086 06a9 1A       		.uleb128 0x1a
 1087 06aa FD000000 		.4byte	.LASF95
 1088 06ae 0A       		.byte	0xa
 1089 06af C901     		.2byte	0x1c9
 1090 06b1 03       		.byte	0x3
 1091 06b2 1A       		.uleb128 0x1a
 1092 06b3 69040000 		.4byte	.LASF96
 1093 06b7 0D       		.byte	0xd
 1094 06b8 2901     		.2byte	0x129
 1095 06ba 03       		.byte	0x3
 1096 06bb 1B       		.uleb128 0x1b
 1097 06bc 3E010000 		.4byte	.LASF110
 1098 06c0 01       		.byte	0x1
 1099 06c1 7F       		.byte	0x7f
 1100 06c2 FA020000 		.4byte	0x2fa
 1101 06c6 01       		.byte	0x1
 1102 06c7 E0060000 		.4byte	0x6e0
 1103 06cb 1C       		.uleb128 0x1c
 1104 06cc A1050000 		.4byte	.LASF98
 1105 06d0 01       		.byte	0x1
 1106 06d1 7F       		.byte	0x7f
 1107 06d2 2C000000 		.4byte	0x2c
 1108 06d6 1D       		.uleb128 0x1d
 1109 06d7 7000     		.ascii	"p\000"
 1110 06d9 01       		.byte	0x1
 1111 06da 80       		.byte	0x80
 1112 06db FA020000 		.4byte	0x2fa
 1113 06df 00       		.byte	0
 1114 06e0 18       		.uleb128 0x18
 1115 06e1 B5050000 		.4byte	.LASF100
 1116 06e5 0D       		.byte	0xd
 1117 06e6 3501     		.2byte	0x135
 1118 06e8 03       		.byte	0x3
 1119 06e9 FB060000 		.4byte	0x6fb
 1120 06ed 1E       		.uleb128 0x1e
 1121 06ee 60040000 		.4byte	.LASF101
 1122 06f2 0B070000 		.4byte	0x70b
 1123 06f6 B5050000 		.4byte	.LASF100
 1124 06fa 00       		.byte	0
 1125 06fb 16       		.uleb128 0x16
 1126 06fc 16060000 		.4byte	0x616
 1127 0700 0B070000 		.4byte	0x70b
 1128 0704 17       		.uleb128 0x17
 1129 0705 30040000 		.4byte	0x430
 1130 0709 0B       		.byte	0xb
 1131 070a 00       		.byte	0
 1132 070b 15       		.uleb128 0x15
 1133 070c FB060000 		.4byte	0x6fb
 1134 0710 1F       		.uleb128 0x1f
 1135 0711 F6020000 		.4byte	.LASF111
 1136 0715 01       		.byte	0x1
ARM GAS  /tmp/cckRP8GY.s 			page 21


 1137 0716 4E       		.byte	0x4e
 1138 0717 00000000 		.4byte	.LFB226
 1139 071b 28000000 		.4byte	.LFE226-.LFB226
 1140 071f 01       		.uleb128 0x1
 1141 0720 9C       		.byte	0x9c
 1142 0721 3C070000 		.4byte	0x73c
 1143 0725 20       		.uleb128 0x20
 1144 0726 60050000 		.4byte	.LASF102
 1145 072a 01       		.byte	0x1
 1146 072b 50       		.byte	0x50
 1147 072c 3C070000 		.4byte	0x73c
 1148 0730 20       		.uleb128 0x20
 1149 0731 1D030000 		.4byte	.LASF103
 1150 0735 01       		.byte	0x1
 1151 0736 51       		.byte	0x51
 1152 0737 3C070000 		.4byte	0x73c
 1153 073b 00       		.byte	0
 1154 073c 16       		.uleb128 0x16
 1155 073d A2000000 		.4byte	0xa2
 1156 0741 47070000 		.4byte	0x747
 1157 0745 21       		.uleb128 0x21
 1158 0746 00       		.byte	0
 1159 0747 22       		.uleb128 0x22
 1160 0748 2B000000 		.4byte	.LASF112
 1161 074c 01       		.byte	0x1
 1162 074d 69       		.byte	0x69
 1163 074e FA020000 		.4byte	0x2fa
 1164 0752 00000000 		.4byte	.LFB227
 1165 0756 38000000 		.4byte	.LFE227-.LFB227
 1166 075a 01       		.uleb128 0x1
 1167 075b 9C       		.byte	0x9c
 1168 075c 2A080000 		.4byte	0x82a
 1169 0760 23       		.uleb128 0x23
 1170 0761 A1050000 		.4byte	.LASF98
 1171 0765 01       		.byte	0x1
 1172 0766 69       		.byte	0x69
 1173 0767 2C000000 		.4byte	0x2c
 1174 076b 00000000 		.4byte	.LLST0
 1175 076f 1D       		.uleb128 0x1d
 1176 0770 7000     		.ascii	"p\000"
 1177 0772 01       		.byte	0x1
 1178 0773 6A       		.byte	0x6a
 1179 0774 FA020000 		.4byte	0x2fa
 1180 0778 24       		.uleb128 0x24
 1181 0779 B2060000 		.4byte	0x6b2
 1182 077d 02000000 		.4byte	.LBB26
 1183 0781 06000000 		.4byte	.LBE26-.LBB26
 1184 0785 01       		.byte	0x1
 1185 0786 6C       		.byte	0x6c
 1186 0787 B4070000 		.4byte	0x7b4
 1187 078b 25       		.uleb128 0x25
 1188 078c A0060000 		.4byte	0x6a0
 1189 0790 02000000 		.4byte	.LBB27
 1190 0794 06000000 		.4byte	.LBE27-.LBB27
 1191 0798 0D       		.byte	0xd
 1192 0799 2B01     		.2byte	0x12b
 1193 079b 25       		.uleb128 0x25
ARM GAS  /tmp/cckRP8GY.s 			page 22


 1194 079c 86060000 		.4byte	0x686
 1195 07a0 02000000 		.4byte	.LBB28
 1196 07a4 06000000 		.4byte	.LBE28-.LBB28
 1197 07a8 0A       		.byte	0xa
 1198 07a9 BE01     		.2byte	0x1be
 1199 07ab 26       		.uleb128 0x26
 1200 07ac 93060000 		.4byte	0x693
 1201 07b0 20       		.byte	0x20
 1202 07b1 00       		.byte	0
 1203 07b2 00       		.byte	0
 1204 07b3 00       		.byte	0
 1205 07b4 24       		.uleb128 0x24
 1206 07b5 BB060000 		.4byte	0x6bb
 1207 07b9 08000000 		.4byte	.LBB30
 1208 07bd 1C000000 		.4byte	.LBE30-.LBB30
 1209 07c1 01       		.byte	0x1
 1210 07c2 6D       		.byte	0x6d
 1211 07c3 E2070000 		.4byte	0x7e2
 1212 07c7 27       		.uleb128 0x27
 1213 07c8 CB060000 		.4byte	0x6cb
 1214 07cc 21000000 		.4byte	.LLST1
 1215 07d0 28       		.uleb128 0x28
 1216 07d1 08000000 		.4byte	.LBB31
 1217 07d5 1C000000 		.4byte	.LBE31-.LBB31
 1218 07d9 29       		.uleb128 0x29
 1219 07da D6060000 		.4byte	0x6d6
 1220 07de 01       		.uleb128 0x1
 1221 07df 52       		.byte	0x52
 1222 07e0 00       		.byte	0
 1223 07e1 00       		.byte	0
 1224 07e2 2A       		.uleb128 0x2a
 1225 07e3 E0060000 		.4byte	0x6e0
 1226 07e7 24000000 		.4byte	.LBB32
 1227 07eb 06000000 		.4byte	.LBE32-.LBB32
 1228 07ef 01       		.byte	0x1
 1229 07f0 6E       		.byte	0x6e
 1230 07f1 28       		.uleb128 0x28
 1231 07f2 24000000 		.4byte	.LBB33
 1232 07f6 06000000 		.4byte	.LBE33-.LBB33
 1233 07fa 2B       		.uleb128 0x2b
 1234 07fb ED060000 		.4byte	0x6ed
 1235 07ff 25       		.uleb128 0x25
 1236 0800 A9060000 		.4byte	0x6a9
 1237 0804 24000000 		.4byte	.LBB34
 1238 0808 06000000 		.4byte	.LBE34-.LBB34
 1239 080c 0D       		.byte	0xd
 1240 080d 4101     		.2byte	0x141
 1241 080f 25       		.uleb128 0x25
 1242 0810 86060000 		.4byte	0x686
 1243 0814 24000000 		.4byte	.LBB35
 1244 0818 06000000 		.4byte	.LBE35-.LBB35
 1245 081c 0A       		.byte	0xa
 1246 081d CC01     		.2byte	0x1cc
 1247 081f 26       		.uleb128 0x26
 1248 0820 93060000 		.4byte	0x693
 1249 0824 00       		.byte	0
 1250 0825 00       		.byte	0
ARM GAS  /tmp/cckRP8GY.s 			page 23


 1251 0826 00       		.byte	0
 1252 0827 00       		.byte	0
 1253 0828 00       		.byte	0
 1254 0829 00       		.byte	0
 1255 082a 2C       		.uleb128 0x2c
 1256 082b BB060000 		.4byte	0x6bb
 1257 082f 00000000 		.4byte	.LFB228
 1258 0833 2C000000 		.4byte	.LFE228-.LFB228
 1259 0837 01       		.uleb128 0x1
 1260 0838 9C       		.byte	0x9c
 1261 0839 4E080000 		.4byte	0x84e
 1262 083d 27       		.uleb128 0x27
 1263 083e CB060000 		.4byte	0x6cb
 1264 0842 62000000 		.4byte	.LLST2
 1265 0846 29       		.uleb128 0x29
 1266 0847 D6060000 		.4byte	0x6d6
 1267 084b 01       		.uleb128 0x1
 1268 084c 52       		.byte	0x52
 1269 084d 00       		.byte	0
 1270 084e 2D       		.uleb128 0x2d
 1271 084f 09010000 		.4byte	.LASF113
 1272 0853 01       		.byte	0x1
 1273 0854 95       		.byte	0x95
 1274 0855 2C000000 		.4byte	0x2c
 1275 0859 00000000 		.4byte	.LFB229
 1276 085d 14000000 		.4byte	.LFE229-.LFB229
 1277 0861 01       		.uleb128 0x1
 1278 0862 9C       		.byte	0x9c
 1279 0863 2E       		.uleb128 0x2e
 1280 0864 F2040000 		.4byte	.LASF104
 1281 0868 01       		.byte	0x1
 1282 0869 3E       		.byte	0x3e
 1283 086a 80060000 		.4byte	0x680
 1284 086e 05       		.uleb128 0x5
 1285 086f 03       		.byte	0x3
 1286 0870 00000000 		.4byte	nextmem
 1287 0874 2E       		.uleb128 0x2e
 1288 0875 00000000 		.4byte	.LASF105
 1289 0879 01       		.byte	0x1
 1290 087a 3F       		.byte	0x3f
 1291 087b 80060000 		.4byte	0x680
 1292 087f 05       		.uleb128 0x5
 1293 0880 03       		.byte	0x3
 1294 0881 00000000 		.4byte	endmem
 1295 0885 2F       		.uleb128 0x2f
 1296 0886 A7000000 		.4byte	.LASF106
 1297 088a 0E       		.byte	0xe
 1298 088b A706     		.2byte	0x6a7
 1299 088d CE000000 		.4byte	0xce
 1300 0891 30       		.uleb128 0x30
 1301 0892 636800   		.ascii	"ch\000"
 1302 0895 08       		.byte	0x8
 1303 0896 EB01     		.2byte	0x1eb
 1304 0898 C9030000 		.4byte	0x3c9
 1305 089c 20       		.uleb128 0x20
 1306 089d 60050000 		.4byte	.LASF102
 1307 08a1 01       		.byte	0x1
ARM GAS  /tmp/cckRP8GY.s 			page 24


 1308 08a2 50       		.byte	0x50
 1309 08a3 3C070000 		.4byte	0x73c
 1310 08a7 20       		.uleb128 0x20
 1311 08a8 1D030000 		.4byte	.LASF103
 1312 08ac 01       		.byte	0x1
 1313 08ad 51       		.byte	0x51
 1314 08ae 3C070000 		.4byte	0x73c
 1315 08b2 00       		.byte	0
 1316              		.section	.debug_abbrev,"",%progbits
 1317              	.Ldebug_abbrev0:
 1318 0000 01       		.uleb128 0x1
 1319 0001 11       		.uleb128 0x11
 1320 0002 01       		.byte	0x1
 1321 0003 25       		.uleb128 0x25
 1322 0004 0E       		.uleb128 0xe
 1323 0005 13       		.uleb128 0x13
 1324 0006 0B       		.uleb128 0xb
 1325 0007 03       		.uleb128 0x3
 1326 0008 0E       		.uleb128 0xe
 1327 0009 1B       		.uleb128 0x1b
 1328 000a 0E       		.uleb128 0xe
 1329 000b 55       		.uleb128 0x55
 1330 000c 17       		.uleb128 0x17
 1331 000d 11       		.uleb128 0x11
 1332 000e 01       		.uleb128 0x1
 1333 000f 10       		.uleb128 0x10
 1334 0010 17       		.uleb128 0x17
 1335 0011 00       		.byte	0
 1336 0012 00       		.byte	0
 1337 0013 02       		.uleb128 0x2
 1338 0014 24       		.uleb128 0x24
 1339 0015 00       		.byte	0
 1340 0016 0B       		.uleb128 0xb
 1341 0017 0B       		.uleb128 0xb
 1342 0018 3E       		.uleb128 0x3e
 1343 0019 0B       		.uleb128 0xb
 1344 001a 03       		.uleb128 0x3
 1345 001b 08       		.uleb128 0x8
 1346 001c 00       		.byte	0
 1347 001d 00       		.byte	0
 1348 001e 03       		.uleb128 0x3
 1349 001f 16       		.uleb128 0x16
 1350 0020 00       		.byte	0
 1351 0021 03       		.uleb128 0x3
 1352 0022 0E       		.uleb128 0xe
 1353 0023 3A       		.uleb128 0x3a
 1354 0024 0B       		.uleb128 0xb
 1355 0025 3B       		.uleb128 0x3b
 1356 0026 0B       		.uleb128 0xb
 1357 0027 49       		.uleb128 0x49
 1358 0028 13       		.uleb128 0x13
 1359 0029 00       		.byte	0
 1360 002a 00       		.byte	0
 1361 002b 04       		.uleb128 0x4
 1362 002c 24       		.uleb128 0x24
 1363 002d 00       		.byte	0
 1364 002e 0B       		.uleb128 0xb
ARM GAS  /tmp/cckRP8GY.s 			page 25


 1365 002f 0B       		.uleb128 0xb
 1366 0030 3E       		.uleb128 0x3e
 1367 0031 0B       		.uleb128 0xb
 1368 0032 03       		.uleb128 0x3
 1369 0033 0E       		.uleb128 0xe
 1370 0034 00       		.byte	0
 1371 0035 00       		.byte	0
 1372 0036 05       		.uleb128 0x5
 1373 0037 35       		.uleb128 0x35
 1374 0038 00       		.byte	0
 1375 0039 49       		.uleb128 0x49
 1376 003a 13       		.uleb128 0x13
 1377 003b 00       		.byte	0
 1378 003c 00       		.byte	0
 1379 003d 06       		.uleb128 0x6
 1380 003e 13       		.uleb128 0x13
 1381 003f 01       		.byte	0x1
 1382 0040 03       		.uleb128 0x3
 1383 0041 0E       		.uleb128 0xe
 1384 0042 0B       		.uleb128 0xb
 1385 0043 0B       		.uleb128 0xb
 1386 0044 3A       		.uleb128 0x3a
 1387 0045 0B       		.uleb128 0xb
 1388 0046 3B       		.uleb128 0x3b
 1389 0047 0B       		.uleb128 0xb
 1390 0048 01       		.uleb128 0x1
 1391 0049 13       		.uleb128 0x13
 1392 004a 00       		.byte	0
 1393 004b 00       		.byte	0
 1394 004c 07       		.uleb128 0x7
 1395 004d 0D       		.uleb128 0xd
 1396 004e 00       		.byte	0
 1397 004f 03       		.uleb128 0x3
 1398 0050 0E       		.uleb128 0xe
 1399 0051 3A       		.uleb128 0x3a
 1400 0052 0B       		.uleb128 0xb
 1401 0053 3B       		.uleb128 0x3b
 1402 0054 0B       		.uleb128 0xb
 1403 0055 49       		.uleb128 0x49
 1404 0056 13       		.uleb128 0x13
 1405 0057 38       		.uleb128 0x38
 1406 0058 0B       		.uleb128 0xb
 1407 0059 00       		.byte	0
 1408 005a 00       		.byte	0
 1409 005b 08       		.uleb128 0x8
 1410 005c 0D       		.uleb128 0xd
 1411 005d 00       		.byte	0
 1412 005e 03       		.uleb128 0x3
 1413 005f 08       		.uleb128 0x8
 1414 0060 3A       		.uleb128 0x3a
 1415 0061 0B       		.uleb128 0xb
 1416 0062 3B       		.uleb128 0x3b
 1417 0063 05       		.uleb128 0x5
 1418 0064 49       		.uleb128 0x49
 1419 0065 13       		.uleb128 0x13
 1420 0066 38       		.uleb128 0x38
 1421 0067 0B       		.uleb128 0xb
ARM GAS  /tmp/cckRP8GY.s 			page 26


 1422 0068 00       		.byte	0
 1423 0069 00       		.byte	0
 1424 006a 09       		.uleb128 0x9
 1425 006b 0D       		.uleb128 0xd
 1426 006c 00       		.byte	0
 1427 006d 03       		.uleb128 0x3
 1428 006e 0E       		.uleb128 0xe
 1429 006f 3A       		.uleb128 0x3a
 1430 0070 0B       		.uleb128 0xb
 1431 0071 3B       		.uleb128 0x3b
 1432 0072 05       		.uleb128 0x5
 1433 0073 49       		.uleb128 0x49
 1434 0074 13       		.uleb128 0x13
 1435 0075 38       		.uleb128 0x38
 1436 0076 0B       		.uleb128 0xb
 1437 0077 00       		.byte	0
 1438 0078 00       		.byte	0
 1439 0079 0A       		.uleb128 0xa
 1440 007a 13       		.uleb128 0x13
 1441 007b 01       		.byte	0x1
 1442 007c 03       		.uleb128 0x3
 1443 007d 0E       		.uleb128 0xe
 1444 007e 0B       		.uleb128 0xb
 1445 007f 0B       		.uleb128 0xb
 1446 0080 3A       		.uleb128 0x3a
 1447 0081 0B       		.uleb128 0xb
 1448 0082 3B       		.uleb128 0x3b
 1449 0083 05       		.uleb128 0x5
 1450 0084 01       		.uleb128 0x1
 1451 0085 13       		.uleb128 0x13
 1452 0086 00       		.byte	0
 1453 0087 00       		.byte	0
 1454 0088 0B       		.uleb128 0xb
 1455 0089 0F       		.uleb128 0xf
 1456 008a 00       		.byte	0
 1457 008b 0B       		.uleb128 0xb
 1458 008c 0B       		.uleb128 0xb
 1459 008d 49       		.uleb128 0x49
 1460 008e 13       		.uleb128 0x13
 1461 008f 00       		.byte	0
 1462 0090 00       		.byte	0
 1463 0091 0C       		.uleb128 0xc
 1464 0092 15       		.uleb128 0x15
 1465 0093 01       		.byte	0x1
 1466 0094 27       		.uleb128 0x27
 1467 0095 19       		.uleb128 0x19
 1468 0096 01       		.uleb128 0x1
 1469 0097 13       		.uleb128 0x13
 1470 0098 00       		.byte	0
 1471 0099 00       		.byte	0
 1472 009a 0D       		.uleb128 0xd
 1473 009b 05       		.uleb128 0x5
 1474 009c 00       		.byte	0
 1475 009d 49       		.uleb128 0x49
 1476 009e 13       		.uleb128 0x13
 1477 009f 00       		.byte	0
 1478 00a0 00       		.byte	0
ARM GAS  /tmp/cckRP8GY.s 			page 27


 1479 00a1 0E       		.uleb128 0xe
 1480 00a2 0F       		.uleb128 0xf
 1481 00a3 00       		.byte	0
 1482 00a4 0B       		.uleb128 0xb
 1483 00a5 0B       		.uleb128 0xb
 1484 00a6 00       		.byte	0
 1485 00a7 00       		.byte	0
 1486 00a8 0F       		.uleb128 0xf
 1487 00a9 13       		.uleb128 0x13
 1488 00aa 01       		.byte	0x1
 1489 00ab 03       		.uleb128 0x3
 1490 00ac 0E       		.uleb128 0xe
 1491 00ad 0B       		.uleb128 0xb
 1492 00ae 05       		.uleb128 0x5
 1493 00af 3A       		.uleb128 0x3a
 1494 00b0 0B       		.uleb128 0xb
 1495 00b1 3B       		.uleb128 0x3b
 1496 00b2 05       		.uleb128 0x5
 1497 00b3 01       		.uleb128 0x1
 1498 00b4 13       		.uleb128 0x13
 1499 00b5 00       		.byte	0
 1500 00b6 00       		.byte	0
 1501 00b7 10       		.uleb128 0x10
 1502 00b8 0D       		.uleb128 0xd
 1503 00b9 00       		.byte	0
 1504 00ba 03       		.uleb128 0x3
 1505 00bb 08       		.uleb128 0x8
 1506 00bc 3A       		.uleb128 0x3a
 1507 00bd 0B       		.uleb128 0xb
 1508 00be 3B       		.uleb128 0x3b
 1509 00bf 0B       		.uleb128 0xb
 1510 00c0 49       		.uleb128 0x49
 1511 00c1 13       		.uleb128 0x13
 1512 00c2 38       		.uleb128 0x38
 1513 00c3 0B       		.uleb128 0xb
 1514 00c4 00       		.byte	0
 1515 00c5 00       		.byte	0
 1516 00c6 11       		.uleb128 0x11
 1517 00c7 13       		.uleb128 0x13
 1518 00c8 01       		.byte	0x1
 1519 00c9 0B       		.uleb128 0xb
 1520 00ca 0B       		.uleb128 0xb
 1521 00cb 3A       		.uleb128 0x3a
 1522 00cc 0B       		.uleb128 0xb
 1523 00cd 3B       		.uleb128 0x3b
 1524 00ce 0B       		.uleb128 0xb
 1525 00cf 01       		.uleb128 0x1
 1526 00d0 13       		.uleb128 0x13
 1527 00d1 00       		.byte	0
 1528 00d2 00       		.byte	0
 1529 00d3 12       		.uleb128 0x12
 1530 00d4 17       		.uleb128 0x17
 1531 00d5 01       		.byte	0x1
 1532 00d6 0B       		.uleb128 0xb
 1533 00d7 0B       		.uleb128 0xb
 1534 00d8 3A       		.uleb128 0x3a
 1535 00d9 0B       		.uleb128 0xb
ARM GAS  /tmp/cckRP8GY.s 			page 28


 1536 00da 3B       		.uleb128 0x3b
 1537 00db 0B       		.uleb128 0xb
 1538 00dc 01       		.uleb128 0x1
 1539 00dd 13       		.uleb128 0x13
 1540 00de 00       		.byte	0
 1541 00df 00       		.byte	0
 1542 00e0 13       		.uleb128 0x13
 1543 00e1 0D       		.uleb128 0xd
 1544 00e2 00       		.byte	0
 1545 00e3 03       		.uleb128 0x3
 1546 00e4 0E       		.uleb128 0xe
 1547 00e5 3A       		.uleb128 0x3a
 1548 00e6 0B       		.uleb128 0xb
 1549 00e7 3B       		.uleb128 0x3b
 1550 00e8 0B       		.uleb128 0xb
 1551 00e9 49       		.uleb128 0x49
 1552 00ea 13       		.uleb128 0x13
 1553 00eb 00       		.byte	0
 1554 00ec 00       		.byte	0
 1555 00ed 14       		.uleb128 0x14
 1556 00ee 0D       		.uleb128 0xd
 1557 00ef 00       		.byte	0
 1558 00f0 03       		.uleb128 0x3
 1559 00f1 0E       		.uleb128 0xe
 1560 00f2 3A       		.uleb128 0x3a
 1561 00f3 0B       		.uleb128 0xb
 1562 00f4 3B       		.uleb128 0x3b
 1563 00f5 05       		.uleb128 0x5
 1564 00f6 49       		.uleb128 0x49
 1565 00f7 13       		.uleb128 0x13
 1566 00f8 00       		.byte	0
 1567 00f9 00       		.byte	0
 1568 00fa 15       		.uleb128 0x15
 1569 00fb 26       		.uleb128 0x26
 1570 00fc 00       		.byte	0
 1571 00fd 49       		.uleb128 0x49
 1572 00fe 13       		.uleb128 0x13
 1573 00ff 00       		.byte	0
 1574 0100 00       		.byte	0
 1575 0101 16       		.uleb128 0x16
 1576 0102 01       		.uleb128 0x1
 1577 0103 01       		.byte	0x1
 1578 0104 49       		.uleb128 0x49
 1579 0105 13       		.uleb128 0x13
 1580 0106 01       		.uleb128 0x1
 1581 0107 13       		.uleb128 0x13
 1582 0108 00       		.byte	0
 1583 0109 00       		.byte	0
 1584 010a 17       		.uleb128 0x17
 1585 010b 21       		.uleb128 0x21
 1586 010c 00       		.byte	0
 1587 010d 49       		.uleb128 0x49
 1588 010e 13       		.uleb128 0x13
 1589 010f 2F       		.uleb128 0x2f
 1590 0110 0B       		.uleb128 0xb
 1591 0111 00       		.byte	0
 1592 0112 00       		.byte	0
ARM GAS  /tmp/cckRP8GY.s 			page 29


 1593 0113 18       		.uleb128 0x18
 1594 0114 2E       		.uleb128 0x2e
 1595 0115 01       		.byte	0x1
 1596 0116 03       		.uleb128 0x3
 1597 0117 0E       		.uleb128 0xe
 1598 0118 3A       		.uleb128 0x3a
 1599 0119 0B       		.uleb128 0xb
 1600 011a 3B       		.uleb128 0x3b
 1601 011b 05       		.uleb128 0x5
 1602 011c 27       		.uleb128 0x27
 1603 011d 19       		.uleb128 0x19
 1604 011e 20       		.uleb128 0x20
 1605 011f 0B       		.uleb128 0xb
 1606 0120 01       		.uleb128 0x1
 1607 0121 13       		.uleb128 0x13
 1608 0122 00       		.byte	0
 1609 0123 00       		.byte	0
 1610 0124 19       		.uleb128 0x19
 1611 0125 05       		.uleb128 0x5
 1612 0126 00       		.byte	0
 1613 0127 03       		.uleb128 0x3
 1614 0128 0E       		.uleb128 0xe
 1615 0129 3A       		.uleb128 0x3a
 1616 012a 0B       		.uleb128 0xb
 1617 012b 3B       		.uleb128 0x3b
 1618 012c 05       		.uleb128 0x5
 1619 012d 49       		.uleb128 0x49
 1620 012e 13       		.uleb128 0x13
 1621 012f 00       		.byte	0
 1622 0130 00       		.byte	0
 1623 0131 1A       		.uleb128 0x1a
 1624 0132 2E       		.uleb128 0x2e
 1625 0133 00       		.byte	0
 1626 0134 03       		.uleb128 0x3
 1627 0135 0E       		.uleb128 0xe
 1628 0136 3A       		.uleb128 0x3a
 1629 0137 0B       		.uleb128 0xb
 1630 0138 3B       		.uleb128 0x3b
 1631 0139 05       		.uleb128 0x5
 1632 013a 27       		.uleb128 0x27
 1633 013b 19       		.uleb128 0x19
 1634 013c 20       		.uleb128 0x20
 1635 013d 0B       		.uleb128 0xb
 1636 013e 00       		.byte	0
 1637 013f 00       		.byte	0
 1638 0140 1B       		.uleb128 0x1b
 1639 0141 2E       		.uleb128 0x2e
 1640 0142 01       		.byte	0x1
 1641 0143 3F       		.uleb128 0x3f
 1642 0144 19       		.uleb128 0x19
 1643 0145 03       		.uleb128 0x3
 1644 0146 0E       		.uleb128 0xe
 1645 0147 3A       		.uleb128 0x3a
 1646 0148 0B       		.uleb128 0xb
 1647 0149 3B       		.uleb128 0x3b
 1648 014a 0B       		.uleb128 0xb
 1649 014b 27       		.uleb128 0x27
ARM GAS  /tmp/cckRP8GY.s 			page 30


 1650 014c 19       		.uleb128 0x19
 1651 014d 49       		.uleb128 0x49
 1652 014e 13       		.uleb128 0x13
 1653 014f 20       		.uleb128 0x20
 1654 0150 0B       		.uleb128 0xb
 1655 0151 01       		.uleb128 0x1
 1656 0152 13       		.uleb128 0x13
 1657 0153 00       		.byte	0
 1658 0154 00       		.byte	0
 1659 0155 1C       		.uleb128 0x1c
 1660 0156 05       		.uleb128 0x5
 1661 0157 00       		.byte	0
 1662 0158 03       		.uleb128 0x3
 1663 0159 0E       		.uleb128 0xe
 1664 015a 3A       		.uleb128 0x3a
 1665 015b 0B       		.uleb128 0xb
 1666 015c 3B       		.uleb128 0x3b
 1667 015d 0B       		.uleb128 0xb
 1668 015e 49       		.uleb128 0x49
 1669 015f 13       		.uleb128 0x13
 1670 0160 00       		.byte	0
 1671 0161 00       		.byte	0
 1672 0162 1D       		.uleb128 0x1d
 1673 0163 34       		.uleb128 0x34
 1674 0164 00       		.byte	0
 1675 0165 03       		.uleb128 0x3
 1676 0166 08       		.uleb128 0x8
 1677 0167 3A       		.uleb128 0x3a
 1678 0168 0B       		.uleb128 0xb
 1679 0169 3B       		.uleb128 0x3b
 1680 016a 0B       		.uleb128 0xb
 1681 016b 49       		.uleb128 0x49
 1682 016c 13       		.uleb128 0x13
 1683 016d 00       		.byte	0
 1684 016e 00       		.byte	0
 1685 016f 1E       		.uleb128 0x1e
 1686 0170 34       		.uleb128 0x34
 1687 0171 00       		.byte	0
 1688 0172 03       		.uleb128 0x3
 1689 0173 0E       		.uleb128 0xe
 1690 0174 49       		.uleb128 0x49
 1691 0175 13       		.uleb128 0x13
 1692 0176 34       		.uleb128 0x34
 1693 0177 19       		.uleb128 0x19
 1694 0178 1C       		.uleb128 0x1c
 1695 0179 0E       		.uleb128 0xe
 1696 017a 00       		.byte	0
 1697 017b 00       		.byte	0
 1698 017c 1F       		.uleb128 0x1f
 1699 017d 2E       		.uleb128 0x2e
 1700 017e 01       		.byte	0x1
 1701 017f 3F       		.uleb128 0x3f
 1702 0180 19       		.uleb128 0x19
 1703 0181 03       		.uleb128 0x3
 1704 0182 0E       		.uleb128 0xe
 1705 0183 3A       		.uleb128 0x3a
 1706 0184 0B       		.uleb128 0xb
ARM GAS  /tmp/cckRP8GY.s 			page 31


 1707 0185 3B       		.uleb128 0x3b
 1708 0186 0B       		.uleb128 0xb
 1709 0187 27       		.uleb128 0x27
 1710 0188 19       		.uleb128 0x19
 1711 0189 11       		.uleb128 0x11
 1712 018a 01       		.uleb128 0x1
 1713 018b 12       		.uleb128 0x12
 1714 018c 06       		.uleb128 0x6
 1715 018d 40       		.uleb128 0x40
 1716 018e 18       		.uleb128 0x18
 1717 018f 9742     		.uleb128 0x2117
 1718 0191 19       		.uleb128 0x19
 1719 0192 01       		.uleb128 0x1
 1720 0193 13       		.uleb128 0x13
 1721 0194 00       		.byte	0
 1722 0195 00       		.byte	0
 1723 0196 20       		.uleb128 0x20
 1724 0197 34       		.uleb128 0x34
 1725 0198 00       		.byte	0
 1726 0199 03       		.uleb128 0x3
 1727 019a 0E       		.uleb128 0xe
 1728 019b 3A       		.uleb128 0x3a
 1729 019c 0B       		.uleb128 0xb
 1730 019d 3B       		.uleb128 0x3b
 1731 019e 0B       		.uleb128 0xb
 1732 019f 49       		.uleb128 0x49
 1733 01a0 13       		.uleb128 0x13
 1734 01a1 3F       		.uleb128 0x3f
 1735 01a2 19       		.uleb128 0x19
 1736 01a3 3C       		.uleb128 0x3c
 1737 01a4 19       		.uleb128 0x19
 1738 01a5 00       		.byte	0
 1739 01a6 00       		.byte	0
 1740 01a7 21       		.uleb128 0x21
 1741 01a8 21       		.uleb128 0x21
 1742 01a9 00       		.byte	0
 1743 01aa 00       		.byte	0
 1744 01ab 00       		.byte	0
 1745 01ac 22       		.uleb128 0x22
 1746 01ad 2E       		.uleb128 0x2e
 1747 01ae 01       		.byte	0x1
 1748 01af 3F       		.uleb128 0x3f
 1749 01b0 19       		.uleb128 0x19
 1750 01b1 03       		.uleb128 0x3
 1751 01b2 0E       		.uleb128 0xe
 1752 01b3 3A       		.uleb128 0x3a
 1753 01b4 0B       		.uleb128 0xb
 1754 01b5 3B       		.uleb128 0x3b
 1755 01b6 0B       		.uleb128 0xb
 1756 01b7 27       		.uleb128 0x27
 1757 01b8 19       		.uleb128 0x19
 1758 01b9 49       		.uleb128 0x49
 1759 01ba 13       		.uleb128 0x13
 1760 01bb 11       		.uleb128 0x11
 1761 01bc 01       		.uleb128 0x1
 1762 01bd 12       		.uleb128 0x12
 1763 01be 06       		.uleb128 0x6
ARM GAS  /tmp/cckRP8GY.s 			page 32


 1764 01bf 40       		.uleb128 0x40
 1765 01c0 18       		.uleb128 0x18
 1766 01c1 9742     		.uleb128 0x2117
 1767 01c3 19       		.uleb128 0x19
 1768 01c4 01       		.uleb128 0x1
 1769 01c5 13       		.uleb128 0x13
 1770 01c6 00       		.byte	0
 1771 01c7 00       		.byte	0
 1772 01c8 23       		.uleb128 0x23
 1773 01c9 05       		.uleb128 0x5
 1774 01ca 00       		.byte	0
 1775 01cb 03       		.uleb128 0x3
 1776 01cc 0E       		.uleb128 0xe
 1777 01cd 3A       		.uleb128 0x3a
 1778 01ce 0B       		.uleb128 0xb
 1779 01cf 3B       		.uleb128 0x3b
 1780 01d0 0B       		.uleb128 0xb
 1781 01d1 49       		.uleb128 0x49
 1782 01d2 13       		.uleb128 0x13
 1783 01d3 02       		.uleb128 0x2
 1784 01d4 17       		.uleb128 0x17
 1785 01d5 00       		.byte	0
 1786 01d6 00       		.byte	0
 1787 01d7 24       		.uleb128 0x24
 1788 01d8 1D       		.uleb128 0x1d
 1789 01d9 01       		.byte	0x1
 1790 01da 31       		.uleb128 0x31
 1791 01db 13       		.uleb128 0x13
 1792 01dc 11       		.uleb128 0x11
 1793 01dd 01       		.uleb128 0x1
 1794 01de 12       		.uleb128 0x12
 1795 01df 06       		.uleb128 0x6
 1796 01e0 58       		.uleb128 0x58
 1797 01e1 0B       		.uleb128 0xb
 1798 01e2 59       		.uleb128 0x59
 1799 01e3 0B       		.uleb128 0xb
 1800 01e4 01       		.uleb128 0x1
 1801 01e5 13       		.uleb128 0x13
 1802 01e6 00       		.byte	0
 1803 01e7 00       		.byte	0
 1804 01e8 25       		.uleb128 0x25
 1805 01e9 1D       		.uleb128 0x1d
 1806 01ea 01       		.byte	0x1
 1807 01eb 31       		.uleb128 0x31
 1808 01ec 13       		.uleb128 0x13
 1809 01ed 11       		.uleb128 0x11
 1810 01ee 01       		.uleb128 0x1
 1811 01ef 12       		.uleb128 0x12
 1812 01f0 06       		.uleb128 0x6
 1813 01f1 58       		.uleb128 0x58
 1814 01f2 0B       		.uleb128 0xb
 1815 01f3 59       		.uleb128 0x59
 1816 01f4 05       		.uleb128 0x5
 1817 01f5 00       		.byte	0
 1818 01f6 00       		.byte	0
 1819 01f7 26       		.uleb128 0x26
 1820 01f8 05       		.uleb128 0x5
ARM GAS  /tmp/cckRP8GY.s 			page 33


 1821 01f9 00       		.byte	0
 1822 01fa 31       		.uleb128 0x31
 1823 01fb 13       		.uleb128 0x13
 1824 01fc 1C       		.uleb128 0x1c
 1825 01fd 0B       		.uleb128 0xb
 1826 01fe 00       		.byte	0
 1827 01ff 00       		.byte	0
 1828 0200 27       		.uleb128 0x27
 1829 0201 05       		.uleb128 0x5
 1830 0202 00       		.byte	0
 1831 0203 31       		.uleb128 0x31
 1832 0204 13       		.uleb128 0x13
 1833 0205 02       		.uleb128 0x2
 1834 0206 17       		.uleb128 0x17
 1835 0207 00       		.byte	0
 1836 0208 00       		.byte	0
 1837 0209 28       		.uleb128 0x28
 1838 020a 0B       		.uleb128 0xb
 1839 020b 01       		.byte	0x1
 1840 020c 11       		.uleb128 0x11
 1841 020d 01       		.uleb128 0x1
 1842 020e 12       		.uleb128 0x12
 1843 020f 06       		.uleb128 0x6
 1844 0210 00       		.byte	0
 1845 0211 00       		.byte	0
 1846 0212 29       		.uleb128 0x29
 1847 0213 34       		.uleb128 0x34
 1848 0214 00       		.byte	0
 1849 0215 31       		.uleb128 0x31
 1850 0216 13       		.uleb128 0x13
 1851 0217 02       		.uleb128 0x2
 1852 0218 18       		.uleb128 0x18
 1853 0219 00       		.byte	0
 1854 021a 00       		.byte	0
 1855 021b 2A       		.uleb128 0x2a
 1856 021c 1D       		.uleb128 0x1d
 1857 021d 01       		.byte	0x1
 1858 021e 31       		.uleb128 0x31
 1859 021f 13       		.uleb128 0x13
 1860 0220 11       		.uleb128 0x11
 1861 0221 01       		.uleb128 0x1
 1862 0222 12       		.uleb128 0x12
 1863 0223 06       		.uleb128 0x6
 1864 0224 58       		.uleb128 0x58
 1865 0225 0B       		.uleb128 0xb
 1866 0226 59       		.uleb128 0x59
 1867 0227 0B       		.uleb128 0xb
 1868 0228 00       		.byte	0
 1869 0229 00       		.byte	0
 1870 022a 2B       		.uleb128 0x2b
 1871 022b 34       		.uleb128 0x34
 1872 022c 00       		.byte	0
 1873 022d 31       		.uleb128 0x31
 1874 022e 13       		.uleb128 0x13
 1875 022f 00       		.byte	0
 1876 0230 00       		.byte	0
 1877 0231 2C       		.uleb128 0x2c
ARM GAS  /tmp/cckRP8GY.s 			page 34


 1878 0232 2E       		.uleb128 0x2e
 1879 0233 01       		.byte	0x1
 1880 0234 31       		.uleb128 0x31
 1881 0235 13       		.uleb128 0x13
 1882 0236 11       		.uleb128 0x11
 1883 0237 01       		.uleb128 0x1
 1884 0238 12       		.uleb128 0x12
 1885 0239 06       		.uleb128 0x6
 1886 023a 40       		.uleb128 0x40
 1887 023b 18       		.uleb128 0x18
 1888 023c 9742     		.uleb128 0x2117
 1889 023e 19       		.uleb128 0x19
 1890 023f 01       		.uleb128 0x1
 1891 0240 13       		.uleb128 0x13
 1892 0241 00       		.byte	0
 1893 0242 00       		.byte	0
 1894 0243 2D       		.uleb128 0x2d
 1895 0244 2E       		.uleb128 0x2e
 1896 0245 00       		.byte	0
 1897 0246 3F       		.uleb128 0x3f
 1898 0247 19       		.uleb128 0x19
 1899 0248 03       		.uleb128 0x3
 1900 0249 0E       		.uleb128 0xe
 1901 024a 3A       		.uleb128 0x3a
 1902 024b 0B       		.uleb128 0xb
 1903 024c 3B       		.uleb128 0x3b
 1904 024d 0B       		.uleb128 0xb
 1905 024e 27       		.uleb128 0x27
 1906 024f 19       		.uleb128 0x19
 1907 0250 49       		.uleb128 0x49
 1908 0251 13       		.uleb128 0x13
 1909 0252 11       		.uleb128 0x11
 1910 0253 01       		.uleb128 0x1
 1911 0254 12       		.uleb128 0x12
 1912 0255 06       		.uleb128 0x6
 1913 0256 40       		.uleb128 0x40
 1914 0257 18       		.uleb128 0x18
 1915 0258 9742     		.uleb128 0x2117
 1916 025a 19       		.uleb128 0x19
 1917 025b 00       		.byte	0
 1918 025c 00       		.byte	0
 1919 025d 2E       		.uleb128 0x2e
 1920 025e 34       		.uleb128 0x34
 1921 025f 00       		.byte	0
 1922 0260 03       		.uleb128 0x3
 1923 0261 0E       		.uleb128 0xe
 1924 0262 3A       		.uleb128 0x3a
 1925 0263 0B       		.uleb128 0xb
 1926 0264 3B       		.uleb128 0x3b
 1927 0265 0B       		.uleb128 0xb
 1928 0266 49       		.uleb128 0x49
 1929 0267 13       		.uleb128 0x13
 1930 0268 02       		.uleb128 0x2
 1931 0269 18       		.uleb128 0x18
 1932 026a 00       		.byte	0
 1933 026b 00       		.byte	0
 1934 026c 2F       		.uleb128 0x2f
ARM GAS  /tmp/cckRP8GY.s 			page 35


 1935 026d 34       		.uleb128 0x34
 1936 026e 00       		.byte	0
 1937 026f 03       		.uleb128 0x3
 1938 0270 0E       		.uleb128 0xe
 1939 0271 3A       		.uleb128 0x3a
 1940 0272 0B       		.uleb128 0xb
 1941 0273 3B       		.uleb128 0x3b
 1942 0274 05       		.uleb128 0x5
 1943 0275 49       		.uleb128 0x49
 1944 0276 13       		.uleb128 0x13
 1945 0277 3F       		.uleb128 0x3f
 1946 0278 19       		.uleb128 0x19
 1947 0279 3C       		.uleb128 0x3c
 1948 027a 19       		.uleb128 0x19
 1949 027b 00       		.byte	0
 1950 027c 00       		.byte	0
 1951 027d 30       		.uleb128 0x30
 1952 027e 34       		.uleb128 0x34
 1953 027f 00       		.byte	0
 1954 0280 03       		.uleb128 0x3
 1955 0281 08       		.uleb128 0x8
 1956 0282 3A       		.uleb128 0x3a
 1957 0283 0B       		.uleb128 0xb
 1958 0284 3B       		.uleb128 0x3b
 1959 0285 05       		.uleb128 0x5
 1960 0286 49       		.uleb128 0x49
 1961 0287 13       		.uleb128 0x13
 1962 0288 3F       		.uleb128 0x3f
 1963 0289 19       		.uleb128 0x19
 1964 028a 3C       		.uleb128 0x3c
 1965 028b 19       		.uleb128 0x19
 1966 028c 00       		.byte	0
 1967 028d 00       		.byte	0
 1968 028e 00       		.byte	0
 1969              		.section	.debug_loc,"",%progbits
 1970              	.Ldebug_loc0:
 1971              	.LLST0:
 1972 0000 00000000 		.4byte	.LVL0
 1973 0004 22000000 		.4byte	.LVL5
 1974 0008 0100     		.2byte	0x1
 1975 000a 50       		.byte	0x50
 1976 000b 22000000 		.4byte	.LVL5
 1977 000f 38000000 		.4byte	.LFE227
 1978 0013 0400     		.2byte	0x4
 1979 0015 F3       		.byte	0xf3
 1980 0016 01       		.uleb128 0x1
 1981 0017 50       		.byte	0x50
 1982 0018 9F       		.byte	0x9f
 1983 0019 00000000 		.4byte	0
 1984 001d 00000000 		.4byte	0
 1985              	.LLST1:
 1986 0021 08000000 		.4byte	.LVL1
 1987 0025 16000000 		.4byte	.LVL2
 1988 0029 0100     		.2byte	0x1
 1989 002b 50       		.byte	0x50
 1990 002c 16000000 		.4byte	.LVL2
 1991 0030 1E000000 		.4byte	.LVL4
ARM GAS  /tmp/cckRP8GY.s 			page 36


 1992 0034 0100     		.2byte	0x1
 1993 0036 53       		.byte	0x53
 1994 0037 1E000000 		.4byte	.LVL4
 1995 003b 22000000 		.4byte	.LVL5
 1996 003f 0600     		.2byte	0x6
 1997 0041 70       		.byte	0x70
 1998 0042 07       		.sleb128 7
 1999 0043 09       		.byte	0x9
 2000 0044 F8       		.byte	0xf8
 2001 0045 1A       		.byte	0x1a
 2002 0046 9F       		.byte	0x9f
 2003 0047 22000000 		.4byte	.LVL5
 2004 004b 38000000 		.4byte	.LFE227
 2005 004f 0900     		.2byte	0x9
 2006 0051 F3       		.byte	0xf3
 2007 0052 01       		.uleb128 0x1
 2008 0053 50       		.byte	0x50
 2009 0054 23       		.byte	0x23
 2010 0055 07       		.uleb128 0x7
 2011 0056 09       		.byte	0x9
 2012 0057 F8       		.byte	0xf8
 2013 0058 1A       		.byte	0x1a
 2014 0059 9F       		.byte	0x9f
 2015 005a 00000000 		.4byte	0
 2016 005e 00000000 		.4byte	0
 2017              	.LLST2:
 2018 0062 00000000 		.4byte	.LVL7
 2019 0066 0C000000 		.4byte	.LVL8
 2020 006a 0100     		.2byte	0x1
 2021 006c 50       		.byte	0x50
 2022 006d 0C000000 		.4byte	.LVL8
 2023 0071 10000000 		.4byte	.LVL9
 2024 0075 0300     		.2byte	0x3
 2025 0077 70       		.byte	0x70
 2026 0078 79       		.sleb128 -7
 2027 0079 9F       		.byte	0x9f
 2028 007a 10000000 		.4byte	.LVL9
 2029 007e 18000000 		.4byte	.LVL11
 2030 0082 0100     		.2byte	0x1
 2031 0084 53       		.byte	0x53
 2032 0085 18000000 		.4byte	.LVL11
 2033 0089 1C000000 		.4byte	.LVL12
 2034 008d 0600     		.2byte	0x6
 2035 008f 70       		.byte	0x70
 2036 0090 00       		.sleb128 0
 2037 0091 09       		.byte	0x9
 2038 0092 F8       		.byte	0xf8
 2039 0093 1A       		.byte	0x1a
 2040 0094 9F       		.byte	0x9f
 2041 0095 1C000000 		.4byte	.LVL12
 2042 0099 2C000000 		.4byte	.LFE228
 2043 009d 0900     		.2byte	0x9
 2044 009f F3       		.byte	0xf3
 2045 00a0 01       		.uleb128 0x1
 2046 00a1 50       		.byte	0x50
 2047 00a2 23       		.byte	0x23
 2048 00a3 07       		.uleb128 0x7
ARM GAS  /tmp/cckRP8GY.s 			page 37


 2049 00a4 09       		.byte	0x9
 2050 00a5 F8       		.byte	0xf8
 2051 00a6 1A       		.byte	0x1a
 2052 00a7 9F       		.byte	0x9f
 2053 00a8 00000000 		.4byte	0
 2054 00ac 00000000 		.4byte	0
 2055              		.section	.debug_aranges,"",%progbits
 2056 0000 34000000 		.4byte	0x34
 2057 0004 0200     		.2byte	0x2
 2058 0006 00000000 		.4byte	.Ldebug_info0
 2059 000a 04       		.byte	0x4
 2060 000b 00       		.byte	0
 2061 000c 0000     		.2byte	0
 2062 000e 0000     		.2byte	0
 2063 0010 00000000 		.4byte	.LFB226
 2064 0014 28000000 		.4byte	.LFE226-.LFB226
 2065 0018 00000000 		.4byte	.LFB227
 2066 001c 38000000 		.4byte	.LFE227-.LFB227
 2067 0020 00000000 		.4byte	.LFB228
 2068 0024 2C000000 		.4byte	.LFE228-.LFB228
 2069 0028 00000000 		.4byte	.LFB229
 2070 002c 14000000 		.4byte	.LFE229-.LFB229
 2071 0030 00000000 		.4byte	0
 2072 0034 00000000 		.4byte	0
 2073              		.section	.debug_ranges,"",%progbits
 2074              	.Ldebug_ranges0:
 2075 0000 00000000 		.4byte	.LFB226
 2076 0004 28000000 		.4byte	.LFE226
 2077 0008 00000000 		.4byte	.LFB227
 2078 000c 38000000 		.4byte	.LFE227
 2079 0010 00000000 		.4byte	.LFB228
 2080 0014 2C000000 		.4byte	.LFE228
 2081 0018 00000000 		.4byte	.LFB229
 2082 001c 14000000 		.4byte	.LFE229
 2083 0020 00000000 		.4byte	0
 2084 0024 00000000 		.4byte	0
 2085              		.section	.debug_line,"",%progbits
 2086              	.Ldebug_line0:
 2087 0000 A5020000 		.section	.debug_str,"MS",%progbits,1
 2087      02003102 
 2087      00000201 
 2087      FB0E0D00 
 2087      01010101 
 2088              	.LASF105:
 2089 0000 656E646D 		.ascii	"endmem\000"
 2089      656D00
 2090              	.LASF49:
 2091 0007 72656164 		.ascii	"ready_list_t\000"
 2091      795F6C69 
 2091      73745F74 
 2091      00
 2092              	.LASF2:
 2093 0014 73697A65 		.ascii	"size_t\000"
 2093      5F7400
 2094              	.LASF84:
 2095 001b 7264796D 		.ascii	"rdymsg\000"
 2095      736700
ARM GAS  /tmp/cckRP8GY.s 			page 38


 2096              	.LASF17:
 2097 0022 75696E74 		.ascii	"uint64_t\000"
 2097      36345F74 
 2097      00
 2098              	.LASF112:
 2099 002b 6368436F 		.ascii	"chCoreAlloc\000"
 2099      7265416C 
 2099      6C6F6300 
 2100              	.LASF3:
 2101 0037 5F5F7569 		.ascii	"__uint8_t\000"
 2101      6E74385F 
 2101      7400
 2102              	.LASF81:
 2103 0041 706F7274 		.ascii	"port_intctx\000"
 2103      5F696E74 
 2103      63747800 
 2104              	.LASF68:
 2105 004d 73797374 		.ascii	"system_debug_t\000"
 2105      656D5F64 
 2105      65627567 
 2105      5F7400
 2106              	.LASF94:
 2107 005c 706F7274 		.ascii	"port_lock\000"
 2107      5F6C6F63 
 2107      6B00
 2108              	.LASF13:
 2109 0066 6C6F6E67 		.ascii	"long long unsigned int\000"
 2109      206C6F6E 
 2109      6720756E 
 2109      7369676E 
 2109      65642069 
 2110              	.LASF85:
 2111 007d 65786974 		.ascii	"exitcode\000"
 2111      636F6465 
 2111      00
 2112              	.LASF75:
 2113 0086 6D61696E 		.ascii	"mainthread\000"
 2113      74687265 
 2113      616400
 2114              	.LASF65:
 2115 0091 76697274 		.ascii	"virtual_timers_list_t\000"
 2115      75616C5F 
 2115      74696D65 
 2115      72735F6C 
 2115      6973745F 
 2116              	.LASF106:
 2117 00a7 49544D5F 		.ascii	"ITM_RxBuffer\000"
 2117      52784275 
 2117      66666572 
 2117      00
 2118              	.LASF48:
 2119 00b4 63685F74 		.ascii	"ch_threads_queue\000"
 2119      68726561 
 2119      64735F71 
 2119      75657565 
 2119      00
 2120              	.LASF29:
ARM GAS  /tmp/cckRP8GY.s 			page 39


 2121 00c5 705F7072 		.ascii	"p_prio\000"
 2121      696F00
 2122              	.LASF11:
 2123 00cc 6C6F6E67 		.ascii	"long long int\000"
 2123      206C6F6E 
 2123      6720696E 
 2123      7400
 2124              	.LASF1:
 2125 00da 7369676E 		.ascii	"signed char\000"
 2125      65642063 
 2125      68617200 
 2126              	.LASF43:
 2127 00e6 705F6D70 		.ascii	"p_mpool\000"
 2127      6F6F6C00 
 2128              	.LASF90:
 2129 00ee 6D5F7175 		.ascii	"m_queue\000"
 2129      65756500 
 2130              	.LASF74:
 2131 00f6 76746C69 		.ascii	"vtlist\000"
 2131      737400
 2132              	.LASF95:
 2133 00fd 706F7274 		.ascii	"port_unlock\000"
 2133      5F756E6C 
 2133      6F636B00 
 2134              	.LASF113:
 2135 0109 6368436F 		.ascii	"chCoreGetStatusX\000"
 2135      72654765 
 2135      74537461 
 2135      74757358 
 2135      00
 2136              	.LASF72:
 2137 011a 63685F73 		.ascii	"ch_system\000"
 2137      79737465 
 2137      6D00
 2138              	.LASF8:
 2139 0124 6C6F6E67 		.ascii	"long int\000"
 2139      20696E74 
 2139      00
 2140              	.LASF20:
 2141 012d 74737461 		.ascii	"tstate_t\000"
 2141      74655F74 
 2141      00
 2142              	.LASF31:
 2143 0136 705F6E65 		.ascii	"p_newer\000"
 2143      77657200 
 2144              	.LASF110:
 2145 013e 6368436F 		.ascii	"chCoreAllocI\000"
 2145      7265416C 
 2145      6C6F6349 
 2145      00
 2146              	.LASF54:
 2147 014b 725F6E65 		.ascii	"r_newer\000"
 2147      77657200 
 2148              	.LASF78:
 2149 0153 72656761 		.ascii	"regarm_t\000"
 2149      726D5F74 
 2149      00
ARM GAS  /tmp/cckRP8GY.s 			page 40


 2150              	.LASF61:
 2151 015c 76745F70 		.ascii	"vt_prev\000"
 2151      72657600 
 2152              	.LASF93:
 2153 0164 6D757465 		.ascii	"mutex_t\000"
 2153      785F7400 
 2154              	.LASF97:
 2155 016c 76616C75 		.ascii	"value\000"
 2155      6500
 2156              	.LASF76:
 2157 0172 69646C65 		.ascii	"idle_thread_wa\000"
 2157      5F746872 
 2157      6561645F 
 2157      776100
 2158              	.LASF0:
 2159 0181 756E7369 		.ascii	"unsigned int\000"
 2159      676E6564 
 2159      20696E74 
 2159      00
 2160              	.LASF60:
 2161 018e 76745F6E 		.ascii	"vt_next\000"
 2161      65787400 
 2162              	.LASF62:
 2163 0196 76745F64 		.ascii	"vt_delta\000"
 2163      656C7461 
 2163      00
 2164              	.LASF38:
 2165 019f 705F6D73 		.ascii	"p_msgqueue\000"
 2165      67717565 
 2165      756500
 2166              	.LASF6:
 2167 01aa 73686F72 		.ascii	"short unsigned int\000"
 2167      7420756E 
 2167      7369676E 
 2167      65642069 
 2167      6E7400
 2168              	.LASF45:
 2169 01bd 63685F74 		.ascii	"ch_thread\000"
 2169      68726561 
 2169      6400
 2170              	.LASF23:
 2171 01c7 6D73675F 		.ascii	"msg_t\000"
 2171      7400
 2172              	.LASF71:
 2173 01cd 63685F73 		.ascii	"ch_system_t\000"
 2173      79737465 
 2173      6D5F7400 
 2174              	.LASF19:
 2175 01d9 746D6F64 		.ascii	"tmode_t\000"
 2175      655F7400 
 2176              	.LASF50:
 2177 01e1 63685F72 		.ascii	"ch_ready_list\000"
 2177      65616479 
 2177      5F6C6973 
 2177      7400
 2178              	.LASF24:
 2179 01ef 6576656E 		.ascii	"eventmask_t\000"
ARM GAS  /tmp/cckRP8GY.s 			page 41


 2179      746D6173 
 2179      6B5F7400 
 2180              	.LASF7:
 2181 01fb 5F5F696E 		.ascii	"__int32_t\000"
 2181      7433325F 
 2181      7400
 2182              	.LASF79:
 2183 0205 73746B61 		.ascii	"stkalign_t\000"
 2183      6C69676E 
 2183      5F7400
 2184              	.LASF37:
 2185 0210 705F7761 		.ascii	"p_waiting\000"
 2185      6974696E 
 2185      6700
 2186              	.LASF77:
 2187 021a 73697A65 		.ascii	"sizetype\000"
 2187      74797065 
 2187      00
 2188              	.LASF108:
 2189 0223 2E2E2F43 		.ascii	"../ChibiOS/os/rt/src/chmemcore.c\000"
 2189      68696269 
 2189      4F532F6F 
 2189      732F7274 
 2189      2F737263 
 2190              	.LASF66:
 2191 0244 63685F76 		.ascii	"ch_virtual_timers_list\000"
 2191      69727475 
 2191      616C5F74 
 2191      696D6572 
 2191      735F6C69 
 2192              	.LASF67:
 2193 025b 76745F6C 		.ascii	"vt_lasttime\000"
 2193      61737474 
 2193      696D6500 
 2194              	.LASF32:
 2195 0267 705F6F6C 		.ascii	"p_older\000"
 2195      64657200 
 2196              	.LASF53:
 2197 026f 725F6374 		.ascii	"r_ctx\000"
 2197      7800
 2198              	.LASF83:
 2199 0275 746D5F63 		.ascii	"tm_calibration_t\000"
 2199      616C6962 
 2199      72617469 
 2199      6F6E5F74 
 2199      00
 2200              	.LASF56:
 2201 0286 725F6375 		.ascii	"r_current\000"
 2201      7272656E 
 2201      7400
 2202              	.LASF55:
 2203 0290 725F6F6C 		.ascii	"r_older\000"
 2203      64657200 
 2204              	.LASF12:
 2205 0298 5F5F7569 		.ascii	"__uint64_t\000"
 2205      6E743634 
 2205      5F7400
ARM GAS  /tmp/cckRP8GY.s 			page 42


 2206              	.LASF21:
 2207 02a3 74726566 		.ascii	"trefs_t\000"
 2207      735F7400 
 2208              	.LASF58:
 2209 02ab 76697274 		.ascii	"virtual_timer_t\000"
 2209      75616C5F 
 2209      74696D65 
 2209      725F7400 
 2210              	.LASF28:
 2211 02bb 705F7072 		.ascii	"p_prev\000"
 2211      657600
 2212              	.LASF22:
 2213 02c2 74707269 		.ascii	"tprio_t\000"
 2213      6F5F7400 
 2214              	.LASF89:
 2215 02ca 6D757465 		.ascii	"mutex\000"
 2215      7800
 2216              	.LASF69:
 2217 02d0 63685F73 		.ascii	"ch_system_debug\000"
 2217      79737465 
 2217      6D5F6465 
 2217      62756700 
 2218              	.LASF15:
 2219 02e0 696E7433 		.ascii	"int32_t\000"
 2219      325F7400 
 2220              	.LASF4:
 2221 02e8 756E7369 		.ascii	"unsigned char\000"
 2221      676E6564 
 2221      20636861 
 2221      7200
 2222              	.LASF111:
 2223 02f6 5F636F72 		.ascii	"_core_init\000"
 2223      655F696E 
 2223      697400
 2224              	.LASF41:
 2225 0301 705F6D74 		.ascii	"p_mtxlist\000"
 2225      786C6973 
 2225      7400
 2226              	.LASF5:
 2227 030b 73686F72 		.ascii	"short int\000"
 2227      7420696E 
 2227      7400
 2228              	.LASF34:
 2229 0315 705F7374 		.ascii	"p_state\000"
 2229      61746500 
 2230              	.LASF103:
 2231 031d 5F5F6865 		.ascii	"__heap_end__\000"
 2231      61705F65 
 2231      6E645F5F 
 2231      00
 2232              	.LASF52:
 2233 032a 725F7072 		.ascii	"r_prio\000"
 2233      696F00
 2234              	.LASF87:
 2235 0331 65776D61 		.ascii	"ewmask\000"
 2235      736B00
 2236              	.LASF27:
ARM GAS  /tmp/cckRP8GY.s 			page 43


 2237 0338 705F6E65 		.ascii	"p_next\000"
 2237      787400
 2238              	.LASF107:
 2239 033f 474E5520 		.ascii	"GNU C 4.9.3 20141119 (release) [ARM/embedded-4_9-br"
 2239      4320342E 
 2239      392E3320 
 2239      32303134 
 2239      31313139 
 2240 0372 616E6368 		.ascii	"anch revision 218278] -mcpu=cortex-m4 -mfloat-abi=h"
 2240      20726576 
 2240      6973696F 
 2240      6E203231 
 2240      38323738 
 2241 03a5 61726420 		.ascii	"ard -mfpu=fpv4-sp-d16 -mno-thumb-interwork -mthumb "
 2241      2D6D6670 
 2241      753D6670 
 2241      76342D73 
 2241      702D6431 
 2242 03d8 2D676764 		.ascii	"-ggdb -O2 -fomit-frame-pointer -falign-functions=16"
 2242      62202D4F 
 2242      32202D66 
 2242      6F6D6974 
 2242      2D667261 
 2243 040b 202D6666 		.ascii	" -ffunction-sections -fdata-sections -fno-common -f"
 2243      756E6374 
 2243      696F6E2D 
 2243      73656374 
 2243      696F6E73 
 2244 043e 73696E67 		.ascii	"single-precision-constant\000"
 2244      6C652D70 
 2244      72656369 
 2244      73696F6E 
 2244      2D636F6E 
 2245              	.LASF35:
 2246 0458 705F666C 		.ascii	"p_flags\000"
 2246      61677300 
 2247              	.LASF101:
 2248 0460 5F5F6675 		.ascii	"__func__\000"
 2248      6E635F5F 
 2248      00
 2249              	.LASF96:
 2250 0469 63685379 		.ascii	"chSysLock\000"
 2250      734C6F63 
 2250      6B00
 2251              	.LASF59:
 2252 0473 63685F76 		.ascii	"ch_virtual_timer\000"
 2252      69727475 
 2252      616C5F74 
 2252      696D6572 
 2252      00
 2253              	.LASF40:
 2254 0484 705F6570 		.ascii	"p_epending\000"
 2254      656E6469 
 2254      6E6700
 2255              	.LASF16:
 2256 048f 75696E74 		.ascii	"uint32_t\000"
 2256      33325F74 
ARM GAS  /tmp/cckRP8GY.s 			page 44


 2256      00
 2257              	.LASF51:
 2258 0498 725F7175 		.ascii	"r_queue\000"
 2258      65756500 
 2259              	.LASF46:
 2260 04a0 63685F74 		.ascii	"ch_threads_list\000"
 2260      68726561 
 2260      64735F6C 
 2260      69737400 
 2261              	.LASF109:
 2262 04b0 2F686F6D 		.ascii	"/home/bhimebau/forge/annsynth/src\000"
 2262      652F6268 
 2262      696D6562 
 2262      61752F66 
 2262      6F726765 
 2263              	.LASF10:
 2264 04d2 6C6F6E67 		.ascii	"long unsigned int\000"
 2264      20756E73 
 2264      69676E65 
 2264      6420696E 
 2264      7400
 2265              	.LASF88:
 2266 04e4 63686172 		.ascii	"char\000"
 2266      00
 2267              	.LASF26:
 2268 04e9 74687265 		.ascii	"thread_t\000"
 2268      61645F74 
 2268      00
 2269              	.LASF104:
 2270 04f2 6E657874 		.ascii	"nextmem\000"
 2270      6D656D00 
 2271              	.LASF92:
 2272 04fa 6D5F6E65 		.ascii	"m_next\000"
 2272      787400
 2273              	.LASF25:
 2274 0501 73797374 		.ascii	"systime_t\000"
 2274      696D655F 
 2274      7400
 2275              	.LASF42:
 2276 050b 705F7265 		.ascii	"p_realprio\000"
 2276      616C7072 
 2276      696F00
 2277              	.LASF57:
 2278 0516 76746675 		.ascii	"vtfunc_t\000"
 2278      6E635F74 
 2278      00
 2279              	.LASF9:
 2280 051f 5F5F7569 		.ascii	"__uint32_t\000"
 2280      6E743332 
 2280      5F7400
 2281              	.LASF99:
 2282 052a 5F5F7365 		.ascii	"__set_BASEPRI\000"
 2282      745F4241 
 2282      53455052 
 2282      4900
 2283              	.LASF70:
 2284 0538 70616E69 		.ascii	"panic_msg\000"
ARM GAS  /tmp/cckRP8GY.s 			page 45


 2284      635F6D73 
 2284      6700
 2285              	.LASF82:
 2286 0542 6F666673 		.ascii	"offset\000"
 2286      657400
 2287              	.LASF80:
 2288 0549 636F6E74 		.ascii	"context\000"
 2288      65787400 
 2289              	.LASF18:
 2290 0551 7274636E 		.ascii	"rtcnt_t\000"
 2290      745F7400 
 2291              	.LASF64:
 2292 0559 76745F70 		.ascii	"vt_par\000"
 2292      617200
 2293              	.LASF102:
 2294 0560 5F5F6865 		.ascii	"__heap_base__\000"
 2294      61705F62 
 2294      6173655F 
 2294      5F00
 2295              	.LASF47:
 2296 056e 74687265 		.ascii	"threads_queue_t\000"
 2296      6164735F 
 2296      71756575 
 2296      655F7400 
 2297              	.LASF36:
 2298 057e 705F7265 		.ascii	"p_refs\000"
 2298      667300
 2299              	.LASF73:
 2300 0585 726C6973 		.ascii	"rlist\000"
 2300      7400
 2301              	.LASF14:
 2302 058b 75696E74 		.ascii	"uint8_t\000"
 2302      385F7400 
 2303              	.LASF86:
 2304 0593 77746F62 		.ascii	"wtobjp\000"
 2304      6A7000
 2305              	.LASF33:
 2306 059a 705F6E61 		.ascii	"p_name\000"
 2306      6D6500
 2307              	.LASF98:
 2308 05a1 73697A65 		.ascii	"size\000"
 2308      00
 2309              	.LASF44:
 2310 05a6 74687265 		.ascii	"threads_list_t\000"
 2310      6164735F 
 2310      6C697374 
 2310      5F7400
 2311              	.LASF100:
 2312 05b5 63685379 		.ascii	"chSysUnlock\000"
 2312      73556E6C 
 2312      6F636B00 
 2313              	.LASF39:
 2314 05c1 705F6D73 		.ascii	"p_msg\000"
 2314      6700
 2315              	.LASF91:
 2316 05c7 6D5F6F77 		.ascii	"m_owner\000"
 2316      6E657200 
ARM GAS  /tmp/cckRP8GY.s 			page 46


 2317              	.LASF30:
 2318 05cf 705F6374 		.ascii	"p_ctx\000"
 2318      7800
 2319              	.LASF63:
 2320 05d5 76745F66 		.ascii	"vt_func\000"
 2320      756E6300 
 2321              		.ident	"GCC: (GNU Tools for ARM Embedded Processors) 4.9.3 20141119 (release) [ARM/embedded-4_9-br
ARM GAS  /tmp/cckRP8GY.s 			page 47


DEFINED SYMBOLS
                            *ABS*:00000000 chmemcore.c
     /tmp/cckRP8GY.s:21     .text._core_init:00000000 $t
     /tmp/cckRP8GY.s:27     .text._core_init:00000000 _core_init
     /tmp/cckRP8GY.s:55     .text._core_init:00000018 $d
     /tmp/cckRP8GY.s:63     .text.chCoreAlloc:00000000 $t
     /tmp/cckRP8GY.s:69     .text.chCoreAlloc:00000000 chCoreAlloc
     /tmp/cckRP8GY.s:148    .text.chCoreAlloc:00000030 $d
     /tmp/cckRP8GY.s:154    .text.chCoreAllocI:00000000 $t
     /tmp/cckRP8GY.s:160    .text.chCoreAllocI:00000000 chCoreAllocI
     /tmp/cckRP8GY.s:203    .text.chCoreAllocI:00000024 $d
     /tmp/cckRP8GY.s:209    .text.chCoreGetStatusX:00000000 $t
     /tmp/cckRP8GY.s:215    .text.chCoreGetStatusX:00000000 chCoreGetStatusX
     /tmp/cckRP8GY.s:233    .text.chCoreGetStatusX:0000000c $d
     /tmp/cckRP8GY.s:239    .bss.endmem:00000000 $d
     /tmp/cckRP8GY.s:243    .bss.endmem:00000000 endmem
     /tmp/cckRP8GY.s:246    .bss.nextmem:00000000 $d
     /tmp/cckRP8GY.s:250    .bss.nextmem:00000000 nextmem
                     .debug_frame:00000010 $d
     /tmp/cckRP8GY.s:62     .text._core_init:00000028 $t
     /tmp/cckRP8GY.s:153    .text.chCoreAlloc:00000038 $t
     /tmp/cckRP8GY.s:208    .text.chCoreAllocI:0000002c $t
     /tmp/cckRP8GY.s:238    .text.chCoreGetStatusX:00000014 $t

UNDEFINED SYMBOLS
__heap_base__
__heap_end__
