ARM GAS  /tmp/ccOFyJ0s.s 			page 1


   1              		.syntax unified
   2              		.cpu cortex-m4
   3              		.eabi_attribute 27, 3
   4              		.eabi_attribute 28, 1
   5              		.fpu fpv4-sp-d16
   6              		.eabi_attribute 20, 1
   7              		.eabi_attribute 21, 1
   8              		.eabi_attribute 23, 3
   9              		.eabi_attribute 24, 1
  10              		.eabi_attribute 25, 1
  11              		.eabi_attribute 26, 1
  12              		.eabi_attribute 30, 2
  13              		.eabi_attribute 34, 1
  14              		.eabi_attribute 18, 4
  15              		.thumb
  16              		.file	"drivers.c"
  17              		.text
  18              	.Ltext0:
  19              		.cfi_sections	.debug_frame
  20              		.section	.text.driversInit,"ax",%progbits
  21              		.align	2
  22              		.p2align 4,,15
  23              		.global	driversInit
  24              		.thumb
  25              		.thumb_func
  26              		.type	driversInit, %function
  27              	driversInit:
  28              	.LFB255:
  29              		.file 1 "../ChibiOS/../ChibiOS-Drivers/src/drivers.c"
  30              		.loc 1 4 0
  31              		.cfi_startproc
  32              		@ args = 0, pretend = 0, frame = 0
  33              		@ frame_needed = 0, uses_anonymous_args = 0
  34              		@ link register save eliminated.
  35              		.loc 1 6 0
  36 0000 FFF7FEBF 		b	dacInit
  37              	.LVL0:
  38              		.cfi_endproc
  39              	.LFE255:
  40              		.size	driversInit, .-driversInit
  41 0004 AFF30080 		.text
  41      AFF30080 
  41      AFF30080 
  42              	.Letext0:
  43              		.file 2 "/l/arm2/gcc-arm-none-eabi-4_9-2014q4/arm-none-eabi/include/machine/_default_types.h"
  44              		.file 3 "/l/arm2/gcc-arm-none-eabi-4_9-2014q4/arm-none-eabi/include/stdint.h"
  45              		.file 4 "../ChibiOS/os/rt/ports/ARMCMx/compilers/GCC/chtypes.h"
  46              		.file 5 "../ChibiOS/os/rt/include/chsystypes.h"
  47              		.file 6 "../ChibiOS/os/rt/include/chschd.h"
  48              		.file 7 "../ChibiOS/os/rt/ports/ARMCMx/chcore.h"
  49              		.file 8 "../ChibiOS/os/rt/ports/ARMCMx/chcore_v7m.h"
  50              		.file 9 "../ChibiOS/os/rt/include/chtm.h"
  51              		.file 10 "../ChibiOS/os/rt/include/chmtx.h"
  52              		.file 11 "../ChibiOS/os/ext/CMSIS/include/core_cm4.h"
  53              		.file 12 "../ChibiOS/../ChibiOS-Drivers/inc/dac_driver.h"
  54              		.section	.debug_info,"",%progbits
  55              	.Ldebug_info0:
ARM GAS  /tmp/ccOFyJ0s.s 			page 2


  56 0000 B7060000 		.4byte	0x6b7
  57 0004 0400     		.2byte	0x4
  58 0006 00000000 		.4byte	.Ldebug_abbrev0
  59 000a 04       		.byte	0x4
  60 000b 01       		.uleb128 0x1
  61 000c CC020000 		.4byte	.LASF95
  62 0010 01       		.byte	0x1
  63 0011 E9040000 		.4byte	.LASF96
  64 0015 2A040000 		.4byte	.LASF97
  65 0019 00000000 		.4byte	.Ldebug_ranges0+0
  66 001d 00000000 		.4byte	0
  67 0021 00000000 		.4byte	.Ldebug_line0
  68 0025 02       		.uleb128 0x2
  69 0026 04       		.byte	0x4
  70 0027 05       		.byte	0x5
  71 0028 696E7400 		.ascii	"int\000"
  72 002c 03       		.uleb128 0x3
  73 002d 04       		.byte	0x4
  74 002e 07       		.byte	0x7
  75 002f 3D010000 		.4byte	.LASF0
  76 0033 03       		.uleb128 0x3
  77 0034 01       		.byte	0x1
  78 0035 06       		.byte	0x6
  79 0036 B6000000 		.4byte	.LASF1
  80 003a 04       		.uleb128 0x4
  81 003b 1D000000 		.4byte	.LASF5
  82 003f 02       		.byte	0x2
  83 0040 1D       		.byte	0x1d
  84 0041 45000000 		.4byte	0x45
  85 0045 03       		.uleb128 0x3
  86 0046 01       		.byte	0x1
  87 0047 08       		.byte	0x8
  88 0048 8D020000 		.4byte	.LASF2
  89 004c 03       		.uleb128 0x3
  90 004d 02       		.byte	0x2
  91 004e 05       		.byte	0x5
  92 004f A5020000 		.4byte	.LASF3
  93 0053 03       		.uleb128 0x3
  94 0054 02       		.byte	0x2
  95 0055 07       		.byte	0x7
  96 0056 72010000 		.4byte	.LASF4
  97 005a 04       		.uleb128 0x4
  98 005b C3010000 		.4byte	.LASF6
  99 005f 02       		.byte	0x2
 100 0060 3F       		.byte	0x3f
 101 0061 65000000 		.4byte	0x65
 102 0065 03       		.uleb128 0x3
 103 0066 04       		.byte	0x4
 104 0067 05       		.byte	0x5
 105 0068 E3000000 		.4byte	.LASF7
 106 006c 04       		.uleb128 0x4
 107 006d 91040000 		.4byte	.LASF8
 108 0071 02       		.byte	0x2
 109 0072 41       		.byte	0x41
 110 0073 77000000 		.4byte	0x77
 111 0077 03       		.uleb128 0x3
 112 0078 04       		.byte	0x4
ARM GAS  /tmp/ccOFyJ0s.s 			page 3


 113 0079 07       		.byte	0x7
 114 007a 4C040000 		.4byte	.LASF9
 115 007e 03       		.uleb128 0x3
 116 007f 08       		.byte	0x8
 117 0080 05       		.byte	0x5
 118 0081 A8000000 		.4byte	.LASF10
 119 0085 04       		.uleb128 0x4
 120 0086 3F020000 		.4byte	.LASF11
 121 008a 02       		.byte	0x2
 122 008b 5B       		.byte	0x5b
 123 008c 90000000 		.4byte	0x90
 124 0090 03       		.uleb128 0x3
 125 0091 08       		.byte	0x8
 126 0092 07       		.byte	0x7
 127 0093 42000000 		.4byte	.LASF12
 128 0097 04       		.uleb128 0x4
 129 0098 E1040000 		.4byte	.LASF13
 130 009c 03       		.byte	0x3
 131 009d 15       		.byte	0x15
 132 009e 3A000000 		.4byte	0x3a
 133 00a2 04       		.uleb128 0x4
 134 00a3 85020000 		.4byte	.LASF14
 135 00a7 03       		.byte	0x3
 136 00a8 2C       		.byte	0x2c
 137 00a9 5A000000 		.4byte	0x5a
 138 00ad 04       		.uleb128 0x4
 139 00ae 09040000 		.4byte	.LASF15
 140 00b2 03       		.byte	0x3
 141 00b3 2D       		.byte	0x2d
 142 00b4 6C000000 		.4byte	0x6c
 143 00b8 04       		.uleb128 0x4
 144 00b9 14000000 		.4byte	.LASF16
 145 00bd 03       		.byte	0x3
 146 00be 39       		.byte	0x39
 147 00bf 85000000 		.4byte	0x85
 148 00c3 05       		.uleb128 0x5
 149 00c4 A2000000 		.4byte	0xa2
 150 00c8 04       		.uleb128 0x4
 151 00c9 B5040000 		.4byte	.LASF17
 152 00cd 04       		.byte	0x4
 153 00ce 45       		.byte	0x45
 154 00cf AD000000 		.4byte	0xad
 155 00d3 04       		.uleb128 0x4
 156 00d4 A1010000 		.4byte	.LASF18
 157 00d8 04       		.byte	0x4
 158 00d9 48       		.byte	0x48
 159 00da 97000000 		.4byte	0x97
 160 00de 04       		.uleb128 0x4
 161 00df EC000000 		.4byte	.LASF19
 162 00e3 04       		.byte	0x4
 163 00e4 49       		.byte	0x49
 164 00e5 97000000 		.4byte	0x97
 165 00e9 04       		.uleb128 0x4
 166 00ea 4A020000 		.4byte	.LASF20
 167 00ee 04       		.byte	0x4
 168 00ef 4A       		.byte	0x4a
 169 00f0 97000000 		.4byte	0x97
ARM GAS  /tmp/ccOFyJ0s.s 			page 4


 170 00f4 04       		.uleb128 0x4
 171 00f5 69020000 		.4byte	.LASF21
 172 00f9 04       		.byte	0x4
 173 00fa 4C       		.byte	0x4c
 174 00fb AD000000 		.4byte	0xad
 175 00ff 04       		.uleb128 0x4
 176 0100 8F010000 		.4byte	.LASF22
 177 0104 04       		.byte	0x4
 178 0105 4D       		.byte	0x4d
 179 0106 A2000000 		.4byte	0xa2
 180 010a 04       		.uleb128 0x4
 181 010b B7010000 		.4byte	.LASF23
 182 010f 04       		.byte	0x4
 183 0110 4F       		.byte	0x4f
 184 0111 AD000000 		.4byte	0xad
 185 0115 04       		.uleb128 0x4
 186 0116 73040000 		.4byte	.LASF24
 187 011a 05       		.byte	0x5
 188 011b 33       		.byte	0x33
 189 011c AD000000 		.4byte	0xad
 190 0120 04       		.uleb128 0x4
 191 0121 63040000 		.4byte	.LASF25
 192 0125 05       		.byte	0x5
 193 0126 3F       		.byte	0x3f
 194 0127 2B010000 		.4byte	0x12b
 195 012b 06       		.uleb128 0x6
 196 012c 85010000 		.4byte	.LASF44
 197 0130 44       		.byte	0x44
 198 0131 06       		.byte	0x6
 199 0132 BE       		.byte	0xbe
 200 0133 18020000 		.4byte	0x218
 201 0137 07       		.uleb128 0x7
 202 0138 C5020000 		.4byte	.LASF26
 203 013c 06       		.byte	0x6
 204 013d BF       		.byte	0xbf
 205 013e C2050000 		.4byte	0x5c2
 206 0142 00       		.byte	0
 207 0143 07       		.uleb128 0x7
 208 0144 62020000 		.4byte	.LASF27
 209 0148 06       		.byte	0x6
 210 0149 C1       		.byte	0xc1
 211 014a C2050000 		.4byte	0x5c2
 212 014e 04       		.byte	0x4
 213 014f 07       		.uleb128 0x7
 214 0150 A1000000 		.4byte	.LASF28
 215 0154 06       		.byte	0x6
 216 0155 C3       		.byte	0xc3
 217 0156 F4000000 		.4byte	0xf4
 218 015a 08       		.byte	0x8
 219 015b 07       		.uleb128 0x7
 220 015c 40050000 		.4byte	.LASF29
 221 0160 06       		.byte	0x6
 222 0161 C4       		.byte	0xc4
 223 0162 42040000 		.4byte	0x442
 224 0166 0C       		.byte	0xc
 225 0167 07       		.uleb128 0x7
 226 0168 F5000000 		.4byte	.LASF30
ARM GAS  /tmp/ccOFyJ0s.s 			page 5


 227 016c 06       		.byte	0x6
 228 016d C6       		.byte	0xc6
 229 016e C2050000 		.4byte	0x5c2
 230 0172 10       		.byte	0x10
 231 0173 07       		.uleb128 0x7
 232 0174 0E020000 		.4byte	.LASF31
 233 0178 06       		.byte	0x6
 234 0179 C7       		.byte	0xc7
 235 017a C2050000 		.4byte	0x5c2
 236 017e 14       		.byte	0x14
 237 017f 07       		.uleb128 0x7
 238 0180 1C050000 		.4byte	.LASF32
 239 0184 06       		.byte	0x6
 240 0185 CE       		.byte	0xce
 241 0186 00060000 		.4byte	0x600
 242 018a 18       		.byte	0x18
 243 018b 07       		.uleb128 0x7
 244 018c AF020000 		.4byte	.LASF33
 245 0190 06       		.byte	0x6
 246 0191 D9       		.byte	0xd9
 247 0192 DE000000 		.4byte	0xde
 248 0196 1C       		.byte	0x1c
 249 0197 07       		.uleb128 0x7
 250 0198 E5030000 		.4byte	.LASF34
 251 019c 06       		.byte	0x6
 252 019d DD       		.byte	0xdd
 253 019e D3000000 		.4byte	0xd3
 254 01a2 1D       		.byte	0x1d
 255 01a3 07       		.uleb128 0x7
 256 01a4 D4040000 		.4byte	.LASF35
 257 01a8 06       		.byte	0x6
 258 01a9 E2       		.byte	0xe2
 259 01aa E9000000 		.4byte	0xe9
 260 01ae 1E       		.byte	0x1e
 261 01af 08       		.uleb128 0x8
 262 01b0 705F7500 		.ascii	"p_u\000"
 263 01b4 06       		.byte	0x6
 264 01b5 1401     		.2byte	0x114
 265 01b7 C8050000 		.4byte	0x5c8
 266 01bb 20       		.byte	0x20
 267 01bc 09       		.uleb128 0x9
 268 01bd D8010000 		.4byte	.LASF36
 269 01c1 06       		.byte	0x6
 270 01c2 1901     		.2byte	0x119
 271 01c4 18020000 		.4byte	0x218
 272 01c8 24       		.byte	0x24
 273 01c9 09       		.uleb128 0x9
 274 01ca 5B010000 		.4byte	.LASF37
 275 01ce 06       		.byte	0x6
 276 01cf 1F01     		.2byte	0x11f
 277 01d1 3C020000 		.4byte	0x23c
 278 01d5 28       		.byte	0x28
 279 01d6 09       		.uleb128 0x9
 280 01d7 32050000 		.4byte	.LASF38
 281 01db 06       		.byte	0x6
 282 01dc 2301     		.2byte	0x123
 283 01de FF000000 		.4byte	0xff
ARM GAS  /tmp/ccOFyJ0s.s 			page 6


 284 01e2 30       		.byte	0x30
 285 01e3 09       		.uleb128 0x9
 286 01e4 FE030000 		.4byte	.LASF39
 287 01e8 06       		.byte	0x6
 288 01e9 2901     		.2byte	0x129
 289 01eb 0A010000 		.4byte	0x10a
 290 01ef 34       		.byte	0x34
 291 01f0 09       		.uleb128 0x9
 292 01f1 9B020000 		.4byte	.LASF40
 293 01f5 06       		.byte	0x6
 294 01f6 3001     		.2byte	0x130
 295 01f8 43060000 		.4byte	0x643
 296 01fc 38       		.byte	0x38
 297 01fd 09       		.uleb128 0x9
 298 01fe 7D040000 		.4byte	.LASF41
 299 0202 06       		.byte	0x6
 300 0203 3401     		.2byte	0x134
 301 0205 F4000000 		.4byte	0xf4
 302 0209 3C       		.byte	0x3c
 303 020a 09       		.uleb128 0x9
 304 020b C2000000 		.4byte	.LASF42
 305 020f 06       		.byte	0x6
 306 0210 3A01     		.2byte	0x13a
 307 0212 EF020000 		.4byte	0x2ef
 308 0216 40       		.byte	0x40
 309 0217 00       		.byte	0
 310 0218 04       		.uleb128 0x4
 311 0219 23050000 		.4byte	.LASF43
 312 021d 05       		.byte	0x5
 313 021e 44       		.byte	0x44
 314 021f 23020000 		.4byte	0x223
 315 0223 06       		.uleb128 0x6
 316 0224 1A040000 		.4byte	.LASF45
 317 0228 04       		.byte	0x4
 318 0229 06       		.byte	0x6
 319 022a AC       		.byte	0xac
 320 022b 3C020000 		.4byte	0x23c
 321 022f 07       		.uleb128 0x7
 322 0230 C5020000 		.4byte	.LASF26
 323 0234 06       		.byte	0x6
 324 0235 AD       		.byte	0xad
 325 0236 C2050000 		.4byte	0x5c2
 326 023a 00       		.byte	0
 327 023b 00       		.byte	0
 328 023c 04       		.uleb128 0x4
 329 023d C4040000 		.4byte	.LASF46
 330 0241 05       		.byte	0x5
 331 0242 4B       		.byte	0x4b
 332 0243 47020000 		.4byte	0x247
 333 0247 06       		.uleb128 0x6
 334 0248 90000000 		.4byte	.LASF47
 335 024c 08       		.byte	0x8
 336 024d 06       		.byte	0x6
 337 024e B3       		.byte	0xb3
 338 024f 6C020000 		.4byte	0x26c
 339 0253 07       		.uleb128 0x7
 340 0254 C5020000 		.4byte	.LASF26
ARM GAS  /tmp/ccOFyJ0s.s 			page 7


 341 0258 06       		.byte	0x6
 342 0259 B4       		.byte	0xb4
 343 025a C2050000 		.4byte	0x5c2
 344 025e 00       		.byte	0
 345 025f 07       		.uleb128 0x7
 346 0260 62020000 		.4byte	.LASF27
 347 0264 06       		.byte	0x6
 348 0265 B5       		.byte	0xb5
 349 0266 C2050000 		.4byte	0x5c2
 350 026a 04       		.byte	0x4
 351 026b 00       		.byte	0
 352 026c 04       		.uleb128 0x4
 353 026d 00000000 		.4byte	.LASF48
 354 0271 05       		.byte	0x5
 355 0272 52       		.byte	0x52
 356 0273 77020000 		.4byte	0x277
 357 0277 0A       		.uleb128 0xa
 358 0278 A9010000 		.4byte	.LASF49
 359 027c 1C       		.byte	0x1c
 360 027d 06       		.byte	0x6
 361 027e 7201     		.2byte	0x172
 362 0280 D3020000 		.4byte	0x2d3
 363 0284 09       		.uleb128 0x9
 364 0285 12040000 		.4byte	.LASF50
 365 0289 06       		.byte	0x6
 366 028a 7301     		.2byte	0x173
 367 028c 3C020000 		.4byte	0x23c
 368 0290 00       		.byte	0
 369 0291 09       		.uleb128 0x9
 370 0292 B7020000 		.4byte	.LASF51
 371 0296 06       		.byte	0x6
 372 0297 7401     		.2byte	0x174
 373 0299 F4000000 		.4byte	0xf4
 374 029d 08       		.byte	0x8
 375 029e 09       		.uleb128 0x9
 376 029f 16020000 		.4byte	.LASF52
 377 02a3 06       		.byte	0x6
 378 02a4 7601     		.2byte	0x176
 379 02a6 42040000 		.4byte	0x442
 380 02aa 0C       		.byte	0xc
 381 02ab 09       		.uleb128 0x9
 382 02ac FD000000 		.4byte	.LASF53
 383 02b0 06       		.byte	0x6
 384 02b1 7901     		.2byte	0x179
 385 02b3 C2050000 		.4byte	0x5c2
 386 02b7 10       		.byte	0x10
 387 02b8 09       		.uleb128 0x9
 388 02b9 37020000 		.4byte	.LASF54
 389 02bd 06       		.byte	0x6
 390 02be 7A01     		.2byte	0x17a
 391 02c0 C2050000 		.4byte	0x5c2
 392 02c4 14       		.byte	0x14
 393 02c5 09       		.uleb128 0x9
 394 02c6 2D020000 		.4byte	.LASF55
 395 02ca 06       		.byte	0x6
 396 02cb 7D01     		.2byte	0x17d
 397 02cd C2050000 		.4byte	0x5c2
ARM GAS  /tmp/ccOFyJ0s.s 			page 8


 398 02d1 18       		.byte	0x18
 399 02d2 00       		.byte	0
 400 02d3 04       		.uleb128 0x4
 401 02d4 88040000 		.4byte	.LASF56
 402 02d8 05       		.byte	0x5
 403 02d9 57       		.byte	0x57
 404 02da DE020000 		.4byte	0x2de
 405 02de 0B       		.uleb128 0xb
 406 02df 04       		.byte	0x4
 407 02e0 E4020000 		.4byte	0x2e4
 408 02e4 0C       		.uleb128 0xc
 409 02e5 EF020000 		.4byte	0x2ef
 410 02e9 0D       		.uleb128 0xd
 411 02ea EF020000 		.4byte	0x2ef
 412 02ee 00       		.byte	0
 413 02ef 0E       		.uleb128 0xe
 414 02f0 04       		.byte	0x4
 415 02f1 04       		.uleb128 0x4
 416 02f2 52020000 		.4byte	.LASF57
 417 02f6 05       		.byte	0x5
 418 02f7 5C       		.byte	0x5c
 419 02f8 FC020000 		.4byte	0x2fc
 420 02fc 0A       		.uleb128 0xa
 421 02fd ED030000 		.4byte	.LASF58
 422 0301 14       		.byte	0x14
 423 0302 06       		.byte	0x6
 424 0303 4D01     		.2byte	0x14d
 425 0305 4B030000 		.4byte	0x34b
 426 0309 09       		.uleb128 0x9
 427 030a 4A010000 		.4byte	.LASF59
 428 030e 06       		.byte	0x6
 429 030f 4E01     		.2byte	0x14e
 430 0311 49060000 		.4byte	0x649
 431 0315 00       		.byte	0
 432 0316 09       		.uleb128 0x9
 433 0317 0E010000 		.4byte	.LASF60
 434 031b 06       		.byte	0x6
 435 031c 4F01     		.2byte	0x14f
 436 031e 49060000 		.4byte	0x649
 437 0322 04       		.byte	0x4
 438 0323 09       		.uleb128 0x9
 439 0324 52010000 		.4byte	.LASF61
 440 0328 06       		.byte	0x6
 441 0329 5001     		.2byte	0x150
 442 032b 15010000 		.4byte	0x115
 443 032f 08       		.byte	0x8
 444 0330 09       		.uleb128 0x9
 445 0331 46050000 		.4byte	.LASF62
 446 0335 06       		.byte	0x6
 447 0336 5101     		.2byte	0x151
 448 0338 D3020000 		.4byte	0x2d3
 449 033c 0C       		.byte	0xc
 450 033d 09       		.uleb128 0x9
 451 033e BD040000 		.4byte	.LASF63
 452 0342 06       		.byte	0x6
 453 0343 5301     		.2byte	0x153
 454 0345 EF020000 		.4byte	0x2ef
ARM GAS  /tmp/ccOFyJ0s.s 			page 9


 455 0349 10       		.byte	0x10
 456 034a 00       		.byte	0
 457 034b 04       		.uleb128 0x4
 458 034c 6D000000 		.4byte	.LASF64
 459 0350 05       		.byte	0x5
 460 0351 61       		.byte	0x61
 461 0352 56030000 		.4byte	0x356
 462 0356 0A       		.uleb128 0xa
 463 0357 EB010000 		.4byte	.LASF65
 464 035b 10       		.byte	0x10
 465 035c 06       		.byte	0x6
 466 035d 5D01     		.2byte	0x15d
 467 035f 98030000 		.4byte	0x398
 468 0363 09       		.uleb128 0x9
 469 0364 4A010000 		.4byte	.LASF59
 470 0368 06       		.byte	0x6
 471 0369 5E01     		.2byte	0x15e
 472 036b 49060000 		.4byte	0x649
 473 036f 00       		.byte	0
 474 0370 09       		.uleb128 0x9
 475 0371 0E010000 		.4byte	.LASF60
 476 0375 06       		.byte	0x6
 477 0376 6001     		.2byte	0x160
 478 0378 49060000 		.4byte	0x649
 479 037c 04       		.byte	0x4
 480 037d 09       		.uleb128 0x9
 481 037e 52010000 		.4byte	.LASF61
 482 0382 06       		.byte	0x6
 483 0383 6201     		.2byte	0x162
 484 0385 15010000 		.4byte	0x115
 485 0389 08       		.byte	0x8
 486 038a 09       		.uleb128 0x9
 487 038b 02020000 		.4byte	.LASF66
 488 038f 06       		.byte	0x6
 489 0390 6A01     		.2byte	0x16a
 490 0392 15010000 		.4byte	0x115
 491 0396 0C       		.byte	0xc
 492 0397 00       		.byte	0
 493 0398 04       		.uleb128 0x4
 494 0399 33000000 		.4byte	.LASF67
 495 039d 05       		.byte	0x5
 496 039e 66       		.byte	0x66
 497 039f A3030000 		.4byte	0x3a3
 498 03a3 0A       		.uleb128 0xa
 499 03a4 16010000 		.4byte	.LASF68
 500 03a8 04       		.byte	0x4
 501 03a9 06       		.byte	0x6
 502 03aa 8401     		.2byte	0x184
 503 03ac BE030000 		.4byte	0x3be
 504 03b0 09       		.uleb128 0x9
 505 03b1 9C040000 		.4byte	.LASF69
 506 03b5 06       		.byte	0x6
 507 03b6 8C01     		.2byte	0x18c
 508 03b8 4F060000 		.4byte	0x64f
 509 03bc 00       		.byte	0
 510 03bd 00       		.byte	0
 511 03be 04       		.uleb128 0x4
ARM GAS  /tmp/ccOFyJ0s.s 			page 10


 512 03bf 95010000 		.4byte	.LASF70
 513 03c3 05       		.byte	0x5
 514 03c4 6B       		.byte	0x6b
 515 03c5 C9030000 		.4byte	0x3c9
 516 03c9 0F       		.uleb128 0xf
 517 03ca D9000000 		.4byte	.LASF71
 518 03ce D801     		.2byte	0x1d8
 519 03d0 06       		.byte	0x6
 520 03d1 A401     		.2byte	0x1a4
 521 03d3 25040000 		.4byte	0x425
 522 03d7 09       		.uleb128 0x9
 523 03d8 DB040000 		.4byte	.LASF72
 524 03dc 06       		.byte	0x6
 525 03dd A801     		.2byte	0x1a8
 526 03df 6C020000 		.4byte	0x26c
 527 03e3 00       		.byte	0
 528 03e4 09       		.uleb128 0x9
 529 03e5 D2000000 		.4byte	.LASF73
 530 03e9 06       		.byte	0x6
 531 03ea AC01     		.2byte	0x1ac
 532 03ec 4B030000 		.4byte	0x34b
 533 03f0 1C       		.byte	0x1c
 534 03f1 08       		.uleb128 0x8
 535 03f2 64626700 		.ascii	"dbg\000"
 536 03f6 06       		.byte	0x6
 537 03f7 B001     		.2byte	0x1b0
 538 03f9 98030000 		.4byte	0x398
 539 03fd 2C       		.byte	0x2c
 540 03fe 09       		.uleb128 0x9
 541 03ff 62000000 		.4byte	.LASF74
 542 0403 06       		.byte	0x6
 543 0404 B401     		.2byte	0x1b4
 544 0406 20010000 		.4byte	0x120
 545 040a 30       		.byte	0x30
 546 040b 08       		.uleb128 0x8
 547 040c 746D00   		.ascii	"tm\000"
 548 040f 06       		.byte	0x6
 549 0410 B901     		.2byte	0x1b9
 550 0412 B7050000 		.4byte	0x5b7
 551 0416 74       		.byte	0x74
 552 0417 09       		.uleb128 0x9
 553 0418 2E010000 		.4byte	.LASF75
 554 041c 06       		.byte	0x6
 555 041d C501     		.2byte	0x1c5
 556 041f 54060000 		.4byte	0x654
 557 0423 78       		.byte	0x78
 558 0424 00       		.byte	0
 559 0425 03       		.uleb128 0x3
 560 0426 04       		.byte	0x4
 561 0427 07       		.byte	0x7
 562 0428 E2010000 		.4byte	.LASF76
 563 042c 04       		.uleb128 0x4
 564 042d 05010000 		.4byte	.LASF77
 565 0431 07       		.byte	0x7
 566 0432 85       		.byte	0x85
 567 0433 EF020000 		.4byte	0x2ef
 568 0437 04       		.uleb128 0x4
ARM GAS  /tmp/ccOFyJ0s.s 			page 11


 569 0438 CD010000 		.4byte	.LASF78
 570 043c 07       		.byte	0x7
 571 043d 8D       		.byte	0x8d
 572 043e B8000000 		.4byte	0xb8
 573 0442 06       		.uleb128 0x6
 574 0443 AD040000 		.4byte	.LASF79
 575 0447 04       		.byte	0x4
 576 0448 07       		.byte	0x7
 577 0449 A9       		.byte	0xa9
 578 044a 5B040000 		.4byte	0x45b
 579 044e 10       		.uleb128 0x10
 580 044f 72313300 		.ascii	"r13\000"
 581 0453 07       		.byte	0x7
 582 0454 AA       		.byte	0xaa
 583 0455 9C050000 		.4byte	0x59c
 584 0459 00       		.byte	0
 585 045a 00       		.byte	0
 586 045b 06       		.uleb128 0x6
 587 045c 27000000 		.4byte	.LASF80
 588 0460 64       		.byte	0x64
 589 0461 08       		.byte	0x8
 590 0462 F4       		.byte	0xf4
 591 0463 9C050000 		.4byte	0x59c
 592 0467 10       		.uleb128 0x10
 593 0468 73313600 		.ascii	"s16\000"
 594 046c 08       		.byte	0x8
 595 046d F6       		.byte	0xf6
 596 046e 2C040000 		.4byte	0x42c
 597 0472 00       		.byte	0
 598 0473 10       		.uleb128 0x10
 599 0474 73313700 		.ascii	"s17\000"
 600 0478 08       		.byte	0x8
 601 0479 F7       		.byte	0xf7
 602 047a 2C040000 		.4byte	0x42c
 603 047e 04       		.byte	0x4
 604 047f 10       		.uleb128 0x10
 605 0480 73313800 		.ascii	"s18\000"
 606 0484 08       		.byte	0x8
 607 0485 F8       		.byte	0xf8
 608 0486 2C040000 		.4byte	0x42c
 609 048a 08       		.byte	0x8
 610 048b 10       		.uleb128 0x10
 611 048c 73313900 		.ascii	"s19\000"
 612 0490 08       		.byte	0x8
 613 0491 F9       		.byte	0xf9
 614 0492 2C040000 		.4byte	0x42c
 615 0496 0C       		.byte	0xc
 616 0497 10       		.uleb128 0x10
 617 0498 73323000 		.ascii	"s20\000"
 618 049c 08       		.byte	0x8
 619 049d FA       		.byte	0xfa
 620 049e 2C040000 		.4byte	0x42c
 621 04a2 10       		.byte	0x10
 622 04a3 10       		.uleb128 0x10
 623 04a4 73323100 		.ascii	"s21\000"
 624 04a8 08       		.byte	0x8
 625 04a9 FB       		.byte	0xfb
ARM GAS  /tmp/ccOFyJ0s.s 			page 12


 626 04aa 2C040000 		.4byte	0x42c
 627 04ae 14       		.byte	0x14
 628 04af 10       		.uleb128 0x10
 629 04b0 73323200 		.ascii	"s22\000"
 630 04b4 08       		.byte	0x8
 631 04b5 FC       		.byte	0xfc
 632 04b6 2C040000 		.4byte	0x42c
 633 04ba 18       		.byte	0x18
 634 04bb 10       		.uleb128 0x10
 635 04bc 73323300 		.ascii	"s23\000"
 636 04c0 08       		.byte	0x8
 637 04c1 FD       		.byte	0xfd
 638 04c2 2C040000 		.4byte	0x42c
 639 04c6 1C       		.byte	0x1c
 640 04c7 10       		.uleb128 0x10
 641 04c8 73323400 		.ascii	"s24\000"
 642 04cc 08       		.byte	0x8
 643 04cd FE       		.byte	0xfe
 644 04ce 2C040000 		.4byte	0x42c
 645 04d2 20       		.byte	0x20
 646 04d3 10       		.uleb128 0x10
 647 04d4 73323500 		.ascii	"s25\000"
 648 04d8 08       		.byte	0x8
 649 04d9 FF       		.byte	0xff
 650 04da 2C040000 		.4byte	0x42c
 651 04de 24       		.byte	0x24
 652 04df 08       		.uleb128 0x8
 653 04e0 73323600 		.ascii	"s26\000"
 654 04e4 08       		.byte	0x8
 655 04e5 0001     		.2byte	0x100
 656 04e7 2C040000 		.4byte	0x42c
 657 04eb 28       		.byte	0x28
 658 04ec 08       		.uleb128 0x8
 659 04ed 73323700 		.ascii	"s27\000"
 660 04f1 08       		.byte	0x8
 661 04f2 0101     		.2byte	0x101
 662 04f4 2C040000 		.4byte	0x42c
 663 04f8 2C       		.byte	0x2c
 664 04f9 08       		.uleb128 0x8
 665 04fa 73323800 		.ascii	"s28\000"
 666 04fe 08       		.byte	0x8
 667 04ff 0201     		.2byte	0x102
 668 0501 2C040000 		.4byte	0x42c
 669 0505 30       		.byte	0x30
 670 0506 08       		.uleb128 0x8
 671 0507 73323900 		.ascii	"s29\000"
 672 050b 08       		.byte	0x8
 673 050c 0301     		.2byte	0x103
 674 050e 2C040000 		.4byte	0x42c
 675 0512 34       		.byte	0x34
 676 0513 08       		.uleb128 0x8
 677 0514 73333000 		.ascii	"s30\000"
 678 0518 08       		.byte	0x8
 679 0519 0401     		.2byte	0x104
 680 051b 2C040000 		.4byte	0x42c
 681 051f 38       		.byte	0x38
 682 0520 08       		.uleb128 0x8
ARM GAS  /tmp/ccOFyJ0s.s 			page 13


 683 0521 73333100 		.ascii	"s31\000"
 684 0525 08       		.byte	0x8
 685 0526 0501     		.2byte	0x105
 686 0528 2C040000 		.4byte	0x42c
 687 052c 3C       		.byte	0x3c
 688 052d 08       		.uleb128 0x8
 689 052e 723400   		.ascii	"r4\000"
 690 0531 08       		.byte	0x8
 691 0532 0701     		.2byte	0x107
 692 0534 2C040000 		.4byte	0x42c
 693 0538 40       		.byte	0x40
 694 0539 08       		.uleb128 0x8
 695 053a 723500   		.ascii	"r5\000"
 696 053d 08       		.byte	0x8
 697 053e 0801     		.2byte	0x108
 698 0540 2C040000 		.4byte	0x42c
 699 0544 44       		.byte	0x44
 700 0545 08       		.uleb128 0x8
 701 0546 723600   		.ascii	"r6\000"
 702 0549 08       		.byte	0x8
 703 054a 0901     		.2byte	0x109
 704 054c 2C040000 		.4byte	0x42c
 705 0550 48       		.byte	0x48
 706 0551 08       		.uleb128 0x8
 707 0552 723700   		.ascii	"r7\000"
 708 0555 08       		.byte	0x8
 709 0556 0A01     		.2byte	0x10a
 710 0558 2C040000 		.4byte	0x42c
 711 055c 4C       		.byte	0x4c
 712 055d 08       		.uleb128 0x8
 713 055e 723800   		.ascii	"r8\000"
 714 0561 08       		.byte	0x8
 715 0562 0B01     		.2byte	0x10b
 716 0564 2C040000 		.4byte	0x42c
 717 0568 50       		.byte	0x50
 718 0569 08       		.uleb128 0x8
 719 056a 723900   		.ascii	"r9\000"
 720 056d 08       		.byte	0x8
 721 056e 0C01     		.2byte	0x10c
 722 0570 2C040000 		.4byte	0x42c
 723 0574 54       		.byte	0x54
 724 0575 08       		.uleb128 0x8
 725 0576 72313000 		.ascii	"r10\000"
 726 057a 08       		.byte	0x8
 727 057b 0D01     		.2byte	0x10d
 728 057d 2C040000 		.4byte	0x42c
 729 0581 58       		.byte	0x58
 730 0582 08       		.uleb128 0x8
 731 0583 72313100 		.ascii	"r11\000"
 732 0587 08       		.byte	0x8
 733 0588 0E01     		.2byte	0x10e
 734 058a 2C040000 		.4byte	0x42c
 735 058e 5C       		.byte	0x5c
 736 058f 08       		.uleb128 0x8
 737 0590 6C7200   		.ascii	"lr\000"
 738 0593 08       		.byte	0x8
 739 0594 0F01     		.2byte	0x10f
ARM GAS  /tmp/ccOFyJ0s.s 			page 14


 740 0596 2C040000 		.4byte	0x42c
 741 059a 60       		.byte	0x60
 742 059b 00       		.byte	0
 743 059c 0B       		.uleb128 0xb
 744 059d 04       		.byte	0x4
 745 059e 5B040000 		.4byte	0x45b
 746 05a2 11       		.uleb128 0x11
 747 05a3 04       		.byte	0x4
 748 05a4 09       		.byte	0x9
 749 05a5 38       		.byte	0x38
 750 05a6 B7050000 		.4byte	0x5b7
 751 05aa 07       		.uleb128 0x7
 752 05ab A6040000 		.4byte	.LASF81
 753 05af 09       		.byte	0x9
 754 05b0 3C       		.byte	0x3c
 755 05b1 C8000000 		.4byte	0xc8
 756 05b5 00       		.byte	0
 757 05b6 00       		.byte	0
 758 05b7 04       		.uleb128 0x4
 759 05b8 1C020000 		.4byte	.LASF82
 760 05bc 09       		.byte	0x9
 761 05bd 3D       		.byte	0x3d
 762 05be A2050000 		.4byte	0x5a2
 763 05c2 0B       		.uleb128 0xb
 764 05c3 04       		.byte	0x4
 765 05c4 20010000 		.4byte	0x120
 766 05c8 12       		.uleb128 0x12
 767 05c9 04       		.byte	0x4
 768 05ca 06       		.byte	0x6
 769 05cb F6       		.byte	0xf6
 770 05cc 00060000 		.4byte	0x600
 771 05d0 13       		.uleb128 0x13
 772 05d1 0D000000 		.4byte	.LASF83
 773 05d5 06       		.byte	0x6
 774 05d6 FD       		.byte	0xfd
 775 05d7 FF000000 		.4byte	0xff
 776 05db 14       		.uleb128 0x14
 777 05dc 59000000 		.4byte	.LASF84
 778 05e0 06       		.byte	0x6
 779 05e1 0401     		.2byte	0x104
 780 05e3 FF000000 		.4byte	0xff
 781 05e7 14       		.uleb128 0x14
 782 05e8 15050000 		.4byte	.LASF85
 783 05ec 06       		.byte	0x6
 784 05ed 0B01     		.2byte	0x10b
 785 05ef EF020000 		.4byte	0x2ef
 786 05f3 14       		.uleb128 0x14
 787 05f4 BE020000 		.4byte	.LASF86
 788 05f8 06       		.byte	0x6
 789 05f9 1201     		.2byte	0x112
 790 05fb 0A010000 		.4byte	0x10a
 791 05ff 00       		.byte	0
 792 0600 0B       		.uleb128 0xb
 793 0601 04       		.byte	0x4
 794 0602 06060000 		.4byte	0x606
 795 0606 15       		.uleb128 0x15
 796 0607 0B060000 		.4byte	0x60b
ARM GAS  /tmp/ccOFyJ0s.s 			page 15


 797 060b 03       		.uleb128 0x3
 798 060c 01       		.byte	0x1
 799 060d 08       		.byte	0x8
 800 060e 5E040000 		.4byte	.LASF87
 801 0612 06       		.uleb128 0x6
 802 0613 71020000 		.4byte	.LASF88
 803 0617 10       		.byte	0x10
 804 0618 0A       		.byte	0xa
 805 0619 39       		.byte	0x39
 806 061a 43060000 		.4byte	0x643
 807 061e 07       		.uleb128 0x7
 808 061f CA000000 		.4byte	.LASF89
 809 0623 0A       		.byte	0xa
 810 0624 3A       		.byte	0x3a
 811 0625 3C020000 		.4byte	0x23c
 812 0629 00       		.byte	0
 813 062a 07       		.uleb128 0x7
 814 062b 38050000 		.4byte	.LASF90
 815 062f 0A       		.byte	0xa
 816 0630 3C       		.byte	0x3c
 817 0631 C2050000 		.4byte	0x5c2
 818 0635 08       		.byte	0x8
 819 0636 07       		.uleb128 0x7
 820 0637 6C040000 		.4byte	.LASF91
 821 063b 0A       		.byte	0xa
 822 063c 3E       		.byte	0x3e
 823 063d 6F060000 		.4byte	0x66f
 824 0641 0C       		.byte	0xc
 825 0642 00       		.byte	0
 826 0643 0B       		.uleb128 0xb
 827 0644 04       		.byte	0x4
 828 0645 12060000 		.4byte	0x612
 829 0649 0B       		.uleb128 0xb
 830 064a 04       		.byte	0x4
 831 064b F1020000 		.4byte	0x2f1
 832 064f 05       		.uleb128 0x5
 833 0650 00060000 		.4byte	0x600
 834 0654 16       		.uleb128 0x16
 835 0655 37040000 		.4byte	0x437
 836 0659 64060000 		.4byte	0x664
 837 065d 17       		.uleb128 0x17
 838 065e 25040000 		.4byte	0x425
 839 0662 2B       		.byte	0x2b
 840 0663 00       		.byte	0
 841 0664 04       		.uleb128 0x4
 842 0665 26010000 		.4byte	.LASF92
 843 0669 0A       		.byte	0xa
 844 066a 34       		.byte	0x34
 845 066b 12060000 		.4byte	0x612
 846 066f 0B       		.uleb128 0xb
 847 0670 04       		.byte	0x4
 848 0671 64060000 		.4byte	0x664
 849 0675 03       		.uleb128 0x3
 850 0676 01       		.byte	0x1
 851 0677 02       		.byte	0x2
 852 0678 7F020000 		.4byte	.LASF93
 853 067c 18       		.uleb128 0x18
ARM GAS  /tmp/ccOFyJ0s.s 			page 16


 854 067d 66010000 		.4byte	.LASF98
 855 0681 01       		.byte	0x1
 856 0682 03       		.byte	0x3
 857 0683 00000000 		.4byte	.LFB255
 858 0687 04000000 		.4byte	.LFE255-.LFB255
 859 068b 01       		.uleb128 0x1
 860 068c 9C       		.byte	0x9c
 861 068d 9B060000 		.4byte	0x69b
 862 0691 19       		.uleb128 0x19
 863 0692 04000000 		.4byte	.LVL0
 864 0696 B2060000 		.4byte	0x6b2
 865 069a 00       		.byte	0
 866 069b 1A       		.uleb128 0x1a
 867 069c 83000000 		.4byte	.LASF94
 868 06a0 0B       		.byte	0xb
 869 06a1 A706     		.2byte	0x6a7
 870 06a3 C3000000 		.4byte	0xc3
 871 06a7 1B       		.uleb128 0x1b
 872 06a8 636800   		.ascii	"ch\000"
 873 06ab 06       		.byte	0x6
 874 06ac EB01     		.2byte	0x1eb
 875 06ae BE030000 		.4byte	0x3be
 876 06b2 1C       		.uleb128 0x1c
 877 06b3 77020000 		.4byte	.LASF99
 878 06b7 0C       		.byte	0xc
 879 06b8 0F01     		.2byte	0x10f
 880 06ba 00       		.byte	0
 881              		.section	.debug_abbrev,"",%progbits
 882              	.Ldebug_abbrev0:
 883 0000 01       		.uleb128 0x1
 884 0001 11       		.uleb128 0x11
 885 0002 01       		.byte	0x1
 886 0003 25       		.uleb128 0x25
 887 0004 0E       		.uleb128 0xe
 888 0005 13       		.uleb128 0x13
 889 0006 0B       		.uleb128 0xb
 890 0007 03       		.uleb128 0x3
 891 0008 0E       		.uleb128 0xe
 892 0009 1B       		.uleb128 0x1b
 893 000a 0E       		.uleb128 0xe
 894 000b 55       		.uleb128 0x55
 895 000c 17       		.uleb128 0x17
 896 000d 11       		.uleb128 0x11
 897 000e 01       		.uleb128 0x1
 898 000f 10       		.uleb128 0x10
 899 0010 17       		.uleb128 0x17
 900 0011 00       		.byte	0
 901 0012 00       		.byte	0
 902 0013 02       		.uleb128 0x2
 903 0014 24       		.uleb128 0x24
 904 0015 00       		.byte	0
 905 0016 0B       		.uleb128 0xb
 906 0017 0B       		.uleb128 0xb
 907 0018 3E       		.uleb128 0x3e
 908 0019 0B       		.uleb128 0xb
 909 001a 03       		.uleb128 0x3
 910 001b 08       		.uleb128 0x8
ARM GAS  /tmp/ccOFyJ0s.s 			page 17


 911 001c 00       		.byte	0
 912 001d 00       		.byte	0
 913 001e 03       		.uleb128 0x3
 914 001f 24       		.uleb128 0x24
 915 0020 00       		.byte	0
 916 0021 0B       		.uleb128 0xb
 917 0022 0B       		.uleb128 0xb
 918 0023 3E       		.uleb128 0x3e
 919 0024 0B       		.uleb128 0xb
 920 0025 03       		.uleb128 0x3
 921 0026 0E       		.uleb128 0xe
 922 0027 00       		.byte	0
 923 0028 00       		.byte	0
 924 0029 04       		.uleb128 0x4
 925 002a 16       		.uleb128 0x16
 926 002b 00       		.byte	0
 927 002c 03       		.uleb128 0x3
 928 002d 0E       		.uleb128 0xe
 929 002e 3A       		.uleb128 0x3a
 930 002f 0B       		.uleb128 0xb
 931 0030 3B       		.uleb128 0x3b
 932 0031 0B       		.uleb128 0xb
 933 0032 49       		.uleb128 0x49
 934 0033 13       		.uleb128 0x13
 935 0034 00       		.byte	0
 936 0035 00       		.byte	0
 937 0036 05       		.uleb128 0x5
 938 0037 35       		.uleb128 0x35
 939 0038 00       		.byte	0
 940 0039 49       		.uleb128 0x49
 941 003a 13       		.uleb128 0x13
 942 003b 00       		.byte	0
 943 003c 00       		.byte	0
 944 003d 06       		.uleb128 0x6
 945 003e 13       		.uleb128 0x13
 946 003f 01       		.byte	0x1
 947 0040 03       		.uleb128 0x3
 948 0041 0E       		.uleb128 0xe
 949 0042 0B       		.uleb128 0xb
 950 0043 0B       		.uleb128 0xb
 951 0044 3A       		.uleb128 0x3a
 952 0045 0B       		.uleb128 0xb
 953 0046 3B       		.uleb128 0x3b
 954 0047 0B       		.uleb128 0xb
 955 0048 01       		.uleb128 0x1
 956 0049 13       		.uleb128 0x13
 957 004a 00       		.byte	0
 958 004b 00       		.byte	0
 959 004c 07       		.uleb128 0x7
 960 004d 0D       		.uleb128 0xd
 961 004e 00       		.byte	0
 962 004f 03       		.uleb128 0x3
 963 0050 0E       		.uleb128 0xe
 964 0051 3A       		.uleb128 0x3a
 965 0052 0B       		.uleb128 0xb
 966 0053 3B       		.uleb128 0x3b
 967 0054 0B       		.uleb128 0xb
ARM GAS  /tmp/ccOFyJ0s.s 			page 18


 968 0055 49       		.uleb128 0x49
 969 0056 13       		.uleb128 0x13
 970 0057 38       		.uleb128 0x38
 971 0058 0B       		.uleb128 0xb
 972 0059 00       		.byte	0
 973 005a 00       		.byte	0
 974 005b 08       		.uleb128 0x8
 975 005c 0D       		.uleb128 0xd
 976 005d 00       		.byte	0
 977 005e 03       		.uleb128 0x3
 978 005f 08       		.uleb128 0x8
 979 0060 3A       		.uleb128 0x3a
 980 0061 0B       		.uleb128 0xb
 981 0062 3B       		.uleb128 0x3b
 982 0063 05       		.uleb128 0x5
 983 0064 49       		.uleb128 0x49
 984 0065 13       		.uleb128 0x13
 985 0066 38       		.uleb128 0x38
 986 0067 0B       		.uleb128 0xb
 987 0068 00       		.byte	0
 988 0069 00       		.byte	0
 989 006a 09       		.uleb128 0x9
 990 006b 0D       		.uleb128 0xd
 991 006c 00       		.byte	0
 992 006d 03       		.uleb128 0x3
 993 006e 0E       		.uleb128 0xe
 994 006f 3A       		.uleb128 0x3a
 995 0070 0B       		.uleb128 0xb
 996 0071 3B       		.uleb128 0x3b
 997 0072 05       		.uleb128 0x5
 998 0073 49       		.uleb128 0x49
 999 0074 13       		.uleb128 0x13
 1000 0075 38       		.uleb128 0x38
 1001 0076 0B       		.uleb128 0xb
 1002 0077 00       		.byte	0
 1003 0078 00       		.byte	0
 1004 0079 0A       		.uleb128 0xa
 1005 007a 13       		.uleb128 0x13
 1006 007b 01       		.byte	0x1
 1007 007c 03       		.uleb128 0x3
 1008 007d 0E       		.uleb128 0xe
 1009 007e 0B       		.uleb128 0xb
 1010 007f 0B       		.uleb128 0xb
 1011 0080 3A       		.uleb128 0x3a
 1012 0081 0B       		.uleb128 0xb
 1013 0082 3B       		.uleb128 0x3b
 1014 0083 05       		.uleb128 0x5
 1015 0084 01       		.uleb128 0x1
 1016 0085 13       		.uleb128 0x13
 1017 0086 00       		.byte	0
 1018 0087 00       		.byte	0
 1019 0088 0B       		.uleb128 0xb
 1020 0089 0F       		.uleb128 0xf
 1021 008a 00       		.byte	0
 1022 008b 0B       		.uleb128 0xb
 1023 008c 0B       		.uleb128 0xb
 1024 008d 49       		.uleb128 0x49
ARM GAS  /tmp/ccOFyJ0s.s 			page 19


 1025 008e 13       		.uleb128 0x13
 1026 008f 00       		.byte	0
 1027 0090 00       		.byte	0
 1028 0091 0C       		.uleb128 0xc
 1029 0092 15       		.uleb128 0x15
 1030 0093 01       		.byte	0x1
 1031 0094 27       		.uleb128 0x27
 1032 0095 19       		.uleb128 0x19
 1033 0096 01       		.uleb128 0x1
 1034 0097 13       		.uleb128 0x13
 1035 0098 00       		.byte	0
 1036 0099 00       		.byte	0
 1037 009a 0D       		.uleb128 0xd
 1038 009b 05       		.uleb128 0x5
 1039 009c 00       		.byte	0
 1040 009d 49       		.uleb128 0x49
 1041 009e 13       		.uleb128 0x13
 1042 009f 00       		.byte	0
 1043 00a0 00       		.byte	0
 1044 00a1 0E       		.uleb128 0xe
 1045 00a2 0F       		.uleb128 0xf
 1046 00a3 00       		.byte	0
 1047 00a4 0B       		.uleb128 0xb
 1048 00a5 0B       		.uleb128 0xb
 1049 00a6 00       		.byte	0
 1050 00a7 00       		.byte	0
 1051 00a8 0F       		.uleb128 0xf
 1052 00a9 13       		.uleb128 0x13
 1053 00aa 01       		.byte	0x1
 1054 00ab 03       		.uleb128 0x3
 1055 00ac 0E       		.uleb128 0xe
 1056 00ad 0B       		.uleb128 0xb
 1057 00ae 05       		.uleb128 0x5
 1058 00af 3A       		.uleb128 0x3a
 1059 00b0 0B       		.uleb128 0xb
 1060 00b1 3B       		.uleb128 0x3b
 1061 00b2 05       		.uleb128 0x5
 1062 00b3 01       		.uleb128 0x1
 1063 00b4 13       		.uleb128 0x13
 1064 00b5 00       		.byte	0
 1065 00b6 00       		.byte	0
 1066 00b7 10       		.uleb128 0x10
 1067 00b8 0D       		.uleb128 0xd
 1068 00b9 00       		.byte	0
 1069 00ba 03       		.uleb128 0x3
 1070 00bb 08       		.uleb128 0x8
 1071 00bc 3A       		.uleb128 0x3a
 1072 00bd 0B       		.uleb128 0xb
 1073 00be 3B       		.uleb128 0x3b
 1074 00bf 0B       		.uleb128 0xb
 1075 00c0 49       		.uleb128 0x49
 1076 00c1 13       		.uleb128 0x13
 1077 00c2 38       		.uleb128 0x38
 1078 00c3 0B       		.uleb128 0xb
 1079 00c4 00       		.byte	0
 1080 00c5 00       		.byte	0
 1081 00c6 11       		.uleb128 0x11
ARM GAS  /tmp/ccOFyJ0s.s 			page 20


 1082 00c7 13       		.uleb128 0x13
 1083 00c8 01       		.byte	0x1
 1084 00c9 0B       		.uleb128 0xb
 1085 00ca 0B       		.uleb128 0xb
 1086 00cb 3A       		.uleb128 0x3a
 1087 00cc 0B       		.uleb128 0xb
 1088 00cd 3B       		.uleb128 0x3b
 1089 00ce 0B       		.uleb128 0xb
 1090 00cf 01       		.uleb128 0x1
 1091 00d0 13       		.uleb128 0x13
 1092 00d1 00       		.byte	0
 1093 00d2 00       		.byte	0
 1094 00d3 12       		.uleb128 0x12
 1095 00d4 17       		.uleb128 0x17
 1096 00d5 01       		.byte	0x1
 1097 00d6 0B       		.uleb128 0xb
 1098 00d7 0B       		.uleb128 0xb
 1099 00d8 3A       		.uleb128 0x3a
 1100 00d9 0B       		.uleb128 0xb
 1101 00da 3B       		.uleb128 0x3b
 1102 00db 0B       		.uleb128 0xb
 1103 00dc 01       		.uleb128 0x1
 1104 00dd 13       		.uleb128 0x13
 1105 00de 00       		.byte	0
 1106 00df 00       		.byte	0
 1107 00e0 13       		.uleb128 0x13
 1108 00e1 0D       		.uleb128 0xd
 1109 00e2 00       		.byte	0
 1110 00e3 03       		.uleb128 0x3
 1111 00e4 0E       		.uleb128 0xe
 1112 00e5 3A       		.uleb128 0x3a
 1113 00e6 0B       		.uleb128 0xb
 1114 00e7 3B       		.uleb128 0x3b
 1115 00e8 0B       		.uleb128 0xb
 1116 00e9 49       		.uleb128 0x49
 1117 00ea 13       		.uleb128 0x13
 1118 00eb 00       		.byte	0
 1119 00ec 00       		.byte	0
 1120 00ed 14       		.uleb128 0x14
 1121 00ee 0D       		.uleb128 0xd
 1122 00ef 00       		.byte	0
 1123 00f0 03       		.uleb128 0x3
 1124 00f1 0E       		.uleb128 0xe
 1125 00f2 3A       		.uleb128 0x3a
 1126 00f3 0B       		.uleb128 0xb
 1127 00f4 3B       		.uleb128 0x3b
 1128 00f5 05       		.uleb128 0x5
 1129 00f6 49       		.uleb128 0x49
 1130 00f7 13       		.uleb128 0x13
 1131 00f8 00       		.byte	0
 1132 00f9 00       		.byte	0
 1133 00fa 15       		.uleb128 0x15
 1134 00fb 26       		.uleb128 0x26
 1135 00fc 00       		.byte	0
 1136 00fd 49       		.uleb128 0x49
 1137 00fe 13       		.uleb128 0x13
 1138 00ff 00       		.byte	0
ARM GAS  /tmp/ccOFyJ0s.s 			page 21


 1139 0100 00       		.byte	0
 1140 0101 16       		.uleb128 0x16
 1141 0102 01       		.uleb128 0x1
 1142 0103 01       		.byte	0x1
 1143 0104 49       		.uleb128 0x49
 1144 0105 13       		.uleb128 0x13
 1145 0106 01       		.uleb128 0x1
 1146 0107 13       		.uleb128 0x13
 1147 0108 00       		.byte	0
 1148 0109 00       		.byte	0
 1149 010a 17       		.uleb128 0x17
 1150 010b 21       		.uleb128 0x21
 1151 010c 00       		.byte	0
 1152 010d 49       		.uleb128 0x49
 1153 010e 13       		.uleb128 0x13
 1154 010f 2F       		.uleb128 0x2f
 1155 0110 0B       		.uleb128 0xb
 1156 0111 00       		.byte	0
 1157 0112 00       		.byte	0
 1158 0113 18       		.uleb128 0x18
 1159 0114 2E       		.uleb128 0x2e
 1160 0115 01       		.byte	0x1
 1161 0116 3F       		.uleb128 0x3f
 1162 0117 19       		.uleb128 0x19
 1163 0118 03       		.uleb128 0x3
 1164 0119 0E       		.uleb128 0xe
 1165 011a 3A       		.uleb128 0x3a
 1166 011b 0B       		.uleb128 0xb
 1167 011c 3B       		.uleb128 0x3b
 1168 011d 0B       		.uleb128 0xb
 1169 011e 27       		.uleb128 0x27
 1170 011f 19       		.uleb128 0x19
 1171 0120 11       		.uleb128 0x11
 1172 0121 01       		.uleb128 0x1
 1173 0122 12       		.uleb128 0x12
 1174 0123 06       		.uleb128 0x6
 1175 0124 40       		.uleb128 0x40
 1176 0125 18       		.uleb128 0x18
 1177 0126 9742     		.uleb128 0x2117
 1178 0128 19       		.uleb128 0x19
 1179 0129 01       		.uleb128 0x1
 1180 012a 13       		.uleb128 0x13
 1181 012b 00       		.byte	0
 1182 012c 00       		.byte	0
 1183 012d 19       		.uleb128 0x19
 1184 012e 898201   		.uleb128 0x4109
 1185 0131 00       		.byte	0
 1186 0132 11       		.uleb128 0x11
 1187 0133 01       		.uleb128 0x1
 1188 0134 9542     		.uleb128 0x2115
 1189 0136 19       		.uleb128 0x19
 1190 0137 31       		.uleb128 0x31
 1191 0138 13       		.uleb128 0x13
 1192 0139 00       		.byte	0
 1193 013a 00       		.byte	0
 1194 013b 1A       		.uleb128 0x1a
 1195 013c 34       		.uleb128 0x34
ARM GAS  /tmp/ccOFyJ0s.s 			page 22


 1196 013d 00       		.byte	0
 1197 013e 03       		.uleb128 0x3
 1198 013f 0E       		.uleb128 0xe
 1199 0140 3A       		.uleb128 0x3a
 1200 0141 0B       		.uleb128 0xb
 1201 0142 3B       		.uleb128 0x3b
 1202 0143 05       		.uleb128 0x5
 1203 0144 49       		.uleb128 0x49
 1204 0145 13       		.uleb128 0x13
 1205 0146 3F       		.uleb128 0x3f
 1206 0147 19       		.uleb128 0x19
 1207 0148 3C       		.uleb128 0x3c
 1208 0149 19       		.uleb128 0x19
 1209 014a 00       		.byte	0
 1210 014b 00       		.byte	0
 1211 014c 1B       		.uleb128 0x1b
 1212 014d 34       		.uleb128 0x34
 1213 014e 00       		.byte	0
 1214 014f 03       		.uleb128 0x3
 1215 0150 08       		.uleb128 0x8
 1216 0151 3A       		.uleb128 0x3a
 1217 0152 0B       		.uleb128 0xb
 1218 0153 3B       		.uleb128 0x3b
 1219 0154 05       		.uleb128 0x5
 1220 0155 49       		.uleb128 0x49
 1221 0156 13       		.uleb128 0x13
 1222 0157 3F       		.uleb128 0x3f
 1223 0158 19       		.uleb128 0x19
 1224 0159 3C       		.uleb128 0x3c
 1225 015a 19       		.uleb128 0x19
 1226 015b 00       		.byte	0
 1227 015c 00       		.byte	0
 1228 015d 1C       		.uleb128 0x1c
 1229 015e 2E       		.uleb128 0x2e
 1230 015f 00       		.byte	0
 1231 0160 3F       		.uleb128 0x3f
 1232 0161 19       		.uleb128 0x19
 1233 0162 03       		.uleb128 0x3
 1234 0163 0E       		.uleb128 0xe
 1235 0164 3A       		.uleb128 0x3a
 1236 0165 0B       		.uleb128 0xb
 1237 0166 3B       		.uleb128 0x3b
 1238 0167 05       		.uleb128 0x5
 1239 0168 27       		.uleb128 0x27
 1240 0169 19       		.uleb128 0x19
 1241 016a 3C       		.uleb128 0x3c
 1242 016b 19       		.uleb128 0x19
 1243 016c 00       		.byte	0
 1244 016d 00       		.byte	0
 1245 016e 00       		.byte	0
 1246              		.section	.debug_aranges,"",%progbits
 1247 0000 1C000000 		.4byte	0x1c
 1248 0004 0200     		.2byte	0x2
 1249 0006 00000000 		.4byte	.Ldebug_info0
 1250 000a 04       		.byte	0x4
 1251 000b 00       		.byte	0
 1252 000c 0000     		.2byte	0
ARM GAS  /tmp/ccOFyJ0s.s 			page 23


 1253 000e 0000     		.2byte	0
 1254 0010 00000000 		.4byte	.LFB255
 1255 0014 04000000 		.4byte	.LFE255-.LFB255
 1256 0018 00000000 		.4byte	0
 1257 001c 00000000 		.4byte	0
 1258              		.section	.debug_ranges,"",%progbits
 1259              	.Ldebug_ranges0:
 1260 0000 00000000 		.4byte	.LFB255
 1261 0004 04000000 		.4byte	.LFE255
 1262 0008 00000000 		.4byte	0
 1263 000c 00000000 		.4byte	0
 1264              		.section	.debug_line,"",%progbits
 1265              	.Ldebug_line0:
 1266 0000 11020000 		.section	.debug_str,"MS",%progbits,1
 1266      0200FD01 
 1266      00000201 
 1266      FB0E0D00 
 1266      01010101 
 1267              	.LASF48:
 1268 0000 72656164 		.ascii	"ready_list_t\000"
 1268      795F6C69 
 1268      73745F74 
 1268      00
 1269              	.LASF83:
 1270 000d 7264796D 		.ascii	"rdymsg\000"
 1270      736700
 1271              	.LASF16:
 1272 0014 75696E74 		.ascii	"uint64_t\000"
 1272      36345F74 
 1272      00
 1273              	.LASF5:
 1274 001d 5F5F7569 		.ascii	"__uint8_t\000"
 1274      6E74385F 
 1274      7400
 1275              	.LASF80:
 1276 0027 706F7274 		.ascii	"port_intctx\000"
 1276      5F696E74 
 1276      63747800 
 1277              	.LASF67:
 1278 0033 73797374 		.ascii	"system_debug_t\000"
 1278      656D5F64 
 1278      65627567 
 1278      5F7400
 1279              	.LASF12:
 1280 0042 6C6F6E67 		.ascii	"long long unsigned int\000"
 1280      206C6F6E 
 1280      6720756E 
 1280      7369676E 
 1280      65642069 
 1281              	.LASF84:
 1282 0059 65786974 		.ascii	"exitcode\000"
 1282      636F6465 
 1282      00
 1283              	.LASF74:
 1284 0062 6D61696E 		.ascii	"mainthread\000"
 1284      74687265 
 1284      616400
ARM GAS  /tmp/ccOFyJ0s.s 			page 24


 1285              	.LASF64:
 1286 006d 76697274 		.ascii	"virtual_timers_list_t\000"
 1286      75616C5F 
 1286      74696D65 
 1286      72735F6C 
 1286      6973745F 
 1287              	.LASF94:
 1288 0083 49544D5F 		.ascii	"ITM_RxBuffer\000"
 1288      52784275 
 1288      66666572 
 1288      00
 1289              	.LASF47:
 1290 0090 63685F74 		.ascii	"ch_threads_queue\000"
 1290      68726561 
 1290      64735F71 
 1290      75657565 
 1290      00
 1291              	.LASF28:
 1292 00a1 705F7072 		.ascii	"p_prio\000"
 1292      696F00
 1293              	.LASF10:
 1294 00a8 6C6F6E67 		.ascii	"long long int\000"
 1294      206C6F6E 
 1294      6720696E 
 1294      7400
 1295              	.LASF1:
 1296 00b6 7369676E 		.ascii	"signed char\000"
 1296      65642063 
 1296      68617200 
 1297              	.LASF42:
 1298 00c2 705F6D70 		.ascii	"p_mpool\000"
 1298      6F6F6C00 
 1299              	.LASF89:
 1300 00ca 6D5F7175 		.ascii	"m_queue\000"
 1300      65756500 
 1301              	.LASF73:
 1302 00d2 76746C69 		.ascii	"vtlist\000"
 1302      737400
 1303              	.LASF71:
 1304 00d9 63685F73 		.ascii	"ch_system\000"
 1304      79737465 
 1304      6D00
 1305              	.LASF7:
 1306 00e3 6C6F6E67 		.ascii	"long int\000"
 1306      20696E74 
 1306      00
 1307              	.LASF19:
 1308 00ec 74737461 		.ascii	"tstate_t\000"
 1308      74655F74 
 1308      00
 1309              	.LASF30:
 1310 00f5 705F6E65 		.ascii	"p_newer\000"
 1310      77657200 
 1311              	.LASF53:
 1312 00fd 725F6E65 		.ascii	"r_newer\000"
 1312      77657200 
 1313              	.LASF77:
ARM GAS  /tmp/ccOFyJ0s.s 			page 25


 1314 0105 72656761 		.ascii	"regarm_t\000"
 1314      726D5F74 
 1314      00
 1315              	.LASF60:
 1316 010e 76745F70 		.ascii	"vt_prev\000"
 1316      72657600 
 1317              	.LASF68:
 1318 0116 63685F73 		.ascii	"ch_system_debug\000"
 1318      79737465 
 1318      6D5F6465 
 1318      62756700 
 1319              	.LASF92:
 1320 0126 6D757465 		.ascii	"mutex_t\000"
 1320      785F7400 
 1321              	.LASF75:
 1322 012e 69646C65 		.ascii	"idle_thread_wa\000"
 1322      5F746872 
 1322      6561645F 
 1322      776100
 1323              	.LASF0:
 1324 013d 756E7369 		.ascii	"unsigned int\000"
 1324      676E6564 
 1324      20696E74 
 1324      00
 1325              	.LASF59:
 1326 014a 76745F6E 		.ascii	"vt_next\000"
 1326      65787400 
 1327              	.LASF61:
 1328 0152 76745F64 		.ascii	"vt_delta\000"
 1328      656C7461 
 1328      00
 1329              	.LASF37:
 1330 015b 705F6D73 		.ascii	"p_msgqueue\000"
 1330      67717565 
 1330      756500
 1331              	.LASF98:
 1332 0166 64726976 		.ascii	"driversInit\000"
 1332      65727349 
 1332      6E697400 
 1333              	.LASF4:
 1334 0172 73686F72 		.ascii	"short unsigned int\000"
 1334      7420756E 
 1334      7369676E 
 1334      65642069 
 1334      6E7400
 1335              	.LASF44:
 1336 0185 63685F74 		.ascii	"ch_thread\000"
 1336      68726561 
 1336      6400
 1337              	.LASF22:
 1338 018f 6D73675F 		.ascii	"msg_t\000"
 1338      7400
 1339              	.LASF70:
 1340 0195 63685F73 		.ascii	"ch_system_t\000"
 1340      79737465 
 1340      6D5F7400 
 1341              	.LASF18:
ARM GAS  /tmp/ccOFyJ0s.s 			page 26


 1342 01a1 746D6F64 		.ascii	"tmode_t\000"
 1342      655F7400 
 1343              	.LASF49:
 1344 01a9 63685F72 		.ascii	"ch_ready_list\000"
 1344      65616479 
 1344      5F6C6973 
 1344      7400
 1345              	.LASF23:
 1346 01b7 6576656E 		.ascii	"eventmask_t\000"
 1346      746D6173 
 1346      6B5F7400 
 1347              	.LASF6:
 1348 01c3 5F5F696E 		.ascii	"__int32_t\000"
 1348      7433325F 
 1348      7400
 1349              	.LASF78:
 1350 01cd 73746B61 		.ascii	"stkalign_t\000"
 1350      6C69676E 
 1350      5F7400
 1351              	.LASF36:
 1352 01d8 705F7761 		.ascii	"p_waiting\000"
 1352      6974696E 
 1352      6700
 1353              	.LASF76:
 1354 01e2 73697A65 		.ascii	"sizetype\000"
 1354      74797065 
 1354      00
 1355              	.LASF65:
 1356 01eb 63685F76 		.ascii	"ch_virtual_timers_list\000"
 1356      69727475 
 1356      616C5F74 
 1356      696D6572 
 1356      735F6C69 
 1357              	.LASF66:
 1358 0202 76745F6C 		.ascii	"vt_lasttime\000"
 1358      61737474 
 1358      696D6500 
 1359              	.LASF31:
 1360 020e 705F6F6C 		.ascii	"p_older\000"
 1360      64657200 
 1361              	.LASF52:
 1362 0216 725F6374 		.ascii	"r_ctx\000"
 1362      7800
 1363              	.LASF82:
 1364 021c 746D5F63 		.ascii	"tm_calibration_t\000"
 1364      616C6962 
 1364      72617469 
 1364      6F6E5F74 
 1364      00
 1365              	.LASF55:
 1366 022d 725F6375 		.ascii	"r_current\000"
 1366      7272656E 
 1366      7400
 1367              	.LASF54:
 1368 0237 725F6F6C 		.ascii	"r_older\000"
 1368      64657200 
 1369              	.LASF11:
ARM GAS  /tmp/ccOFyJ0s.s 			page 27


 1370 023f 5F5F7569 		.ascii	"__uint64_t\000"
 1370      6E743634 
 1370      5F7400
 1371              	.LASF20:
 1372 024a 74726566 		.ascii	"trefs_t\000"
 1372      735F7400 
 1373              	.LASF57:
 1374 0252 76697274 		.ascii	"virtual_timer_t\000"
 1374      75616C5F 
 1374      74696D65 
 1374      725F7400 
 1375              	.LASF27:
 1376 0262 705F7072 		.ascii	"p_prev\000"
 1376      657600
 1377              	.LASF21:
 1378 0269 74707269 		.ascii	"tprio_t\000"
 1378      6F5F7400 
 1379              	.LASF88:
 1380 0271 6D757465 		.ascii	"mutex\000"
 1380      7800
 1381              	.LASF99:
 1382 0277 64616349 		.ascii	"dacInit\000"
 1382      6E697400 
 1383              	.LASF93:
 1384 027f 5F426F6F 		.ascii	"_Bool\000"
 1384      6C00
 1385              	.LASF14:
 1386 0285 696E7433 		.ascii	"int32_t\000"
 1386      325F7400 
 1387              	.LASF2:
 1388 028d 756E7369 		.ascii	"unsigned char\000"
 1388      676E6564 
 1388      20636861 
 1388      7200
 1389              	.LASF40:
 1390 029b 705F6D74 		.ascii	"p_mtxlist\000"
 1390      786C6973 
 1390      7400
 1391              	.LASF3:
 1392 02a5 73686F72 		.ascii	"short int\000"
 1392      7420696E 
 1392      7400
 1393              	.LASF33:
 1394 02af 705F7374 		.ascii	"p_state\000"
 1394      61746500 
 1395              	.LASF51:
 1396 02b7 725F7072 		.ascii	"r_prio\000"
 1396      696F00
 1397              	.LASF86:
 1398 02be 65776D61 		.ascii	"ewmask\000"
 1398      736B00
 1399              	.LASF26:
 1400 02c5 705F6E65 		.ascii	"p_next\000"
 1400      787400
 1401              	.LASF95:
 1402 02cc 474E5520 		.ascii	"GNU C 4.9.3 20141119 (release) [ARM/embedded-4_9-br"
 1402      4320342E 
ARM GAS  /tmp/ccOFyJ0s.s 			page 28


 1402      392E3320 
 1402      32303134 
 1402      31313139 
 1403 02ff 616E6368 		.ascii	"anch revision 218278] -mcpu=cortex-m4 -mfloat-abi=h"
 1403      20726576 
 1403      6973696F 
 1403      6E203231 
 1403      38323738 
 1404 0332 61726420 		.ascii	"ard -mfpu=fpv4-sp-d16 -mno-thumb-interwork -mthumb "
 1404      2D6D6670 
 1404      753D6670 
 1404      76342D73 
 1404      702D6431 
 1405 0365 2D676764 		.ascii	"-ggdb -O2 -fomit-frame-pointer -falign-functions=16"
 1405      62202D4F 
 1405      32202D66 
 1405      6F6D6974 
 1405      2D667261 
 1406 0398 202D6666 		.ascii	" -ffunction-sections -fdata-sections -fno-common -f"
 1406      756E6374 
 1406      696F6E2D 
 1406      73656374 
 1406      696F6E73 
 1407 03cb 73696E67 		.ascii	"single-precision-constant\000"
 1407      6C652D70 
 1407      72656369 
 1407      73696F6E 
 1407      2D636F6E 
 1408              	.LASF34:
 1409 03e5 705F666C 		.ascii	"p_flags\000"
 1409      61677300 
 1410              	.LASF58:
 1411 03ed 63685F76 		.ascii	"ch_virtual_timer\000"
 1411      69727475 
 1411      616C5F74 
 1411      696D6572 
 1411      00
 1412              	.LASF39:
 1413 03fe 705F6570 		.ascii	"p_epending\000"
 1413      656E6469 
 1413      6E6700
 1414              	.LASF15:
 1415 0409 75696E74 		.ascii	"uint32_t\000"
 1415      33325F74 
 1415      00
 1416              	.LASF50:
 1417 0412 725F7175 		.ascii	"r_queue\000"
 1417      65756500 
 1418              	.LASF45:
 1419 041a 63685F74 		.ascii	"ch_threads_list\000"
 1419      68726561 
 1419      64735F6C 
 1419      69737400 
 1420              	.LASF97:
 1421 042a 2F686F6D 		.ascii	"/home/bhimebau/forge/annsynth/src\000"
 1421      652F6268 
 1421      696D6562 
ARM GAS  /tmp/ccOFyJ0s.s 			page 29


 1421      61752F66 
 1421      6F726765 
 1422              	.LASF9:
 1423 044c 6C6F6E67 		.ascii	"long unsigned int\000"
 1423      20756E73 
 1423      69676E65 
 1423      6420696E 
 1423      7400
 1424              	.LASF87:
 1425 045e 63686172 		.ascii	"char\000"
 1425      00
 1426              	.LASF25:
 1427 0463 74687265 		.ascii	"thread_t\000"
 1427      61645F74 
 1427      00
 1428              	.LASF91:
 1429 046c 6D5F6E65 		.ascii	"m_next\000"
 1429      787400
 1430              	.LASF24:
 1431 0473 73797374 		.ascii	"systime_t\000"
 1431      696D655F 
 1431      7400
 1432              	.LASF41:
 1433 047d 705F7265 		.ascii	"p_realprio\000"
 1433      616C7072 
 1433      696F00
 1434              	.LASF56:
 1435 0488 76746675 		.ascii	"vtfunc_t\000"
 1435      6E635F74 
 1435      00
 1436              	.LASF8:
 1437 0491 5F5F7569 		.ascii	"__uint32_t\000"
 1437      6E743332 
 1437      5F7400
 1438              	.LASF69:
 1439 049c 70616E69 		.ascii	"panic_msg\000"
 1439      635F6D73 
 1439      6700
 1440              	.LASF81:
 1441 04a6 6F666673 		.ascii	"offset\000"
 1441      657400
 1442              	.LASF79:
 1443 04ad 636F6E74 		.ascii	"context\000"
 1443      65787400 
 1444              	.LASF17:
 1445 04b5 7274636E 		.ascii	"rtcnt_t\000"
 1445      745F7400 
 1446              	.LASF63:
 1447 04bd 76745F70 		.ascii	"vt_par\000"
 1447      617200
 1448              	.LASF46:
 1449 04c4 74687265 		.ascii	"threads_queue_t\000"
 1449      6164735F 
 1449      71756575 
 1449      655F7400 
 1450              	.LASF35:
 1451 04d4 705F7265 		.ascii	"p_refs\000"
ARM GAS  /tmp/ccOFyJ0s.s 			page 30


 1451      667300
 1452              	.LASF72:
 1453 04db 726C6973 		.ascii	"rlist\000"
 1453      7400
 1454              	.LASF13:
 1455 04e1 75696E74 		.ascii	"uint8_t\000"
 1455      385F7400 
 1456              	.LASF96:
 1457 04e9 2E2E2F43 		.ascii	"../ChibiOS/../ChibiOS-Drivers/src/drivers.c\000"
 1457      68696269 
 1457      4F532F2E 
 1457      2E2F4368 
 1457      6962694F 
 1458              	.LASF85:
 1459 0515 77746F62 		.ascii	"wtobjp\000"
 1459      6A7000
 1460              	.LASF32:
 1461 051c 705F6E61 		.ascii	"p_name\000"
 1461      6D6500
 1462              	.LASF43:
 1463 0523 74687265 		.ascii	"threads_list_t\000"
 1463      6164735F 
 1463      6C697374 
 1463      5F7400
 1464              	.LASF38:
 1465 0532 705F6D73 		.ascii	"p_msg\000"
 1465      6700
 1466              	.LASF90:
 1467 0538 6D5F6F77 		.ascii	"m_owner\000"
 1467      6E657200 
 1468              	.LASF29:
 1469 0540 705F6374 		.ascii	"p_ctx\000"
 1469      7800
 1470              	.LASF62:
 1471 0546 76745F66 		.ascii	"vt_func\000"
 1471      756E6300 
 1472              		.ident	"GCC: (GNU Tools for ARM Embedded Processors) 4.9.3 20141119 (release) [ARM/embedded-4_9-br
ARM GAS  /tmp/ccOFyJ0s.s 			page 31


DEFINED SYMBOLS
                            *ABS*:00000000 drivers.c
     /tmp/ccOFyJ0s.s:21     .text.driversInit:00000000 $t
     /tmp/ccOFyJ0s.s:27     .text.driversInit:00000000 driversInit
                     .debug_frame:00000010 $d

UNDEFINED SYMBOLS
dacInit
