ARM GAS  /tmp/ccg4zsAE.s 			page 1


   1              		.syntax unified
   2              		.cpu cortex-m4
   3              		.eabi_attribute 27, 3
   4              		.eabi_attribute 28, 1
   5              		.fpu fpv4-sp-d16
   6              		.eabi_attribute 20, 1
   7              		.eabi_attribute 21, 1
   8              		.eabi_attribute 23, 3
   9              		.eabi_attribute 24, 1
  10              		.eabi_attribute 25, 1
  11              		.eabi_attribute 26, 1
  12              		.eabi_attribute 30, 2
  13              		.eabi_attribute 34, 1
  14              		.eabi_attribute 18, 4
  15              		.thumb
  16              		.file	"hal_lld.c"
  17              		.text
  18              	.Ltext0:
  19              		.cfi_sections	.debug_frame
  20              		.section	.text.hal_lld_init,"ax",%progbits
  21              		.align	2
  22              		.p2align 4,,15
  23              		.global	hal_lld_init
  24              		.thumb
  25              		.thumb_func
  26              		.type	hal_lld_init, %function
  27              	hal_lld_init:
  28              	.LFB256:
  29              		.file 1 "../ChibiOS/os/hal/ports/STM32/STM32F3xx/hal_lld.c"
  30              		.loc 1 99 0
  31              		.cfi_startproc
  32              		@ args = 0, pretend = 0, frame = 0
  33              		@ frame_needed = 0, uses_anonymous_args = 0
  34              		.loc 1 102 0
  35 0000 1C4B     		ldr	r3, .L9
  36              	.LBB4:
  37              	.LBB5:
  38              		.loc 1 51 0
  39 0002 1D48     		ldr	r0, .L9+4
  40              	.LBE5:
  41              	.LBE4:
  42              		.loc 1 102 0
  43 0004 9A6A     		ldr	r2, [r3, #40]
  44 0006 4FF0FF31 		mov	r1, #-1
  45 000a 0022     		movs	r2, #0
  46              		.loc 1 99 0
  47 000c 10B5     		push	{r4, lr}
  48              		.cfi_def_cfa_offset 8
  49              		.cfi_offset 4, -8
  50              		.cfi_offset 14, -4
  51              		.loc 1 102 0
  52 000e 9962     		str	r1, [r3, #40]
  53 0010 9A62     		str	r2, [r3, #40]
  54              		.loc 1 103 0
  55 0012 1C69     		ldr	r4, [r3, #16]
  56 0014 1961     		str	r1, [r3, #16]
  57 0016 1A61     		str	r2, [r3, #16]
ARM GAS  /tmp/ccg4zsAE.s 			page 2


  58              		.loc 1 104 0
  59 0018 DC68     		ldr	r4, [r3, #12]
  60 001a D960     		str	r1, [r3, #12]
  61 001c DA60     		str	r2, [r3, #12]
  62              		.loc 1 107 0
  63 001e D969     		ldr	r1, [r3, #28]
  64 0020 41F08051 		orr	r1, r1, #268435456
  65 0024 D961     		str	r1, [r3, #28]
  66              	.LBB7:
  67              	.LBB6:
  68              		.loc 1 51 0
  69 0026 0168     		ldr	r1, [r0]
  70 0028 41F48071 		orr	r1, r1, #256
  71 002c 0160     		str	r1, [r0]
  72              		.loc 1 54 0
  73 002e 196A     		ldr	r1, [r3, #32]
  74 0030 01F44071 		and	r1, r1, #768
  75 0034 B1F5007F 		cmp	r1, #512
  76 0038 03D0     		beq	.L2
  77              		.loc 1 56 0
  78 003a 4FF48031 		mov	r1, #65536
  79 003e 1962     		str	r1, [r3, #32]
  80              		.loc 1 57 0
  81 0040 1A62     		str	r2, [r3, #32]
  82              	.L2:
  83              		.loc 1 76 0
  84 0042 0C4B     		ldr	r3, .L9
  85 0044 1A6A     		ldr	r2, [r3, #32]
  86 0046 1204     		lsls	r2, r2, #16
  87 0048 07D4     		bmi	.L3
  88              		.loc 1 78 0
  89 004a 1A6A     		ldr	r2, [r3, #32]
  90 004c 42F40072 		orr	r2, r2, #512
  91 0050 1A62     		str	r2, [r3, #32]
  92              		.loc 1 81 0
  93 0052 1A6A     		ldr	r2, [r3, #32]
  94 0054 42F40042 		orr	r2, r2, #32768
  95 0058 1A62     		str	r2, [r3, #32]
  96              	.L3:
  97              	.LBE6:
  98              	.LBE7:
  99              		.loc 1 113 0
 100 005a FFF7FEFF 		bl	dmaInit
 101              	.LVL0:
 102              		.loc 1 123 0
 103 005e 0549     		ldr	r1, .L9
 104              		.loc 1 127 0
 105 0060 064A     		ldr	r2, .L9+8
 106              		.loc 1 123 0
 107 0062 8B69     		ldr	r3, [r1, #24]
 108 0064 43F00103 		orr	r3, r3, #1
 109 0068 8B61     		str	r3, [r1, #24]
 110              		.loc 1 127 0
 111 006a 1368     		ldr	r3, [r2]
 112 006c 43F02003 		orr	r3, r3, #32
 113 0070 1360     		str	r3, [r2]
 114 0072 10BD     		pop	{r4, pc}
ARM GAS  /tmp/ccg4zsAE.s 			page 3


 115              	.L10:
 116              		.align	2
 117              	.L9:
 118 0074 00100240 		.word	1073876992
 119 0078 00700040 		.word	1073770496
 120 007c 00000140 		.word	1073807360
 121              		.cfi_endproc
 122              	.LFE256:
 123              		.size	hal_lld_init, .-hal_lld_init
 124              		.section	.text.stm32_clock_init,"ax",%progbits
 125              		.align	2
 126              		.p2align 4,,15
 127              		.global	stm32_clock_init
 128              		.thumb
 129              		.thumb_func
 130              		.type	stm32_clock_init, %function
 131              	stm32_clock_init:
 132              	.LFB257:
 133              		.loc 1 138 0
 134              		.cfi_startproc
 135              		@ args = 0, pretend = 0, frame = 0
 136              		@ frame_needed = 0, uses_anonymous_args = 0
 137              		@ link register save eliminated.
 138              		.loc 1 143 0
 139 0000 2449     		ldr	r1, .L28
 140 0002 0B68     		ldr	r3, [r1]
 141 0004 43F00103 		orr	r3, r3, #1
 142 0008 0B60     		str	r3, [r1]
 143              	.L12:
 144              		.loc 1 144 0 discriminator 1
 145 000a 0A68     		ldr	r2, [r1]
 146 000c 214B     		ldr	r3, .L28
 147 000e 9007     		lsls	r0, r2, #30
 148 0010 FBD5     		bpl	.L12
 149              		.loc 1 150 0
 150 0012 5A68     		ldr	r2, [r3, #4]
 151 0014 22F00302 		bic	r2, r2, #3
 152 0018 5A60     		str	r2, [r3, #4]
 153              		.loc 1 151 0
 154 001a 5A68     		ldr	r2, [r3, #4]
 155 001c 5A60     		str	r2, [r3, #4]
 156              		.loc 1 152 0
 157 001e 1946     		mov	r1, r3
 158              	.L13:
 159              		.loc 1 152 0 is_stmt 0 discriminator 1
 160 0020 4B68     		ldr	r3, [r1, #4]
 161 0022 1C4A     		ldr	r2, .L28
 162 0024 13F00C03 		ands	r3, r3, #12
 163 0028 FAD1     		bne	.L13
 164              		.loc 1 156 0 is_stmt 1
 165 002a 1168     		ldr	r1, [r2]
 166 002c 01F0F901 		and	r1, r1, #249
 167 0030 1160     		str	r1, [r2]
 168              		.loc 1 157 0
 169 0032 5360     		str	r3, [r2, #4]
 170              		.loc 1 163 0
 171 0034 1368     		ldr	r3, [r2]
ARM GAS  /tmp/ccg4zsAE.s 			page 4


 172 0036 43F4A023 		orr	r3, r3, #327680
 173 003a 1360     		str	r3, [r2]
 174              	.L14:
 175              		.loc 1 168 0 discriminator 1
 176 003c 1168     		ldr	r1, [r2]
 177 003e 154B     		ldr	r3, .L28
 178 0040 8903     		lsls	r1, r1, #14
 179 0042 FBD5     		bpl	.L14
 180              		.loc 1 174 0
 181 0044 5A6A     		ldr	r2, [r3, #36]
 182 0046 42F00102 		orr	r2, r2, #1
 183 004a 5A62     		str	r2, [r3, #36]
 184              		.loc 1 175 0
 185 004c 1A46     		mov	r2, r3
 186              	.L15:
 187              		.loc 1 175 0 is_stmt 0 discriminator 1
 188 004e 516A     		ldr	r1, [r2, #36]
 189 0050 104B     		ldr	r3, .L28
 190 0052 8807     		lsls	r0, r1, #30
 191 0054 FBD5     		bpl	.L15
 192              		.loc 1 180 0 is_stmt 1
 193 0056 104A     		ldr	r2, .L28+4
 194 0058 5A60     		str	r2, [r3, #4]
 195              		.loc 1 183 0
 196 005a 4FF40451 		mov	r1, #8448
 197              		.loc 1 184 0
 198 005e 3022     		movs	r2, #48
 199              		.loc 1 183 0
 200 0060 D962     		str	r1, [r3, #44]
 201              		.loc 1 184 0
 202 0062 1A63     		str	r2, [r3, #48]
 203              		.loc 1 190 0
 204 0064 1A68     		ldr	r2, [r3]
 205 0066 42F08072 		orr	r2, r2, #16777216
 206 006a 1A60     		str	r2, [r3]
 207              	.L16:
 208              		.loc 1 191 0 discriminator 1
 209 006c 1968     		ldr	r1, [r3]
 210 006e 094A     		ldr	r2, .L28
 211 0070 8901     		lsls	r1, r1, #6
 212 0072 FBD5     		bpl	.L16
 213              		.loc 1 196 0
 214 0074 094B     		ldr	r3, .L28+8
 215 0076 1221     		movs	r1, #18
 216 0078 1960     		str	r1, [r3]
 217              		.loc 1 201 0
 218 007a 5368     		ldr	r3, [r2, #4]
 219 007c 43F00203 		orr	r3, r3, #2
 220 0080 5360     		str	r3, [r2, #4]
 221              	.L17:
 222              		.loc 1 202 0 discriminator 1
 223 0082 5368     		ldr	r3, [r2, #4]
 224 0084 0349     		ldr	r1, .L28
 225 0086 03F00C03 		and	r3, r3, #12
 226 008a 082B     		cmp	r3, #8
 227 008c F9D1     		bne	.L17
 228              		.loc 1 208 0
ARM GAS  /tmp/ccg4zsAE.s 			page 5


 229 008e 0B6B     		ldr	r3, [r1, #48]
 230 0090 0B63     		str	r3, [r1, #48]
 231 0092 7047     		bx	lr
 232              	.L29:
 233              		.align	2
 234              	.L28:
 235 0094 00100240 		.word	1073876992
 236 0098 00241D00 		.word	1909760
 237 009c 00200240 		.word	1073881088
 238              		.cfi_endproc
 239              	.LFE257:
 240              		.size	stm32_clock_init, .-stm32_clock_init
 241              		.text
 242              	.Letext0:
 243              		.file 2 "/l/arm2/gcc-arm-none-eabi-4_9-2014q4/arm-none-eabi/include/machine/_default_types.h"
 244              		.file 3 "/l/arm2/gcc-arm-none-eabi-4_9-2014q4/arm-none-eabi/include/stdint.h"
 245              		.file 4 "../ChibiOS/os/rt/ports/ARMCMx/compilers/GCC/chtypes.h"
 246              		.file 5 "../ChibiOS/os/rt/include/chsystypes.h"
 247              		.file 6 "../ChibiOS/os/rt/include/chschd.h"
 248              		.file 7 "../ChibiOS/os/ext/CMSIS/ST/stm32f303xc.h"
 249              		.file 8 "../ChibiOS/os/rt/ports/ARMCMx/chcore.h"
 250              		.file 9 "../ChibiOS/os/rt/ports/ARMCMx/chcore_v7m.h"
 251              		.file 10 "../ChibiOS/os/rt/include/chtm.h"
 252              		.file 11 "../ChibiOS/os/rt/include/chmtx.h"
 253              		.file 12 "../ChibiOS/os/ext/CMSIS/include/core_cm4.h"
 254              		.file 13 "../ChibiOS/os/hal/ports/STM32/STM32F3xx/stm32_dma.h"
 255              		.section	.debug_info,"",%progbits
 256              	.Ldebug_info0:
 257 0000 B8080000 		.4byte	0x8b8
 258 0004 0400     		.2byte	0x4
 259 0006 00000000 		.4byte	.Ldebug_abbrev0
 260 000a 04       		.byte	0x4
 261 000b 01       		.uleb128 0x1
 262 000c 52020000 		.4byte	.LASF115
 263 0010 01       		.byte	0x1
 264 0011 CE010000 		.4byte	.LASF116
 265 0015 FD040000 		.4byte	.LASF117
 266 0019 18000000 		.4byte	.Ldebug_ranges0+0x18
 267 001d 00000000 		.4byte	0
 268 0021 00000000 		.4byte	.Ldebug_line0
 269 0025 02       		.uleb128 0x2
 270 0026 04       		.byte	0x4
 271 0027 05       		.byte	0x5
 272 0028 696E7400 		.ascii	"int\000"
 273 002c 03       		.uleb128 0x3
 274 002d 04       		.byte	0x4
 275 002e 07       		.byte	0x7
 276 002f 6F010000 		.4byte	.LASF0
 277 0033 03       		.uleb128 0x3
 278 0034 01       		.byte	0x1
 279 0035 06       		.byte	0x6
 280 0036 BC000000 		.4byte	.LASF1
 281 003a 04       		.uleb128 0x4
 282 003b 23000000 		.4byte	.LASF5
 283 003f 02       		.byte	0x2
 284 0040 1D       		.byte	0x1d
 285 0041 45000000 		.4byte	0x45
ARM GAS  /tmp/ccg4zsAE.s 			page 6


 286 0045 03       		.uleb128 0x3
 287 0046 01       		.byte	0x1
 288 0047 08       		.byte	0x8
 289 0048 5F040000 		.4byte	.LASF2
 290 004c 03       		.uleb128 0x3
 291 004d 02       		.byte	0x2
 292 004e 05       		.byte	0x5
 293 004f 77040000 		.4byte	.LASF3
 294 0053 03       		.uleb128 0x3
 295 0054 02       		.byte	0x2
 296 0055 07       		.byte	0x7
 297 0056 A4010000 		.4byte	.LASF4
 298 005a 04       		.uleb128 0x4
 299 005b 2E020000 		.4byte	.LASF6
 300 005f 02       		.byte	0x2
 301 0060 3F       		.byte	0x3f
 302 0061 65000000 		.4byte	0x65
 303 0065 03       		.uleb128 0x3
 304 0066 04       		.byte	0x4
 305 0067 05       		.byte	0x5
 306 0068 03010000 		.4byte	.LASF7
 307 006c 04       		.uleb128 0x4
 308 006d 69050000 		.4byte	.LASF8
 309 0071 02       		.byte	0x2
 310 0072 41       		.byte	0x41
 311 0073 77000000 		.4byte	0x77
 312 0077 03       		.uleb128 0x3
 313 0078 04       		.byte	0x4
 314 0079 07       		.byte	0x7
 315 007a 1F050000 		.4byte	.LASF9
 316 007e 03       		.uleb128 0x3
 317 007f 08       		.byte	0x8
 318 0080 05       		.byte	0x5
 319 0081 AE000000 		.4byte	.LASF10
 320 0085 04       		.uleb128 0x4
 321 0086 F5030000 		.4byte	.LASF11
 322 008a 02       		.byte	0x2
 323 008b 5B       		.byte	0x5b
 324 008c 90000000 		.4byte	0x90
 325 0090 03       		.uleb128 0x3
 326 0091 08       		.byte	0x8
 327 0092 07       		.byte	0x7
 328 0093 48000000 		.4byte	.LASF12
 329 0097 04       		.uleb128 0x4
 330 0098 E7050000 		.4byte	.LASF13
 331 009c 03       		.byte	0x3
 332 009d 15       		.byte	0x15
 333 009e 3A000000 		.4byte	0x3a
 334 00a2 04       		.uleb128 0x4
 335 00a3 57040000 		.4byte	.LASF14
 336 00a7 03       		.byte	0x3
 337 00a8 2C       		.byte	0x2c
 338 00a9 5A000000 		.4byte	0x5a
 339 00ad 04       		.uleb128 0x4
 340 00ae D4040000 		.4byte	.LASF15
 341 00b2 03       		.byte	0x3
 342 00b3 2D       		.byte	0x2d
ARM GAS  /tmp/ccg4zsAE.s 			page 7


 343 00b4 6C000000 		.4byte	0x6c
 344 00b8 04       		.uleb128 0x4
 345 00b9 1A000000 		.4byte	.LASF16
 346 00bd 03       		.byte	0x3
 347 00be 39       		.byte	0x39
 348 00bf 85000000 		.4byte	0x85
 349 00c3 05       		.uleb128 0x5
 350 00c4 A2000000 		.4byte	0xa2
 351 00c8 05       		.uleb128 0x5
 352 00c9 AD000000 		.4byte	0xad
 353 00cd 04       		.uleb128 0x4
 354 00ce AA050000 		.4byte	.LASF17
 355 00d2 04       		.byte	0x4
 356 00d3 45       		.byte	0x45
 357 00d4 AD000000 		.4byte	0xad
 358 00d8 04       		.uleb128 0x4
 359 00d9 0C020000 		.4byte	.LASF18
 360 00dd 04       		.byte	0x4
 361 00de 48       		.byte	0x48
 362 00df 97000000 		.4byte	0x97
 363 00e3 04       		.uleb128 0x4
 364 00e4 15010000 		.4byte	.LASF19
 365 00e8 04       		.byte	0x4
 366 00e9 49       		.byte	0x49
 367 00ea 97000000 		.4byte	0x97
 368 00ee 04       		.uleb128 0x4
 369 00ef 0F040000 		.4byte	.LASF20
 370 00f3 04       		.byte	0x4
 371 00f4 4A       		.byte	0x4a
 372 00f5 97000000 		.4byte	0x97
 373 00f9 04       		.uleb128 0x4
 374 00fa 33040000 		.4byte	.LASF21
 375 00fe 04       		.byte	0x4
 376 00ff 4C       		.byte	0x4c
 377 0100 AD000000 		.4byte	0xad
 378 0104 04       		.uleb128 0x4
 379 0105 C1010000 		.4byte	.LASF22
 380 0109 04       		.byte	0x4
 381 010a 4D       		.byte	0x4d
 382 010b A2000000 		.4byte	0xa2
 383 010f 04       		.uleb128 0x4
 384 0110 22020000 		.4byte	.LASF23
 385 0114 04       		.byte	0x4
 386 0115 4F       		.byte	0x4f
 387 0116 AD000000 		.4byte	0xad
 388 011a 04       		.uleb128 0x4
 389 011b 4B050000 		.4byte	.LASF24
 390 011f 05       		.byte	0x5
 391 0120 33       		.byte	0x33
 392 0121 AD000000 		.4byte	0xad
 393 0125 04       		.uleb128 0x4
 394 0126 3B050000 		.4byte	.LASF25
 395 012a 05       		.byte	0x5
 396 012b 3F       		.byte	0x3f
 397 012c 30010000 		.4byte	0x130
 398 0130 06       		.uleb128 0x6
 399 0131 B7010000 		.4byte	.LASF44
ARM GAS  /tmp/ccg4zsAE.s 			page 8


 400 0135 44       		.byte	0x44
 401 0136 06       		.byte	0x6
 402 0137 BE       		.byte	0xbe
 403 0138 1D020000 		.4byte	0x21d
 404 013c 07       		.uleb128 0x7
 405 013d 95030000 		.4byte	.LASF26
 406 0141 06       		.byte	0x6
 407 0142 BF       		.byte	0xbf
 408 0143 9B070000 		.4byte	0x79b
 409 0147 00       		.byte	0
 410 0148 07       		.uleb128 0x7
 411 0149 2C040000 		.4byte	.LASF27
 412 014d 06       		.byte	0x6
 413 014e C1       		.byte	0xc1
 414 014f 9B070000 		.4byte	0x79b
 415 0153 04       		.byte	0x4
 416 0154 07       		.uleb128 0x7
 417 0155 A7000000 		.4byte	.LASF28
 418 0159 06       		.byte	0x6
 419 015a C3       		.byte	0xc3
 420 015b F9000000 		.4byte	0xf9
 421 015f 08       		.byte	0x8
 422 0160 07       		.uleb128 0x7
 423 0161 10060000 		.4byte	.LASF29
 424 0165 06       		.byte	0x6
 425 0166 C4       		.byte	0xc4
 426 0167 1B060000 		.4byte	0x61b
 427 016b 0C       		.byte	0xc
 428 016c 07       		.uleb128 0x7
 429 016d 1E010000 		.4byte	.LASF30
 430 0171 06       		.byte	0x6
 431 0172 C6       		.byte	0xc6
 432 0173 9B070000 		.4byte	0x79b
 433 0177 10       		.byte	0x10
 434 0178 07       		.uleb128 0x7
 435 0179 89040000 		.4byte	.LASF31
 436 017d 06       		.byte	0x6
 437 017e C7       		.byte	0xc7
 438 017f 9B070000 		.4byte	0x79b
 439 0183 14       		.byte	0x14
 440 0184 07       		.uleb128 0x7
 441 0185 F6050000 		.4byte	.LASF32
 442 0189 06       		.byte	0x6
 443 018a CE       		.byte	0xce
 444 018b D9070000 		.4byte	0x7d9
 445 018f 18       		.byte	0x18
 446 0190 07       		.uleb128 0x7
 447 0191 81040000 		.4byte	.LASF33
 448 0195 06       		.byte	0x6
 449 0196 D9       		.byte	0xd9
 450 0197 E3000000 		.4byte	0xe3
 451 019b 1C       		.byte	0x1c
 452 019c 07       		.uleb128 0x7
 453 019d A8040000 		.4byte	.LASF34
 454 01a1 06       		.byte	0x6
 455 01a2 DD       		.byte	0xdd
 456 01a3 D8000000 		.4byte	0xd8
ARM GAS  /tmp/ccg4zsAE.s 			page 9


 457 01a7 1D       		.byte	0x1d
 458 01a8 07       		.uleb128 0x7
 459 01a9 C9050000 		.4byte	.LASF35
 460 01ad 06       		.byte	0x6
 461 01ae E2       		.byte	0xe2
 462 01af EE000000 		.4byte	0xee
 463 01b3 1E       		.byte	0x1e
 464 01b4 08       		.uleb128 0x8
 465 01b5 705F7500 		.ascii	"p_u\000"
 466 01b9 06       		.byte	0x6
 467 01ba 1401     		.2byte	0x114
 468 01bc A1070000 		.4byte	0x7a1
 469 01c0 20       		.byte	0x20
 470 01c1 09       		.uleb128 0x9
 471 01c2 6B030000 		.4byte	.LASF36
 472 01c6 06       		.byte	0x6
 473 01c7 1901     		.2byte	0x119
 474 01c9 1D020000 		.4byte	0x21d
 475 01cd 24       		.byte	0x24
 476 01ce 09       		.uleb128 0x9
 477 01cf 8D010000 		.4byte	.LASF37
 478 01d3 06       		.byte	0x6
 479 01d4 1F01     		.2byte	0x11f
 480 01d6 41020000 		.4byte	0x241
 481 01da 28       		.byte	0x28
 482 01db 09       		.uleb128 0x9
 483 01dc 02060000 		.4byte	.LASF38
 484 01e0 06       		.byte	0x6
 485 01e1 2301     		.2byte	0x123
 486 01e3 04010000 		.4byte	0x104
 487 01e7 30       		.byte	0x30
 488 01e8 09       		.uleb128 0x9
 489 01e9 C9040000 		.4byte	.LASF39
 490 01ed 06       		.byte	0x6
 491 01ee 2901     		.2byte	0x129
 492 01f0 0F010000 		.4byte	0x10f
 493 01f4 34       		.byte	0x34
 494 01f5 09       		.uleb128 0x9
 495 01f6 6D040000 		.4byte	.LASF40
 496 01fa 06       		.byte	0x6
 497 01fb 3001     		.2byte	0x130
 498 01fd 1C080000 		.4byte	0x81c
 499 0201 38       		.byte	0x38
 500 0202 09       		.uleb128 0x9
 501 0203 55050000 		.4byte	.LASF41
 502 0207 06       		.byte	0x6
 503 0208 3401     		.2byte	0x134
 504 020a F9000000 		.4byte	0xf9
 505 020e 3C       		.byte	0x3c
 506 020f 09       		.uleb128 0x9
 507 0210 D6000000 		.4byte	.LASF42
 508 0214 06       		.byte	0x6
 509 0215 3A01     		.2byte	0x13a
 510 0217 F4020000 		.4byte	0x2f4
 511 021b 40       		.byte	0x40
 512 021c 00       		.byte	0
 513 021d 04       		.uleb128 0x4
ARM GAS  /tmp/ccg4zsAE.s 			page 10


 514 021e 43020000 		.4byte	.LASF43
 515 0222 05       		.byte	0x5
 516 0223 44       		.byte	0x44
 517 0224 28020000 		.4byte	0x228
 518 0228 06       		.uleb128 0x6
 519 0229 E5040000 		.4byte	.LASF45
 520 022d 04       		.byte	0x4
 521 022e 06       		.byte	0x6
 522 022f AC       		.byte	0xac
 523 0230 41020000 		.4byte	0x241
 524 0234 07       		.uleb128 0x7
 525 0235 95030000 		.4byte	.LASF26
 526 0239 06       		.byte	0x6
 527 023a AD       		.byte	0xad
 528 023b 9B070000 		.4byte	0x79b
 529 023f 00       		.byte	0
 530 0240 00       		.byte	0
 531 0241 04       		.uleb128 0x4
 532 0242 B9050000 		.4byte	.LASF46
 533 0246 05       		.byte	0x5
 534 0247 4B       		.byte	0x4b
 535 0248 4C020000 		.4byte	0x24c
 536 024c 06       		.uleb128 0x6
 537 024d 96000000 		.4byte	.LASF47
 538 0251 08       		.byte	0x8
 539 0252 06       		.byte	0x6
 540 0253 B3       		.byte	0xb3
 541 0254 71020000 		.4byte	0x271
 542 0258 07       		.uleb128 0x7
 543 0259 95030000 		.4byte	.LASF26
 544 025d 06       		.byte	0x6
 545 025e B4       		.byte	0xb4
 546 025f 9B070000 		.4byte	0x79b
 547 0263 00       		.byte	0
 548 0264 07       		.uleb128 0x7
 549 0265 2C040000 		.4byte	.LASF27
 550 0269 06       		.byte	0x6
 551 026a B5       		.byte	0xb5
 552 026b 9B070000 		.4byte	0x79b
 553 026f 04       		.byte	0x4
 554 0270 00       		.byte	0
 555 0271 04       		.uleb128 0x4
 556 0272 00000000 		.4byte	.LASF48
 557 0276 05       		.byte	0x5
 558 0277 52       		.byte	0x52
 559 0278 7C020000 		.4byte	0x27c
 560 027c 0A       		.uleb128 0xa
 561 027d 14020000 		.4byte	.LASF49
 562 0281 1C       		.byte	0x1c
 563 0282 06       		.byte	0x6
 564 0283 7201     		.2byte	0x172
 565 0285 D8020000 		.4byte	0x2d8
 566 0289 09       		.uleb128 0x9
 567 028a DD040000 		.4byte	.LASF50
 568 028e 06       		.byte	0x6
 569 028f 7301     		.2byte	0x173
 570 0291 41020000 		.4byte	0x241
ARM GAS  /tmp/ccg4zsAE.s 			page 11


 571 0295 00       		.byte	0
 572 0296 09       		.uleb128 0x9
 573 0297 91040000 		.4byte	.LASF51
 574 029b 06       		.byte	0x6
 575 029c 7401     		.2byte	0x174
 576 029e F9000000 		.4byte	0xf9
 577 02a2 08       		.byte	0x8
 578 02a3 09       		.uleb128 0x9
 579 02a4 C3030000 		.4byte	.LASF52
 580 02a8 06       		.byte	0x6
 581 02a9 7601     		.2byte	0x176
 582 02ab 1B060000 		.4byte	0x61b
 583 02af 0C       		.byte	0xc
 584 02b0 09       		.uleb128 0x9
 585 02b1 2E010000 		.4byte	.LASF53
 586 02b5 06       		.byte	0x6
 587 02b6 7901     		.2byte	0x179
 588 02b8 9B070000 		.4byte	0x79b
 589 02bc 10       		.byte	0x10
 590 02bd 09       		.uleb128 0x9
 591 02be 95050000 		.4byte	.LASF54
 592 02c2 06       		.byte	0x6
 593 02c3 7A01     		.2byte	0x17a
 594 02c5 9B070000 		.4byte	0x79b
 595 02c9 14       		.byte	0x14
 596 02ca 09       		.uleb128 0x9
 597 02cb E2030000 		.4byte	.LASF55
 598 02cf 06       		.byte	0x6
 599 02d0 7D01     		.2byte	0x17d
 600 02d2 9B070000 		.4byte	0x79b
 601 02d6 18       		.byte	0x18
 602 02d7 00       		.byte	0
 603 02d8 04       		.uleb128 0x4
 604 02d9 60050000 		.4byte	.LASF56
 605 02dd 05       		.byte	0x5
 606 02de 57       		.byte	0x57
 607 02df E3020000 		.4byte	0x2e3
 608 02e3 0B       		.uleb128 0xb
 609 02e4 04       		.byte	0x4
 610 02e5 E9020000 		.4byte	0x2e9
 611 02e9 0C       		.uleb128 0xc
 612 02ea F4020000 		.4byte	0x2f4
 613 02ee 0D       		.uleb128 0xd
 614 02ef F4020000 		.4byte	0x2f4
 615 02f3 00       		.byte	0
 616 02f4 0E       		.uleb128 0xe
 617 02f5 04       		.byte	0x4
 618 02f6 04       		.uleb128 0x4
 619 02f7 1C040000 		.4byte	.LASF57
 620 02fb 05       		.byte	0x5
 621 02fc 5C       		.byte	0x5c
 622 02fd 01030000 		.4byte	0x301
 623 0301 0A       		.uleb128 0xa
 624 0302 B8040000 		.4byte	.LASF58
 625 0306 14       		.byte	0x14
 626 0307 06       		.byte	0x6
 627 0308 4D01     		.2byte	0x14d
ARM GAS  /tmp/ccg4zsAE.s 			page 12


 628 030a 50030000 		.4byte	0x350
 629 030e 09       		.uleb128 0x9
 630 030f 7C010000 		.4byte	.LASF59
 631 0313 06       		.byte	0x6
 632 0314 4E01     		.2byte	0x14e
 633 0316 22080000 		.4byte	0x822
 634 031a 00       		.byte	0
 635 031b 09       		.uleb128 0x9
 636 031c 3F010000 		.4byte	.LASF60
 637 0320 06       		.byte	0x6
 638 0321 4F01     		.2byte	0x14f
 639 0323 22080000 		.4byte	0x822
 640 0327 04       		.byte	0x4
 641 0328 09       		.uleb128 0x9
 642 0329 84010000 		.4byte	.LASF61
 643 032d 06       		.byte	0x6
 644 032e 5001     		.2byte	0x150
 645 0330 1A010000 		.4byte	0x11a
 646 0334 08       		.byte	0x8
 647 0335 09       		.uleb128 0x9
 648 0336 16060000 		.4byte	.LASF62
 649 033a 06       		.byte	0x6
 650 033b 5101     		.2byte	0x151
 651 033d D8020000 		.4byte	0x2d8
 652 0341 0C       		.byte	0xc
 653 0342 09       		.uleb128 0x9
 654 0343 B2050000 		.4byte	.LASF63
 655 0347 06       		.byte	0x6
 656 0348 5301     		.2byte	0x153
 657 034a F4020000 		.4byte	0x2f4
 658 034e 10       		.byte	0x10
 659 034f 00       		.byte	0
 660 0350 04       		.uleb128 0x4
 661 0351 73000000 		.4byte	.LASF64
 662 0355 05       		.byte	0x5
 663 0356 61       		.byte	0x61
 664 0357 5B030000 		.4byte	0x35b
 665 035b 0A       		.uleb128 0xa
 666 035c 7E030000 		.4byte	.LASF65
 667 0360 10       		.byte	0x10
 668 0361 06       		.byte	0x6
 669 0362 5D01     		.2byte	0x15d
 670 0364 9D030000 		.4byte	0x39d
 671 0368 09       		.uleb128 0x9
 672 0369 7C010000 		.4byte	.LASF59
 673 036d 06       		.byte	0x6
 674 036e 5E01     		.2byte	0x15e
 675 0370 22080000 		.4byte	0x822
 676 0374 00       		.byte	0
 677 0375 09       		.uleb128 0x9
 678 0376 3F010000 		.4byte	.LASF60
 679 037a 06       		.byte	0x6
 680 037b 6001     		.2byte	0x160
 681 037d 22080000 		.4byte	0x822
 682 0381 04       		.byte	0x4
 683 0382 09       		.uleb128 0x9
 684 0383 84010000 		.4byte	.LASF61
ARM GAS  /tmp/ccg4zsAE.s 			page 13


 685 0387 06       		.byte	0x6
 686 0388 6201     		.2byte	0x162
 687 038a 1A010000 		.4byte	0x11a
 688 038e 08       		.byte	0x8
 689 038f 09       		.uleb128 0x9
 690 0390 9C030000 		.4byte	.LASF66
 691 0394 06       		.byte	0x6
 692 0395 6A01     		.2byte	0x16a
 693 0397 1A010000 		.4byte	0x11a
 694 039b 0C       		.byte	0xc
 695 039c 00       		.byte	0
 696 039d 04       		.uleb128 0x4
 697 039e 39000000 		.4byte	.LASF67
 698 03a2 05       		.byte	0x5
 699 03a3 66       		.byte	0x66
 700 03a4 A8030000 		.4byte	0x3a8
 701 03a8 0A       		.uleb128 0xa
 702 03a9 41040000 		.4byte	.LASF68
 703 03ad 04       		.byte	0x4
 704 03ae 06       		.byte	0x6
 705 03af 8401     		.2byte	0x184
 706 03b1 C3030000 		.4byte	0x3c3
 707 03b5 09       		.uleb128 0x9
 708 03b6 74050000 		.4byte	.LASF69
 709 03ba 06       		.byte	0x6
 710 03bb 8C01     		.2byte	0x18c
 711 03bd 28080000 		.4byte	0x828
 712 03c1 00       		.byte	0
 713 03c2 00       		.byte	0
 714 03c3 04       		.uleb128 0x4
 715 03c4 00020000 		.4byte	.LASF70
 716 03c8 05       		.byte	0x5
 717 03c9 6B       		.byte	0x6b
 718 03ca CE030000 		.4byte	0x3ce
 719 03ce 0F       		.uleb128 0xf
 720 03cf F9000000 		.4byte	.LASF71
 721 03d3 D801     		.2byte	0x1d8
 722 03d5 06       		.byte	0x6
 723 03d6 A401     		.2byte	0x1a4
 724 03d8 2A040000 		.4byte	0x42a
 725 03dc 09       		.uleb128 0x9
 726 03dd 0D000000 		.4byte	.LASF72
 727 03e1 06       		.byte	0x6
 728 03e2 A801     		.2byte	0x1a8
 729 03e4 71020000 		.4byte	0x271
 730 03e8 00       		.byte	0
 731 03e9 09       		.uleb128 0x9
 732 03ea E6000000 		.4byte	.LASF73
 733 03ee 06       		.byte	0x6
 734 03ef AC01     		.2byte	0x1ac
 735 03f1 50030000 		.4byte	0x350
 736 03f5 1C       		.byte	0x1c
 737 03f6 08       		.uleb128 0x8
 738 03f7 64626700 		.ascii	"dbg\000"
 739 03fb 06       		.byte	0x6
 740 03fc B001     		.2byte	0x1b0
 741 03fe 9D030000 		.4byte	0x39d
ARM GAS  /tmp/ccg4zsAE.s 			page 14


 742 0402 2C       		.byte	0x2c
 743 0403 09       		.uleb128 0x9
 744 0404 68000000 		.4byte	.LASF74
 745 0408 06       		.byte	0x6
 746 0409 B401     		.2byte	0x1b4
 747 040b 25010000 		.4byte	0x125
 748 040f 30       		.byte	0x30
 749 0410 08       		.uleb128 0x8
 750 0411 746D00   		.ascii	"tm\000"
 751 0414 06       		.byte	0x6
 752 0415 B901     		.2byte	0x1b9
 753 0417 90070000 		.4byte	0x790
 754 041b 74       		.byte	0x74
 755 041c 09       		.uleb128 0x9
 756 041d 60010000 		.4byte	.LASF75
 757 0421 06       		.byte	0x6
 758 0422 C501     		.2byte	0x1c5
 759 0424 2D080000 		.4byte	0x82d
 760 0428 78       		.byte	0x78
 761 0429 00       		.byte	0
 762 042a 03       		.uleb128 0x3
 763 042b 04       		.byte	0x4
 764 042c 07       		.byte	0x7
 765 042d 75030000 		.4byte	.LASF76
 766 0431 10       		.uleb128 0x10
 767 0432 AD000000 		.4byte	0xad
 768 0436 41040000 		.4byte	0x441
 769 043a 11       		.uleb128 0x11
 770 043b 2A040000 		.4byte	0x42a
 771 043f 03       		.byte	0x3
 772 0440 00       		.byte	0
 773 0441 12       		.uleb128 0x12
 774 0442 24       		.byte	0x24
 775 0443 07       		.byte	0x7
 776 0444 8A01     		.2byte	0x18a
 777 0446 BD040000 		.4byte	0x4bd
 778 044a 08       		.uleb128 0x8
 779 044b 41435200 		.ascii	"ACR\000"
 780 044f 07       		.byte	0x7
 781 0450 8C01     		.2byte	0x18c
 782 0452 C8000000 		.4byte	0xc8
 783 0456 00       		.byte	0
 784 0457 09       		.uleb128 0x9
 785 0458 17040000 		.4byte	.LASF77
 786 045c 07       		.byte	0x7
 787 045d 8D01     		.2byte	0x18d
 788 045f C8000000 		.4byte	0xc8
 789 0463 04       		.byte	0x4
 790 0464 09       		.uleb128 0x9
 791 0465 26010000 		.4byte	.LASF78
 792 0469 07       		.byte	0x7
 793 046a 8E01     		.2byte	0x18e
 794 046c C8000000 		.4byte	0xc8
 795 0470 08       		.byte	0x8
 796 0471 08       		.uleb128 0x8
 797 0472 535200   		.ascii	"SR\000"
 798 0475 07       		.byte	0x7
ARM GAS  /tmp/ccg4zsAE.s 			page 15


 799 0476 8F01     		.2byte	0x18f
 800 0478 C8000000 		.4byte	0xc8
 801 047c 0C       		.byte	0xc
 802 047d 08       		.uleb128 0x8
 803 047e 435200   		.ascii	"CR\000"
 804 0481 07       		.byte	0x7
 805 0482 9001     		.2byte	0x190
 806 0484 C8000000 		.4byte	0xc8
 807 0488 10       		.byte	0x10
 808 0489 08       		.uleb128 0x8
 809 048a 415200   		.ascii	"AR\000"
 810 048d 07       		.byte	0x7
 811 048e 9101     		.2byte	0x191
 812 0490 C8000000 		.4byte	0xc8
 813 0494 14       		.byte	0x14
 814 0495 09       		.uleb128 0x9
 815 0496 98040000 		.4byte	.LASF79
 816 049a 07       		.byte	0x7
 817 049b 9201     		.2byte	0x192
 818 049d AD000000 		.4byte	0xad
 819 04a1 18       		.byte	0x18
 820 04a2 08       		.uleb128 0x8
 821 04a3 4F425200 		.ascii	"OBR\000"
 822 04a7 07       		.byte	0x7
 823 04a8 9301     		.2byte	0x193
 824 04aa C8000000 		.4byte	0xc8
 825 04ae 1C       		.byte	0x1c
 826 04af 09       		.uleb128 0x9
 827 04b0 31050000 		.4byte	.LASF80
 828 04b4 07       		.byte	0x7
 829 04b5 9401     		.2byte	0x194
 830 04b7 C8000000 		.4byte	0xc8
 831 04bb 20       		.byte	0x20
 832 04bc 00       		.byte	0
 833 04bd 13       		.uleb128 0x13
 834 04be C8000000 		.4byte	.LASF81
 835 04c2 07       		.byte	0x7
 836 04c3 9601     		.2byte	0x196
 837 04c5 41040000 		.4byte	0x441
 838 04c9 12       		.uleb128 0x12
 839 04ca 1C       		.byte	0x1c
 840 04cb 07       		.byte	0x7
 841 04cc C701     		.2byte	0x1c7
 842 04ce 07050000 		.4byte	0x507
 843 04d2 09       		.uleb128 0x9
 844 04d3 D5050000 		.4byte	.LASF82
 845 04d7 07       		.byte	0x7
 846 04d8 C901     		.2byte	0x1c9
 847 04da C8000000 		.4byte	0xc8
 848 04de 00       		.byte	0
 849 04df 08       		.uleb128 0x8
 850 04e0 52435200 		.ascii	"RCR\000"
 851 04e4 07       		.byte	0x7
 852 04e5 CA01     		.2byte	0x1ca
 853 04e7 C8000000 		.4byte	0xc8
 854 04eb 04       		.byte	0x4
 855 04ec 09       		.uleb128 0x9
ARM GAS  /tmp/ccg4zsAE.s 			page 16


 856 04ed 1E060000 		.4byte	.LASF83
 857 04f1 07       		.byte	0x7
 858 04f2 CB01     		.2byte	0x1cb
 859 04f4 07050000 		.4byte	0x507
 860 04f8 08       		.byte	0x8
 861 04f9 09       		.uleb128 0x9
 862 04fa DB050000 		.4byte	.LASF84
 863 04fe 07       		.byte	0x7
 864 04ff CC01     		.2byte	0x1cc
 865 0501 C8000000 		.4byte	0xc8
 866 0505 18       		.byte	0x18
 867 0506 00       		.byte	0
 868 0507 05       		.uleb128 0x5
 869 0508 31040000 		.4byte	0x431
 870 050c 13       		.uleb128 0x13
 871 050d 00040000 		.4byte	.LASF85
 872 0511 07       		.byte	0x7
 873 0512 CD01     		.2byte	0x1cd
 874 0514 C9040000 		.4byte	0x4c9
 875 0518 12       		.uleb128 0x12
 876 0519 08       		.byte	0x8
 877 051a 07       		.byte	0x7
 878 051b F301     		.2byte	0x1f3
 879 051d 3B050000 		.4byte	0x53b
 880 0521 08       		.uleb128 0x8
 881 0522 435200   		.ascii	"CR\000"
 882 0525 07       		.byte	0x7
 883 0526 F501     		.2byte	0x1f5
 884 0528 C8000000 		.4byte	0xc8
 885 052c 00       		.byte	0
 886 052d 08       		.uleb128 0x8
 887 052e 43535200 		.ascii	"CSR\000"
 888 0532 07       		.byte	0x7
 889 0533 F601     		.2byte	0x1f6
 890 0535 C8000000 		.4byte	0xc8
 891 0539 04       		.byte	0x4
 892 053a 00       		.byte	0
 893 053b 13       		.uleb128 0x13
 894 053c ED000000 		.4byte	.LASF86
 895 0540 07       		.byte	0x7
 896 0541 F701     		.2byte	0x1f7
 897 0543 18050000 		.4byte	0x518
 898 0547 12       		.uleb128 0x12
 899 0548 34       		.byte	0x34
 900 0549 07       		.byte	0x7
 901 054a FC01     		.2byte	0x1fc
 902 054c F9050000 		.4byte	0x5f9
 903 0550 08       		.uleb128 0x8
 904 0551 435200   		.ascii	"CR\000"
 905 0554 07       		.byte	0x7
 906 0555 FE01     		.2byte	0x1fe
 907 0557 C8000000 		.4byte	0xc8
 908 055b 00       		.byte	0
 909 055c 09       		.uleb128 0x9
 910 055d FD050000 		.4byte	.LASF87
 911 0561 07       		.byte	0x7
 912 0562 FF01     		.2byte	0x1ff
ARM GAS  /tmp/ccg4zsAE.s 			page 17


 913 0564 C8000000 		.4byte	0xc8
 914 0568 04       		.byte	0x4
 915 0569 08       		.uleb128 0x8
 916 056a 43495200 		.ascii	"CIR\000"
 917 056e 07       		.byte	0x7
 918 056f 0002     		.2byte	0x200
 919 0571 C8000000 		.4byte	0xc8
 920 0575 08       		.byte	0x8
 921 0576 09       		.uleb128 0x9
 922 0577 0C010000 		.4byte	.LASF88
 923 057b 07       		.byte	0x7
 924 057c 0102     		.2byte	0x201
 925 057e C8000000 		.4byte	0xc8
 926 0582 0C       		.byte	0xc
 927 0583 09       		.uleb128 0x9
 928 0584 EC030000 		.4byte	.LASF89
 929 0588 07       		.byte	0x7
 930 0589 0202     		.2byte	0x202
 931 058b C8000000 		.4byte	0xc8
 932 058f 10       		.byte	0x10
 933 0590 09       		.uleb128 0x9
 934 0591 C7010000 		.4byte	.LASF90
 935 0595 07       		.byte	0x7
 936 0596 0302     		.2byte	0x203
 937 0598 C8000000 		.4byte	0xc8
 938 059c 14       		.byte	0x14
 939 059d 09       		.uleb128 0x9
 940 059e B0040000 		.4byte	.LASF91
 941 05a2 07       		.byte	0x7
 942 05a3 0402     		.2byte	0x204
 943 05a5 C8000000 		.4byte	0xc8
 944 05a9 18       		.byte	0x18
 945 05aa 09       		.uleb128 0x9
 946 05ab 85050000 		.4byte	.LASF92
 947 05af 07       		.byte	0x7
 948 05b0 0502     		.2byte	0x205
 949 05b2 C8000000 		.4byte	0xc8
 950 05b6 1C       		.byte	0x1c
 951 05b7 09       		.uleb128 0x9
 952 05b8 D0050000 		.4byte	.LASF93
 953 05bc 07       		.byte	0x7
 954 05bd 0602     		.2byte	0x206
 955 05bf C8000000 		.4byte	0xc8
 956 05c3 20       		.byte	0x20
 957 05c4 08       		.uleb128 0x8
 958 05c5 43535200 		.ascii	"CSR\000"
 959 05c9 07       		.byte	0x7
 960 05ca 0702     		.2byte	0x207
 961 05cc C8000000 		.4byte	0xc8
 962 05d0 24       		.byte	0x24
 963 05d1 09       		.uleb128 0x9
 964 05d2 DA030000 		.4byte	.LASF94
 965 05d6 07       		.byte	0x7
 966 05d7 0802     		.2byte	0x208
 967 05d9 C8000000 		.4byte	0xc8
 968 05dd 28       		.byte	0x28
 969 05de 09       		.uleb128 0x9
ARM GAS  /tmp/ccg4zsAE.s 			page 18


 970 05df DB050000 		.4byte	.LASF84
 971 05e3 07       		.byte	0x7
 972 05e4 0902     		.2byte	0x209
 973 05e6 C8000000 		.4byte	0xc8
 974 05ea 2C       		.byte	0x2c
 975 05eb 09       		.uleb128 0x9
 976 05ec E1050000 		.4byte	.LASF95
 977 05f0 07       		.byte	0x7
 978 05f1 0A02     		.2byte	0x20a
 979 05f3 C8000000 		.4byte	0xc8
 980 05f7 30       		.byte	0x30
 981 05f8 00       		.byte	0
 982 05f9 13       		.uleb128 0x13
 983 05fa 98010000 		.4byte	.LASF96
 984 05fe 07       		.byte	0x7
 985 05ff 0B02     		.2byte	0x20b
 986 0601 47050000 		.4byte	0x547
 987 0605 04       		.uleb128 0x4
 988 0606 36010000 		.4byte	.LASF97
 989 060a 08       		.byte	0x8
 990 060b 85       		.byte	0x85
 991 060c F4020000 		.4byte	0x2f4
 992 0610 04       		.uleb128 0x4
 993 0611 38020000 		.4byte	.LASF98
 994 0615 08       		.byte	0x8
 995 0616 8D       		.byte	0x8d
 996 0617 B8000000 		.4byte	0xb8
 997 061b 06       		.uleb128 0x6
 998 061c 8D050000 		.4byte	.LASF99
 999 0620 04       		.byte	0x4
 1000 0621 08       		.byte	0x8
 1001 0622 A9       		.byte	0xa9
 1002 0623 34060000 		.4byte	0x634
 1003 0627 14       		.uleb128 0x14
 1004 0628 72313300 		.ascii	"r13\000"
 1005 062c 08       		.byte	0x8
 1006 062d AA       		.byte	0xaa
 1007 062e 75070000 		.4byte	0x775
 1008 0632 00       		.byte	0
 1009 0633 00       		.byte	0
 1010 0634 06       		.uleb128 0x6
 1011 0635 2D000000 		.4byte	.LASF100
 1012 0639 64       		.byte	0x64
 1013 063a 09       		.byte	0x9
 1014 063b F4       		.byte	0xf4
 1015 063c 75070000 		.4byte	0x775
 1016 0640 14       		.uleb128 0x14
 1017 0641 73313600 		.ascii	"s16\000"
 1018 0645 09       		.byte	0x9
 1019 0646 F6       		.byte	0xf6
 1020 0647 05060000 		.4byte	0x605
 1021 064b 00       		.byte	0
 1022 064c 14       		.uleb128 0x14
 1023 064d 73313700 		.ascii	"s17\000"
 1024 0651 09       		.byte	0x9
 1025 0652 F7       		.byte	0xf7
 1026 0653 05060000 		.4byte	0x605
ARM GAS  /tmp/ccg4zsAE.s 			page 19


 1027 0657 04       		.byte	0x4
 1028 0658 14       		.uleb128 0x14
 1029 0659 73313800 		.ascii	"s18\000"
 1030 065d 09       		.byte	0x9
 1031 065e F8       		.byte	0xf8
 1032 065f 05060000 		.4byte	0x605
 1033 0663 08       		.byte	0x8
 1034 0664 14       		.uleb128 0x14
 1035 0665 73313900 		.ascii	"s19\000"
 1036 0669 09       		.byte	0x9
 1037 066a F9       		.byte	0xf9
 1038 066b 05060000 		.4byte	0x605
 1039 066f 0C       		.byte	0xc
 1040 0670 14       		.uleb128 0x14
 1041 0671 73323000 		.ascii	"s20\000"
 1042 0675 09       		.byte	0x9
 1043 0676 FA       		.byte	0xfa
 1044 0677 05060000 		.4byte	0x605
 1045 067b 10       		.byte	0x10
 1046 067c 14       		.uleb128 0x14
 1047 067d 73323100 		.ascii	"s21\000"
 1048 0681 09       		.byte	0x9
 1049 0682 FB       		.byte	0xfb
 1050 0683 05060000 		.4byte	0x605
 1051 0687 14       		.byte	0x14
 1052 0688 14       		.uleb128 0x14
 1053 0689 73323200 		.ascii	"s22\000"
 1054 068d 09       		.byte	0x9
 1055 068e FC       		.byte	0xfc
 1056 068f 05060000 		.4byte	0x605
 1057 0693 18       		.byte	0x18
 1058 0694 14       		.uleb128 0x14
 1059 0695 73323300 		.ascii	"s23\000"
 1060 0699 09       		.byte	0x9
 1061 069a FD       		.byte	0xfd
 1062 069b 05060000 		.4byte	0x605
 1063 069f 1C       		.byte	0x1c
 1064 06a0 14       		.uleb128 0x14
 1065 06a1 73323400 		.ascii	"s24\000"
 1066 06a5 09       		.byte	0x9
 1067 06a6 FE       		.byte	0xfe
 1068 06a7 05060000 		.4byte	0x605
 1069 06ab 20       		.byte	0x20
 1070 06ac 14       		.uleb128 0x14
 1071 06ad 73323500 		.ascii	"s25\000"
 1072 06b1 09       		.byte	0x9
 1073 06b2 FF       		.byte	0xff
 1074 06b3 05060000 		.4byte	0x605
 1075 06b7 24       		.byte	0x24
 1076 06b8 08       		.uleb128 0x8
 1077 06b9 73323600 		.ascii	"s26\000"
 1078 06bd 09       		.byte	0x9
 1079 06be 0001     		.2byte	0x100
 1080 06c0 05060000 		.4byte	0x605
 1081 06c4 28       		.byte	0x28
 1082 06c5 08       		.uleb128 0x8
 1083 06c6 73323700 		.ascii	"s27\000"
ARM GAS  /tmp/ccg4zsAE.s 			page 20


 1084 06ca 09       		.byte	0x9
 1085 06cb 0101     		.2byte	0x101
 1086 06cd 05060000 		.4byte	0x605
 1087 06d1 2C       		.byte	0x2c
 1088 06d2 08       		.uleb128 0x8
 1089 06d3 73323800 		.ascii	"s28\000"
 1090 06d7 09       		.byte	0x9
 1091 06d8 0201     		.2byte	0x102
 1092 06da 05060000 		.4byte	0x605
 1093 06de 30       		.byte	0x30
 1094 06df 08       		.uleb128 0x8
 1095 06e0 73323900 		.ascii	"s29\000"
 1096 06e4 09       		.byte	0x9
 1097 06e5 0301     		.2byte	0x103
 1098 06e7 05060000 		.4byte	0x605
 1099 06eb 34       		.byte	0x34
 1100 06ec 08       		.uleb128 0x8
 1101 06ed 73333000 		.ascii	"s30\000"
 1102 06f1 09       		.byte	0x9
 1103 06f2 0401     		.2byte	0x104
 1104 06f4 05060000 		.4byte	0x605
 1105 06f8 38       		.byte	0x38
 1106 06f9 08       		.uleb128 0x8
 1107 06fa 73333100 		.ascii	"s31\000"
 1108 06fe 09       		.byte	0x9
 1109 06ff 0501     		.2byte	0x105
 1110 0701 05060000 		.4byte	0x605
 1111 0705 3C       		.byte	0x3c
 1112 0706 08       		.uleb128 0x8
 1113 0707 723400   		.ascii	"r4\000"
 1114 070a 09       		.byte	0x9
 1115 070b 0701     		.2byte	0x107
 1116 070d 05060000 		.4byte	0x605
 1117 0711 40       		.byte	0x40
 1118 0712 08       		.uleb128 0x8
 1119 0713 723500   		.ascii	"r5\000"
 1120 0716 09       		.byte	0x9
 1121 0717 0801     		.2byte	0x108
 1122 0719 05060000 		.4byte	0x605
 1123 071d 44       		.byte	0x44
 1124 071e 08       		.uleb128 0x8
 1125 071f 723600   		.ascii	"r6\000"
 1126 0722 09       		.byte	0x9
 1127 0723 0901     		.2byte	0x109
 1128 0725 05060000 		.4byte	0x605
 1129 0729 48       		.byte	0x48
 1130 072a 08       		.uleb128 0x8
 1131 072b 723700   		.ascii	"r7\000"
 1132 072e 09       		.byte	0x9
 1133 072f 0A01     		.2byte	0x10a
 1134 0731 05060000 		.4byte	0x605
 1135 0735 4C       		.byte	0x4c
 1136 0736 08       		.uleb128 0x8
 1137 0737 723800   		.ascii	"r8\000"
 1138 073a 09       		.byte	0x9
 1139 073b 0B01     		.2byte	0x10b
 1140 073d 05060000 		.4byte	0x605
ARM GAS  /tmp/ccg4zsAE.s 			page 21


 1141 0741 50       		.byte	0x50
 1142 0742 08       		.uleb128 0x8
 1143 0743 723900   		.ascii	"r9\000"
 1144 0746 09       		.byte	0x9
 1145 0747 0C01     		.2byte	0x10c
 1146 0749 05060000 		.4byte	0x605
 1147 074d 54       		.byte	0x54
 1148 074e 08       		.uleb128 0x8
 1149 074f 72313000 		.ascii	"r10\000"
 1150 0753 09       		.byte	0x9
 1151 0754 0D01     		.2byte	0x10d
 1152 0756 05060000 		.4byte	0x605
 1153 075a 58       		.byte	0x58
 1154 075b 08       		.uleb128 0x8
 1155 075c 72313100 		.ascii	"r11\000"
 1156 0760 09       		.byte	0x9
 1157 0761 0E01     		.2byte	0x10e
 1158 0763 05060000 		.4byte	0x605
 1159 0767 5C       		.byte	0x5c
 1160 0768 08       		.uleb128 0x8
 1161 0769 6C7200   		.ascii	"lr\000"
 1162 076c 09       		.byte	0x9
 1163 076d 0F01     		.2byte	0x10f
 1164 076f 05060000 		.4byte	0x605
 1165 0773 60       		.byte	0x60
 1166 0774 00       		.byte	0
 1167 0775 0B       		.uleb128 0xb
 1168 0776 04       		.byte	0x4
 1169 0777 34060000 		.4byte	0x634
 1170 077b 15       		.uleb128 0x15
 1171 077c 04       		.byte	0x4
 1172 077d 0A       		.byte	0xa
 1173 077e 38       		.byte	0x38
 1174 077f 90070000 		.4byte	0x790
 1175 0783 07       		.uleb128 0x7
 1176 0784 7E050000 		.4byte	.LASF101
 1177 0788 0A       		.byte	0xa
 1178 0789 3C       		.byte	0x3c
 1179 078a CD000000 		.4byte	0xcd
 1180 078e 00       		.byte	0
 1181 078f 00       		.byte	0
 1182 0790 04       		.uleb128 0x4
 1183 0791 C9030000 		.4byte	.LASF102
 1184 0795 0A       		.byte	0xa
 1185 0796 3D       		.byte	0x3d
 1186 0797 7B070000 		.4byte	0x77b
 1187 079b 0B       		.uleb128 0xb
 1188 079c 04       		.byte	0x4
 1189 079d 25010000 		.4byte	0x125
 1190 07a1 16       		.uleb128 0x16
 1191 07a2 04       		.byte	0x4
 1192 07a3 06       		.byte	0x6
 1193 07a4 F6       		.byte	0xf6
 1194 07a5 D9070000 		.4byte	0x7d9
 1195 07a9 17       		.uleb128 0x17
 1196 07aa 13000000 		.4byte	.LASF103
 1197 07ae 06       		.byte	0x6
ARM GAS  /tmp/ccg4zsAE.s 			page 22


 1198 07af FD       		.byte	0xfd
 1199 07b0 04010000 		.4byte	0x104
 1200 07b4 18       		.uleb128 0x18
 1201 07b5 5F000000 		.4byte	.LASF104
 1202 07b9 06       		.byte	0x6
 1203 07ba 0401     		.2byte	0x104
 1204 07bc 04010000 		.4byte	0x104
 1205 07c0 18       		.uleb128 0x18
 1206 07c1 EF050000 		.4byte	.LASF105
 1207 07c5 06       		.byte	0x6
 1208 07c6 0B01     		.2byte	0x10b
 1209 07c8 F4020000 		.4byte	0x2f4
 1210 07cc 18       		.uleb128 0x18
 1211 07cd A1040000 		.4byte	.LASF106
 1212 07d1 06       		.byte	0x6
 1213 07d2 1201     		.2byte	0x112
 1214 07d4 0F010000 		.4byte	0x10f
 1215 07d8 00       		.byte	0
 1216 07d9 0B       		.uleb128 0xb
 1217 07da 04       		.byte	0x4
 1218 07db DF070000 		.4byte	0x7df
 1219 07df 19       		.uleb128 0x19
 1220 07e0 E4070000 		.4byte	0x7e4
 1221 07e4 03       		.uleb128 0x3
 1222 07e5 01       		.byte	0x1
 1223 07e6 08       		.byte	0x8
 1224 07e7 36050000 		.4byte	.LASF107
 1225 07eb 06       		.uleb128 0x6
 1226 07ec 3B040000 		.4byte	.LASF108
 1227 07f0 10       		.byte	0x10
 1228 07f1 0B       		.byte	0xb
 1229 07f2 39       		.byte	0x39
 1230 07f3 1C080000 		.4byte	0x81c
 1231 07f7 07       		.uleb128 0x7
 1232 07f8 DE000000 		.4byte	.LASF109
 1233 07fc 0B       		.byte	0xb
 1234 07fd 3A       		.byte	0x3a
 1235 07fe 41020000 		.4byte	0x241
 1236 0802 00       		.byte	0
 1237 0803 07       		.uleb128 0x7
 1238 0804 08060000 		.4byte	.LASF110
 1239 0808 0B       		.byte	0xb
 1240 0809 3C       		.byte	0x3c
 1241 080a 9B070000 		.4byte	0x79b
 1242 080e 08       		.byte	0x8
 1243 080f 07       		.uleb128 0x7
 1244 0810 44050000 		.4byte	.LASF111
 1245 0814 0B       		.byte	0xb
 1246 0815 3E       		.byte	0x3e
 1247 0816 48080000 		.4byte	0x848
 1248 081a 0C       		.byte	0xc
 1249 081b 00       		.byte	0
 1250 081c 0B       		.uleb128 0xb
 1251 081d 04       		.byte	0x4
 1252 081e EB070000 		.4byte	0x7eb
 1253 0822 0B       		.uleb128 0xb
 1254 0823 04       		.byte	0x4
ARM GAS  /tmp/ccg4zsAE.s 			page 23


 1255 0824 F6020000 		.4byte	0x2f6
 1256 0828 05       		.uleb128 0x5
 1257 0829 D9070000 		.4byte	0x7d9
 1258 082d 10       		.uleb128 0x10
 1259 082e 10060000 		.4byte	0x610
 1260 0832 3D080000 		.4byte	0x83d
 1261 0836 11       		.uleb128 0x11
 1262 0837 2A040000 		.4byte	0x42a
 1263 083b 2B       		.byte	0x2b
 1264 083c 00       		.byte	0
 1265 083d 04       		.uleb128 0x4
 1266 083e 58010000 		.4byte	.LASF112
 1267 0842 0B       		.byte	0xb
 1268 0843 34       		.byte	0x34
 1269 0844 EB070000 		.4byte	0x7eb
 1270 0848 0B       		.uleb128 0xb
 1271 0849 04       		.byte	0x4
 1272 084a 3D080000 		.4byte	0x83d
 1273 084e 03       		.uleb128 0x3
 1274 084f 01       		.byte	0x1
 1275 0850 02       		.byte	0x2
 1276 0851 51040000 		.4byte	.LASF113
 1277 0855 1A       		.uleb128 0x1a
 1278 0856 A8030000 		.4byte	.LASF118
 1279 085a 01       		.byte	0x1
 1280 085b 30       		.byte	0x30
 1281 085c 01       		.byte	0x1
 1282 085d 1B       		.uleb128 0x1b
 1283 085e 9D050000 		.4byte	.LASF119
 1284 0862 01       		.byte	0x1
 1285 0863 63       		.byte	0x63
 1286 0864 00000000 		.4byte	.LFB256
 1287 0868 80000000 		.4byte	.LFE256-.LFB256
 1288 086c 01       		.uleb128 0x1
 1289 086d 9C       		.byte	0x9c
 1290 086e 8B080000 		.4byte	0x88b
 1291 0872 1C       		.uleb128 0x1c
 1292 0873 55080000 		.4byte	0x855
 1293 0877 02000000 		.4byte	.LBB4
 1294 087b 00000000 		.4byte	.Ldebug_ranges0+0
 1295 087f 01       		.byte	0x1
 1296 0880 6E       		.byte	0x6e
 1297 0881 1D       		.uleb128 0x1d
 1298 0882 5E000000 		.4byte	.LVL0
 1299 0886 B3080000 		.4byte	0x8b3
 1300 088a 00       		.byte	0
 1301 088b 1E       		.uleb128 0x1e
 1302 088c 47010000 		.4byte	.LASF120
 1303 0890 01       		.byte	0x1
 1304 0891 8A       		.byte	0x8a
 1305 0892 00000000 		.4byte	.LFB257
 1306 0896 A0000000 		.4byte	.LFE257-.LFB257
 1307 089a 01       		.uleb128 0x1
 1308 089b 9C       		.byte	0x9c
 1309 089c 1F       		.uleb128 0x1f
 1310 089d 89000000 		.4byte	.LASF114
 1311 08a1 0C       		.byte	0xc
ARM GAS  /tmp/ccg4zsAE.s 			page 24


 1312 08a2 A706     		.2byte	0x6a7
 1313 08a4 C3000000 		.4byte	0xc3
 1314 08a8 20       		.uleb128 0x20
 1315 08a9 636800   		.ascii	"ch\000"
 1316 08ac 06       		.byte	0x6
 1317 08ad EB01     		.2byte	0x1eb
 1318 08af C3030000 		.4byte	0x3c3
 1319 08b3 21       		.uleb128 0x21
 1320 08b4 F5040000 		.4byte	.LASF121
 1321 08b8 0D       		.byte	0xd
 1322 08b9 8A01     		.2byte	0x18a
 1323 08bb 00       		.byte	0
 1324              		.section	.debug_abbrev,"",%progbits
 1325              	.Ldebug_abbrev0:
 1326 0000 01       		.uleb128 0x1
 1327 0001 11       		.uleb128 0x11
 1328 0002 01       		.byte	0x1
 1329 0003 25       		.uleb128 0x25
 1330 0004 0E       		.uleb128 0xe
 1331 0005 13       		.uleb128 0x13
 1332 0006 0B       		.uleb128 0xb
 1333 0007 03       		.uleb128 0x3
 1334 0008 0E       		.uleb128 0xe
 1335 0009 1B       		.uleb128 0x1b
 1336 000a 0E       		.uleb128 0xe
 1337 000b 55       		.uleb128 0x55
 1338 000c 17       		.uleb128 0x17
 1339 000d 11       		.uleb128 0x11
 1340 000e 01       		.uleb128 0x1
 1341 000f 10       		.uleb128 0x10
 1342 0010 17       		.uleb128 0x17
 1343 0011 00       		.byte	0
 1344 0012 00       		.byte	0
 1345 0013 02       		.uleb128 0x2
 1346 0014 24       		.uleb128 0x24
 1347 0015 00       		.byte	0
 1348 0016 0B       		.uleb128 0xb
 1349 0017 0B       		.uleb128 0xb
 1350 0018 3E       		.uleb128 0x3e
 1351 0019 0B       		.uleb128 0xb
 1352 001a 03       		.uleb128 0x3
 1353 001b 08       		.uleb128 0x8
 1354 001c 00       		.byte	0
 1355 001d 00       		.byte	0
 1356 001e 03       		.uleb128 0x3
 1357 001f 24       		.uleb128 0x24
 1358 0020 00       		.byte	0
 1359 0021 0B       		.uleb128 0xb
 1360 0022 0B       		.uleb128 0xb
 1361 0023 3E       		.uleb128 0x3e
 1362 0024 0B       		.uleb128 0xb
 1363 0025 03       		.uleb128 0x3
 1364 0026 0E       		.uleb128 0xe
 1365 0027 00       		.byte	0
 1366 0028 00       		.byte	0
 1367 0029 04       		.uleb128 0x4
 1368 002a 16       		.uleb128 0x16
ARM GAS  /tmp/ccg4zsAE.s 			page 25


 1369 002b 00       		.byte	0
 1370 002c 03       		.uleb128 0x3
 1371 002d 0E       		.uleb128 0xe
 1372 002e 3A       		.uleb128 0x3a
 1373 002f 0B       		.uleb128 0xb
 1374 0030 3B       		.uleb128 0x3b
 1375 0031 0B       		.uleb128 0xb
 1376 0032 49       		.uleb128 0x49
 1377 0033 13       		.uleb128 0x13
 1378 0034 00       		.byte	0
 1379 0035 00       		.byte	0
 1380 0036 05       		.uleb128 0x5
 1381 0037 35       		.uleb128 0x35
 1382 0038 00       		.byte	0
 1383 0039 49       		.uleb128 0x49
 1384 003a 13       		.uleb128 0x13
 1385 003b 00       		.byte	0
 1386 003c 00       		.byte	0
 1387 003d 06       		.uleb128 0x6
 1388 003e 13       		.uleb128 0x13
 1389 003f 01       		.byte	0x1
 1390 0040 03       		.uleb128 0x3
 1391 0041 0E       		.uleb128 0xe
 1392 0042 0B       		.uleb128 0xb
 1393 0043 0B       		.uleb128 0xb
 1394 0044 3A       		.uleb128 0x3a
 1395 0045 0B       		.uleb128 0xb
 1396 0046 3B       		.uleb128 0x3b
 1397 0047 0B       		.uleb128 0xb
 1398 0048 01       		.uleb128 0x1
 1399 0049 13       		.uleb128 0x13
 1400 004a 00       		.byte	0
 1401 004b 00       		.byte	0
 1402 004c 07       		.uleb128 0x7
 1403 004d 0D       		.uleb128 0xd
 1404 004e 00       		.byte	0
 1405 004f 03       		.uleb128 0x3
 1406 0050 0E       		.uleb128 0xe
 1407 0051 3A       		.uleb128 0x3a
 1408 0052 0B       		.uleb128 0xb
 1409 0053 3B       		.uleb128 0x3b
 1410 0054 0B       		.uleb128 0xb
 1411 0055 49       		.uleb128 0x49
 1412 0056 13       		.uleb128 0x13
 1413 0057 38       		.uleb128 0x38
 1414 0058 0B       		.uleb128 0xb
 1415 0059 00       		.byte	0
 1416 005a 00       		.byte	0
 1417 005b 08       		.uleb128 0x8
 1418 005c 0D       		.uleb128 0xd
 1419 005d 00       		.byte	0
 1420 005e 03       		.uleb128 0x3
 1421 005f 08       		.uleb128 0x8
 1422 0060 3A       		.uleb128 0x3a
 1423 0061 0B       		.uleb128 0xb
 1424 0062 3B       		.uleb128 0x3b
 1425 0063 05       		.uleb128 0x5
ARM GAS  /tmp/ccg4zsAE.s 			page 26


 1426 0064 49       		.uleb128 0x49
 1427 0065 13       		.uleb128 0x13
 1428 0066 38       		.uleb128 0x38
 1429 0067 0B       		.uleb128 0xb
 1430 0068 00       		.byte	0
 1431 0069 00       		.byte	0
 1432 006a 09       		.uleb128 0x9
 1433 006b 0D       		.uleb128 0xd
 1434 006c 00       		.byte	0
 1435 006d 03       		.uleb128 0x3
 1436 006e 0E       		.uleb128 0xe
 1437 006f 3A       		.uleb128 0x3a
 1438 0070 0B       		.uleb128 0xb
 1439 0071 3B       		.uleb128 0x3b
 1440 0072 05       		.uleb128 0x5
 1441 0073 49       		.uleb128 0x49
 1442 0074 13       		.uleb128 0x13
 1443 0075 38       		.uleb128 0x38
 1444 0076 0B       		.uleb128 0xb
 1445 0077 00       		.byte	0
 1446 0078 00       		.byte	0
 1447 0079 0A       		.uleb128 0xa
 1448 007a 13       		.uleb128 0x13
 1449 007b 01       		.byte	0x1
 1450 007c 03       		.uleb128 0x3
 1451 007d 0E       		.uleb128 0xe
 1452 007e 0B       		.uleb128 0xb
 1453 007f 0B       		.uleb128 0xb
 1454 0080 3A       		.uleb128 0x3a
 1455 0081 0B       		.uleb128 0xb
 1456 0082 3B       		.uleb128 0x3b
 1457 0083 05       		.uleb128 0x5
 1458 0084 01       		.uleb128 0x1
 1459 0085 13       		.uleb128 0x13
 1460 0086 00       		.byte	0
 1461 0087 00       		.byte	0
 1462 0088 0B       		.uleb128 0xb
 1463 0089 0F       		.uleb128 0xf
 1464 008a 00       		.byte	0
 1465 008b 0B       		.uleb128 0xb
 1466 008c 0B       		.uleb128 0xb
 1467 008d 49       		.uleb128 0x49
 1468 008e 13       		.uleb128 0x13
 1469 008f 00       		.byte	0
 1470 0090 00       		.byte	0
 1471 0091 0C       		.uleb128 0xc
 1472 0092 15       		.uleb128 0x15
 1473 0093 01       		.byte	0x1
 1474 0094 27       		.uleb128 0x27
 1475 0095 19       		.uleb128 0x19
 1476 0096 01       		.uleb128 0x1
 1477 0097 13       		.uleb128 0x13
 1478 0098 00       		.byte	0
 1479 0099 00       		.byte	0
 1480 009a 0D       		.uleb128 0xd
 1481 009b 05       		.uleb128 0x5
 1482 009c 00       		.byte	0
ARM GAS  /tmp/ccg4zsAE.s 			page 27


 1483 009d 49       		.uleb128 0x49
 1484 009e 13       		.uleb128 0x13
 1485 009f 00       		.byte	0
 1486 00a0 00       		.byte	0
 1487 00a1 0E       		.uleb128 0xe
 1488 00a2 0F       		.uleb128 0xf
 1489 00a3 00       		.byte	0
 1490 00a4 0B       		.uleb128 0xb
 1491 00a5 0B       		.uleb128 0xb
 1492 00a6 00       		.byte	0
 1493 00a7 00       		.byte	0
 1494 00a8 0F       		.uleb128 0xf
 1495 00a9 13       		.uleb128 0x13
 1496 00aa 01       		.byte	0x1
 1497 00ab 03       		.uleb128 0x3
 1498 00ac 0E       		.uleb128 0xe
 1499 00ad 0B       		.uleb128 0xb
 1500 00ae 05       		.uleb128 0x5
 1501 00af 3A       		.uleb128 0x3a
 1502 00b0 0B       		.uleb128 0xb
 1503 00b1 3B       		.uleb128 0x3b
 1504 00b2 05       		.uleb128 0x5
 1505 00b3 01       		.uleb128 0x1
 1506 00b4 13       		.uleb128 0x13
 1507 00b5 00       		.byte	0
 1508 00b6 00       		.byte	0
 1509 00b7 10       		.uleb128 0x10
 1510 00b8 01       		.uleb128 0x1
 1511 00b9 01       		.byte	0x1
 1512 00ba 49       		.uleb128 0x49
 1513 00bb 13       		.uleb128 0x13
 1514 00bc 01       		.uleb128 0x1
 1515 00bd 13       		.uleb128 0x13
 1516 00be 00       		.byte	0
 1517 00bf 00       		.byte	0
 1518 00c0 11       		.uleb128 0x11
 1519 00c1 21       		.uleb128 0x21
 1520 00c2 00       		.byte	0
 1521 00c3 49       		.uleb128 0x49
 1522 00c4 13       		.uleb128 0x13
 1523 00c5 2F       		.uleb128 0x2f
 1524 00c6 0B       		.uleb128 0xb
 1525 00c7 00       		.byte	0
 1526 00c8 00       		.byte	0
 1527 00c9 12       		.uleb128 0x12
 1528 00ca 13       		.uleb128 0x13
 1529 00cb 01       		.byte	0x1
 1530 00cc 0B       		.uleb128 0xb
 1531 00cd 0B       		.uleb128 0xb
 1532 00ce 3A       		.uleb128 0x3a
 1533 00cf 0B       		.uleb128 0xb
 1534 00d0 3B       		.uleb128 0x3b
 1535 00d1 05       		.uleb128 0x5
 1536 00d2 01       		.uleb128 0x1
 1537 00d3 13       		.uleb128 0x13
 1538 00d4 00       		.byte	0
 1539 00d5 00       		.byte	0
ARM GAS  /tmp/ccg4zsAE.s 			page 28


 1540 00d6 13       		.uleb128 0x13
 1541 00d7 16       		.uleb128 0x16
 1542 00d8 00       		.byte	0
 1543 00d9 03       		.uleb128 0x3
 1544 00da 0E       		.uleb128 0xe
 1545 00db 3A       		.uleb128 0x3a
 1546 00dc 0B       		.uleb128 0xb
 1547 00dd 3B       		.uleb128 0x3b
 1548 00de 05       		.uleb128 0x5
 1549 00df 49       		.uleb128 0x49
 1550 00e0 13       		.uleb128 0x13
 1551 00e1 00       		.byte	0
 1552 00e2 00       		.byte	0
 1553 00e3 14       		.uleb128 0x14
 1554 00e4 0D       		.uleb128 0xd
 1555 00e5 00       		.byte	0
 1556 00e6 03       		.uleb128 0x3
 1557 00e7 08       		.uleb128 0x8
 1558 00e8 3A       		.uleb128 0x3a
 1559 00e9 0B       		.uleb128 0xb
 1560 00ea 3B       		.uleb128 0x3b
 1561 00eb 0B       		.uleb128 0xb
 1562 00ec 49       		.uleb128 0x49
 1563 00ed 13       		.uleb128 0x13
 1564 00ee 38       		.uleb128 0x38
 1565 00ef 0B       		.uleb128 0xb
 1566 00f0 00       		.byte	0
 1567 00f1 00       		.byte	0
 1568 00f2 15       		.uleb128 0x15
 1569 00f3 13       		.uleb128 0x13
 1570 00f4 01       		.byte	0x1
 1571 00f5 0B       		.uleb128 0xb
 1572 00f6 0B       		.uleb128 0xb
 1573 00f7 3A       		.uleb128 0x3a
 1574 00f8 0B       		.uleb128 0xb
 1575 00f9 3B       		.uleb128 0x3b
 1576 00fa 0B       		.uleb128 0xb
 1577 00fb 01       		.uleb128 0x1
 1578 00fc 13       		.uleb128 0x13
 1579 00fd 00       		.byte	0
 1580 00fe 00       		.byte	0
 1581 00ff 16       		.uleb128 0x16
 1582 0100 17       		.uleb128 0x17
 1583 0101 01       		.byte	0x1
 1584 0102 0B       		.uleb128 0xb
 1585 0103 0B       		.uleb128 0xb
 1586 0104 3A       		.uleb128 0x3a
 1587 0105 0B       		.uleb128 0xb
 1588 0106 3B       		.uleb128 0x3b
 1589 0107 0B       		.uleb128 0xb
 1590 0108 01       		.uleb128 0x1
 1591 0109 13       		.uleb128 0x13
 1592 010a 00       		.byte	0
 1593 010b 00       		.byte	0
 1594 010c 17       		.uleb128 0x17
 1595 010d 0D       		.uleb128 0xd
 1596 010e 00       		.byte	0
ARM GAS  /tmp/ccg4zsAE.s 			page 29


 1597 010f 03       		.uleb128 0x3
 1598 0110 0E       		.uleb128 0xe
 1599 0111 3A       		.uleb128 0x3a
 1600 0112 0B       		.uleb128 0xb
 1601 0113 3B       		.uleb128 0x3b
 1602 0114 0B       		.uleb128 0xb
 1603 0115 49       		.uleb128 0x49
 1604 0116 13       		.uleb128 0x13
 1605 0117 00       		.byte	0
 1606 0118 00       		.byte	0
 1607 0119 18       		.uleb128 0x18
 1608 011a 0D       		.uleb128 0xd
 1609 011b 00       		.byte	0
 1610 011c 03       		.uleb128 0x3
 1611 011d 0E       		.uleb128 0xe
 1612 011e 3A       		.uleb128 0x3a
 1613 011f 0B       		.uleb128 0xb
 1614 0120 3B       		.uleb128 0x3b
 1615 0121 05       		.uleb128 0x5
 1616 0122 49       		.uleb128 0x49
 1617 0123 13       		.uleb128 0x13
 1618 0124 00       		.byte	0
 1619 0125 00       		.byte	0
 1620 0126 19       		.uleb128 0x19
 1621 0127 26       		.uleb128 0x26
 1622 0128 00       		.byte	0
 1623 0129 49       		.uleb128 0x49
 1624 012a 13       		.uleb128 0x13
 1625 012b 00       		.byte	0
 1626 012c 00       		.byte	0
 1627 012d 1A       		.uleb128 0x1a
 1628 012e 2E       		.uleb128 0x2e
 1629 012f 00       		.byte	0
 1630 0130 03       		.uleb128 0x3
 1631 0131 0E       		.uleb128 0xe
 1632 0132 3A       		.uleb128 0x3a
 1633 0133 0B       		.uleb128 0xb
 1634 0134 3B       		.uleb128 0x3b
 1635 0135 0B       		.uleb128 0xb
 1636 0136 27       		.uleb128 0x27
 1637 0137 19       		.uleb128 0x19
 1638 0138 20       		.uleb128 0x20
 1639 0139 0B       		.uleb128 0xb
 1640 013a 00       		.byte	0
 1641 013b 00       		.byte	0
 1642 013c 1B       		.uleb128 0x1b
 1643 013d 2E       		.uleb128 0x2e
 1644 013e 01       		.byte	0x1
 1645 013f 3F       		.uleb128 0x3f
 1646 0140 19       		.uleb128 0x19
 1647 0141 03       		.uleb128 0x3
 1648 0142 0E       		.uleb128 0xe
 1649 0143 3A       		.uleb128 0x3a
 1650 0144 0B       		.uleb128 0xb
 1651 0145 3B       		.uleb128 0x3b
 1652 0146 0B       		.uleb128 0xb
 1653 0147 27       		.uleb128 0x27
ARM GAS  /tmp/ccg4zsAE.s 			page 30


 1654 0148 19       		.uleb128 0x19
 1655 0149 11       		.uleb128 0x11
 1656 014a 01       		.uleb128 0x1
 1657 014b 12       		.uleb128 0x12
 1658 014c 06       		.uleb128 0x6
 1659 014d 40       		.uleb128 0x40
 1660 014e 18       		.uleb128 0x18
 1661 014f 9742     		.uleb128 0x2117
 1662 0151 19       		.uleb128 0x19
 1663 0152 01       		.uleb128 0x1
 1664 0153 13       		.uleb128 0x13
 1665 0154 00       		.byte	0
 1666 0155 00       		.byte	0
 1667 0156 1C       		.uleb128 0x1c
 1668 0157 1D       		.uleb128 0x1d
 1669 0158 00       		.byte	0
 1670 0159 31       		.uleb128 0x31
 1671 015a 13       		.uleb128 0x13
 1672 015b 52       		.uleb128 0x52
 1673 015c 01       		.uleb128 0x1
 1674 015d 55       		.uleb128 0x55
 1675 015e 17       		.uleb128 0x17
 1676 015f 58       		.uleb128 0x58
 1677 0160 0B       		.uleb128 0xb
 1678 0161 59       		.uleb128 0x59
 1679 0162 0B       		.uleb128 0xb
 1680 0163 00       		.byte	0
 1681 0164 00       		.byte	0
 1682 0165 1D       		.uleb128 0x1d
 1683 0166 898201   		.uleb128 0x4109
 1684 0169 00       		.byte	0
 1685 016a 11       		.uleb128 0x11
 1686 016b 01       		.uleb128 0x1
 1687 016c 31       		.uleb128 0x31
 1688 016d 13       		.uleb128 0x13
 1689 016e 00       		.byte	0
 1690 016f 00       		.byte	0
 1691 0170 1E       		.uleb128 0x1e
 1692 0171 2E       		.uleb128 0x2e
 1693 0172 00       		.byte	0
 1694 0173 3F       		.uleb128 0x3f
 1695 0174 19       		.uleb128 0x19
 1696 0175 03       		.uleb128 0x3
 1697 0176 0E       		.uleb128 0xe
 1698 0177 3A       		.uleb128 0x3a
 1699 0178 0B       		.uleb128 0xb
 1700 0179 3B       		.uleb128 0x3b
 1701 017a 0B       		.uleb128 0xb
 1702 017b 27       		.uleb128 0x27
 1703 017c 19       		.uleb128 0x19
 1704 017d 11       		.uleb128 0x11
 1705 017e 01       		.uleb128 0x1
 1706 017f 12       		.uleb128 0x12
 1707 0180 06       		.uleb128 0x6
 1708 0181 40       		.uleb128 0x40
 1709 0182 18       		.uleb128 0x18
 1710 0183 9742     		.uleb128 0x2117
ARM GAS  /tmp/ccg4zsAE.s 			page 31


 1711 0185 19       		.uleb128 0x19
 1712 0186 00       		.byte	0
 1713 0187 00       		.byte	0
 1714 0188 1F       		.uleb128 0x1f
 1715 0189 34       		.uleb128 0x34
 1716 018a 00       		.byte	0
 1717 018b 03       		.uleb128 0x3
 1718 018c 0E       		.uleb128 0xe
 1719 018d 3A       		.uleb128 0x3a
 1720 018e 0B       		.uleb128 0xb
 1721 018f 3B       		.uleb128 0x3b
 1722 0190 05       		.uleb128 0x5
 1723 0191 49       		.uleb128 0x49
 1724 0192 13       		.uleb128 0x13
 1725 0193 3F       		.uleb128 0x3f
 1726 0194 19       		.uleb128 0x19
 1727 0195 3C       		.uleb128 0x3c
 1728 0196 19       		.uleb128 0x19
 1729 0197 00       		.byte	0
 1730 0198 00       		.byte	0
 1731 0199 20       		.uleb128 0x20
 1732 019a 34       		.uleb128 0x34
 1733 019b 00       		.byte	0
 1734 019c 03       		.uleb128 0x3
 1735 019d 08       		.uleb128 0x8
 1736 019e 3A       		.uleb128 0x3a
 1737 019f 0B       		.uleb128 0xb
 1738 01a0 3B       		.uleb128 0x3b
 1739 01a1 05       		.uleb128 0x5
 1740 01a2 49       		.uleb128 0x49
 1741 01a3 13       		.uleb128 0x13
 1742 01a4 3F       		.uleb128 0x3f
 1743 01a5 19       		.uleb128 0x19
 1744 01a6 3C       		.uleb128 0x3c
 1745 01a7 19       		.uleb128 0x19
 1746 01a8 00       		.byte	0
 1747 01a9 00       		.byte	0
 1748 01aa 21       		.uleb128 0x21
 1749 01ab 2E       		.uleb128 0x2e
 1750 01ac 00       		.byte	0
 1751 01ad 3F       		.uleb128 0x3f
 1752 01ae 19       		.uleb128 0x19
 1753 01af 03       		.uleb128 0x3
 1754 01b0 0E       		.uleb128 0xe
 1755 01b1 3A       		.uleb128 0x3a
 1756 01b2 0B       		.uleb128 0xb
 1757 01b3 3B       		.uleb128 0x3b
 1758 01b4 05       		.uleb128 0x5
 1759 01b5 27       		.uleb128 0x27
 1760 01b6 19       		.uleb128 0x19
 1761 01b7 3C       		.uleb128 0x3c
 1762 01b8 19       		.uleb128 0x19
 1763 01b9 00       		.byte	0
 1764 01ba 00       		.byte	0
 1765 01bb 00       		.byte	0
 1766              		.section	.debug_aranges,"",%progbits
 1767 0000 24000000 		.4byte	0x24
ARM GAS  /tmp/ccg4zsAE.s 			page 32


 1768 0004 0200     		.2byte	0x2
 1769 0006 00000000 		.4byte	.Ldebug_info0
 1770 000a 04       		.byte	0x4
 1771 000b 00       		.byte	0
 1772 000c 0000     		.2byte	0
 1773 000e 0000     		.2byte	0
 1774 0010 00000000 		.4byte	.LFB256
 1775 0014 80000000 		.4byte	.LFE256-.LFB256
 1776 0018 00000000 		.4byte	.LFB257
 1777 001c A0000000 		.4byte	.LFE257-.LFB257
 1778 0020 00000000 		.4byte	0
 1779 0024 00000000 		.4byte	0
 1780              		.section	.debug_ranges,"",%progbits
 1781              	.Ldebug_ranges0:
 1782 0000 02000000 		.4byte	.LBB4
 1783 0004 04000000 		.4byte	.LBE4
 1784 0008 26000000 		.4byte	.LBB7
 1785 000c 5A000000 		.4byte	.LBE7
 1786 0010 00000000 		.4byte	0
 1787 0014 00000000 		.4byte	0
 1788 0018 00000000 		.4byte	.LFB256
 1789 001c 80000000 		.4byte	.LFE256
 1790 0020 00000000 		.4byte	.LFB257
 1791 0024 A0000000 		.4byte	.LFE257
 1792 0028 00000000 		.4byte	0
 1793 002c 00000000 		.4byte	0
 1794              		.section	.debug_line,"",%progbits
 1795              	.Ldebug_line0:
 1796 0000 86020000 		.section	.debug_str,"MS",%progbits,1
 1796      02000C02 
 1796      00000201 
 1796      FB0E0D00 
 1796      01010101 
 1797              	.LASF48:
 1798 0000 72656164 		.ascii	"ready_list_t\000"
 1798      795F6C69 
 1798      73745F74 
 1798      00
 1799              	.LASF72:
 1800 000d 726C6973 		.ascii	"rlist\000"
 1800      7400
 1801              	.LASF103:
 1802 0013 7264796D 		.ascii	"rdymsg\000"
 1802      736700
 1803              	.LASF16:
 1804 001a 75696E74 		.ascii	"uint64_t\000"
 1804      36345F74 
 1804      00
 1805              	.LASF5:
 1806 0023 5F5F7569 		.ascii	"__uint8_t\000"
 1806      6E74385F 
 1806      7400
 1807              	.LASF100:
 1808 002d 706F7274 		.ascii	"port_intctx\000"
 1808      5F696E74 
 1808      63747800 
 1809              	.LASF67:
ARM GAS  /tmp/ccg4zsAE.s 			page 33


 1810 0039 73797374 		.ascii	"system_debug_t\000"
 1810      656D5F64 
 1810      65627567 
 1810      5F7400
 1811              	.LASF12:
 1812 0048 6C6F6E67 		.ascii	"long long unsigned int\000"
 1812      206C6F6E 
 1812      6720756E 
 1812      7369676E 
 1812      65642069 
 1813              	.LASF104:
 1814 005f 65786974 		.ascii	"exitcode\000"
 1814      636F6465 
 1814      00
 1815              	.LASF74:
 1816 0068 6D61696E 		.ascii	"mainthread\000"
 1816      74687265 
 1816      616400
 1817              	.LASF64:
 1818 0073 76697274 		.ascii	"virtual_timers_list_t\000"
 1818      75616C5F 
 1818      74696D65 
 1818      72735F6C 
 1818      6973745F 
 1819              	.LASF114:
 1820 0089 49544D5F 		.ascii	"ITM_RxBuffer\000"
 1820      52784275 
 1820      66666572 
 1820      00
 1821              	.LASF47:
 1822 0096 63685F74 		.ascii	"ch_threads_queue\000"
 1822      68726561 
 1822      64735F71 
 1822      75657565 
 1822      00
 1823              	.LASF28:
 1824 00a7 705F7072 		.ascii	"p_prio\000"
 1824      696F00
 1825              	.LASF10:
 1826 00ae 6C6F6E67 		.ascii	"long long int\000"
 1826      206C6F6E 
 1826      6720696E 
 1826      7400
 1827              	.LASF1:
 1828 00bc 7369676E 		.ascii	"signed char\000"
 1828      65642063 
 1828      68617200 
 1829              	.LASF81:
 1830 00c8 464C4153 		.ascii	"FLASH_TypeDef\000"
 1830      485F5479 
 1830      70654465 
 1830      6600
 1831              	.LASF42:
 1832 00d6 705F6D70 		.ascii	"p_mpool\000"
 1832      6F6F6C00 
 1833              	.LASF109:
 1834 00de 6D5F7175 		.ascii	"m_queue\000"
ARM GAS  /tmp/ccg4zsAE.s 			page 34


 1834      65756500 
 1835              	.LASF73:
 1836 00e6 76746C69 		.ascii	"vtlist\000"
 1836      737400
 1837              	.LASF86:
 1838 00ed 5057525F 		.ascii	"PWR_TypeDef\000"
 1838      54797065 
 1838      44656600 
 1839              	.LASF71:
 1840 00f9 63685F73 		.ascii	"ch_system\000"
 1840      79737465 
 1840      6D00
 1841              	.LASF7:
 1842 0103 6C6F6E67 		.ascii	"long int\000"
 1842      20696E74 
 1842      00
 1843              	.LASF88:
 1844 010c 41504232 		.ascii	"APB2RSTR\000"
 1844      52535452 
 1844      00
 1845              	.LASF19:
 1846 0115 74737461 		.ascii	"tstate_t\000"
 1846      74655F74 
 1846      00
 1847              	.LASF30:
 1848 011e 705F6E65 		.ascii	"p_newer\000"
 1848      77657200 
 1849              	.LASF78:
 1850 0126 4F50544B 		.ascii	"OPTKEYR\000"
 1850      45595200 
 1851              	.LASF53:
 1852 012e 725F6E65 		.ascii	"r_newer\000"
 1852      77657200 
 1853              	.LASF97:
 1854 0136 72656761 		.ascii	"regarm_t\000"
 1854      726D5F74 
 1854      00
 1855              	.LASF60:
 1856 013f 76745F70 		.ascii	"vt_prev\000"
 1856      72657600 
 1857              	.LASF120:
 1858 0147 73746D33 		.ascii	"stm32_clock_init\000"
 1858      325F636C 
 1858      6F636B5F 
 1858      696E6974 
 1858      00
 1859              	.LASF112:
 1860 0158 6D757465 		.ascii	"mutex_t\000"
 1860      785F7400 
 1861              	.LASF75:
 1862 0160 69646C65 		.ascii	"idle_thread_wa\000"
 1862      5F746872 
 1862      6561645F 
 1862      776100
 1863              	.LASF0:
 1864 016f 756E7369 		.ascii	"unsigned int\000"
 1864      676E6564 
ARM GAS  /tmp/ccg4zsAE.s 			page 35


 1864      20696E74 
 1864      00
 1865              	.LASF59:
 1866 017c 76745F6E 		.ascii	"vt_next\000"
 1866      65787400 
 1867              	.LASF61:
 1868 0184 76745F64 		.ascii	"vt_delta\000"
 1868      656C7461 
 1868      00
 1869              	.LASF37:
 1870 018d 705F6D73 		.ascii	"p_msgqueue\000"
 1870      67717565 
 1870      756500
 1871              	.LASF96:
 1872 0198 5243435F 		.ascii	"RCC_TypeDef\000"
 1872      54797065 
 1872      44656600 
 1873              	.LASF4:
 1874 01a4 73686F72 		.ascii	"short unsigned int\000"
 1874      7420756E 
 1874      7369676E 
 1874      65642069 
 1874      6E7400
 1875              	.LASF44:
 1876 01b7 63685F74 		.ascii	"ch_thread\000"
 1876      68726561 
 1876      6400
 1877              	.LASF22:
 1878 01c1 6D73675F 		.ascii	"msg_t\000"
 1878      7400
 1879              	.LASF90:
 1880 01c7 41484245 		.ascii	"AHBENR\000"
 1880      4E5200
 1881              	.LASF116:
 1882 01ce 2E2E2F43 		.ascii	"../ChibiOS/os/hal/ports/STM32/STM32F3xx/hal_lld.c\000"
 1882      68696269 
 1882      4F532F6F 
 1882      732F6861 
 1882      6C2F706F 
 1883              	.LASF70:
 1884 0200 63685F73 		.ascii	"ch_system_t\000"
 1884      79737465 
 1884      6D5F7400 
 1885              	.LASF18:
 1886 020c 746D6F64 		.ascii	"tmode_t\000"
 1886      655F7400 
 1887              	.LASF49:
 1888 0214 63685F72 		.ascii	"ch_ready_list\000"
 1888      65616479 
 1888      5F6C6973 
 1888      7400
 1889              	.LASF23:
 1890 0222 6576656E 		.ascii	"eventmask_t\000"
 1890      746D6173 
 1890      6B5F7400 
 1891              	.LASF6:
 1892 022e 5F5F696E 		.ascii	"__int32_t\000"
ARM GAS  /tmp/ccg4zsAE.s 			page 36


 1892      7433325F 
 1892      7400
 1893              	.LASF98:
 1894 0238 73746B61 		.ascii	"stkalign_t\000"
 1894      6C69676E 
 1894      5F7400
 1895              	.LASF43:
 1896 0243 74687265 		.ascii	"threads_list_t\000"
 1896      6164735F 
 1896      6C697374 
 1896      5F7400
 1897              	.LASF115:
 1898 0252 474E5520 		.ascii	"GNU C 4.9.3 20141119 (release) [ARM/embedded-4_9-br"
 1898      4320342E 
 1898      392E3320 
 1898      32303134 
 1898      31313139 
 1899 0285 616E6368 		.ascii	"anch revision 218278] -mcpu=cortex-m4 -mfloat-abi=h"
 1899      20726576 
 1899      6973696F 
 1899      6E203231 
 1899      38323738 
 1900 02b8 61726420 		.ascii	"ard -mfpu=fpv4-sp-d16 -mno-thumb-interwork -mthumb "
 1900      2D6D6670 
 1900      753D6670 
 1900      76342D73 
 1900      702D6431 
 1901 02eb 2D676764 		.ascii	"-ggdb -O2 -fomit-frame-pointer -falign-functions=16"
 1901      62202D4F 
 1901      32202D66 
 1901      6F6D6974 
 1901      2D667261 
 1902 031e 202D6666 		.ascii	" -ffunction-sections -fdata-sections -fno-common -f"
 1902      756E6374 
 1902      696F6E2D 
 1902      73656374 
 1902      696F6E73 
 1903 0351 73696E67 		.ascii	"single-precision-constant\000"
 1903      6C652D70 
 1903      72656369 
 1903      73696F6E 
 1903      2D636F6E 
 1904              	.LASF36:
 1905 036b 705F7761 		.ascii	"p_waiting\000"
 1905      6974696E 
 1905      6700
 1906              	.LASF76:
 1907 0375 73697A65 		.ascii	"sizetype\000"
 1907      74797065 
 1907      00
 1908              	.LASF65:
 1909 037e 63685F76 		.ascii	"ch_virtual_timers_list\000"
 1909      69727475 
 1909      616C5F74 
 1909      696D6572 
 1909      735F6C69 
 1910              	.LASF26:
ARM GAS  /tmp/ccg4zsAE.s 			page 37


 1911 0395 705F6E65 		.ascii	"p_next\000"
 1911      787400
 1912              	.LASF66:
 1913 039c 76745F6C 		.ascii	"vt_lasttime\000"
 1913      61737474 
 1913      696D6500 
 1914              	.LASF118:
 1915 03a8 68616C5F 		.ascii	"hal_lld_backup_domain_init\000"
 1915      6C6C645F 
 1915      6261636B 
 1915      75705F64 
 1915      6F6D6169 
 1916              	.LASF52:
 1917 03c3 725F6374 		.ascii	"r_ctx\000"
 1917      7800
 1918              	.LASF102:
 1919 03c9 746D5F63 		.ascii	"tm_calibration_t\000"
 1919      616C6962 
 1919      72617469 
 1919      6F6E5F74 
 1919      00
 1920              	.LASF94:
 1921 03da 41484252 		.ascii	"AHBRSTR\000"
 1921      53545200 
 1922              	.LASF55:
 1923 03e2 725F6375 		.ascii	"r_current\000"
 1923      7272656E 
 1923      7400
 1924              	.LASF89:
 1925 03ec 41504231 		.ascii	"APB1RSTR\000"
 1925      52535452 
 1925      00
 1926              	.LASF11:
 1927 03f5 5F5F7569 		.ascii	"__uint64_t\000"
 1927      6E743634 
 1927      5F7400
 1928              	.LASF85:
 1929 0400 53595343 		.ascii	"SYSCFG_TypeDef\000"
 1929      46475F54 
 1929      79706544 
 1929      656600
 1930              	.LASF20:
 1931 040f 74726566 		.ascii	"trefs_t\000"
 1931      735F7400 
 1932              	.LASF77:
 1933 0417 4B455952 		.ascii	"KEYR\000"
 1933      00
 1934              	.LASF57:
 1935 041c 76697274 		.ascii	"virtual_timer_t\000"
 1935      75616C5F 
 1935      74696D65 
 1935      725F7400 
 1936              	.LASF27:
 1937 042c 705F7072 		.ascii	"p_prev\000"
 1937      657600
 1938              	.LASF21:
 1939 0433 74707269 		.ascii	"tprio_t\000"
ARM GAS  /tmp/ccg4zsAE.s 			page 38


 1939      6F5F7400 
 1940              	.LASF108:
 1941 043b 6D757465 		.ascii	"mutex\000"
 1941      7800
 1942              	.LASF68:
 1943 0441 63685F73 		.ascii	"ch_system_debug\000"
 1943      79737465 
 1943      6D5F6465 
 1943      62756700 
 1944              	.LASF113:
 1945 0451 5F426F6F 		.ascii	"_Bool\000"
 1945      6C00
 1946              	.LASF14:
 1947 0457 696E7433 		.ascii	"int32_t\000"
 1947      325F7400 
 1948              	.LASF2:
 1949 045f 756E7369 		.ascii	"unsigned char\000"
 1949      676E6564 
 1949      20636861 
 1949      7200
 1950              	.LASF40:
 1951 046d 705F6D74 		.ascii	"p_mtxlist\000"
 1951      786C6973 
 1951      7400
 1952              	.LASF3:
 1953 0477 73686F72 		.ascii	"short int\000"
 1953      7420696E 
 1953      7400
 1954              	.LASF33:
 1955 0481 705F7374 		.ascii	"p_state\000"
 1955      61746500 
 1956              	.LASF31:
 1957 0489 705F6F6C 		.ascii	"p_older\000"
 1957      64657200 
 1958              	.LASF51:
 1959 0491 725F7072 		.ascii	"r_prio\000"
 1959      696F00
 1960              	.LASF79:
 1961 0498 52455345 		.ascii	"RESERVED\000"
 1961      52564544 
 1961      00
 1962              	.LASF106:
 1963 04a1 65776D61 		.ascii	"ewmask\000"
 1963      736B00
 1964              	.LASF34:
 1965 04a8 705F666C 		.ascii	"p_flags\000"
 1965      61677300 
 1966              	.LASF91:
 1967 04b0 41504232 		.ascii	"APB2ENR\000"
 1967      454E5200 
 1968              	.LASF58:
 1969 04b8 63685F76 		.ascii	"ch_virtual_timer\000"
 1969      69727475 
 1969      616C5F74 
 1969      696D6572 
 1969      00
 1970              	.LASF39:
ARM GAS  /tmp/ccg4zsAE.s 			page 39


 1971 04c9 705F6570 		.ascii	"p_epending\000"
 1971      656E6469 
 1971      6E6700
 1972              	.LASF15:
 1973 04d4 75696E74 		.ascii	"uint32_t\000"
 1973      33325F74 
 1973      00
 1974              	.LASF50:
 1975 04dd 725F7175 		.ascii	"r_queue\000"
 1975      65756500 
 1976              	.LASF45:
 1977 04e5 63685F74 		.ascii	"ch_threads_list\000"
 1977      68726561 
 1977      64735F6C 
 1977      69737400 
 1978              	.LASF121:
 1979 04f5 646D6149 		.ascii	"dmaInit\000"
 1979      6E697400 
 1980              	.LASF117:
 1981 04fd 2F686F6D 		.ascii	"/home/bhimebau/forge/annsynth/src\000"
 1981      652F6268 
 1981      696D6562 
 1981      61752F66 
 1981      6F726765 
 1982              	.LASF9:
 1983 051f 6C6F6E67 		.ascii	"long unsigned int\000"
 1983      20756E73 
 1983      69676E65 
 1983      6420696E 
 1983      7400
 1984              	.LASF80:
 1985 0531 57525052 		.ascii	"WRPR\000"
 1985      00
 1986              	.LASF107:
 1987 0536 63686172 		.ascii	"char\000"
 1987      00
 1988              	.LASF25:
 1989 053b 74687265 		.ascii	"thread_t\000"
 1989      61645F74 
 1989      00
 1990              	.LASF111:
 1991 0544 6D5F6E65 		.ascii	"m_next\000"
 1991      787400
 1992              	.LASF24:
 1993 054b 73797374 		.ascii	"systime_t\000"
 1993      696D655F 
 1993      7400
 1994              	.LASF41:
 1995 0555 705F7265 		.ascii	"p_realprio\000"
 1995      616C7072 
 1995      696F00
 1996              	.LASF56:
 1997 0560 76746675 		.ascii	"vtfunc_t\000"
 1997      6E635F74 
 1997      00
 1998              	.LASF8:
 1999 0569 5F5F7569 		.ascii	"__uint32_t\000"
ARM GAS  /tmp/ccg4zsAE.s 			page 40


 1999      6E743332 
 1999      5F7400
 2000              	.LASF69:
 2001 0574 70616E69 		.ascii	"panic_msg\000"
 2001      635F6D73 
 2001      6700
 2002              	.LASF101:
 2003 057e 6F666673 		.ascii	"offset\000"
 2003      657400
 2004              	.LASF92:
 2005 0585 41504231 		.ascii	"APB1ENR\000"
 2005      454E5200 
 2006              	.LASF99:
 2007 058d 636F6E74 		.ascii	"context\000"
 2007      65787400 
 2008              	.LASF54:
 2009 0595 725F6F6C 		.ascii	"r_older\000"
 2009      64657200 
 2010              	.LASF119:
 2011 059d 68616C5F 		.ascii	"hal_lld_init\000"
 2011      6C6C645F 
 2011      696E6974 
 2011      00
 2012              	.LASF17:
 2013 05aa 7274636E 		.ascii	"rtcnt_t\000"
 2013      745F7400 
 2014              	.LASF63:
 2015 05b2 76745F70 		.ascii	"vt_par\000"
 2015      617200
 2016              	.LASF46:
 2017 05b9 74687265 		.ascii	"threads_queue_t\000"
 2017      6164735F 
 2017      71756575 
 2017      655F7400 
 2018              	.LASF35:
 2019 05c9 705F7265 		.ascii	"p_refs\000"
 2019      667300
 2020              	.LASF93:
 2021 05d0 42444352 		.ascii	"BDCR\000"
 2021      00
 2022              	.LASF82:
 2023 05d5 43464752 		.ascii	"CFGR1\000"
 2023      3100
 2024              	.LASF84:
 2025 05db 43464752 		.ascii	"CFGR2\000"
 2025      3200
 2026              	.LASF95:
 2027 05e1 43464752 		.ascii	"CFGR3\000"
 2027      3300
 2028              	.LASF13:
 2029 05e7 75696E74 		.ascii	"uint8_t\000"
 2029      385F7400 
 2030              	.LASF105:
 2031 05ef 77746F62 		.ascii	"wtobjp\000"
 2031      6A7000
 2032              	.LASF32:
 2033 05f6 705F6E61 		.ascii	"p_name\000"
ARM GAS  /tmp/ccg4zsAE.s 			page 41


 2033      6D6500
 2034              	.LASF87:
 2035 05fd 43464752 		.ascii	"CFGR\000"
 2035      00
 2036              	.LASF38:
 2037 0602 705F6D73 		.ascii	"p_msg\000"
 2037      6700
 2038              	.LASF110:
 2039 0608 6D5F6F77 		.ascii	"m_owner\000"
 2039      6E657200 
 2040              	.LASF29:
 2041 0610 705F6374 		.ascii	"p_ctx\000"
 2041      7800
 2042              	.LASF62:
 2043 0616 76745F66 		.ascii	"vt_func\000"
 2043      756E6300 
 2044              	.LASF83:
 2045 061e 45585449 		.ascii	"EXTICR\000"
 2045      435200
 2046              		.ident	"GCC: (GNU Tools for ARM Embedded Processors) 4.9.3 20141119 (release) [ARM/embedded-4_9-br
ARM GAS  /tmp/ccg4zsAE.s 			page 42


DEFINED SYMBOLS
                            *ABS*:00000000 hal_lld.c
     /tmp/ccg4zsAE.s:21     .text.hal_lld_init:00000000 $t
     /tmp/ccg4zsAE.s:27     .text.hal_lld_init:00000000 hal_lld_init
     /tmp/ccg4zsAE.s:118    .text.hal_lld_init:00000074 $d
     /tmp/ccg4zsAE.s:125    .text.stm32_clock_init:00000000 $t
     /tmp/ccg4zsAE.s:131    .text.stm32_clock_init:00000000 stm32_clock_init
     /tmp/ccg4zsAE.s:235    .text.stm32_clock_init:00000094 $d
                     .debug_frame:00000010 $d

UNDEFINED SYMBOLS
dmaInit
