ARM GAS  /tmp/ccr1e8i3.s 			page 1


   1              		.syntax unified
   2              		.cpu cortex-m4
   3              		.eabi_attribute 27, 3
   4              		.eabi_attribute 28, 1
   5              		.fpu fpv4-sp-d16
   6              		.eabi_attribute 20, 1
   7              		.eabi_attribute 21, 1
   8              		.eabi_attribute 23, 3
   9              		.eabi_attribute 24, 1
  10              		.eabi_attribute 25, 1
  11              		.eabi_attribute 26, 1
  12              		.eabi_attribute 30, 2
  13              		.eabi_attribute 34, 1
  14              		.eabi_attribute 18, 4
  15              		.thumb
  16              		.file	"memstreams.c"
  17              		.text
  18              	.Ltext0:
  19              		.cfi_sections	.debug_frame
  20              		.section	.text.put,"ax",%progbits
  21              		.align	2
  22              		.p2align 4,,15
  23              		.thumb
  24              		.thumb_func
  25              		.type	put, %function
  26              	put:
  27              	.LFB257:
  28              		.file 1 "../ChibiOS/os/hal/lib/streams/memstreams.c"
  29              		.loc 1 66 0
  30              		.cfi_startproc
  31              		@ args = 0, pretend = 0, frame = 0
  32              		@ frame_needed = 0, uses_anonymous_args = 0
  33              		@ link register save eliminated.
  34              	.LVL0:
  35              		.loc 1 69 0
  36 0000 C368     		ldr	r3, [r0, #12]
  37 0002 8268     		ldr	r2, [r0, #8]
  38 0004 9A42     		cmp	r2, r3
  39 0006 06D0     		beq	.L3
  40              		.loc 1 71 0
  41 0008 4268     		ldr	r2, [r0, #4]
  42 000a D154     		strb	r1, [r2, r3]
  43              		.loc 1 72 0
  44 000c C368     		ldr	r3, [r0, #12]
  45 000e 0133     		adds	r3, r3, #1
  46 0010 C360     		str	r3, [r0, #12]
  47              		.loc 1 73 0
  48 0012 0020     		movs	r0, #0
  49              	.LVL1:
  50 0014 7047     		bx	lr
  51              	.LVL2:
  52              	.L3:
  53              		.loc 1 70 0
  54 0016 6FF00100 		mvn	r0, #1
  55              	.LVL3:
  56              		.loc 1 74 0
  57 001a 7047     		bx	lr
ARM GAS  /tmp/ccr1e8i3.s 			page 2


  58              		.cfi_endproc
  59              	.LFE257:
  60              		.size	put, .-put
  61 001c AFF30080 		.section	.text.get,"ax",%progbits
  62              		.align	2
  63              		.p2align 4,,15
  64              		.thumb
  65              		.thumb_func
  66              		.type	get, %function
  67              	get:
  68              	.LFB258:
  69              		.loc 1 76 0
  70              		.cfi_startproc
  71              		@ args = 0, pretend = 0, frame = 0
  72              		@ frame_needed = 0, uses_anonymous_args = 0
  73              		@ link register save eliminated.
  74              	.LVL4:
  75              		.loc 1 80 0
  76 0000 0369     		ldr	r3, [r0, #16]
  77 0002 C168     		ldr	r1, [r0, #12]
  78 0004 9942     		cmp	r1, r3
  79              		.loc 1 76 0
  80 0006 0246     		mov	r2, r0
  81              	.LVL5:
  82              		.loc 1 80 0
  83 0008 04D0     		beq	.L7
  84              		.loc 1 82 0
  85 000a 4168     		ldr	r1, [r0, #4]
  86 000c C85C     		ldrb	r0, [r1, r3]	@ zero_extendqisi2
  87              	.LVL6:
  88              		.loc 1 83 0
  89 000e 0133     		adds	r3, r3, #1
  90 0010 1361     		str	r3, [r2, #16]
  91              		.loc 1 84 0
  92 0012 7047     		bx	lr
  93              	.LVL7:
  94              	.L7:
  95              		.loc 1 81 0
  96 0014 6FF00100 		mvn	r0, #1
  97              	.LVL8:
  98              		.loc 1 85 0
  99 0018 7047     		bx	lr
 100              		.cfi_endproc
 101              	.LFE258:
 102              		.size	get, .-get
 103 001a 00BFAFF3 		.section	.text.reads,"ax",%progbits
 103      0080
 104              		.align	2
 105              		.p2align 4,,15
 106              		.thumb
 107              		.thumb_func
 108              		.type	reads, %function
 109              	reads:
 110              	.LFB256:
 111              		.loc 1 56 0
 112              		.cfi_startproc
 113              		@ args = 0, pretend = 0, frame = 0
ARM GAS  /tmp/ccr1e8i3.s 			page 3


 114              		@ frame_needed = 0, uses_anonymous_args = 0
 115              	.LVL9:
 116 0000 38B5     		push	{r3, r4, r5, lr}
 117              		.cfi_def_cfa_offset 16
 118              		.cfi_offset 3, -16
 119              		.cfi_offset 4, -12
 120              		.cfi_offset 5, -8
 121              		.cfi_offset 14, -4
 122              		.loc 1 56 0
 123 0002 0546     		mov	r5, r0
 124              	.LVL10:
 125              		.loc 1 61 0
 126 0004 0846     		mov	r0, r1
 127              	.LVL11:
 128              		.loc 1 59 0
 129 0006 2B69     		ldr	r3, [r5, #16]
 130 0008 EC68     		ldr	r4, [r5, #12]
 131              		.loc 1 61 0
 132 000a 6968     		ldr	r1, [r5, #4]
 133              	.LVL12:
 134              		.loc 1 59 0
 135 000c E41A     		subs	r4, r4, r3
 136 000e 9442     		cmp	r4, r2
 137 0010 28BF     		it	cs
 138 0012 1446     		movcs	r4, r2
 139              	.LVL13:
 140              		.loc 1 61 0
 141 0014 1944     		add	r1, r1, r3
 142 0016 2246     		mov	r2, r4
 143 0018 FFF7FEFF 		bl	memcpy
 144              	.LVL14:
 145              		.loc 1 62 0
 146 001c 2B69     		ldr	r3, [r5, #16]
 147 001e 2344     		add	r3, r3, r4
 148 0020 2B61     		str	r3, [r5, #16]
 149              		.loc 1 64 0
 150 0022 2046     		mov	r0, r4
 151 0024 38BD     		pop	{r3, r4, r5, pc}
 152              		.cfi_endproc
 153              	.LFE256:
 154              		.size	reads, .-reads
 155 0026 00BFAFF3 		.section	.text.writes,"ax",%progbits
 155      0080AFF3 
 155      0080
 156              		.align	2
 157              		.p2align 4,,15
 158              		.thumb
 159              		.thumb_func
 160              		.type	writes, %function
 161              	writes:
 162              	.LFB255:
 163              		.loc 1 46 0
 164              		.cfi_startproc
 165              		@ args = 0, pretend = 0, frame = 0
 166              		@ frame_needed = 0, uses_anonymous_args = 0
 167              	.LVL15:
 168 0000 38B5     		push	{r3, r4, r5, lr}
ARM GAS  /tmp/ccr1e8i3.s 			page 4


 169              		.cfi_def_cfa_offset 16
 170              		.cfi_offset 3, -16
 171              		.cfi_offset 4, -12
 172              		.cfi_offset 5, -8
 173              		.cfi_offset 14, -4
 174              		.loc 1 49 0
 175 0002 C368     		ldr	r3, [r0, #12]
 176 0004 8468     		ldr	r4, [r0, #8]
 177 0006 E41A     		subs	r4, r4, r3
 178              		.loc 1 46 0
 179 0008 0546     		mov	r5, r0
 180              	.LVL16:
 181 000a 9442     		cmp	r4, r2
 182              		.loc 1 51 0
 183 000c 4068     		ldr	r0, [r0, #4]
 184              	.LVL17:
 185 000e 28BF     		it	cs
 186 0010 1446     		movcs	r4, r2
 187              	.LVL18:
 188 0012 1844     		add	r0, r0, r3
 189 0014 2246     		mov	r2, r4
 190 0016 FFF7FEFF 		bl	memcpy
 191              	.LVL19:
 192              		.loc 1 52 0
 193 001a EB68     		ldr	r3, [r5, #12]
 194 001c 2344     		add	r3, r3, r4
 195 001e EB60     		str	r3, [r5, #12]
 196              		.loc 1 54 0
 197 0020 2046     		mov	r0, r4
 198 0022 38BD     		pop	{r3, r4, r5, pc}
 199              		.cfi_endproc
 200              	.LFE255:
 201              		.size	writes, .-writes
 202 0024 AFF30080 		.section	.text.msObjectInit,"ax",%progbits
 202      AFF30080 
 202      AFF30080 
 203              		.align	2
 204              		.p2align 4,,15
 205              		.global	msObjectInit
 206              		.thumb
 207              		.thumb_func
 208              		.type	msObjectInit, %function
 209              	msObjectInit:
 210              	.LFB259:
 211              		.loc 1 104 0
 212              		.cfi_startproc
 213              		@ args = 0, pretend = 0, frame = 0
 214              		@ frame_needed = 0, uses_anonymous_args = 0
 215              		@ link register save eliminated.
 216              	.LVL20:
 217 0000 10B4     		push	{r4}
 218              		.cfi_def_cfa_offset 4
 219              		.cfi_offset 4, -4
 220              		.loc 1 107 0
 221 0002 4160     		str	r1, [r0, #4]
 222              		.loc 1 106 0
 223 0004 044C     		ldr	r4, .L14
ARM GAS  /tmp/ccr1e8i3.s 			page 5


 224 0006 0460     		str	r4, [r0]
 225              		.loc 1 110 0
 226 0008 0021     		movs	r1, #0
 227              	.LVL21:
 228              		.loc 1 108 0
 229 000a 8260     		str	r2, [r0, #8]
 230              		.loc 1 109 0
 231 000c C360     		str	r3, [r0, #12]
 232              		.loc 1 110 0
 233 000e 0161     		str	r1, [r0, #16]
 234              		.loc 1 111 0
 235 0010 5DF8044B 		ldr	r4, [sp], #4
 236              		.cfi_restore 4
 237              		.cfi_def_cfa_offset 0
 238 0014 7047     		bx	lr
 239              	.L15:
 240 0016 00BF     		.align	2
 241              	.L14:
 242 0018 00000000 		.word	.LANCHOR0
 243              		.cfi_endproc
 244              	.LFE259:
 245              		.size	msObjectInit, .-msObjectInit
 246              		.section	.rodata.vmt,"a",%progbits
 247              		.align	2
 248              		.set	.LANCHOR0,. + 0
 249              		.type	vmt, %object
 250              		.size	vmt, 16
 251              	vmt:
 252 0000 00000000 		.word	writes
 253 0004 00000000 		.word	reads
 254 0008 00000000 		.word	put
 255 000c 00000000 		.word	get
 256              		.text
 257              	.Letext0:
 258              		.file 2 "/l/arm2/gcc-arm-none-eabi-4_9-2014q4/lib/gcc/arm-none-eabi/4.9.3/include/stddef.h"
 259              		.file 3 "/l/arm2/gcc-arm-none-eabi-4_9-2014q4/arm-none-eabi/include/machine/_default_types.h"
 260              		.file 4 "/l/arm2/gcc-arm-none-eabi-4_9-2014q4/arm-none-eabi/include/stdint.h"
 261              		.file 5 "../ChibiOS/os/rt/ports/ARMCMx/compilers/GCC/chtypes.h"
 262              		.file 6 "../ChibiOS/os/rt/include/chsystypes.h"
 263              		.file 7 "../ChibiOS/os/rt/include/chschd.h"
 264              		.file 8 "../ChibiOS/os/rt/ports/ARMCMx/chcore.h"
 265              		.file 9 "../ChibiOS/os/rt/ports/ARMCMx/chcore_v7m.h"
 266              		.file 10 "../ChibiOS/os/rt/include/chtm.h"
 267              		.file 11 "../ChibiOS/os/rt/include/chmtx.h"
 268              		.file 12 "../ChibiOS/os/hal/lib/streams/memstreams.h"
 269              		.file 13 "../ChibiOS/os/ext/CMSIS/include/core_cm4.h"
 270              		.section	.debug_info,"",%progbits
 271              	.Ldebug_info0:
 272 0000 90090000 		.4byte	0x990
 273 0004 0400     		.2byte	0x4
 274 0006 00000000 		.4byte	.Ldebug_abbrev0
 275 000a 04       		.byte	0x4
 276 000b 01       		.uleb128 0x1
 277 000c 2B030000 		.4byte	.LASF104
 278 0010 01       		.byte	0x1
 279 0011 96020000 		.4byte	.LASF105
 280 0015 89040000 		.4byte	.LASF106
ARM GAS  /tmp/ccr1e8i3.s 			page 6


 281 0019 00000000 		.4byte	.Ldebug_ranges0+0
 282 001d 00000000 		.4byte	0
 283 0021 00000000 		.4byte	.Ldebug_line0
 284 0025 02       		.uleb128 0x2
 285 0026 04       		.byte	0x4
 286 0027 05       		.byte	0x5
 287 0028 696E7400 		.ascii	"int\000"
 288 002c 03       		.uleb128 0x3
 289 002d 15000000 		.4byte	.LASF2
 290 0031 02       		.byte	0x2
 291 0032 D4       		.byte	0xd4
 292 0033 37000000 		.4byte	0x37
 293 0037 04       		.uleb128 0x4
 294 0038 04       		.byte	0x4
 295 0039 07       		.byte	0x7
 296 003a 4F010000 		.4byte	.LASF0
 297 003e 04       		.uleb128 0x4
 298 003f 01       		.byte	0x1
 299 0040 06       		.byte	0x6
 300 0041 CB000000 		.4byte	.LASF1
 301 0045 03       		.uleb128 0x3
 302 0046 2C000000 		.4byte	.LASF3
 303 004a 03       		.byte	0x3
 304 004b 1D       		.byte	0x1d
 305 004c 50000000 		.4byte	0x50
 306 0050 04       		.uleb128 0x4
 307 0051 01       		.byte	0x1
 308 0052 08       		.byte	0x8
 309 0053 EC020000 		.4byte	.LASF4
 310 0057 04       		.uleb128 0x4
 311 0058 02       		.byte	0x2
 312 0059 05       		.byte	0x5
 313 005a 0C030000 		.4byte	.LASF5
 314 005e 04       		.uleb128 0x4
 315 005f 02       		.byte	0x2
 316 0060 07       		.byte	0x7
 317 0061 78010000 		.4byte	.LASF6
 318 0065 03       		.uleb128 0x3
 319 0066 D0010000 		.4byte	.LASF7
 320 006a 03       		.byte	0x3
 321 006b 3F       		.byte	0x3f
 322 006c 70000000 		.4byte	0x70
 323 0070 04       		.uleb128 0x4
 324 0071 04       		.byte	0x4
 325 0072 05       		.byte	0x5
 326 0073 F8000000 		.4byte	.LASF8
 327 0077 03       		.uleb128 0x3
 328 0078 F5040000 		.4byte	.LASF9
 329 007c 03       		.byte	0x3
 330 007d 41       		.byte	0x41
 331 007e 82000000 		.4byte	0x82
 332 0082 04       		.uleb128 0x4
 333 0083 04       		.byte	0x4
 334 0084 07       		.byte	0x7
 335 0085 AB040000 		.4byte	.LASF10
 336 0089 04       		.uleb128 0x4
 337 008a 08       		.byte	0x8
ARM GAS  /tmp/ccr1e8i3.s 			page 7


 338 008b 05       		.byte	0x5
 339 008c BD000000 		.4byte	.LASF11
 340 0090 03       		.uleb128 0x3
 341 0091 6C020000 		.4byte	.LASF12
 342 0095 03       		.byte	0x3
 343 0096 5B       		.byte	0x5b
 344 0097 9B000000 		.4byte	0x9b
 345 009b 04       		.uleb128 0x4
 346 009c 08       		.byte	0x8
 347 009d 07       		.byte	0x7
 348 009e 51000000 		.4byte	.LASF13
 349 00a2 04       		.uleb128 0x4
 350 00a3 04       		.byte	0x4
 351 00a4 07       		.byte	0x7
 352 00a5 02020000 		.4byte	.LASF14
 353 00a9 05       		.uleb128 0x5
 354 00aa 04       		.byte	0x4
 355 00ab 04       		.uleb128 0x4
 356 00ac 01       		.byte	0x1
 357 00ad 08       		.byte	0x8
 358 00ae C2040000 		.4byte	.LASF15
 359 00b2 06       		.uleb128 0x6
 360 00b3 04       		.byte	0x4
 361 00b4 B8000000 		.4byte	0xb8
 362 00b8 07       		.uleb128 0x7
 363 00b9 AB000000 		.4byte	0xab
 364 00bd 03       		.uleb128 0x3
 365 00be 53050000 		.4byte	.LASF16
 366 00c2 04       		.byte	0x4
 367 00c3 15       		.byte	0x15
 368 00c4 45000000 		.4byte	0x45
 369 00c8 03       		.uleb128 0x3
 370 00c9 E4020000 		.4byte	.LASF17
 371 00cd 04       		.byte	0x4
 372 00ce 2C       		.byte	0x2c
 373 00cf 65000000 		.4byte	0x65
 374 00d3 03       		.uleb128 0x3
 375 00d4 68040000 		.4byte	.LASF18
 376 00d8 04       		.byte	0x4
 377 00d9 2D       		.byte	0x2d
 378 00da 77000000 		.4byte	0x77
 379 00de 03       		.uleb128 0x3
 380 00df 23000000 		.4byte	.LASF19
 381 00e3 04       		.byte	0x4
 382 00e4 39       		.byte	0x39
 383 00e5 90000000 		.4byte	0x90
 384 00e9 08       		.uleb128 0x8
 385 00ea C8000000 		.4byte	0xc8
 386 00ee 03       		.uleb128 0x3
 387 00ef 20050000 		.4byte	.LASF20
 388 00f3 05       		.byte	0x5
 389 00f4 45       		.byte	0x45
 390 00f5 D3000000 		.4byte	0xd3
 391 00f9 03       		.uleb128 0x3
 392 00fa AE010000 		.4byte	.LASF21
 393 00fe 05       		.byte	0x5
 394 00ff 48       		.byte	0x48
ARM GAS  /tmp/ccr1e8i3.s 			page 8


 395 0100 BD000000 		.4byte	0xbd
 396 0104 03       		.uleb128 0x3
 397 0105 01010000 		.4byte	.LASF22
 398 0109 05       		.byte	0x5
 399 010a 49       		.byte	0x49
 400 010b BD000000 		.4byte	0xbd
 401 010f 03       		.uleb128 0x3
 402 0110 00000000 		.4byte	.LASF23
 403 0114 05       		.byte	0x5
 404 0115 4A       		.byte	0x4a
 405 0116 BD000000 		.4byte	0xbd
 406 011a 03       		.uleb128 0x3
 407 011b 8E020000 		.4byte	.LASF24
 408 011f 05       		.byte	0x5
 409 0120 4C       		.byte	0x4c
 410 0121 D3000000 		.4byte	0xd3
 411 0125 03       		.uleb128 0x3
 412 0126 95010000 		.4byte	.LASF25
 413 012a 05       		.byte	0x5
 414 012b 4D       		.byte	0x4d
 415 012c C8000000 		.4byte	0xc8
 416 0130 03       		.uleb128 0x3
 417 0131 C4010000 		.4byte	.LASF26
 418 0135 05       		.byte	0x5
 419 0136 4F       		.byte	0x4f
 420 0137 D3000000 		.4byte	0xd3
 421 013b 03       		.uleb128 0x3
 422 013c D7040000 		.4byte	.LASF27
 423 0140 06       		.byte	0x6
 424 0141 33       		.byte	0x33
 425 0142 D3000000 		.4byte	0xd3
 426 0146 03       		.uleb128 0x3
 427 0147 C7040000 		.4byte	.LASF28
 428 014b 06       		.byte	0x6
 429 014c 3F       		.byte	0x3f
 430 014d 51010000 		.4byte	0x151
 431 0151 09       		.uleb128 0x9
 432 0152 8B010000 		.4byte	.LASF47
 433 0156 44       		.byte	0x44
 434 0157 07       		.byte	0x7
 435 0158 BE       		.byte	0xbe
 436 0159 3E020000 		.4byte	0x23e
 437 015d 0A       		.uleb128 0xa
 438 015e 24030000 		.4byte	.LASF29
 439 0162 07       		.byte	0x7
 440 0163 BF       		.byte	0xbf
 441 0164 DF050000 		.4byte	0x5df
 442 0168 00       		.byte	0
 443 0169 0A       		.uleb128 0xa
 444 016a 87020000 		.4byte	.LASF30
 445 016e 07       		.byte	0x7
 446 016f C1       		.byte	0xc1
 447 0170 DF050000 		.4byte	0x5df
 448 0174 04       		.byte	0x4
 449 0175 0A       		.uleb128 0xa
 450 0176 B0000000 		.4byte	.LASF31
 451 017a 07       		.byte	0x7
ARM GAS  /tmp/ccr1e8i3.s 			page 9


 452 017b C3       		.byte	0xc3
 453 017c 1A010000 		.4byte	0x11a
 454 0180 08       		.byte	0x8
 455 0181 0A       		.uleb128 0xa
 456 0182 84050000 		.4byte	.LASF32
 457 0186 07       		.byte	0x7
 458 0187 C4       		.byte	0xc4
 459 0188 5F040000 		.4byte	0x45f
 460 018c 0C       		.byte	0xc
 461 018d 0A       		.uleb128 0xa
 462 018e 11010000 		.4byte	.LASF33
 463 0192 07       		.byte	0x7
 464 0193 C6       		.byte	0xc6
 465 0194 DF050000 		.4byte	0x5df
 466 0198 10       		.byte	0x10
 467 0199 0A       		.uleb128 0xa
 468 019a 2E020000 		.4byte	.LASF34
 469 019e 07       		.byte	0x7
 470 019f C7       		.byte	0xc7
 471 01a0 DF050000 		.4byte	0x5df
 472 01a4 14       		.byte	0x14
 473 01a5 0A       		.uleb128 0xa
 474 01a6 3F050000 		.4byte	.LASF35
 475 01aa 07       		.byte	0x7
 476 01ab CE       		.byte	0xce
 477 01ac B2000000 		.4byte	0xb2
 478 01b0 18       		.byte	0x18
 479 01b1 0A       		.uleb128 0xa
 480 01b2 FA020000 		.4byte	.LASF36
 481 01b6 07       		.byte	0x7
 482 01b7 D9       		.byte	0xd9
 483 01b8 04010000 		.4byte	0x104
 484 01bc 1C       		.byte	0x1c
 485 01bd 0A       		.uleb128 0xa
 486 01be 44040000 		.4byte	.LASF37
 487 01c2 07       		.byte	0x7
 488 01c3 DD       		.byte	0xdd
 489 01c4 F9000000 		.4byte	0xf9
 490 01c8 1D       		.byte	0x1d
 491 01c9 0A       		.uleb128 0xa
 492 01ca 46050000 		.4byte	.LASF38
 493 01ce 07       		.byte	0x7
 494 01cf E2       		.byte	0xe2
 495 01d0 0F010000 		.4byte	0x10f
 496 01d4 1E       		.byte	0x1e
 497 01d5 0B       		.uleb128 0xb
 498 01d6 705F7500 		.ascii	"p_u\000"
 499 01da 07       		.byte	0x7
 500 01db 1401     		.2byte	0x114
 501 01dd E5050000 		.4byte	0x5e5
 502 01e1 20       		.byte	0x20
 503 01e2 0C       		.uleb128 0xc
 504 01e3 F8010000 		.4byte	.LASF39
 505 01e7 07       		.byte	0x7
 506 01e8 1901     		.2byte	0x119
 507 01ea 3E020000 		.4byte	0x23e
 508 01ee 24       		.byte	0x24
ARM GAS  /tmp/ccr1e8i3.s 			page 10


 509 01ef 0C       		.uleb128 0xc
 510 01f0 6D010000 		.4byte	.LASF40
 511 01f4 07       		.byte	0x7
 512 01f5 1F01     		.2byte	0x11f
 513 01f7 62020000 		.4byte	0x262
 514 01fb 28       		.byte	0x28
 515 01fc 0C       		.uleb128 0xc
 516 01fd 76050000 		.4byte	.LASF41
 517 0201 07       		.byte	0x7
 518 0202 2301     		.2byte	0x123
 519 0204 25010000 		.4byte	0x125
 520 0208 30       		.byte	0x30
 521 0209 0C       		.uleb128 0xc
 522 020a 5D040000 		.4byte	.LASF42
 523 020e 07       		.byte	0x7
 524 020f 2901     		.2byte	0x129
 525 0211 30010000 		.4byte	0x130
 526 0215 34       		.byte	0x34
 527 0216 0C       		.uleb128 0xc
 528 0217 02030000 		.4byte	.LASF43
 529 021b 07       		.byte	0x7
 530 021c 3001     		.2byte	0x130
 531 021e 4E060000 		.4byte	0x64e
 532 0222 38       		.byte	0x38
 533 0223 0C       		.uleb128 0xc
 534 0224 E1040000 		.4byte	.LASF44
 535 0228 07       		.byte	0x7
 536 0229 3401     		.2byte	0x134
 537 022b 1A010000 		.4byte	0x11a
 538 022f 3C       		.byte	0x3c
 539 0230 0C       		.uleb128 0xc
 540 0231 D7000000 		.4byte	.LASF45
 541 0235 07       		.byte	0x7
 542 0236 3A01     		.2byte	0x13a
 543 0238 A9000000 		.4byte	0xa9
 544 023c 40       		.byte	0x40
 545 023d 00       		.byte	0
 546 023e 03       		.uleb128 0x3
 547 023f 67050000 		.4byte	.LASF46
 548 0243 06       		.byte	0x6
 549 0244 44       		.byte	0x44
 550 0245 49020000 		.4byte	0x249
 551 0249 09       		.uleb128 0x9
 552 024a 79040000 		.4byte	.LASF48
 553 024e 04       		.byte	0x4
 554 024f 07       		.byte	0x7
 555 0250 AC       		.byte	0xac
 556 0251 62020000 		.4byte	0x262
 557 0255 0A       		.uleb128 0xa
 558 0256 24030000 		.4byte	.LASF29
 559 025a 07       		.byte	0x7
 560 025b AD       		.byte	0xad
 561 025c DF050000 		.4byte	0x5df
 562 0260 00       		.byte	0
 563 0261 00       		.byte	0
 564 0262 03       		.uleb128 0x3
 565 0263 2F050000 		.4byte	.LASF49
ARM GAS  /tmp/ccr1e8i3.s 			page 11


 566 0267 06       		.byte	0x6
 567 0268 4B       		.byte	0x4b
 568 0269 6D020000 		.4byte	0x26d
 569 026d 09       		.uleb128 0x9
 570 026e 9F000000 		.4byte	.LASF50
 571 0272 08       		.byte	0x8
 572 0273 07       		.byte	0x7
 573 0274 B3       		.byte	0xb3
 574 0275 92020000 		.4byte	0x292
 575 0279 0A       		.uleb128 0xa
 576 027a 24030000 		.4byte	.LASF29
 577 027e 07       		.byte	0x7
 578 027f B4       		.byte	0xb4
 579 0280 DF050000 		.4byte	0x5df
 580 0284 00       		.byte	0
 581 0285 0A       		.uleb128 0xa
 582 0286 87020000 		.4byte	.LASF30
 583 028a 07       		.byte	0x7
 584 028b B5       		.byte	0xb5
 585 028c DF050000 		.4byte	0x5df
 586 0290 04       		.byte	0x4
 587 0291 00       		.byte	0
 588 0292 03       		.uleb128 0x3
 589 0293 08000000 		.4byte	.LASF51
 590 0297 06       		.byte	0x6
 591 0298 52       		.byte	0x52
 592 0299 9D020000 		.4byte	0x29d
 593 029d 0D       		.uleb128 0xd
 594 029e B6010000 		.4byte	.LASF52
 595 02a2 1C       		.byte	0x1c
 596 02a3 07       		.byte	0x7
 597 02a4 7201     		.2byte	0x172
 598 02a6 F9020000 		.4byte	0x2f9
 599 02aa 0C       		.uleb128 0xc
 600 02ab 71040000 		.4byte	.LASF53
 601 02af 07       		.byte	0x7
 602 02b0 7301     		.2byte	0x173
 603 02b2 62020000 		.4byte	0x262
 604 02b6 00       		.byte	0
 605 02b7 0C       		.uleb128 0xc
 606 02b8 16030000 		.4byte	.LASF54
 607 02bc 07       		.byte	0x7
 608 02bd 7401     		.2byte	0x174
 609 02bf 1A010000 		.4byte	0x11a
 610 02c3 08       		.byte	0x8
 611 02c4 0C       		.uleb128 0xc
 612 02c5 36020000 		.4byte	.LASF55
 613 02c9 07       		.byte	0x7
 614 02ca 7601     		.2byte	0x176
 615 02cc 5F040000 		.4byte	0x45f
 616 02d0 0C       		.byte	0xc
 617 02d1 0C       		.uleb128 0xc
 618 02d2 19010000 		.4byte	.LASF56
 619 02d6 07       		.byte	0x7
 620 02d7 7901     		.2byte	0x179
 621 02d9 DF050000 		.4byte	0x5df
 622 02dd 10       		.byte	0x10
ARM GAS  /tmp/ccr1e8i3.s 			page 12


 623 02de 0C       		.uleb128 0xc
 624 02df 57020000 		.4byte	.LASF57
 625 02e3 07       		.byte	0x7
 626 02e4 7A01     		.2byte	0x17a
 627 02e6 DF050000 		.4byte	0x5df
 628 02ea 14       		.byte	0x14
 629 02eb 0C       		.uleb128 0xc
 630 02ec 4D020000 		.4byte	.LASF58
 631 02f0 07       		.byte	0x7
 632 02f1 7D01     		.2byte	0x17d
 633 02f3 DF050000 		.4byte	0x5df
 634 02f7 18       		.byte	0x18
 635 02f8 00       		.byte	0
 636 02f9 03       		.uleb128 0x3
 637 02fa EC040000 		.4byte	.LASF59
 638 02fe 06       		.byte	0x6
 639 02ff 57       		.byte	0x57
 640 0300 04030000 		.4byte	0x304
 641 0304 06       		.uleb128 0x6
 642 0305 04       		.byte	0x4
 643 0306 0A030000 		.4byte	0x30a
 644 030a 0E       		.uleb128 0xe
 645 030b 15030000 		.4byte	0x315
 646 030f 0F       		.uleb128 0xf
 647 0310 A9000000 		.4byte	0xa9
 648 0314 00       		.byte	0
 649 0315 03       		.uleb128 0x3
 650 0316 77020000 		.4byte	.LASF60
 651 031a 06       		.byte	0x6
 652 031b 5C       		.byte	0x5c
 653 031c 20030000 		.4byte	0x320
 654 0320 0D       		.uleb128 0xd
 655 0321 4C040000 		.4byte	.LASF61
 656 0325 14       		.byte	0x14
 657 0326 07       		.byte	0x7
 658 0327 4D01     		.2byte	0x14d
 659 0329 6F030000 		.4byte	0x36f
 660 032d 0C       		.uleb128 0xc
 661 032e 5C010000 		.4byte	.LASF62
 662 0332 07       		.byte	0x7
 663 0333 4E01     		.2byte	0x14e
 664 0335 54060000 		.4byte	0x654
 665 0339 00       		.byte	0
 666 033a 0C       		.uleb128 0xc
 667 033b 2A010000 		.4byte	.LASF63
 668 033f 07       		.byte	0x7
 669 0340 4F01     		.2byte	0x14f
 670 0342 54060000 		.4byte	0x654
 671 0346 04       		.byte	0x4
 672 0347 0C       		.uleb128 0xc
 673 0348 64010000 		.4byte	.LASF64
 674 034c 07       		.byte	0x7
 675 034d 5001     		.2byte	0x150
 676 034f 3B010000 		.4byte	0x13b
 677 0353 08       		.byte	0x8
 678 0354 0C       		.uleb128 0xc
 679 0355 8A050000 		.4byte	.LASF65
ARM GAS  /tmp/ccr1e8i3.s 			page 13


 680 0359 07       		.byte	0x7
 681 035a 5101     		.2byte	0x151
 682 035c F9020000 		.4byte	0x2f9
 683 0360 0C       		.byte	0xc
 684 0361 0C       		.uleb128 0xc
 685 0362 28050000 		.4byte	.LASF66
 686 0366 07       		.byte	0x7
 687 0367 5301     		.2byte	0x153
 688 0369 A9000000 		.4byte	0xa9
 689 036d 10       		.byte	0x10
 690 036e 00       		.byte	0
 691 036f 03       		.uleb128 0x3
 692 0370 7C000000 		.4byte	.LASF67
 693 0374 06       		.byte	0x6
 694 0375 61       		.byte	0x61
 695 0376 7A030000 		.4byte	0x37a
 696 037a 0D       		.uleb128 0xd
 697 037b 0B020000 		.4byte	.LASF68
 698 037f 10       		.byte	0x10
 699 0380 07       		.byte	0x7
 700 0381 5D01     		.2byte	0x15d
 701 0383 BC030000 		.4byte	0x3bc
 702 0387 0C       		.uleb128 0xc
 703 0388 5C010000 		.4byte	.LASF62
 704 038c 07       		.byte	0x7
 705 038d 5E01     		.2byte	0x15e
 706 038f 54060000 		.4byte	0x654
 707 0393 00       		.byte	0
 708 0394 0C       		.uleb128 0xc
 709 0395 2A010000 		.4byte	.LASF63
 710 0399 07       		.byte	0x7
 711 039a 6001     		.2byte	0x160
 712 039c 54060000 		.4byte	0x654
 713 03a0 04       		.byte	0x4
 714 03a1 0C       		.uleb128 0xc
 715 03a2 64010000 		.4byte	.LASF64
 716 03a6 07       		.byte	0x7
 717 03a7 6201     		.2byte	0x162
 718 03a9 3B010000 		.4byte	0x13b
 719 03ad 08       		.byte	0x8
 720 03ae 0C       		.uleb128 0xc
 721 03af 22020000 		.4byte	.LASF69
 722 03b3 07       		.byte	0x7
 723 03b4 6A01     		.2byte	0x16a
 724 03b6 3B010000 		.4byte	0x13b
 725 03ba 0C       		.byte	0xc
 726 03bb 00       		.byte	0
 727 03bc 03       		.uleb128 0x3
 728 03bd 42000000 		.4byte	.LASF70
 729 03c1 06       		.byte	0x6
 730 03c2 66       		.byte	0x66
 731 03c3 C7030000 		.4byte	0x3c7
 732 03c7 0D       		.uleb128 0xd
 733 03c8 CE020000 		.4byte	.LASF71
 734 03cc 04       		.byte	0x4
 735 03cd 07       		.byte	0x7
 736 03ce 8401     		.2byte	0x184
ARM GAS  /tmp/ccr1e8i3.s 			page 14


 737 03d0 E2030000 		.4byte	0x3e2
 738 03d4 0C       		.uleb128 0xc
 739 03d5 00050000 		.4byte	.LASF72
 740 03d9 07       		.byte	0x7
 741 03da 8C01     		.2byte	0x18c
 742 03dc 5A060000 		.4byte	0x65a
 743 03e0 00       		.byte	0
 744 03e1 00       		.byte	0
 745 03e2 03       		.uleb128 0x3
 746 03e3 9B010000 		.4byte	.LASF73
 747 03e7 06       		.byte	0x6
 748 03e8 6B       		.byte	0x6b
 749 03e9 ED030000 		.4byte	0x3ed
 750 03ed 10       		.uleb128 0x10
 751 03ee EE000000 		.4byte	.LASF74
 752 03f2 D801     		.2byte	0x1d8
 753 03f4 07       		.byte	0x7
 754 03f5 A401     		.2byte	0x1a4
 755 03f7 49040000 		.4byte	0x449
 756 03fb 0C       		.uleb128 0xc
 757 03fc 4D050000 		.4byte	.LASF75
 758 0400 07       		.byte	0x7
 759 0401 A801     		.2byte	0x1a8
 760 0403 92020000 		.4byte	0x292
 761 0407 00       		.byte	0
 762 0408 0C       		.uleb128 0xc
 763 0409 E7000000 		.4byte	.LASF76
 764 040d 07       		.byte	0x7
 765 040e AC01     		.2byte	0x1ac
 766 0410 6F030000 		.4byte	0x36f
 767 0414 1C       		.byte	0x1c
 768 0415 0B       		.uleb128 0xb
 769 0416 64626700 		.ascii	"dbg\000"
 770 041a 07       		.byte	0x7
 771 041b B001     		.2byte	0x1b0
 772 041d BC030000 		.4byte	0x3bc
 773 0421 2C       		.byte	0x2c
 774 0422 0C       		.uleb128 0xc
 775 0423 71000000 		.4byte	.LASF77
 776 0427 07       		.byte	0x7
 777 0428 B401     		.2byte	0x1b4
 778 042a 46010000 		.4byte	0x146
 779 042e 30       		.byte	0x30
 780 042f 0B       		.uleb128 0xb
 781 0430 746D00   		.ascii	"tm\000"
 782 0433 07       		.byte	0x7
 783 0434 B901     		.2byte	0x1b9
 784 0436 D4050000 		.4byte	0x5d4
 785 043a 74       		.byte	0x74
 786 043b 0C       		.uleb128 0xc
 787 043c 40010000 		.4byte	.LASF78
 788 0440 07       		.byte	0x7
 789 0441 C501     		.2byte	0x1c5
 790 0443 5F060000 		.4byte	0x65f
 791 0447 78       		.byte	0x78
 792 0448 00       		.byte	0
 793 0449 03       		.uleb128 0x3
ARM GAS  /tmp/ccr1e8i3.s 			page 15


 794 044a 21010000 		.4byte	.LASF79
 795 044e 08       		.byte	0x8
 796 044f 85       		.byte	0x85
 797 0450 A9000000 		.4byte	0xa9
 798 0454 03       		.uleb128 0x3
 799 0455 DA010000 		.4byte	.LASF80
 800 0459 08       		.byte	0x8
 801 045a 8D       		.byte	0x8d
 802 045b DE000000 		.4byte	0xde
 803 045f 09       		.uleb128 0x9
 804 0460 18050000 		.4byte	.LASF81
 805 0464 04       		.byte	0x4
 806 0465 08       		.byte	0x8
 807 0466 A9       		.byte	0xa9
 808 0467 78040000 		.4byte	0x478
 809 046b 11       		.uleb128 0x11
 810 046c 72313300 		.ascii	"r13\000"
 811 0470 08       		.byte	0x8
 812 0471 AA       		.byte	0xaa
 813 0472 B9050000 		.4byte	0x5b9
 814 0476 00       		.byte	0
 815 0477 00       		.byte	0
 816 0478 09       		.uleb128 0x9
 817 0479 36000000 		.4byte	.LASF82
 818 047d 64       		.byte	0x64
 819 047e 09       		.byte	0x9
 820 047f F4       		.byte	0xf4
 821 0480 B9050000 		.4byte	0x5b9
 822 0484 11       		.uleb128 0x11
 823 0485 73313600 		.ascii	"s16\000"
 824 0489 09       		.byte	0x9
 825 048a F6       		.byte	0xf6
 826 048b 49040000 		.4byte	0x449
 827 048f 00       		.byte	0
 828 0490 11       		.uleb128 0x11
 829 0491 73313700 		.ascii	"s17\000"
 830 0495 09       		.byte	0x9
 831 0496 F7       		.byte	0xf7
 832 0497 49040000 		.4byte	0x449
 833 049b 04       		.byte	0x4
 834 049c 11       		.uleb128 0x11
 835 049d 73313800 		.ascii	"s18\000"
 836 04a1 09       		.byte	0x9
 837 04a2 F8       		.byte	0xf8
 838 04a3 49040000 		.4byte	0x449
 839 04a7 08       		.byte	0x8
 840 04a8 11       		.uleb128 0x11
 841 04a9 73313900 		.ascii	"s19\000"
 842 04ad 09       		.byte	0x9
 843 04ae F9       		.byte	0xf9
 844 04af 49040000 		.4byte	0x449
 845 04b3 0C       		.byte	0xc
 846 04b4 11       		.uleb128 0x11
 847 04b5 73323000 		.ascii	"s20\000"
 848 04b9 09       		.byte	0x9
 849 04ba FA       		.byte	0xfa
 850 04bb 49040000 		.4byte	0x449
ARM GAS  /tmp/ccr1e8i3.s 			page 16


 851 04bf 10       		.byte	0x10
 852 04c0 11       		.uleb128 0x11
 853 04c1 73323100 		.ascii	"s21\000"
 854 04c5 09       		.byte	0x9
 855 04c6 FB       		.byte	0xfb
 856 04c7 49040000 		.4byte	0x449
 857 04cb 14       		.byte	0x14
 858 04cc 11       		.uleb128 0x11
 859 04cd 73323200 		.ascii	"s22\000"
 860 04d1 09       		.byte	0x9
 861 04d2 FC       		.byte	0xfc
 862 04d3 49040000 		.4byte	0x449
 863 04d7 18       		.byte	0x18
 864 04d8 11       		.uleb128 0x11
 865 04d9 73323300 		.ascii	"s23\000"
 866 04dd 09       		.byte	0x9
 867 04de FD       		.byte	0xfd
 868 04df 49040000 		.4byte	0x449
 869 04e3 1C       		.byte	0x1c
 870 04e4 11       		.uleb128 0x11
 871 04e5 73323400 		.ascii	"s24\000"
 872 04e9 09       		.byte	0x9
 873 04ea FE       		.byte	0xfe
 874 04eb 49040000 		.4byte	0x449
 875 04ef 20       		.byte	0x20
 876 04f0 11       		.uleb128 0x11
 877 04f1 73323500 		.ascii	"s25\000"
 878 04f5 09       		.byte	0x9
 879 04f6 FF       		.byte	0xff
 880 04f7 49040000 		.4byte	0x449
 881 04fb 24       		.byte	0x24
 882 04fc 0B       		.uleb128 0xb
 883 04fd 73323600 		.ascii	"s26\000"
 884 0501 09       		.byte	0x9
 885 0502 0001     		.2byte	0x100
 886 0504 49040000 		.4byte	0x449
 887 0508 28       		.byte	0x28
 888 0509 0B       		.uleb128 0xb
 889 050a 73323700 		.ascii	"s27\000"
 890 050e 09       		.byte	0x9
 891 050f 0101     		.2byte	0x101
 892 0511 49040000 		.4byte	0x449
 893 0515 2C       		.byte	0x2c
 894 0516 0B       		.uleb128 0xb
 895 0517 73323800 		.ascii	"s28\000"
 896 051b 09       		.byte	0x9
 897 051c 0201     		.2byte	0x102
 898 051e 49040000 		.4byte	0x449
 899 0522 30       		.byte	0x30
 900 0523 0B       		.uleb128 0xb
 901 0524 73323900 		.ascii	"s29\000"
 902 0528 09       		.byte	0x9
 903 0529 0301     		.2byte	0x103
 904 052b 49040000 		.4byte	0x449
 905 052f 34       		.byte	0x34
 906 0530 0B       		.uleb128 0xb
 907 0531 73333000 		.ascii	"s30\000"
ARM GAS  /tmp/ccr1e8i3.s 			page 17


 908 0535 09       		.byte	0x9
 909 0536 0401     		.2byte	0x104
 910 0538 49040000 		.4byte	0x449
 911 053c 38       		.byte	0x38
 912 053d 0B       		.uleb128 0xb
 913 053e 73333100 		.ascii	"s31\000"
 914 0542 09       		.byte	0x9
 915 0543 0501     		.2byte	0x105
 916 0545 49040000 		.4byte	0x449
 917 0549 3C       		.byte	0x3c
 918 054a 0B       		.uleb128 0xb
 919 054b 723400   		.ascii	"r4\000"
 920 054e 09       		.byte	0x9
 921 054f 0701     		.2byte	0x107
 922 0551 49040000 		.4byte	0x449
 923 0555 40       		.byte	0x40
 924 0556 0B       		.uleb128 0xb
 925 0557 723500   		.ascii	"r5\000"
 926 055a 09       		.byte	0x9
 927 055b 0801     		.2byte	0x108
 928 055d 49040000 		.4byte	0x449
 929 0561 44       		.byte	0x44
 930 0562 0B       		.uleb128 0xb
 931 0563 723600   		.ascii	"r6\000"
 932 0566 09       		.byte	0x9
 933 0567 0901     		.2byte	0x109
 934 0569 49040000 		.4byte	0x449
 935 056d 48       		.byte	0x48
 936 056e 0B       		.uleb128 0xb
 937 056f 723700   		.ascii	"r7\000"
 938 0572 09       		.byte	0x9
 939 0573 0A01     		.2byte	0x10a
 940 0575 49040000 		.4byte	0x449
 941 0579 4C       		.byte	0x4c
 942 057a 0B       		.uleb128 0xb
 943 057b 723800   		.ascii	"r8\000"
 944 057e 09       		.byte	0x9
 945 057f 0B01     		.2byte	0x10b
 946 0581 49040000 		.4byte	0x449
 947 0585 50       		.byte	0x50
 948 0586 0B       		.uleb128 0xb
 949 0587 723900   		.ascii	"r9\000"
 950 058a 09       		.byte	0x9
 951 058b 0C01     		.2byte	0x10c
 952 058d 49040000 		.4byte	0x449
 953 0591 54       		.byte	0x54
 954 0592 0B       		.uleb128 0xb
 955 0593 72313000 		.ascii	"r10\000"
 956 0597 09       		.byte	0x9
 957 0598 0D01     		.2byte	0x10d
 958 059a 49040000 		.4byte	0x449
 959 059e 58       		.byte	0x58
 960 059f 0B       		.uleb128 0xb
 961 05a0 72313100 		.ascii	"r11\000"
 962 05a4 09       		.byte	0x9
 963 05a5 0E01     		.2byte	0x10e
 964 05a7 49040000 		.4byte	0x449
ARM GAS  /tmp/ccr1e8i3.s 			page 18


 965 05ab 5C       		.byte	0x5c
 966 05ac 0B       		.uleb128 0xb
 967 05ad 6C7200   		.ascii	"lr\000"
 968 05b0 09       		.byte	0x9
 969 05b1 0F01     		.2byte	0x10f
 970 05b3 49040000 		.4byte	0x449
 971 05b7 60       		.byte	0x60
 972 05b8 00       		.byte	0
 973 05b9 06       		.uleb128 0x6
 974 05ba 04       		.byte	0x4
 975 05bb 78040000 		.4byte	0x478
 976 05bf 12       		.uleb128 0x12
 977 05c0 04       		.byte	0x4
 978 05c1 0A       		.byte	0xa
 979 05c2 38       		.byte	0x38
 980 05c3 D4050000 		.4byte	0x5d4
 981 05c7 0A       		.uleb128 0xa
 982 05c8 0A050000 		.4byte	.LASF83
 983 05cc 0A       		.byte	0xa
 984 05cd 3C       		.byte	0x3c
 985 05ce EE000000 		.4byte	0xee
 986 05d2 00       		.byte	0
 987 05d3 00       		.byte	0
 988 05d4 03       		.uleb128 0x3
 989 05d5 3C020000 		.4byte	.LASF84
 990 05d9 0A       		.byte	0xa
 991 05da 3D       		.byte	0x3d
 992 05db BF050000 		.4byte	0x5bf
 993 05df 06       		.uleb128 0x6
 994 05e0 04       		.byte	0x4
 995 05e1 46010000 		.4byte	0x146
 996 05e5 13       		.uleb128 0x13
 997 05e6 04       		.byte	0x4
 998 05e7 07       		.byte	0x7
 999 05e8 F6       		.byte	0xf6
 1000 05e9 1D060000 		.4byte	0x61d
 1001 05ed 14       		.uleb128 0x14
 1002 05ee 1C000000 		.4byte	.LASF85
 1003 05f2 07       		.byte	0x7
 1004 05f3 FD       		.byte	0xfd
 1005 05f4 25010000 		.4byte	0x125
 1006 05f8 15       		.uleb128 0x15
 1007 05f9 68000000 		.4byte	.LASF86
 1008 05fd 07       		.byte	0x7
 1009 05fe 0401     		.2byte	0x104
 1010 0600 25010000 		.4byte	0x125
 1011 0604 15       		.uleb128 0x15
 1012 0605 5B050000 		.4byte	.LASF87
 1013 0609 07       		.byte	0x7
 1014 060a 0B01     		.2byte	0x10b
 1015 060c A9000000 		.4byte	0xa9
 1016 0610 15       		.uleb128 0x15
 1017 0611 1D030000 		.4byte	.LASF88
 1018 0615 07       		.byte	0x7
 1019 0616 1201     		.2byte	0x112
 1020 0618 30010000 		.4byte	0x130
 1021 061c 00       		.byte	0
ARM GAS  /tmp/ccr1e8i3.s 			page 19


 1022 061d 09       		.uleb128 0x9
 1023 061e 3A010000 		.4byte	.LASF89
 1024 0622 10       		.byte	0x10
 1025 0623 0B       		.byte	0xb
 1026 0624 39       		.byte	0x39
 1027 0625 4E060000 		.4byte	0x64e
 1028 0629 0A       		.uleb128 0xa
 1029 062a DF000000 		.4byte	.LASF90
 1030 062e 0B       		.byte	0xb
 1031 062f 3A       		.byte	0x3a
 1032 0630 62020000 		.4byte	0x262
 1033 0634 00       		.byte	0
 1034 0635 0A       		.uleb128 0xa
 1035 0636 7C050000 		.4byte	.LASF91
 1036 063a 0B       		.byte	0xb
 1037 063b 3C       		.byte	0x3c
 1038 063c DF050000 		.4byte	0x5df
 1039 0640 08       		.byte	0x8
 1040 0641 0A       		.uleb128 0xa
 1041 0642 D0040000 		.4byte	.LASF92
 1042 0646 0B       		.byte	0xb
 1043 0647 3E       		.byte	0x3e
 1044 0648 8F060000 		.4byte	0x68f
 1045 064c 0C       		.byte	0xc
 1046 064d 00       		.byte	0
 1047 064e 06       		.uleb128 0x6
 1048 064f 04       		.byte	0x4
 1049 0650 1D060000 		.4byte	0x61d
 1050 0654 06       		.uleb128 0x6
 1051 0655 04       		.byte	0x4
 1052 0656 15030000 		.4byte	0x315
 1053 065a 08       		.uleb128 0x8
 1054 065b B2000000 		.4byte	0xb2
 1055 065f 16       		.uleb128 0x16
 1056 0660 54040000 		.4byte	0x454
 1057 0664 6F060000 		.4byte	0x66f
 1058 0668 17       		.uleb128 0x17
 1059 0669 A2000000 		.4byte	0xa2
 1060 066d 2B       		.byte	0x2b
 1061 066e 00       		.byte	0
 1062 066f 06       		.uleb128 0x6
 1063 0670 04       		.byte	0x4
 1064 0671 75060000 		.4byte	0x675
 1065 0675 18       		.uleb128 0x18
 1066 0676 25010000 		.4byte	0x125
 1067 067a 84060000 		.4byte	0x684
 1068 067e 0F       		.uleb128 0xf
 1069 067f A9000000 		.4byte	0xa9
 1070 0683 00       		.byte	0
 1071 0684 03       		.uleb128 0x3
 1072 0685 32010000 		.4byte	.LASF93
 1073 0689 0B       		.byte	0xb
 1074 068a 34       		.byte	0x34
 1075 068b 1D060000 		.4byte	0x61d
 1076 068f 06       		.uleb128 0x6
 1077 0690 04       		.byte	0x4
 1078 0691 84060000 		.4byte	0x684
ARM GAS  /tmp/ccr1e8i3.s 			page 20


 1079 0695 06       		.uleb128 0x6
 1080 0696 04       		.byte	0x4
 1081 0697 BD000000 		.4byte	0xbd
 1082 069b 18       		.uleb128 0x18
 1083 069c 2C000000 		.4byte	0x2c
 1084 06a0 B4060000 		.4byte	0x6b4
 1085 06a4 0F       		.uleb128 0xf
 1086 06a5 A9000000 		.4byte	0xa9
 1087 06a9 0F       		.uleb128 0xf
 1088 06aa B4060000 		.4byte	0x6b4
 1089 06ae 0F       		.uleb128 0xf
 1090 06af 2C000000 		.4byte	0x2c
 1091 06b3 00       		.byte	0
 1092 06b4 06       		.uleb128 0x6
 1093 06b5 04       		.byte	0x4
 1094 06b6 BA060000 		.4byte	0x6ba
 1095 06ba 07       		.uleb128 0x7
 1096 06bb BD000000 		.4byte	0xbd
 1097 06bf 06       		.uleb128 0x6
 1098 06c0 04       		.byte	0x4
 1099 06c1 9B060000 		.4byte	0x69b
 1100 06c5 18       		.uleb128 0x18
 1101 06c6 2C000000 		.4byte	0x2c
 1102 06ca DE060000 		.4byte	0x6de
 1103 06ce 0F       		.uleb128 0xf
 1104 06cf A9000000 		.4byte	0xa9
 1105 06d3 0F       		.uleb128 0xf
 1106 06d4 95060000 		.4byte	0x695
 1107 06d8 0F       		.uleb128 0xf
 1108 06d9 2C000000 		.4byte	0x2c
 1109 06dd 00       		.byte	0
 1110 06de 06       		.uleb128 0x6
 1111 06df 04       		.byte	0x4
 1112 06e0 C5060000 		.4byte	0x6c5
 1113 06e4 18       		.uleb128 0x18
 1114 06e5 25010000 		.4byte	0x125
 1115 06e9 F8060000 		.4byte	0x6f8
 1116 06ed 0F       		.uleb128 0xf
 1117 06ee A9000000 		.4byte	0xa9
 1118 06f2 0F       		.uleb128 0xf
 1119 06f3 BD000000 		.4byte	0xbd
 1120 06f7 00       		.byte	0
 1121 06f8 06       		.uleb128 0x6
 1122 06f9 04       		.byte	0x4
 1123 06fa E4060000 		.4byte	0x6e4
 1124 06fe 04       		.uleb128 0x4
 1125 06ff 01       		.byte	0x1
 1126 0700 02       		.byte	0x2
 1127 0701 DE020000 		.4byte	.LASF94
 1128 0705 09       		.uleb128 0x9
 1129 0706 5F020000 		.4byte	.LASF95
 1130 070a 10       		.byte	0x10
 1131 070b 0C       		.byte	0xc
 1132 070c 3D       		.byte	0x3d
 1133 070d 42070000 		.4byte	0x742
 1134 0711 0A       		.uleb128 0xa
 1135 0712 F2010000 		.4byte	.LASF96
ARM GAS  /tmp/ccr1e8i3.s 			page 21


 1136 0716 0C       		.byte	0xc
 1137 0717 3E       		.byte	0x3e
 1138 0718 BF060000 		.4byte	0x6bf
 1139 071c 00       		.byte	0
 1140 071d 0A       		.uleb128 0xa
 1141 071e BD040000 		.4byte	.LASF97
 1142 0722 0C       		.byte	0xc
 1143 0723 3E       		.byte	0x3e
 1144 0724 DE060000 		.4byte	0x6de
 1145 0728 04       		.byte	0x4
 1146 0729 11       		.uleb128 0x11
 1147 072a 70757400 		.ascii	"put\000"
 1148 072e 0C       		.byte	0xc
 1149 072f 3E       		.byte	0x3e
 1150 0730 F8060000 		.4byte	0x6f8
 1151 0734 08       		.byte	0x8
 1152 0735 11       		.uleb128 0x11
 1153 0736 67657400 		.ascii	"get\000"
 1154 073a 0C       		.byte	0xc
 1155 073b 3E       		.byte	0x3e
 1156 073c 6F060000 		.4byte	0x66f
 1157 0740 0C       		.byte	0xc
 1158 0741 00       		.byte	0
 1159 0742 12       		.uleb128 0x12
 1160 0743 14       		.byte	0x14
 1161 0744 0C       		.byte	0xc
 1162 0745 46       		.byte	0x46
 1163 0746 87070000 		.4byte	0x787
 1164 074a 11       		.uleb128 0x11
 1165 074b 766D7400 		.ascii	"vmt\000"
 1166 074f 0C       		.byte	0xc
 1167 0750 48       		.byte	0x48
 1168 0751 87070000 		.4byte	0x787
 1169 0755 00       		.byte	0
 1170 0756 0A       		.uleb128 0xa
 1171 0757 0A010000 		.4byte	.LASF98
 1172 075b 0C       		.byte	0xc
 1173 075c 49       		.byte	0x49
 1174 075d 95060000 		.4byte	0x695
 1175 0761 04       		.byte	0x4
 1176 0762 0A       		.uleb128 0xa
 1177 0763 62050000 		.4byte	.LASF99
 1178 0767 0C       		.byte	0xc
 1179 0768 49       		.byte	0x49
 1180 0769 2C000000 		.4byte	0x2c
 1181 076d 08       		.byte	0x8
 1182 076e 11       		.uleb128 0x11
 1183 076f 656F7300 		.ascii	"eos\000"
 1184 0773 0C       		.byte	0xc
 1185 0774 49       		.byte	0x49
 1186 0775 2C000000 		.4byte	0x2c
 1187 0779 0C       		.byte	0xc
 1188 077a 0A       		.uleb128 0xa
 1189 077b 0A050000 		.4byte	.LASF83
 1190 077f 0C       		.byte	0xc
 1191 0780 49       		.byte	0x49
 1192 0781 2C000000 		.4byte	0x2c
ARM GAS  /tmp/ccr1e8i3.s 			page 22


 1193 0785 10       		.byte	0x10
 1194 0786 00       		.byte	0
 1195 0787 06       		.uleb128 0x6
 1196 0788 04       		.byte	0x4
 1197 0789 8D070000 		.4byte	0x78d
 1198 078d 07       		.uleb128 0x7
 1199 078e 05070000 		.4byte	0x705
 1200 0792 03       		.uleb128 0x3
 1201 0793 C1020000 		.4byte	.LASF100
 1202 0797 0C       		.byte	0xc
 1203 0798 4A       		.byte	0x4a
 1204 0799 42070000 		.4byte	0x742
 1205 079d 19       		.uleb128 0x19
 1206 079e 70757400 		.ascii	"put\000"
 1207 07a2 01       		.byte	0x1
 1208 07a3 42       		.byte	0x42
 1209 07a4 25010000 		.4byte	0x125
 1210 07a8 00000000 		.4byte	.LFB257
 1211 07ac 1C000000 		.4byte	.LFE257-.LFB257
 1212 07b0 01       		.uleb128 0x1
 1213 07b1 9C       		.byte	0x9c
 1214 07b2 DF070000 		.4byte	0x7df
 1215 07b6 1A       		.uleb128 0x1a
 1216 07b7 697000   		.ascii	"ip\000"
 1217 07ba 01       		.byte	0x1
 1218 07bb 42       		.byte	0x42
 1219 07bc A9000000 		.4byte	0xa9
 1220 07c0 00000000 		.4byte	.LLST0
 1221 07c4 1B       		.uleb128 0x1b
 1222 07c5 6200     		.ascii	"b\000"
 1223 07c7 01       		.byte	0x1
 1224 07c8 42       		.byte	0x42
 1225 07c9 BD000000 		.4byte	0xbd
 1226 07cd 01       		.uleb128 0x1
 1227 07ce 51       		.byte	0x51
 1228 07cf 1C       		.uleb128 0x1c
 1229 07d0 6D737000 		.ascii	"msp\000"
 1230 07d4 01       		.byte	0x1
 1231 07d5 43       		.byte	0x43
 1232 07d6 DF070000 		.4byte	0x7df
 1233 07da 00000000 		.4byte	.LLST0
 1234 07de 00       		.byte	0
 1235 07df 06       		.uleb128 0x6
 1236 07e0 04       		.byte	0x4
 1237 07e1 92070000 		.4byte	0x792
 1238 07e5 19       		.uleb128 0x19
 1239 07e6 67657400 		.ascii	"get\000"
 1240 07ea 01       		.byte	0x1
 1241 07eb 4C       		.byte	0x4c
 1242 07ec 25010000 		.4byte	0x125
 1243 07f0 00000000 		.4byte	.LFB258
 1244 07f4 1A000000 		.4byte	.LFE258-.LFB258
 1245 07f8 01       		.uleb128 0x1
 1246 07f9 9C       		.byte	0x9c
 1247 07fa 29080000 		.4byte	0x829
 1248 07fe 1A       		.uleb128 0x1a
 1249 07ff 697000   		.ascii	"ip\000"
ARM GAS  /tmp/ccr1e8i3.s 			page 23


 1250 0802 01       		.byte	0x1
 1251 0803 4C       		.byte	0x4c
 1252 0804 A9000000 		.4byte	0xa9
 1253 0808 3A000000 		.4byte	.LLST2
 1254 080c 1C       		.uleb128 0x1c
 1255 080d 6200     		.ascii	"b\000"
 1256 080f 01       		.byte	0x1
 1257 0810 4D       		.byte	0x4d
 1258 0811 BD000000 		.4byte	0xbd
 1259 0815 6E000000 		.4byte	.LLST3
 1260 0819 1C       		.uleb128 0x1c
 1261 081a 6D737000 		.ascii	"msp\000"
 1262 081e 01       		.byte	0x1
 1263 081f 4E       		.byte	0x4e
 1264 0820 DF070000 		.4byte	0x7df
 1265 0824 81000000 		.4byte	.LLST4
 1266 0828 00       		.byte	0
 1267 0829 1D       		.uleb128 0x1d
 1268 082a B7000000 		.4byte	.LASF101
 1269 082e 01       		.byte	0x1
 1270 082f 38       		.byte	0x38
 1271 0830 2C000000 		.4byte	0x2c
 1272 0834 00000000 		.4byte	.LFB256
 1273 0838 26000000 		.4byte	.LFE256-.LFB256
 1274 083c 01       		.uleb128 0x1
 1275 083d 9C       		.byte	0x9c
 1276 083e 92080000 		.4byte	0x892
 1277 0842 1A       		.uleb128 0x1a
 1278 0843 697000   		.ascii	"ip\000"
 1279 0846 01       		.byte	0x1
 1280 0847 38       		.byte	0x38
 1281 0848 A9000000 		.4byte	0xa9
 1282 084c B5000000 		.4byte	.LLST5
 1283 0850 1A       		.uleb128 0x1a
 1284 0851 627000   		.ascii	"bp\000"
 1285 0854 01       		.byte	0x1
 1286 0855 38       		.byte	0x38
 1287 0856 95060000 		.4byte	0x695
 1288 085a D3000000 		.4byte	.LLST6
 1289 085e 1A       		.uleb128 0x1a
 1290 085f 6E00     		.ascii	"n\000"
 1291 0861 01       		.byte	0x1
 1292 0862 38       		.byte	0x38
 1293 0863 2C000000 		.4byte	0x2c
 1294 0867 FF000000 		.4byte	.LLST7
 1295 086b 1C       		.uleb128 0x1c
 1296 086c 6D737000 		.ascii	"msp\000"
 1297 0870 01       		.byte	0x1
 1298 0871 39       		.byte	0x39
 1299 0872 DF070000 		.4byte	0x7df
 1300 0876 1D010000 		.4byte	.LLST8
 1301 087a 1E       		.uleb128 0x1e
 1302 087b 1C000000 		.4byte	.LVL14
 1303 087f 6F090000 		.4byte	0x96f
 1304 0883 1F       		.uleb128 0x1f
 1305 0884 01       		.uleb128 0x1
 1306 0885 52       		.byte	0x52
ARM GAS  /tmp/ccr1e8i3.s 			page 24


 1307 0886 02       		.uleb128 0x2
 1308 0887 74       		.byte	0x74
 1309 0888 00       		.sleb128 0
 1310 0889 1F       		.uleb128 0x1f
 1311 088a 01       		.uleb128 0x1
 1312 088b 50       		.byte	0x50
 1313 088c 03       		.uleb128 0x3
 1314 088d F3       		.byte	0xf3
 1315 088e 01       		.uleb128 0x1
 1316 088f 51       		.byte	0x51
 1317 0890 00       		.byte	0
 1318 0891 00       		.byte	0
 1319 0892 1D       		.uleb128 0x1d
 1320 0893 A7010000 		.4byte	.LASF102
 1321 0897 01       		.byte	0x1
 1322 0898 2E       		.byte	0x2e
 1323 0899 2C000000 		.4byte	0x2c
 1324 089d 00000000 		.4byte	.LFB255
 1325 08a1 24000000 		.4byte	.LFE255-.LFB255
 1326 08a5 01       		.uleb128 0x1
 1327 08a6 9C       		.byte	0x9c
 1328 08a7 FB080000 		.4byte	0x8fb
 1329 08ab 1A       		.uleb128 0x1a
 1330 08ac 697000   		.ascii	"ip\000"
 1331 08af 01       		.byte	0x1
 1332 08b0 2E       		.byte	0x2e
 1333 08b1 A9000000 		.4byte	0xa9
 1334 08b5 3B010000 		.4byte	.LLST9
 1335 08b9 1A       		.uleb128 0x1a
 1336 08ba 627000   		.ascii	"bp\000"
 1337 08bd 01       		.byte	0x1
 1338 08be 2E       		.byte	0x2e
 1339 08bf B4060000 		.4byte	0x6b4
 1340 08c3 59010000 		.4byte	.LLST10
 1341 08c7 1A       		.uleb128 0x1a
 1342 08c8 6E00     		.ascii	"n\000"
 1343 08ca 01       		.byte	0x1
 1344 08cb 2E       		.byte	0x2e
 1345 08cc 2C000000 		.4byte	0x2c
 1346 08d0 7A010000 		.4byte	.LLST11
 1347 08d4 1C       		.uleb128 0x1c
 1348 08d5 6D737000 		.ascii	"msp\000"
 1349 08d9 01       		.byte	0x1
 1350 08da 2F       		.byte	0x2f
 1351 08db DF070000 		.4byte	0x7df
 1352 08df 98010000 		.4byte	.LLST12
 1353 08e3 1E       		.uleb128 0x1e
 1354 08e4 1A000000 		.4byte	.LVL19
 1355 08e8 6F090000 		.4byte	0x96f
 1356 08ec 1F       		.uleb128 0x1f
 1357 08ed 01       		.uleb128 0x1
 1358 08ee 52       		.byte	0x52
 1359 08ef 02       		.uleb128 0x2
 1360 08f0 74       		.byte	0x74
 1361 08f1 00       		.sleb128 0
 1362 08f2 1F       		.uleb128 0x1f
 1363 08f3 01       		.uleb128 0x1
ARM GAS  /tmp/ccr1e8i3.s 			page 25


 1364 08f4 51       		.byte	0x51
 1365 08f5 03       		.uleb128 0x3
 1366 08f6 F3       		.byte	0xf3
 1367 08f7 01       		.uleb128 0x1
 1368 08f8 51       		.byte	0x51
 1369 08f9 00       		.byte	0
 1370 08fa 00       		.byte	0
 1371 08fb 20       		.uleb128 0x20
 1372 08fc E5010000 		.4byte	.LASF107
 1373 0900 01       		.byte	0x1
 1374 0901 67       		.byte	0x67
 1375 0902 00000000 		.4byte	.LFB259
 1376 0906 1C000000 		.4byte	.LFE259-.LFB259
 1377 090a 01       		.uleb128 0x1
 1378 090b 9C       		.byte	0x9c
 1379 090c 47090000 		.4byte	0x947
 1380 0910 1B       		.uleb128 0x1b
 1381 0911 6D737000 		.ascii	"msp\000"
 1382 0915 01       		.byte	0x1
 1383 0916 67       		.byte	0x67
 1384 0917 DF070000 		.4byte	0x7df
 1385 091b 01       		.uleb128 0x1
 1386 091c 50       		.byte	0x50
 1387 091d 21       		.uleb128 0x21
 1388 091e 0A010000 		.4byte	.LASF98
 1389 0922 01       		.byte	0x1
 1390 0923 67       		.byte	0x67
 1391 0924 95060000 		.4byte	0x695
 1392 0928 B6010000 		.4byte	.LLST13
 1393 092c 22       		.uleb128 0x22
 1394 092d 62050000 		.4byte	.LASF99
 1395 0931 01       		.byte	0x1
 1396 0932 68       		.byte	0x68
 1397 0933 2C000000 		.4byte	0x2c
 1398 0937 01       		.uleb128 0x1
 1399 0938 52       		.byte	0x52
 1400 0939 1B       		.uleb128 0x1b
 1401 093a 656F7300 		.ascii	"eos\000"
 1402 093e 01       		.byte	0x1
 1403 093f 68       		.byte	0x68
 1404 0940 2C000000 		.4byte	0x2c
 1405 0944 01       		.uleb128 0x1
 1406 0945 53       		.byte	0x53
 1407 0946 00       		.byte	0
 1408 0947 23       		.uleb128 0x23
 1409 0948 766D7400 		.ascii	"vmt\000"
 1410 094c 01       		.byte	0x1
 1411 094d 57       		.byte	0x57
 1412 094e 8D070000 		.4byte	0x78d
 1413 0952 05       		.uleb128 0x5
 1414 0953 03       		.byte	0x3
 1415 0954 00000000 		.4byte	vmt
 1416 0958 24       		.uleb128 0x24
 1417 0959 92000000 		.4byte	.LASF103
 1418 095d 0D       		.byte	0xd
 1419 095e A706     		.2byte	0x6a7
 1420 0960 E9000000 		.4byte	0xe9
ARM GAS  /tmp/ccr1e8i3.s 			page 26


 1421 0964 25       		.uleb128 0x25
 1422 0965 636800   		.ascii	"ch\000"
 1423 0968 07       		.byte	0x7
 1424 0969 EB01     		.2byte	0x1eb
 1425 096b E2030000 		.4byte	0x3e2
 1426 096f 26       		.uleb128 0x26
 1427 0970 11050000 		.4byte	.LASF108
 1428 0974 A9000000 		.4byte	0xa9
 1429 0978 8C090000 		.4byte	0x98c
 1430 097c 0F       		.uleb128 0xf
 1431 097d A9000000 		.4byte	0xa9
 1432 0981 0F       		.uleb128 0xf
 1433 0982 8C090000 		.4byte	0x98c
 1434 0986 0F       		.uleb128 0xf
 1435 0987 A2000000 		.4byte	0xa2
 1436 098b 00       		.byte	0
 1437 098c 06       		.uleb128 0x6
 1438 098d 04       		.byte	0x4
 1439 098e 92090000 		.4byte	0x992
 1440 0992 27       		.uleb128 0x27
 1441 0993 00       		.byte	0
 1442              		.section	.debug_abbrev,"",%progbits
 1443              	.Ldebug_abbrev0:
 1444 0000 01       		.uleb128 0x1
 1445 0001 11       		.uleb128 0x11
 1446 0002 01       		.byte	0x1
 1447 0003 25       		.uleb128 0x25
 1448 0004 0E       		.uleb128 0xe
 1449 0005 13       		.uleb128 0x13
 1450 0006 0B       		.uleb128 0xb
 1451 0007 03       		.uleb128 0x3
 1452 0008 0E       		.uleb128 0xe
 1453 0009 1B       		.uleb128 0x1b
 1454 000a 0E       		.uleb128 0xe
 1455 000b 55       		.uleb128 0x55
 1456 000c 17       		.uleb128 0x17
 1457 000d 11       		.uleb128 0x11
 1458 000e 01       		.uleb128 0x1
 1459 000f 10       		.uleb128 0x10
 1460 0010 17       		.uleb128 0x17
 1461 0011 00       		.byte	0
 1462 0012 00       		.byte	0
 1463 0013 02       		.uleb128 0x2
 1464 0014 24       		.uleb128 0x24
 1465 0015 00       		.byte	0
 1466 0016 0B       		.uleb128 0xb
 1467 0017 0B       		.uleb128 0xb
 1468 0018 3E       		.uleb128 0x3e
 1469 0019 0B       		.uleb128 0xb
 1470 001a 03       		.uleb128 0x3
 1471 001b 08       		.uleb128 0x8
 1472 001c 00       		.byte	0
 1473 001d 00       		.byte	0
 1474 001e 03       		.uleb128 0x3
 1475 001f 16       		.uleb128 0x16
 1476 0020 00       		.byte	0
 1477 0021 03       		.uleb128 0x3
ARM GAS  /tmp/ccr1e8i3.s 			page 27


 1478 0022 0E       		.uleb128 0xe
 1479 0023 3A       		.uleb128 0x3a
 1480 0024 0B       		.uleb128 0xb
 1481 0025 3B       		.uleb128 0x3b
 1482 0026 0B       		.uleb128 0xb
 1483 0027 49       		.uleb128 0x49
 1484 0028 13       		.uleb128 0x13
 1485 0029 00       		.byte	0
 1486 002a 00       		.byte	0
 1487 002b 04       		.uleb128 0x4
 1488 002c 24       		.uleb128 0x24
 1489 002d 00       		.byte	0
 1490 002e 0B       		.uleb128 0xb
 1491 002f 0B       		.uleb128 0xb
 1492 0030 3E       		.uleb128 0x3e
 1493 0031 0B       		.uleb128 0xb
 1494 0032 03       		.uleb128 0x3
 1495 0033 0E       		.uleb128 0xe
 1496 0034 00       		.byte	0
 1497 0035 00       		.byte	0
 1498 0036 05       		.uleb128 0x5
 1499 0037 0F       		.uleb128 0xf
 1500 0038 00       		.byte	0
 1501 0039 0B       		.uleb128 0xb
 1502 003a 0B       		.uleb128 0xb
 1503 003b 00       		.byte	0
 1504 003c 00       		.byte	0
 1505 003d 06       		.uleb128 0x6
 1506 003e 0F       		.uleb128 0xf
 1507 003f 00       		.byte	0
 1508 0040 0B       		.uleb128 0xb
 1509 0041 0B       		.uleb128 0xb
 1510 0042 49       		.uleb128 0x49
 1511 0043 13       		.uleb128 0x13
 1512 0044 00       		.byte	0
 1513 0045 00       		.byte	0
 1514 0046 07       		.uleb128 0x7
 1515 0047 26       		.uleb128 0x26
 1516 0048 00       		.byte	0
 1517 0049 49       		.uleb128 0x49
 1518 004a 13       		.uleb128 0x13
 1519 004b 00       		.byte	0
 1520 004c 00       		.byte	0
 1521 004d 08       		.uleb128 0x8
 1522 004e 35       		.uleb128 0x35
 1523 004f 00       		.byte	0
 1524 0050 49       		.uleb128 0x49
 1525 0051 13       		.uleb128 0x13
 1526 0052 00       		.byte	0
 1527 0053 00       		.byte	0
 1528 0054 09       		.uleb128 0x9
 1529 0055 13       		.uleb128 0x13
 1530 0056 01       		.byte	0x1
 1531 0057 03       		.uleb128 0x3
 1532 0058 0E       		.uleb128 0xe
 1533 0059 0B       		.uleb128 0xb
 1534 005a 0B       		.uleb128 0xb
ARM GAS  /tmp/ccr1e8i3.s 			page 28


 1535 005b 3A       		.uleb128 0x3a
 1536 005c 0B       		.uleb128 0xb
 1537 005d 3B       		.uleb128 0x3b
 1538 005e 0B       		.uleb128 0xb
 1539 005f 01       		.uleb128 0x1
 1540 0060 13       		.uleb128 0x13
 1541 0061 00       		.byte	0
 1542 0062 00       		.byte	0
 1543 0063 0A       		.uleb128 0xa
 1544 0064 0D       		.uleb128 0xd
 1545 0065 00       		.byte	0
 1546 0066 03       		.uleb128 0x3
 1547 0067 0E       		.uleb128 0xe
 1548 0068 3A       		.uleb128 0x3a
 1549 0069 0B       		.uleb128 0xb
 1550 006a 3B       		.uleb128 0x3b
 1551 006b 0B       		.uleb128 0xb
 1552 006c 49       		.uleb128 0x49
 1553 006d 13       		.uleb128 0x13
 1554 006e 38       		.uleb128 0x38
 1555 006f 0B       		.uleb128 0xb
 1556 0070 00       		.byte	0
 1557 0071 00       		.byte	0
 1558 0072 0B       		.uleb128 0xb
 1559 0073 0D       		.uleb128 0xd
 1560 0074 00       		.byte	0
 1561 0075 03       		.uleb128 0x3
 1562 0076 08       		.uleb128 0x8
 1563 0077 3A       		.uleb128 0x3a
 1564 0078 0B       		.uleb128 0xb
 1565 0079 3B       		.uleb128 0x3b
 1566 007a 05       		.uleb128 0x5
 1567 007b 49       		.uleb128 0x49
 1568 007c 13       		.uleb128 0x13
 1569 007d 38       		.uleb128 0x38
 1570 007e 0B       		.uleb128 0xb
 1571 007f 00       		.byte	0
 1572 0080 00       		.byte	0
 1573 0081 0C       		.uleb128 0xc
 1574 0082 0D       		.uleb128 0xd
 1575 0083 00       		.byte	0
 1576 0084 03       		.uleb128 0x3
 1577 0085 0E       		.uleb128 0xe
 1578 0086 3A       		.uleb128 0x3a
 1579 0087 0B       		.uleb128 0xb
 1580 0088 3B       		.uleb128 0x3b
 1581 0089 05       		.uleb128 0x5
 1582 008a 49       		.uleb128 0x49
 1583 008b 13       		.uleb128 0x13
 1584 008c 38       		.uleb128 0x38
 1585 008d 0B       		.uleb128 0xb
 1586 008e 00       		.byte	0
 1587 008f 00       		.byte	0
 1588 0090 0D       		.uleb128 0xd
 1589 0091 13       		.uleb128 0x13
 1590 0092 01       		.byte	0x1
 1591 0093 03       		.uleb128 0x3
ARM GAS  /tmp/ccr1e8i3.s 			page 29


 1592 0094 0E       		.uleb128 0xe
 1593 0095 0B       		.uleb128 0xb
 1594 0096 0B       		.uleb128 0xb
 1595 0097 3A       		.uleb128 0x3a
 1596 0098 0B       		.uleb128 0xb
 1597 0099 3B       		.uleb128 0x3b
 1598 009a 05       		.uleb128 0x5
 1599 009b 01       		.uleb128 0x1
 1600 009c 13       		.uleb128 0x13
 1601 009d 00       		.byte	0
 1602 009e 00       		.byte	0
 1603 009f 0E       		.uleb128 0xe
 1604 00a0 15       		.uleb128 0x15
 1605 00a1 01       		.byte	0x1
 1606 00a2 27       		.uleb128 0x27
 1607 00a3 19       		.uleb128 0x19
 1608 00a4 01       		.uleb128 0x1
 1609 00a5 13       		.uleb128 0x13
 1610 00a6 00       		.byte	0
 1611 00a7 00       		.byte	0
 1612 00a8 0F       		.uleb128 0xf
 1613 00a9 05       		.uleb128 0x5
 1614 00aa 00       		.byte	0
 1615 00ab 49       		.uleb128 0x49
 1616 00ac 13       		.uleb128 0x13
 1617 00ad 00       		.byte	0
 1618 00ae 00       		.byte	0
 1619 00af 10       		.uleb128 0x10
 1620 00b0 13       		.uleb128 0x13
 1621 00b1 01       		.byte	0x1
 1622 00b2 03       		.uleb128 0x3
 1623 00b3 0E       		.uleb128 0xe
 1624 00b4 0B       		.uleb128 0xb
 1625 00b5 05       		.uleb128 0x5
 1626 00b6 3A       		.uleb128 0x3a
 1627 00b7 0B       		.uleb128 0xb
 1628 00b8 3B       		.uleb128 0x3b
 1629 00b9 05       		.uleb128 0x5
 1630 00ba 01       		.uleb128 0x1
 1631 00bb 13       		.uleb128 0x13
 1632 00bc 00       		.byte	0
 1633 00bd 00       		.byte	0
 1634 00be 11       		.uleb128 0x11
 1635 00bf 0D       		.uleb128 0xd
 1636 00c0 00       		.byte	0
 1637 00c1 03       		.uleb128 0x3
 1638 00c2 08       		.uleb128 0x8
 1639 00c3 3A       		.uleb128 0x3a
 1640 00c4 0B       		.uleb128 0xb
 1641 00c5 3B       		.uleb128 0x3b
 1642 00c6 0B       		.uleb128 0xb
 1643 00c7 49       		.uleb128 0x49
 1644 00c8 13       		.uleb128 0x13
 1645 00c9 38       		.uleb128 0x38
 1646 00ca 0B       		.uleb128 0xb
 1647 00cb 00       		.byte	0
 1648 00cc 00       		.byte	0
ARM GAS  /tmp/ccr1e8i3.s 			page 30


 1649 00cd 12       		.uleb128 0x12
 1650 00ce 13       		.uleb128 0x13
 1651 00cf 01       		.byte	0x1
 1652 00d0 0B       		.uleb128 0xb
 1653 00d1 0B       		.uleb128 0xb
 1654 00d2 3A       		.uleb128 0x3a
 1655 00d3 0B       		.uleb128 0xb
 1656 00d4 3B       		.uleb128 0x3b
 1657 00d5 0B       		.uleb128 0xb
 1658 00d6 01       		.uleb128 0x1
 1659 00d7 13       		.uleb128 0x13
 1660 00d8 00       		.byte	0
 1661 00d9 00       		.byte	0
 1662 00da 13       		.uleb128 0x13
 1663 00db 17       		.uleb128 0x17
 1664 00dc 01       		.byte	0x1
 1665 00dd 0B       		.uleb128 0xb
 1666 00de 0B       		.uleb128 0xb
 1667 00df 3A       		.uleb128 0x3a
 1668 00e0 0B       		.uleb128 0xb
 1669 00e1 3B       		.uleb128 0x3b
 1670 00e2 0B       		.uleb128 0xb
 1671 00e3 01       		.uleb128 0x1
 1672 00e4 13       		.uleb128 0x13
 1673 00e5 00       		.byte	0
 1674 00e6 00       		.byte	0
 1675 00e7 14       		.uleb128 0x14
 1676 00e8 0D       		.uleb128 0xd
 1677 00e9 00       		.byte	0
 1678 00ea 03       		.uleb128 0x3
 1679 00eb 0E       		.uleb128 0xe
 1680 00ec 3A       		.uleb128 0x3a
 1681 00ed 0B       		.uleb128 0xb
 1682 00ee 3B       		.uleb128 0x3b
 1683 00ef 0B       		.uleb128 0xb
 1684 00f0 49       		.uleb128 0x49
 1685 00f1 13       		.uleb128 0x13
 1686 00f2 00       		.byte	0
 1687 00f3 00       		.byte	0
 1688 00f4 15       		.uleb128 0x15
 1689 00f5 0D       		.uleb128 0xd
 1690 00f6 00       		.byte	0
 1691 00f7 03       		.uleb128 0x3
 1692 00f8 0E       		.uleb128 0xe
 1693 00f9 3A       		.uleb128 0x3a
 1694 00fa 0B       		.uleb128 0xb
 1695 00fb 3B       		.uleb128 0x3b
 1696 00fc 05       		.uleb128 0x5
 1697 00fd 49       		.uleb128 0x49
 1698 00fe 13       		.uleb128 0x13
 1699 00ff 00       		.byte	0
 1700 0100 00       		.byte	0
 1701 0101 16       		.uleb128 0x16
 1702 0102 01       		.uleb128 0x1
 1703 0103 01       		.byte	0x1
 1704 0104 49       		.uleb128 0x49
 1705 0105 13       		.uleb128 0x13
ARM GAS  /tmp/ccr1e8i3.s 			page 31


 1706 0106 01       		.uleb128 0x1
 1707 0107 13       		.uleb128 0x13
 1708 0108 00       		.byte	0
 1709 0109 00       		.byte	0
 1710 010a 17       		.uleb128 0x17
 1711 010b 21       		.uleb128 0x21
 1712 010c 00       		.byte	0
 1713 010d 49       		.uleb128 0x49
 1714 010e 13       		.uleb128 0x13
 1715 010f 2F       		.uleb128 0x2f
 1716 0110 0B       		.uleb128 0xb
 1717 0111 00       		.byte	0
 1718 0112 00       		.byte	0
 1719 0113 18       		.uleb128 0x18
 1720 0114 15       		.uleb128 0x15
 1721 0115 01       		.byte	0x1
 1722 0116 27       		.uleb128 0x27
 1723 0117 19       		.uleb128 0x19
 1724 0118 49       		.uleb128 0x49
 1725 0119 13       		.uleb128 0x13
 1726 011a 01       		.uleb128 0x1
 1727 011b 13       		.uleb128 0x13
 1728 011c 00       		.byte	0
 1729 011d 00       		.byte	0
 1730 011e 19       		.uleb128 0x19
 1731 011f 2E       		.uleb128 0x2e
 1732 0120 01       		.byte	0x1
 1733 0121 03       		.uleb128 0x3
 1734 0122 08       		.uleb128 0x8
 1735 0123 3A       		.uleb128 0x3a
 1736 0124 0B       		.uleb128 0xb
 1737 0125 3B       		.uleb128 0x3b
 1738 0126 0B       		.uleb128 0xb
 1739 0127 27       		.uleb128 0x27
 1740 0128 19       		.uleb128 0x19
 1741 0129 49       		.uleb128 0x49
 1742 012a 13       		.uleb128 0x13
 1743 012b 11       		.uleb128 0x11
 1744 012c 01       		.uleb128 0x1
 1745 012d 12       		.uleb128 0x12
 1746 012e 06       		.uleb128 0x6
 1747 012f 40       		.uleb128 0x40
 1748 0130 18       		.uleb128 0x18
 1749 0131 9742     		.uleb128 0x2117
 1750 0133 19       		.uleb128 0x19
 1751 0134 01       		.uleb128 0x1
 1752 0135 13       		.uleb128 0x13
 1753 0136 00       		.byte	0
 1754 0137 00       		.byte	0
 1755 0138 1A       		.uleb128 0x1a
 1756 0139 05       		.uleb128 0x5
 1757 013a 00       		.byte	0
 1758 013b 03       		.uleb128 0x3
 1759 013c 08       		.uleb128 0x8
 1760 013d 3A       		.uleb128 0x3a
 1761 013e 0B       		.uleb128 0xb
 1762 013f 3B       		.uleb128 0x3b
ARM GAS  /tmp/ccr1e8i3.s 			page 32


 1763 0140 0B       		.uleb128 0xb
 1764 0141 49       		.uleb128 0x49
 1765 0142 13       		.uleb128 0x13
 1766 0143 02       		.uleb128 0x2
 1767 0144 17       		.uleb128 0x17
 1768 0145 00       		.byte	0
 1769 0146 00       		.byte	0
 1770 0147 1B       		.uleb128 0x1b
 1771 0148 05       		.uleb128 0x5
 1772 0149 00       		.byte	0
 1773 014a 03       		.uleb128 0x3
 1774 014b 08       		.uleb128 0x8
 1775 014c 3A       		.uleb128 0x3a
 1776 014d 0B       		.uleb128 0xb
 1777 014e 3B       		.uleb128 0x3b
 1778 014f 0B       		.uleb128 0xb
 1779 0150 49       		.uleb128 0x49
 1780 0151 13       		.uleb128 0x13
 1781 0152 02       		.uleb128 0x2
 1782 0153 18       		.uleb128 0x18
 1783 0154 00       		.byte	0
 1784 0155 00       		.byte	0
 1785 0156 1C       		.uleb128 0x1c
 1786 0157 34       		.uleb128 0x34
 1787 0158 00       		.byte	0
 1788 0159 03       		.uleb128 0x3
 1789 015a 08       		.uleb128 0x8
 1790 015b 3A       		.uleb128 0x3a
 1791 015c 0B       		.uleb128 0xb
 1792 015d 3B       		.uleb128 0x3b
 1793 015e 0B       		.uleb128 0xb
 1794 015f 49       		.uleb128 0x49
 1795 0160 13       		.uleb128 0x13
 1796 0161 02       		.uleb128 0x2
 1797 0162 17       		.uleb128 0x17
 1798 0163 00       		.byte	0
 1799 0164 00       		.byte	0
 1800 0165 1D       		.uleb128 0x1d
 1801 0166 2E       		.uleb128 0x2e
 1802 0167 01       		.byte	0x1
 1803 0168 03       		.uleb128 0x3
 1804 0169 0E       		.uleb128 0xe
 1805 016a 3A       		.uleb128 0x3a
 1806 016b 0B       		.uleb128 0xb
 1807 016c 3B       		.uleb128 0x3b
 1808 016d 0B       		.uleb128 0xb
 1809 016e 27       		.uleb128 0x27
 1810 016f 19       		.uleb128 0x19
 1811 0170 49       		.uleb128 0x49
 1812 0171 13       		.uleb128 0x13
 1813 0172 11       		.uleb128 0x11
 1814 0173 01       		.uleb128 0x1
 1815 0174 12       		.uleb128 0x12
 1816 0175 06       		.uleb128 0x6
 1817 0176 40       		.uleb128 0x40
 1818 0177 18       		.uleb128 0x18
 1819 0178 9742     		.uleb128 0x2117
ARM GAS  /tmp/ccr1e8i3.s 			page 33


 1820 017a 19       		.uleb128 0x19
 1821 017b 01       		.uleb128 0x1
 1822 017c 13       		.uleb128 0x13
 1823 017d 00       		.byte	0
 1824 017e 00       		.byte	0
 1825 017f 1E       		.uleb128 0x1e
 1826 0180 898201   		.uleb128 0x4109
 1827 0183 01       		.byte	0x1
 1828 0184 11       		.uleb128 0x11
 1829 0185 01       		.uleb128 0x1
 1830 0186 31       		.uleb128 0x31
 1831 0187 13       		.uleb128 0x13
 1832 0188 00       		.byte	0
 1833 0189 00       		.byte	0
 1834 018a 1F       		.uleb128 0x1f
 1835 018b 8A8201   		.uleb128 0x410a
 1836 018e 00       		.byte	0
 1837 018f 02       		.uleb128 0x2
 1838 0190 18       		.uleb128 0x18
 1839 0191 9142     		.uleb128 0x2111
 1840 0193 18       		.uleb128 0x18
 1841 0194 00       		.byte	0
 1842 0195 00       		.byte	0
 1843 0196 20       		.uleb128 0x20
 1844 0197 2E       		.uleb128 0x2e
 1845 0198 01       		.byte	0x1
 1846 0199 3F       		.uleb128 0x3f
 1847 019a 19       		.uleb128 0x19
 1848 019b 03       		.uleb128 0x3
 1849 019c 0E       		.uleb128 0xe
 1850 019d 3A       		.uleb128 0x3a
 1851 019e 0B       		.uleb128 0xb
 1852 019f 3B       		.uleb128 0x3b
 1853 01a0 0B       		.uleb128 0xb
 1854 01a1 27       		.uleb128 0x27
 1855 01a2 19       		.uleb128 0x19
 1856 01a3 11       		.uleb128 0x11
 1857 01a4 01       		.uleb128 0x1
 1858 01a5 12       		.uleb128 0x12
 1859 01a6 06       		.uleb128 0x6
 1860 01a7 40       		.uleb128 0x40
 1861 01a8 18       		.uleb128 0x18
 1862 01a9 9742     		.uleb128 0x2117
 1863 01ab 19       		.uleb128 0x19
 1864 01ac 01       		.uleb128 0x1
 1865 01ad 13       		.uleb128 0x13
 1866 01ae 00       		.byte	0
 1867 01af 00       		.byte	0
 1868 01b0 21       		.uleb128 0x21
 1869 01b1 05       		.uleb128 0x5
 1870 01b2 00       		.byte	0
 1871 01b3 03       		.uleb128 0x3
 1872 01b4 0E       		.uleb128 0xe
 1873 01b5 3A       		.uleb128 0x3a
 1874 01b6 0B       		.uleb128 0xb
 1875 01b7 3B       		.uleb128 0x3b
 1876 01b8 0B       		.uleb128 0xb
ARM GAS  /tmp/ccr1e8i3.s 			page 34


 1877 01b9 49       		.uleb128 0x49
 1878 01ba 13       		.uleb128 0x13
 1879 01bb 02       		.uleb128 0x2
 1880 01bc 17       		.uleb128 0x17
 1881 01bd 00       		.byte	0
 1882 01be 00       		.byte	0
 1883 01bf 22       		.uleb128 0x22
 1884 01c0 05       		.uleb128 0x5
 1885 01c1 00       		.byte	0
 1886 01c2 03       		.uleb128 0x3
 1887 01c3 0E       		.uleb128 0xe
 1888 01c4 3A       		.uleb128 0x3a
 1889 01c5 0B       		.uleb128 0xb
 1890 01c6 3B       		.uleb128 0x3b
 1891 01c7 0B       		.uleb128 0xb
 1892 01c8 49       		.uleb128 0x49
 1893 01c9 13       		.uleb128 0x13
 1894 01ca 02       		.uleb128 0x2
 1895 01cb 18       		.uleb128 0x18
 1896 01cc 00       		.byte	0
 1897 01cd 00       		.byte	0
 1898 01ce 23       		.uleb128 0x23
 1899 01cf 34       		.uleb128 0x34
 1900 01d0 00       		.byte	0
 1901 01d1 03       		.uleb128 0x3
 1902 01d2 08       		.uleb128 0x8
 1903 01d3 3A       		.uleb128 0x3a
 1904 01d4 0B       		.uleb128 0xb
 1905 01d5 3B       		.uleb128 0x3b
 1906 01d6 0B       		.uleb128 0xb
 1907 01d7 49       		.uleb128 0x49
 1908 01d8 13       		.uleb128 0x13
 1909 01d9 02       		.uleb128 0x2
 1910 01da 18       		.uleb128 0x18
 1911 01db 00       		.byte	0
 1912 01dc 00       		.byte	0
 1913 01dd 24       		.uleb128 0x24
 1914 01de 34       		.uleb128 0x34
 1915 01df 00       		.byte	0
 1916 01e0 03       		.uleb128 0x3
 1917 01e1 0E       		.uleb128 0xe
 1918 01e2 3A       		.uleb128 0x3a
 1919 01e3 0B       		.uleb128 0xb
 1920 01e4 3B       		.uleb128 0x3b
 1921 01e5 05       		.uleb128 0x5
 1922 01e6 49       		.uleb128 0x49
 1923 01e7 13       		.uleb128 0x13
 1924 01e8 3F       		.uleb128 0x3f
 1925 01e9 19       		.uleb128 0x19
 1926 01ea 3C       		.uleb128 0x3c
 1927 01eb 19       		.uleb128 0x19
 1928 01ec 00       		.byte	0
 1929 01ed 00       		.byte	0
 1930 01ee 25       		.uleb128 0x25
 1931 01ef 34       		.uleb128 0x34
 1932 01f0 00       		.byte	0
 1933 01f1 03       		.uleb128 0x3
ARM GAS  /tmp/ccr1e8i3.s 			page 35


 1934 01f2 08       		.uleb128 0x8
 1935 01f3 3A       		.uleb128 0x3a
 1936 01f4 0B       		.uleb128 0xb
 1937 01f5 3B       		.uleb128 0x3b
 1938 01f6 05       		.uleb128 0x5
 1939 01f7 49       		.uleb128 0x49
 1940 01f8 13       		.uleb128 0x13
 1941 01f9 3F       		.uleb128 0x3f
 1942 01fa 19       		.uleb128 0x19
 1943 01fb 3C       		.uleb128 0x3c
 1944 01fc 19       		.uleb128 0x19
 1945 01fd 00       		.byte	0
 1946 01fe 00       		.byte	0
 1947 01ff 26       		.uleb128 0x26
 1948 0200 2E       		.uleb128 0x2e
 1949 0201 01       		.byte	0x1
 1950 0202 3F       		.uleb128 0x3f
 1951 0203 19       		.uleb128 0x19
 1952 0204 03       		.uleb128 0x3
 1953 0205 0E       		.uleb128 0xe
 1954 0206 27       		.uleb128 0x27
 1955 0207 19       		.uleb128 0x19
 1956 0208 49       		.uleb128 0x49
 1957 0209 13       		.uleb128 0x13
 1958 020a 34       		.uleb128 0x34
 1959 020b 19       		.uleb128 0x19
 1960 020c 3C       		.uleb128 0x3c
 1961 020d 19       		.uleb128 0x19
 1962 020e 01       		.uleb128 0x1
 1963 020f 13       		.uleb128 0x13
 1964 0210 00       		.byte	0
 1965 0211 00       		.byte	0
 1966 0212 27       		.uleb128 0x27
 1967 0213 26       		.uleb128 0x26
 1968 0214 00       		.byte	0
 1969 0215 00       		.byte	0
 1970 0216 00       		.byte	0
 1971 0217 00       		.byte	0
 1972              		.section	.debug_loc,"",%progbits
 1973              	.Ldebug_loc0:
 1974              	.LLST0:
 1975 0000 00000000 		.4byte	.LVL0
 1976 0004 14000000 		.4byte	.LVL1
 1977 0008 0100     		.2byte	0x1
 1978 000a 50       		.byte	0x50
 1979 000b 14000000 		.4byte	.LVL1
 1980 000f 16000000 		.4byte	.LVL2
 1981 0013 0400     		.2byte	0x4
 1982 0015 F3       		.byte	0xf3
 1983 0016 01       		.uleb128 0x1
 1984 0017 50       		.byte	0x50
 1985 0018 9F       		.byte	0x9f
 1986 0019 16000000 		.4byte	.LVL2
 1987 001d 1A000000 		.4byte	.LVL3
 1988 0021 0100     		.2byte	0x1
 1989 0023 50       		.byte	0x50
 1990 0024 1A000000 		.4byte	.LVL3
ARM GAS  /tmp/ccr1e8i3.s 			page 36


 1991 0028 1C000000 		.4byte	.LFE257
 1992 002c 0400     		.2byte	0x4
 1993 002e F3       		.byte	0xf3
 1994 002f 01       		.uleb128 0x1
 1995 0030 50       		.byte	0x50
 1996 0031 9F       		.byte	0x9f
 1997 0032 00000000 		.4byte	0
 1998 0036 00000000 		.4byte	0
 1999              	.LLST2:
 2000 003a 00000000 		.4byte	.LVL4
 2001 003e 0E000000 		.4byte	.LVL6
 2002 0042 0100     		.2byte	0x1
 2003 0044 50       		.byte	0x50
 2004 0045 0E000000 		.4byte	.LVL6
 2005 0049 14000000 		.4byte	.LVL7
 2006 004d 0100     		.2byte	0x1
 2007 004f 52       		.byte	0x52
 2008 0050 14000000 		.4byte	.LVL7
 2009 0054 18000000 		.4byte	.LVL8
 2010 0058 0100     		.2byte	0x1
 2011 005a 50       		.byte	0x50
 2012 005b 18000000 		.4byte	.LVL8
 2013 005f 1A000000 		.4byte	.LFE258
 2014 0063 0100     		.2byte	0x1
 2015 0065 52       		.byte	0x52
 2016 0066 00000000 		.4byte	0
 2017 006a 00000000 		.4byte	0
 2018              	.LLST3:
 2019 006e 0E000000 		.4byte	.LVL6
 2020 0072 14000000 		.4byte	.LVL7
 2021 0076 0100     		.2byte	0x1
 2022 0078 50       		.byte	0x50
 2023 0079 00000000 		.4byte	0
 2024 007d 00000000 		.4byte	0
 2025              	.LLST4:
 2026 0081 08000000 		.4byte	.LVL5
 2027 0085 0E000000 		.4byte	.LVL6
 2028 0089 0100     		.2byte	0x1
 2029 008b 50       		.byte	0x50
 2030 008c 0E000000 		.4byte	.LVL6
 2031 0090 14000000 		.4byte	.LVL7
 2032 0094 0100     		.2byte	0x1
 2033 0096 52       		.byte	0x52
 2034 0097 14000000 		.4byte	.LVL7
 2035 009b 18000000 		.4byte	.LVL8
 2036 009f 0100     		.2byte	0x1
 2037 00a1 50       		.byte	0x50
 2038 00a2 18000000 		.4byte	.LVL8
 2039 00a6 1A000000 		.4byte	.LFE258
 2040 00aa 0100     		.2byte	0x1
 2041 00ac 52       		.byte	0x52
 2042 00ad 00000000 		.4byte	0
 2043 00b1 00000000 		.4byte	0
 2044              	.LLST5:
 2045 00b5 00000000 		.4byte	.LVL9
 2046 00b9 06000000 		.4byte	.LVL11
 2047 00bd 0100     		.2byte	0x1
ARM GAS  /tmp/ccr1e8i3.s 			page 37


 2048 00bf 50       		.byte	0x50
 2049 00c0 06000000 		.4byte	.LVL11
 2050 00c4 26000000 		.4byte	.LFE256
 2051 00c8 0100     		.2byte	0x1
 2052 00ca 55       		.byte	0x55
 2053 00cb 00000000 		.4byte	0
 2054 00cf 00000000 		.4byte	0
 2055              	.LLST6:
 2056 00d3 00000000 		.4byte	.LVL9
 2057 00d7 0C000000 		.4byte	.LVL12
 2058 00db 0100     		.2byte	0x1
 2059 00dd 51       		.byte	0x51
 2060 00de 0C000000 		.4byte	.LVL12
 2061 00e2 1B000000 		.4byte	.LVL14-1
 2062 00e6 0100     		.2byte	0x1
 2063 00e8 50       		.byte	0x50
 2064 00e9 1B000000 		.4byte	.LVL14-1
 2065 00ed 26000000 		.4byte	.LFE256
 2066 00f1 0400     		.2byte	0x4
 2067 00f3 F3       		.byte	0xf3
 2068 00f4 01       		.uleb128 0x1
 2069 00f5 51       		.byte	0x51
 2070 00f6 9F       		.byte	0x9f
 2071 00f7 00000000 		.4byte	0
 2072 00fb 00000000 		.4byte	0
 2073              	.LLST7:
 2074 00ff 00000000 		.4byte	.LVL9
 2075 0103 14000000 		.4byte	.LVL13
 2076 0107 0100     		.2byte	0x1
 2077 0109 52       		.byte	0x52
 2078 010a 14000000 		.4byte	.LVL13
 2079 010e 26000000 		.4byte	.LFE256
 2080 0112 0100     		.2byte	0x1
 2081 0114 54       		.byte	0x54
 2082 0115 00000000 		.4byte	0
 2083 0119 00000000 		.4byte	0
 2084              	.LLST8:
 2085 011d 04000000 		.4byte	.LVL10
 2086 0121 06000000 		.4byte	.LVL11
 2087 0125 0100     		.2byte	0x1
 2088 0127 50       		.byte	0x50
 2089 0128 06000000 		.4byte	.LVL11
 2090 012c 26000000 		.4byte	.LFE256
 2091 0130 0100     		.2byte	0x1
 2092 0132 55       		.byte	0x55
 2093 0133 00000000 		.4byte	0
 2094 0137 00000000 		.4byte	0
 2095              	.LLST9:
 2096 013b 00000000 		.4byte	.LVL15
 2097 013f 0E000000 		.4byte	.LVL17
 2098 0143 0100     		.2byte	0x1
 2099 0145 50       		.byte	0x50
 2100 0146 0E000000 		.4byte	.LVL17
 2101 014a 24000000 		.4byte	.LFE255
 2102 014e 0100     		.2byte	0x1
 2103 0150 55       		.byte	0x55
 2104 0151 00000000 		.4byte	0
ARM GAS  /tmp/ccr1e8i3.s 			page 38


 2105 0155 00000000 		.4byte	0
 2106              	.LLST10:
 2107 0159 00000000 		.4byte	.LVL15
 2108 015d 19000000 		.4byte	.LVL19-1
 2109 0161 0100     		.2byte	0x1
 2110 0163 51       		.byte	0x51
 2111 0164 19000000 		.4byte	.LVL19-1
 2112 0168 24000000 		.4byte	.LFE255
 2113 016c 0400     		.2byte	0x4
 2114 016e F3       		.byte	0xf3
 2115 016f 01       		.uleb128 0x1
 2116 0170 51       		.byte	0x51
 2117 0171 9F       		.byte	0x9f
 2118 0172 00000000 		.4byte	0
 2119 0176 00000000 		.4byte	0
 2120              	.LLST11:
 2121 017a 00000000 		.4byte	.LVL15
 2122 017e 12000000 		.4byte	.LVL18
 2123 0182 0100     		.2byte	0x1
 2124 0184 52       		.byte	0x52
 2125 0185 12000000 		.4byte	.LVL18
 2126 0189 24000000 		.4byte	.LFE255
 2127 018d 0100     		.2byte	0x1
 2128 018f 54       		.byte	0x54
 2129 0190 00000000 		.4byte	0
 2130 0194 00000000 		.4byte	0
 2131              	.LLST12:
 2132 0198 0A000000 		.4byte	.LVL16
 2133 019c 0E000000 		.4byte	.LVL17
 2134 01a0 0100     		.2byte	0x1
 2135 01a2 50       		.byte	0x50
 2136 01a3 0E000000 		.4byte	.LVL17
 2137 01a7 24000000 		.4byte	.LFE255
 2138 01ab 0100     		.2byte	0x1
 2139 01ad 55       		.byte	0x55
 2140 01ae 00000000 		.4byte	0
 2141 01b2 00000000 		.4byte	0
 2142              	.LLST13:
 2143 01b6 00000000 		.4byte	.LVL20
 2144 01ba 0A000000 		.4byte	.LVL21
 2145 01be 0100     		.2byte	0x1
 2146 01c0 51       		.byte	0x51
 2147 01c1 0A000000 		.4byte	.LVL21
 2148 01c5 1C000000 		.4byte	.LFE259
 2149 01c9 0200     		.2byte	0x2
 2150 01cb 70       		.byte	0x70
 2151 01cc 04       		.sleb128 4
 2152 01cd 00000000 		.4byte	0
 2153 01d1 00000000 		.4byte	0
 2154              		.section	.debug_aranges,"",%progbits
 2155 0000 3C000000 		.4byte	0x3c
 2156 0004 0200     		.2byte	0x2
 2157 0006 00000000 		.4byte	.Ldebug_info0
 2158 000a 04       		.byte	0x4
 2159 000b 00       		.byte	0
 2160 000c 0000     		.2byte	0
 2161 000e 0000     		.2byte	0
ARM GAS  /tmp/ccr1e8i3.s 			page 39


 2162 0010 00000000 		.4byte	.LFB257
 2163 0014 1C000000 		.4byte	.LFE257-.LFB257
 2164 0018 00000000 		.4byte	.LFB258
 2165 001c 1A000000 		.4byte	.LFE258-.LFB258
 2166 0020 00000000 		.4byte	.LFB256
 2167 0024 26000000 		.4byte	.LFE256-.LFB256
 2168 0028 00000000 		.4byte	.LFB255
 2169 002c 24000000 		.4byte	.LFE255-.LFB255
 2170 0030 00000000 		.4byte	.LFB259
 2171 0034 1C000000 		.4byte	.LFE259-.LFB259
 2172 0038 00000000 		.4byte	0
 2173 003c 00000000 		.4byte	0
 2174              		.section	.debug_ranges,"",%progbits
 2175              	.Ldebug_ranges0:
 2176 0000 00000000 		.4byte	.LFB257
 2177 0004 1C000000 		.4byte	.LFE257
 2178 0008 00000000 		.4byte	.LFB258
 2179 000c 1A000000 		.4byte	.LFE258
 2180 0010 00000000 		.4byte	.LFB256
 2181 0014 26000000 		.4byte	.LFE256
 2182 0018 00000000 		.4byte	.LFB255
 2183 001c 24000000 		.4byte	.LFE255
 2184 0020 00000000 		.4byte	.LFB259
 2185 0024 1C000000 		.4byte	.LFE259
 2186 0028 00000000 		.4byte	0
 2187 002c 00000000 		.4byte	0
 2188              		.section	.debug_line,"",%progbits
 2189              	.Ldebug_line0:
 2190 0000 A5020000 		.section	.debug_str,"MS",%progbits,1
 2190      02002F02 
 2190      00000201 
 2190      FB0E0D00 
 2190      01010101 
 2191              	.LASF23:
 2192 0000 74726566 		.ascii	"trefs_t\000"
 2192      735F7400 
 2193              	.LASF51:
 2194 0008 72656164 		.ascii	"ready_list_t\000"
 2194      795F6C69 
 2194      73745F74 
 2194      00
 2195              	.LASF2:
 2196 0015 73697A65 		.ascii	"size_t\000"
 2196      5F7400
 2197              	.LASF85:
 2198 001c 7264796D 		.ascii	"rdymsg\000"
 2198      736700
 2199              	.LASF19:
 2200 0023 75696E74 		.ascii	"uint64_t\000"
 2200      36345F74 
 2200      00
 2201              	.LASF3:
 2202 002c 5F5F7569 		.ascii	"__uint8_t\000"
 2202      6E74385F 
 2202      7400
 2203              	.LASF82:
 2204 0036 706F7274 		.ascii	"port_intctx\000"
ARM GAS  /tmp/ccr1e8i3.s 			page 40


 2204      5F696E74 
 2204      63747800 
 2205              	.LASF70:
 2206 0042 73797374 		.ascii	"system_debug_t\000"
 2206      656D5F64 
 2206      65627567 
 2206      5F7400
 2207              	.LASF13:
 2208 0051 6C6F6E67 		.ascii	"long long unsigned int\000"
 2208      206C6F6E 
 2208      6720756E 
 2208      7369676E 
 2208      65642069 
 2209              	.LASF86:
 2210 0068 65786974 		.ascii	"exitcode\000"
 2210      636F6465 
 2210      00
 2211              	.LASF77:
 2212 0071 6D61696E 		.ascii	"mainthread\000"
 2212      74687265 
 2212      616400
 2213              	.LASF67:
 2214 007c 76697274 		.ascii	"virtual_timers_list_t\000"
 2214      75616C5F 
 2214      74696D65 
 2214      72735F6C 
 2214      6973745F 
 2215              	.LASF103:
 2216 0092 49544D5F 		.ascii	"ITM_RxBuffer\000"
 2216      52784275 
 2216      66666572 
 2216      00
 2217              	.LASF50:
 2218 009f 63685F74 		.ascii	"ch_threads_queue\000"
 2218      68726561 
 2218      64735F71 
 2218      75657565 
 2218      00
 2219              	.LASF31:
 2220 00b0 705F7072 		.ascii	"p_prio\000"
 2220      696F00
 2221              	.LASF101:
 2222 00b7 72656164 		.ascii	"reads\000"
 2222      7300
 2223              	.LASF11:
 2224 00bd 6C6F6E67 		.ascii	"long long int\000"
 2224      206C6F6E 
 2224      6720696E 
 2224      7400
 2225              	.LASF1:
 2226 00cb 7369676E 		.ascii	"signed char\000"
 2226      65642063 
 2226      68617200 
 2227              	.LASF45:
 2228 00d7 705F6D70 		.ascii	"p_mpool\000"
 2228      6F6F6C00 
 2229              	.LASF90:
ARM GAS  /tmp/ccr1e8i3.s 			page 41


 2230 00df 6D5F7175 		.ascii	"m_queue\000"
 2230      65756500 
 2231              	.LASF76:
 2232 00e7 76746C69 		.ascii	"vtlist\000"
 2232      737400
 2233              	.LASF74:
 2234 00ee 63685F73 		.ascii	"ch_system\000"
 2234      79737465 
 2234      6D00
 2235              	.LASF8:
 2236 00f8 6C6F6E67 		.ascii	"long int\000"
 2236      20696E74 
 2236      00
 2237              	.LASF22:
 2238 0101 74737461 		.ascii	"tstate_t\000"
 2238      74655F74 
 2238      00
 2239              	.LASF98:
 2240 010a 62756666 		.ascii	"buffer\000"
 2240      657200
 2241              	.LASF33:
 2242 0111 705F6E65 		.ascii	"p_newer\000"
 2242      77657200 
 2243              	.LASF56:
 2244 0119 725F6E65 		.ascii	"r_newer\000"
 2244      77657200 
 2245              	.LASF79:
 2246 0121 72656761 		.ascii	"regarm_t\000"
 2246      726D5F74 
 2246      00
 2247              	.LASF63:
 2248 012a 76745F70 		.ascii	"vt_prev\000"
 2248      72657600 
 2249              	.LASF93:
 2250 0132 6D757465 		.ascii	"mutex_t\000"
 2250      785F7400 
 2251              	.LASF89:
 2252 013a 6D757465 		.ascii	"mutex\000"
 2252      7800
 2253              	.LASF78:
 2254 0140 69646C65 		.ascii	"idle_thread_wa\000"
 2254      5F746872 
 2254      6561645F 
 2254      776100
 2255              	.LASF0:
 2256 014f 756E7369 		.ascii	"unsigned int\000"
 2256      676E6564 
 2256      20696E74 
 2256      00
 2257              	.LASF62:
 2258 015c 76745F6E 		.ascii	"vt_next\000"
 2258      65787400 
 2259              	.LASF64:
 2260 0164 76745F64 		.ascii	"vt_delta\000"
 2260      656C7461 
 2260      00
 2261              	.LASF40:
ARM GAS  /tmp/ccr1e8i3.s 			page 42


 2262 016d 705F6D73 		.ascii	"p_msgqueue\000"
 2262      67717565 
 2262      756500
 2263              	.LASF6:
 2264 0178 73686F72 		.ascii	"short unsigned int\000"
 2264      7420756E 
 2264      7369676E 
 2264      65642069 
 2264      6E7400
 2265              	.LASF47:
 2266 018b 63685F74 		.ascii	"ch_thread\000"
 2266      68726561 
 2266      6400
 2267              	.LASF25:
 2268 0195 6D73675F 		.ascii	"msg_t\000"
 2268      7400
 2269              	.LASF73:
 2270 019b 63685F73 		.ascii	"ch_system_t\000"
 2270      79737465 
 2270      6D5F7400 
 2271              	.LASF102:
 2272 01a7 77726974 		.ascii	"writes\000"
 2272      657300
 2273              	.LASF21:
 2274 01ae 746D6F64 		.ascii	"tmode_t\000"
 2274      655F7400 
 2275              	.LASF52:
 2276 01b6 63685F72 		.ascii	"ch_ready_list\000"
 2276      65616479 
 2276      5F6C6973 
 2276      7400
 2277              	.LASF26:
 2278 01c4 6576656E 		.ascii	"eventmask_t\000"
 2278      746D6173 
 2278      6B5F7400 
 2279              	.LASF7:
 2280 01d0 5F5F696E 		.ascii	"__int32_t\000"
 2280      7433325F 
 2280      7400
 2281              	.LASF80:
 2282 01da 73746B61 		.ascii	"stkalign_t\000"
 2282      6C69676E 
 2282      5F7400
 2283              	.LASF107:
 2284 01e5 6D734F62 		.ascii	"msObjectInit\000"
 2284      6A656374 
 2284      496E6974 
 2284      00
 2285              	.LASF96:
 2286 01f2 77726974 		.ascii	"write\000"
 2286      6500
 2287              	.LASF39:
 2288 01f8 705F7761 		.ascii	"p_waiting\000"
 2288      6974696E 
 2288      6700
 2289              	.LASF14:
 2290 0202 73697A65 		.ascii	"sizetype\000"
ARM GAS  /tmp/ccr1e8i3.s 			page 43


 2290      74797065 
 2290      00
 2291              	.LASF68:
 2292 020b 63685F76 		.ascii	"ch_virtual_timers_list\000"
 2292      69727475 
 2292      616C5F74 
 2292      696D6572 
 2292      735F6C69 
 2293              	.LASF69:
 2294 0222 76745F6C 		.ascii	"vt_lasttime\000"
 2294      61737474 
 2294      696D6500 
 2295              	.LASF34:
 2296 022e 705F6F6C 		.ascii	"p_older\000"
 2296      64657200 
 2297              	.LASF55:
 2298 0236 725F6374 		.ascii	"r_ctx\000"
 2298      7800
 2299              	.LASF84:
 2300 023c 746D5F63 		.ascii	"tm_calibration_t\000"
 2300      616C6962 
 2300      72617469 
 2300      6F6E5F74 
 2300      00
 2301              	.LASF58:
 2302 024d 725F6375 		.ascii	"r_current\000"
 2302      7272656E 
 2302      7400
 2303              	.LASF57:
 2304 0257 725F6F6C 		.ascii	"r_older\000"
 2304      64657200 
 2305              	.LASF95:
 2306 025f 4D656D53 		.ascii	"MemStreamVMT\000"
 2306      74726561 
 2306      6D564D54 
 2306      00
 2307              	.LASF12:
 2308 026c 5F5F7569 		.ascii	"__uint64_t\000"
 2308      6E743634 
 2308      5F7400
 2309              	.LASF60:
 2310 0277 76697274 		.ascii	"virtual_timer_t\000"
 2310      75616C5F 
 2310      74696D65 
 2310      725F7400 
 2311              	.LASF30:
 2312 0287 705F7072 		.ascii	"p_prev\000"
 2312      657600
 2313              	.LASF24:
 2314 028e 74707269 		.ascii	"tprio_t\000"
 2314      6F5F7400 
 2315              	.LASF105:
 2316 0296 2E2E2F43 		.ascii	"../ChibiOS/os/hal/lib/streams/memstreams.c\000"
 2316      68696269 
 2316      4F532F6F 
 2316      732F6861 
 2316      6C2F6C69 
ARM GAS  /tmp/ccr1e8i3.s 			page 44


 2317              	.LASF100:
 2318 02c1 4D656D6F 		.ascii	"MemoryStream\000"
 2318      72795374 
 2318      7265616D 
 2318      00
 2319              	.LASF71:
 2320 02ce 63685F73 		.ascii	"ch_system_debug\000"
 2320      79737465 
 2320      6D5F6465 
 2320      62756700 
 2321              	.LASF94:
 2322 02de 5F426F6F 		.ascii	"_Bool\000"
 2322      6C00
 2323              	.LASF17:
 2324 02e4 696E7433 		.ascii	"int32_t\000"
 2324      325F7400 
 2325              	.LASF4:
 2326 02ec 756E7369 		.ascii	"unsigned char\000"
 2326      676E6564 
 2326      20636861 
 2326      7200
 2327              	.LASF36:
 2328 02fa 705F7374 		.ascii	"p_state\000"
 2328      61746500 
 2329              	.LASF43:
 2330 0302 705F6D74 		.ascii	"p_mtxlist\000"
 2330      786C6973 
 2330      7400
 2331              	.LASF5:
 2332 030c 73686F72 		.ascii	"short int\000"
 2332      7420696E 
 2332      7400
 2333              	.LASF54:
 2334 0316 725F7072 		.ascii	"r_prio\000"
 2334      696F00
 2335              	.LASF88:
 2336 031d 65776D61 		.ascii	"ewmask\000"
 2336      736B00
 2337              	.LASF29:
 2338 0324 705F6E65 		.ascii	"p_next\000"
 2338      787400
 2339              	.LASF104:
 2340 032b 474E5520 		.ascii	"GNU C 4.9.3 20141119 (release) [ARM/embedded-4_9-br"
 2340      4320342E 
 2340      392E3320 
 2340      32303134 
 2340      31313139 
 2341 035e 616E6368 		.ascii	"anch revision 218278] -mcpu=cortex-m4 -mfloat-abi=h"
 2341      20726576 
 2341      6973696F 
 2341      6E203231 
 2341      38323738 
 2342 0391 61726420 		.ascii	"ard -mfpu=fpv4-sp-d16 -mno-thumb-interwork -mthumb "
 2342      2D6D6670 
 2342      753D6670 
 2342      76342D73 
 2342      702D6431 
ARM GAS  /tmp/ccr1e8i3.s 			page 45


 2343 03c4 2D676764 		.ascii	"-ggdb -O2 -fomit-frame-pointer -falign-functions=16"
 2343      62202D4F 
 2343      32202D66 
 2343      6F6D6974 
 2343      2D667261 
 2344 03f7 202D6666 		.ascii	" -ffunction-sections -fdata-sections -fno-common -f"
 2344      756E6374 
 2344      696F6E2D 
 2344      73656374 
 2344      696F6E73 
 2345 042a 73696E67 		.ascii	"single-precision-constant\000"
 2345      6C652D70 
 2345      72656369 
 2345      73696F6E 
 2345      2D636F6E 
 2346              	.LASF37:
 2347 0444 705F666C 		.ascii	"p_flags\000"
 2347      61677300 
 2348              	.LASF61:
 2349 044c 63685F76 		.ascii	"ch_virtual_timer\000"
 2349      69727475 
 2349      616C5F74 
 2349      696D6572 
 2349      00
 2350              	.LASF42:
 2351 045d 705F6570 		.ascii	"p_epending\000"
 2351      656E6469 
 2351      6E6700
 2352              	.LASF18:
 2353 0468 75696E74 		.ascii	"uint32_t\000"
 2353      33325F74 
 2353      00
 2354              	.LASF53:
 2355 0471 725F7175 		.ascii	"r_queue\000"
 2355      65756500 
 2356              	.LASF48:
 2357 0479 63685F74 		.ascii	"ch_threads_list\000"
 2357      68726561 
 2357      64735F6C 
 2357      69737400 
 2358              	.LASF106:
 2359 0489 2F686F6D 		.ascii	"/home/bhimebau/forge/annsynth/src\000"
 2359      652F6268 
 2359      696D6562 
 2359      61752F66 
 2359      6F726765 
 2360              	.LASF10:
 2361 04ab 6C6F6E67 		.ascii	"long unsigned int\000"
 2361      20756E73 
 2361      69676E65 
 2361      6420696E 
 2361      7400
 2362              	.LASF97:
 2363 04bd 72656164 		.ascii	"read\000"
 2363      00
 2364              	.LASF15:
 2365 04c2 63686172 		.ascii	"char\000"
ARM GAS  /tmp/ccr1e8i3.s 			page 46


 2365      00
 2366              	.LASF28:
 2367 04c7 74687265 		.ascii	"thread_t\000"
 2367      61645F74 
 2367      00
 2368              	.LASF92:
 2369 04d0 6D5F6E65 		.ascii	"m_next\000"
 2369      787400
 2370              	.LASF27:
 2371 04d7 73797374 		.ascii	"systime_t\000"
 2371      696D655F 
 2371      7400
 2372              	.LASF44:
 2373 04e1 705F7265 		.ascii	"p_realprio\000"
 2373      616C7072 
 2373      696F00
 2374              	.LASF59:
 2375 04ec 76746675 		.ascii	"vtfunc_t\000"
 2375      6E635F74 
 2375      00
 2376              	.LASF9:
 2377 04f5 5F5F7569 		.ascii	"__uint32_t\000"
 2377      6E743332 
 2377      5F7400
 2378              	.LASF72:
 2379 0500 70616E69 		.ascii	"panic_msg\000"
 2379      635F6D73 
 2379      6700
 2380              	.LASF83:
 2381 050a 6F666673 		.ascii	"offset\000"
 2381      657400
 2382              	.LASF108:
 2383 0511 6D656D63 		.ascii	"memcpy\000"
 2383      707900
 2384              	.LASF81:
 2385 0518 636F6E74 		.ascii	"context\000"
 2385      65787400 
 2386              	.LASF20:
 2387 0520 7274636E 		.ascii	"rtcnt_t\000"
 2387      745F7400 
 2388              	.LASF66:
 2389 0528 76745F70 		.ascii	"vt_par\000"
 2389      617200
 2390              	.LASF49:
 2391 052f 74687265 		.ascii	"threads_queue_t\000"
 2391      6164735F 
 2391      71756575 
 2391      655F7400 
 2392              	.LASF35:
 2393 053f 705F6E61 		.ascii	"p_name\000"
 2393      6D6500
 2394              	.LASF38:
 2395 0546 705F7265 		.ascii	"p_refs\000"
 2395      667300
 2396              	.LASF75:
 2397 054d 726C6973 		.ascii	"rlist\000"
 2397      7400
ARM GAS  /tmp/ccr1e8i3.s 			page 47


 2398              	.LASF16:
 2399 0553 75696E74 		.ascii	"uint8_t\000"
 2399      385F7400 
 2400              	.LASF87:
 2401 055b 77746F62 		.ascii	"wtobjp\000"
 2401      6A7000
 2402              	.LASF99:
 2403 0562 73697A65 		.ascii	"size\000"
 2403      00
 2404              	.LASF46:
 2405 0567 74687265 		.ascii	"threads_list_t\000"
 2405      6164735F 
 2405      6C697374 
 2405      5F7400
 2406              	.LASF41:
 2407 0576 705F6D73 		.ascii	"p_msg\000"
 2407      6700
 2408              	.LASF91:
 2409 057c 6D5F6F77 		.ascii	"m_owner\000"
 2409      6E657200 
 2410              	.LASF32:
 2411 0584 705F6374 		.ascii	"p_ctx\000"
 2411      7800
 2412              	.LASF65:
 2413 058a 76745F66 		.ascii	"vt_func\000"
 2413      756E6300 
 2414              		.ident	"GCC: (GNU Tools for ARM Embedded Processors) 4.9.3 20141119 (release) [ARM/embedded-4_9-br
ARM GAS  /tmp/ccr1e8i3.s 			page 48


DEFINED SYMBOLS
                            *ABS*:00000000 memstreams.c
     /tmp/ccr1e8i3.s:21     .text.put:00000000 $t
     /tmp/ccr1e8i3.s:26     .text.put:00000000 put
     /tmp/ccr1e8i3.s:62     .text.get:00000000 $t
     /tmp/ccr1e8i3.s:67     .text.get:00000000 get
     /tmp/ccr1e8i3.s:104    .text.reads:00000000 $t
     /tmp/ccr1e8i3.s:109    .text.reads:00000000 reads
     /tmp/ccr1e8i3.s:156    .text.writes:00000000 $t
     /tmp/ccr1e8i3.s:161    .text.writes:00000000 writes
     /tmp/ccr1e8i3.s:203    .text.msObjectInit:00000000 $t
     /tmp/ccr1e8i3.s:209    .text.msObjectInit:00000000 msObjectInit
     /tmp/ccr1e8i3.s:242    .text.msObjectInit:00000018 $d
     /tmp/ccr1e8i3.s:247    .rodata.vmt:00000000 $d
     /tmp/ccr1e8i3.s:251    .rodata.vmt:00000000 vmt
                     .debug_frame:00000010 $d
     /tmp/ccr1e8i3.s:2414   .text.msObjectInit:0000001c $t

UNDEFINED SYMBOLS
memcpy
