ARM GAS  /tmp/ccoFoQLH.s 			page 1


   1              		.syntax unified
   2              		.cpu cortex-m4
   3              		.eabi_attribute 27, 3
   4              		.eabi_attribute 28, 1
   5              		.fpu fpv4-sp-d16
   6              		.eabi_attribute 20, 1
   7              		.eabi_attribute 21, 1
   8              		.eabi_attribute 23, 3
   9              		.eabi_attribute 24, 1
  10              		.eabi_attribute 25, 1
  11              		.eabi_attribute 26, 1
  12              		.eabi_attribute 30, 2
  13              		.eabi_attribute 34, 1
  14              		.eabi_attribute 18, 4
  15              		.thumb
  16              		.file	"NNet.c"
  17              		.text
  18              	.Ltext0:
  19              		.cfi_sections	.debug_frame
  20              		.section	.text.EvaluateNet,"ax",%progbits
  21              		.align	2
  22              		.p2align 4,,15
  23              		.global	EvaluateNet
  24              		.thumb
  25              		.thumb_func
  26              		.type	EvaluateNet, %function
  27              	EvaluateNet:
  28              	.LFB0:
  29              		.file 1 "../NNet/NNet.c"
  30              		.loc 1 44 0
  31              		.cfi_startproc
  32              		@ args = 0, pretend = 0, frame = 0
  33              		@ frame_needed = 0, uses_anonymous_args = 0
  34              	.LVL0:
  35 0000 384B     		ldr	r3, .L23
  36 0002 F0B5     		push	{r4, r5, r6, r7, lr}
  37              		.cfi_def_cfa_offset 20
  38              		.cfi_offset 4, -20
  39              		.cfi_offset 5, -16
  40              		.cfi_offset 6, -12
  41              		.cfi_offset 7, -8
  42              		.cfi_offset 14, -4
  43 0004 A3F17C05 		sub	r5, r3, #124
  44 0008 2846     		mov	r0, r5
  45 000a 1A1D     		adds	r2, r3, #4
  46              	.LVL1:
  47              	.L2:
  48              		.loc 1 50 0 discriminator 3
  49 000c 53F8041D 		ldr	r1, [r3, #-4]!	@ float
  50 0010 42F8041D 		str	r1, [r2, #-4]!	@ float
  51              		.loc 1 49 0 discriminator 3
  52 0014 8342     		cmp	r3, r0
  53 0016 F9D1     		bne	.L2
  54              		.loc 1 55 0
  55 0018 9FED337A 		flds	s14, .L23+4
  56 001c 334E     		ldr	r6, .L23+8
  57 001e 344C     		ldr	r4, .L23+12
ARM GAS  /tmp/ccoFoQLH.s 			page 2


  58              		.loc 1 58 0
  59 0020 DFF8DCE0 		ldr	lr, .L23+28
  60 0024 3348     		ldr	r0, .L23+16
  61              		.loc 1 52 0
  62 0026 85ED000A 		fsts	s0, [r5]
  63              	.LVL2:
  64              		.loc 1 55 0
  65 002a 3146     		mov	r1, r6
  66 002c 17EE103A 		fmrs	r3, s14
  67 0030 41F80C3F 		str	r3, [r1, #12]!	@ float
  68              		.loc 1 58 0
  69 0034 F0EE477A 		fcpys	s15, s14
  70              		.loc 1 55 0
  71 0038 86ED007A 		fsts	s14, [r6]
  72              	.LVL3:
  73 003c 86ED017A 		fsts	s14, [r6, #4]
  74              	.LVL4:
  75 0040 86ED027A 		fsts	s14, [r6, #8]
  76              	.LVL5:
  77              		.loc 1 67 0
  78 0044 B0EE476A 		fcpys	s12, s14
  79 0048 04F17C07 		add	r7, r4, #124
  80              		.loc 1 64 0
  81 004c F7EE006A 		fconsts	s13, #112
  82              	.LVL6:
  83              	.L3:
  84 0050 264D     		ldr	r5, .L23+8
  85              		.loc 1 44 0
  86 0052 0246     		mov	r2, r0
  87 0054 2B46     		mov	r3, r5
  88              	.LVL7:
  89              	.L10:
  90              		.loc 1 63 0
  91 0056 B2EC017A 		fldmias	r2!, {s14}
  92 005a E7EE007A 		vfma.f32	s15, s14, s0
  93              		.loc 1 64 0
  94 005e F4EEE67A 		fcmpes	s15, s13
  95 0062 F1EE10FA 		fmstat
  96 0066 07DD     		ble	.L18
  97              		.loc 1 62 0
  98 0068 8B42     		cmp	r3, r1
  99              		.loc 1 65 0
 100 006a C3ED006A 		fsts	s13, [r3]
 101              		.loc 1 62 0
 102 006e 0ED0     		beq	.L21
 103              	.L8:
 104 0070 0433     		adds	r3, r3, #4
 105 0072 D3ED007A 		flds	s15, [r3]
 106 0076 EEE7     		b	.L10
 107              	.L18:
 108              		.loc 1 67 0
 109 0078 F5EEC07A 		fcmpezs	s15
 110 007c F1EE10FA 		fmstat
 111              		.loc 1 63 0
 112 0080 54BF     		ite	pl
 113 0082 C3ED007A 		fstspl	s15, [r3]
 114              		.loc 1 68 0
ARM GAS  /tmp/ccoFoQLH.s 			page 3


 115 0086 83ED006A 		fstsmi	s12, [r3]
 116              		.loc 1 62 0
 117 008a 8B42     		cmp	r3, r1
 118 008c F0D1     		bne	.L8
 119              	.L21:
 120              		.loc 1 61 0 discriminator 2
 121 008e BC42     		cmp	r4, r7
 122 0090 00F11000 		add	r0, r0, #16
 123 0094 04D0     		beq	.L9
 124 0096 B4EC010A 		fldmias	r4!, {s0}
 125 009a D6ED007A 		flds	s15, [r6]
 126 009e D7E7     		b	.L3
 127              	.L9:
 128              		.loc 1 61 0 is_stmt 0
 129 00a0 DFED117A 		flds	s15, .L23+4
 130 00a4 144B     		ldr	r3, .L23+20
 131 00a6 154A     		ldr	r2, .L23+24
 132              		.loc 1 80 0 is_stmt 1
 133 00a8 F0EE675A 		fcpys	s11, s15
 134              		.loc 1 76 0
 135 00ac B7EE006A 		fconsts	s12, #112
 136              	.L12:
 137              	.LVL8:
 138              		.loc 1 75 0
 139 00b0 F5EC016A 		fldmias	r5!, {s13}
 140 00b4 B3EC017A 		fldmias	r3!, {s14}
 141 00b8 E6EE877A 		vfma.f32	s15, s13, s14
 142              		.loc 1 76 0
 143 00bc F4EEC67A 		fcmpes	s15, s12
 144 00c0 F1EE10FA 		fmstat
 145 00c4 06DD     		ble	.L22
 146              		.loc 1 77 0
 147 00c6 F7EE007A 		fconsts	s15, #112
 148              	.L11:
 149              	.LVL9:
 150              		.loc 1 73 0
 151 00ca 9542     		cmp	r5, r2
 152 00cc F0D1     		bne	.L12
 153 00ce CEED007A 		fsts	s15, [lr]
 154 00d2 F0BD     		pop	{r4, r5, r6, r7, pc}
 155              	.LVL10:
 156              	.L22:
 157              		.loc 1 80 0
 158 00d4 F5EE407A 		fcmpzs	s15
 159 00d8 F1EE10FA 		fmstat
 160 00dc 48BF     		it	mi
 161 00de F0EE657A 		fcpysmi	s15, s11
 162 00e2 F2E7     		b	.L11
 163              	.L24:
 164              		.align	2
 165              	.L23:
 166 00e4 7C000000 		.word	.LANCHOR0+124
 167 00e8 00000000 		.word	0
 168 00ec 00000000 		.word	.LANCHOR1
 169 00f0 04000000 		.word	.LANCHOR0+4
 170 00f4 00000000 		.word	weights_ih
 171 00f8 00000000 		.word	weights_ho
ARM GAS  /tmp/ccoFoQLH.s 			page 4


 172 00fc 10000000 		.word	.LANCHOR1+16
 173 0100 00000000 		.word	.LANCHOR2
 174              		.cfi_endproc
 175              	.LFE0:
 176              		.size	EvaluateNet, .-EvaluateNet
 177              		.global	outputs
 178              		.global	hiddens
 179              		.global	inputs
 180 0104 AFF30080 		.section	.bss.hiddens,"aw",%nobits
 180      AFF30080 
 180      AFF30080 
 181              		.align	2
 182              		.set	.LANCHOR1,. + 0
 183              		.type	hiddens, %object
 184              		.size	hiddens, 16
 185              	hiddens:
 186 0000 00000000 		.space	16
 186      00000000 
 186      00000000 
 186      00000000 
 187              		.section	.bss.inputs,"aw",%nobits
 188              		.align	2
 189              		.set	.LANCHOR0,. + 0
 190              		.type	inputs, %object
 191              		.size	inputs, 128
 192              	inputs:
 193 0000 00000000 		.space	128
 193      00000000 
 193      00000000 
 193      00000000 
 193      00000000 
 194              		.section	.bss.outputs,"aw",%nobits
 195              		.align	2
 196              		.set	.LANCHOR2,. + 0
 197              		.type	outputs, %object
 198              		.size	outputs, 4
 199              	outputs:
 200 0000 00000000 		.space	4
 201              		.text
 202              	.Letext0:
 203              		.file 2 "../weights/weights.h"
 204              		.section	.debug_info,"",%progbits
 205              	.Ldebug_info0:
 206 0000 61010000 		.4byte	0x161
 207 0004 0400     		.2byte	0x4
 208 0006 00000000 		.4byte	.Ldebug_abbrev0
 209 000a 04       		.byte	0x4
 210 000b 01       		.uleb128 0x1
 211 000c 04010000 		.4byte	.LASF17
 212 0010 01       		.byte	0x1
 213 0011 1B000000 		.4byte	.LASF18
 214 0015 2A000000 		.4byte	.LASF19
 215 0019 00000000 		.4byte	.Ldebug_ranges0+0
 216 001d 00000000 		.4byte	0
 217 0021 00000000 		.4byte	.Ldebug_line0
 218 0025 02       		.uleb128 0x2
 219 0026 01       		.byte	0x1
ARM GAS  /tmp/ccoFoQLH.s 			page 5


 220 0027 06       		.byte	0x6
 221 0028 C7000000 		.4byte	.LASF0
 222 002c 02       		.uleb128 0x2
 223 002d 01       		.byte	0x1
 224 002e 08       		.byte	0x8
 225 002f 98000000 		.4byte	.LASF1
 226 0033 02       		.uleb128 0x2
 227 0034 02       		.byte	0x2
 228 0035 05       		.byte	0x5
 229 0036 E4000000 		.4byte	.LASF2
 230 003a 02       		.uleb128 0x2
 231 003b 02       		.byte	0x2
 232 003c 07       		.byte	0x7
 233 003d B4000000 		.4byte	.LASF3
 234 0041 02       		.uleb128 0x2
 235 0042 04       		.byte	0x4
 236 0043 05       		.byte	0x5
 237 0044 AB000000 		.4byte	.LASF4
 238 0048 02       		.uleb128 0x2
 239 0049 04       		.byte	0x4
 240 004a 07       		.byte	0x7
 241 004b 54000000 		.4byte	.LASF5
 242 004f 02       		.uleb128 0x2
 243 0050 08       		.byte	0x8
 244 0051 05       		.byte	0x5
 245 0052 00000000 		.4byte	.LASF6
 246 0056 02       		.uleb128 0x2
 247 0057 08       		.byte	0x8
 248 0058 07       		.byte	0x7
 249 0059 66000000 		.4byte	.LASF7
 250 005d 03       		.uleb128 0x3
 251 005e 04       		.byte	0x4
 252 005f 05       		.byte	0x5
 253 0060 696E7400 		.ascii	"int\000"
 254 0064 02       		.uleb128 0x2
 255 0065 04       		.byte	0x4
 256 0066 07       		.byte	0x7
 257 0067 0E000000 		.4byte	.LASF8
 258 006b 02       		.uleb128 0x2
 259 006c 04       		.byte	0x4
 260 006d 07       		.byte	0x7
 261 006e 1D020000 		.4byte	.LASF9
 262 0072 02       		.uleb128 0x2
 263 0073 01       		.byte	0x1
 264 0074 08       		.byte	0x8
 265 0075 A6000000 		.4byte	.LASF10
 266 0079 04       		.uleb128 0x4
 267 007a 7D000000 		.4byte	.LASF20
 268 007e 01       		.byte	0x1
 269 007f 2C       		.byte	0x2c
 270 0080 00000000 		.4byte	.LFB0
 271 0084 04010000 		.4byte	.LFE0-.LFB0
 272 0088 01       		.uleb128 0x1
 273 0089 9C       		.byte	0x9c
 274 008a B8000000 		.4byte	0xb8
 275 008e 05       		.uleb128 0x5
 276 008f D3000000 		.4byte	.LASF21
ARM GAS  /tmp/ccoFoQLH.s 			page 6


 277 0093 01       		.byte	0x1
 278 0094 2C       		.byte	0x2c
 279 0095 B8000000 		.4byte	0xb8
 280 0099 00000000 		.4byte	.LLST0
 281 009d 06       		.uleb128 0x6
 282 009e 6900     		.ascii	"i\000"
 283 00a0 01       		.byte	0x1
 284 00a1 2E       		.byte	0x2e
 285 00a2 5D000000 		.4byte	0x5d
 286 00a6 23000000 		.4byte	.LLST1
 287 00aa 06       		.uleb128 0x6
 288 00ab 6A00     		.ascii	"j\000"
 289 00ad 01       		.byte	0x1
 290 00ae 2F       		.byte	0x2f
 291 00af 5D000000 		.4byte	0x5d
 292 00b3 67000000 		.4byte	.LLST2
 293 00b7 00       		.byte	0
 294 00b8 02       		.uleb128 0x2
 295 00b9 04       		.byte	0x4
 296 00ba 04       		.byte	0x4
 297 00bb DE000000 		.4byte	.LASF11
 298 00bf 07       		.uleb128 0x7
 299 00c0 B8000000 		.4byte	0xb8
 300 00c4 D5000000 		.4byte	0xd5
 301 00c8 08       		.uleb128 0x8
 302 00c9 6B000000 		.4byte	0x6b
 303 00cd 1F       		.byte	0x1f
 304 00ce 08       		.uleb128 0x8
 305 00cf 6B000000 		.4byte	0x6b
 306 00d3 03       		.byte	0x3
 307 00d4 00       		.byte	0
 308 00d5 09       		.uleb128 0x9
 309 00d6 EE000000 		.4byte	.LASF12
 310 00da 02       		.byte	0x2
 311 00db 04       		.byte	0x4
 312 00dc BF000000 		.4byte	0xbf
 313 00e0 07       		.uleb128 0x7
 314 00e1 B8000000 		.4byte	0xb8
 315 00e5 F6000000 		.4byte	0xf6
 316 00e9 08       		.uleb128 0x8
 317 00ea 6B000000 		.4byte	0x6b
 318 00ee 03       		.byte	0x3
 319 00ef 08       		.uleb128 0x8
 320 00f0 6B000000 		.4byte	0x6b
 321 00f4 00       		.byte	0
 322 00f5 00       		.byte	0
 323 00f6 09       		.uleb128 0x9
 324 00f7 F9000000 		.4byte	.LASF13
 325 00fb 02       		.byte	0x2
 326 00fc 05       		.byte	0x5
 327 00fd E0000000 		.4byte	0xe0
 328 0101 07       		.uleb128 0x7
 329 0102 B8000000 		.4byte	0xb8
 330 0106 11010000 		.4byte	0x111
 331 010a 08       		.uleb128 0x8
 332 010b 6B000000 		.4byte	0x6b
 333 010f 1F       		.byte	0x1f
ARM GAS  /tmp/ccoFoQLH.s 			page 7


 334 0110 00       		.byte	0
 335 0111 0A       		.uleb128 0xa
 336 0112 91000000 		.4byte	.LASF14
 337 0116 01       		.byte	0x1
 338 0117 28       		.byte	0x28
 339 0118 01010000 		.4byte	0x101
 340 011c 05       		.uleb128 0x5
 341 011d 03       		.byte	0x3
 342 011e 00000000 		.4byte	inputs
 343 0122 07       		.uleb128 0x7
 344 0123 B8000000 		.4byte	0xb8
 345 0127 32010000 		.4byte	0x132
 346 012b 08       		.uleb128 0x8
 347 012c 6B000000 		.4byte	0x6b
 348 0130 03       		.byte	0x3
 349 0131 00       		.byte	0
 350 0132 0A       		.uleb128 0xa
 351 0133 4C000000 		.4byte	.LASF15
 352 0137 01       		.byte	0x1
 353 0138 29       		.byte	0x29
 354 0139 22010000 		.4byte	0x122
 355 013d 05       		.uleb128 0x5
 356 013e 03       		.byte	0x3
 357 013f 00000000 		.4byte	hiddens
 358 0143 07       		.uleb128 0x7
 359 0144 B8000000 		.4byte	0xb8
 360 0148 53010000 		.4byte	0x153
 361 014c 08       		.uleb128 0x8
 362 014d 6B000000 		.4byte	0x6b
 363 0151 00       		.byte	0
 364 0152 00       		.byte	0
 365 0153 0A       		.uleb128 0xa
 366 0154 89000000 		.4byte	.LASF16
 367 0158 01       		.byte	0x1
 368 0159 2A       		.byte	0x2a
 369 015a 43010000 		.4byte	0x143
 370 015e 05       		.uleb128 0x5
 371 015f 03       		.byte	0x3
 372 0160 00000000 		.4byte	outputs
 373 0164 00       		.byte	0
 374              		.section	.debug_abbrev,"",%progbits
 375              	.Ldebug_abbrev0:
 376 0000 01       		.uleb128 0x1
 377 0001 11       		.uleb128 0x11
 378 0002 01       		.byte	0x1
 379 0003 25       		.uleb128 0x25
 380 0004 0E       		.uleb128 0xe
 381 0005 13       		.uleb128 0x13
 382 0006 0B       		.uleb128 0xb
 383 0007 03       		.uleb128 0x3
 384 0008 0E       		.uleb128 0xe
 385 0009 1B       		.uleb128 0x1b
 386 000a 0E       		.uleb128 0xe
 387 000b 55       		.uleb128 0x55
 388 000c 17       		.uleb128 0x17
 389 000d 11       		.uleb128 0x11
 390 000e 01       		.uleb128 0x1
ARM GAS  /tmp/ccoFoQLH.s 			page 8


 391 000f 10       		.uleb128 0x10
 392 0010 17       		.uleb128 0x17
 393 0011 00       		.byte	0
 394 0012 00       		.byte	0
 395 0013 02       		.uleb128 0x2
 396 0014 24       		.uleb128 0x24
 397 0015 00       		.byte	0
 398 0016 0B       		.uleb128 0xb
 399 0017 0B       		.uleb128 0xb
 400 0018 3E       		.uleb128 0x3e
 401 0019 0B       		.uleb128 0xb
 402 001a 03       		.uleb128 0x3
 403 001b 0E       		.uleb128 0xe
 404 001c 00       		.byte	0
 405 001d 00       		.byte	0
 406 001e 03       		.uleb128 0x3
 407 001f 24       		.uleb128 0x24
 408 0020 00       		.byte	0
 409 0021 0B       		.uleb128 0xb
 410 0022 0B       		.uleb128 0xb
 411 0023 3E       		.uleb128 0x3e
 412 0024 0B       		.uleb128 0xb
 413 0025 03       		.uleb128 0x3
 414 0026 08       		.uleb128 0x8
 415 0027 00       		.byte	0
 416 0028 00       		.byte	0
 417 0029 04       		.uleb128 0x4
 418 002a 2E       		.uleb128 0x2e
 419 002b 01       		.byte	0x1
 420 002c 3F       		.uleb128 0x3f
 421 002d 19       		.uleb128 0x19
 422 002e 03       		.uleb128 0x3
 423 002f 0E       		.uleb128 0xe
 424 0030 3A       		.uleb128 0x3a
 425 0031 0B       		.uleb128 0xb
 426 0032 3B       		.uleb128 0x3b
 427 0033 0B       		.uleb128 0xb
 428 0034 27       		.uleb128 0x27
 429 0035 19       		.uleb128 0x19
 430 0036 11       		.uleb128 0x11
 431 0037 01       		.uleb128 0x1
 432 0038 12       		.uleb128 0x12
 433 0039 06       		.uleb128 0x6
 434 003a 40       		.uleb128 0x40
 435 003b 18       		.uleb128 0x18
 436 003c 9742     		.uleb128 0x2117
 437 003e 19       		.uleb128 0x19
 438 003f 01       		.uleb128 0x1
 439 0040 13       		.uleb128 0x13
 440 0041 00       		.byte	0
 441 0042 00       		.byte	0
 442 0043 05       		.uleb128 0x5
 443 0044 05       		.uleb128 0x5
 444 0045 00       		.byte	0
 445 0046 03       		.uleb128 0x3
 446 0047 0E       		.uleb128 0xe
 447 0048 3A       		.uleb128 0x3a
ARM GAS  /tmp/ccoFoQLH.s 			page 9


 448 0049 0B       		.uleb128 0xb
 449 004a 3B       		.uleb128 0x3b
 450 004b 0B       		.uleb128 0xb
 451 004c 49       		.uleb128 0x49
 452 004d 13       		.uleb128 0x13
 453 004e 02       		.uleb128 0x2
 454 004f 17       		.uleb128 0x17
 455 0050 00       		.byte	0
 456 0051 00       		.byte	0
 457 0052 06       		.uleb128 0x6
 458 0053 34       		.uleb128 0x34
 459 0054 00       		.byte	0
 460 0055 03       		.uleb128 0x3
 461 0056 08       		.uleb128 0x8
 462 0057 3A       		.uleb128 0x3a
 463 0058 0B       		.uleb128 0xb
 464 0059 3B       		.uleb128 0x3b
 465 005a 0B       		.uleb128 0xb
 466 005b 49       		.uleb128 0x49
 467 005c 13       		.uleb128 0x13
 468 005d 02       		.uleb128 0x2
 469 005e 17       		.uleb128 0x17
 470 005f 00       		.byte	0
 471 0060 00       		.byte	0
 472 0061 07       		.uleb128 0x7
 473 0062 01       		.uleb128 0x1
 474 0063 01       		.byte	0x1
 475 0064 49       		.uleb128 0x49
 476 0065 13       		.uleb128 0x13
 477 0066 01       		.uleb128 0x1
 478 0067 13       		.uleb128 0x13
 479 0068 00       		.byte	0
 480 0069 00       		.byte	0
 481 006a 08       		.uleb128 0x8
 482 006b 21       		.uleb128 0x21
 483 006c 00       		.byte	0
 484 006d 49       		.uleb128 0x49
 485 006e 13       		.uleb128 0x13
 486 006f 2F       		.uleb128 0x2f
 487 0070 0B       		.uleb128 0xb
 488 0071 00       		.byte	0
 489 0072 00       		.byte	0
 490 0073 09       		.uleb128 0x9
 491 0074 34       		.uleb128 0x34
 492 0075 00       		.byte	0
 493 0076 03       		.uleb128 0x3
 494 0077 0E       		.uleb128 0xe
 495 0078 3A       		.uleb128 0x3a
 496 0079 0B       		.uleb128 0xb
 497 007a 3B       		.uleb128 0x3b
 498 007b 0B       		.uleb128 0xb
 499 007c 49       		.uleb128 0x49
 500 007d 13       		.uleb128 0x13
 501 007e 3F       		.uleb128 0x3f
 502 007f 19       		.uleb128 0x19
 503 0080 3C       		.uleb128 0x3c
 504 0081 19       		.uleb128 0x19
ARM GAS  /tmp/ccoFoQLH.s 			page 10


 505 0082 00       		.byte	0
 506 0083 00       		.byte	0
 507 0084 0A       		.uleb128 0xa
 508 0085 34       		.uleb128 0x34
 509 0086 00       		.byte	0
 510 0087 03       		.uleb128 0x3
 511 0088 0E       		.uleb128 0xe
 512 0089 3A       		.uleb128 0x3a
 513 008a 0B       		.uleb128 0xb
 514 008b 3B       		.uleb128 0x3b
 515 008c 0B       		.uleb128 0xb
 516 008d 49       		.uleb128 0x49
 517 008e 13       		.uleb128 0x13
 518 008f 3F       		.uleb128 0x3f
 519 0090 19       		.uleb128 0x19
 520 0091 02       		.uleb128 0x2
 521 0092 18       		.uleb128 0x18
 522 0093 00       		.byte	0
 523 0094 00       		.byte	0
 524 0095 00       		.byte	0
 525              		.section	.debug_loc,"",%progbits
 526              	.Ldebug_loc0:
 527              	.LLST0:
 528 0000 00000000 		.4byte	.LVL0
 529 0004 50000000 		.4byte	.LVL6
 530 0008 0200     		.2byte	0x2
 531 000a 90       		.byte	0x90
 532 000b 40       		.uleb128 0x40
 533 000c 50000000 		.4byte	.LVL6
 534 0010 04010000 		.4byte	.LFE0
 535 0014 0500     		.2byte	0x5
 536 0016 03       		.byte	0x3
 537 0017 00000000 		.4byte	inputs
 538 001b 00000000 		.4byte	0
 539 001f 00000000 		.4byte	0
 540              	.LLST1:
 541 0023 00000000 		.4byte	.LVL0
 542 0027 0C000000 		.4byte	.LVL1
 543 002b 0200     		.2byte	0x2
 544 002d 4F       		.byte	0x4f
 545 002e 9F       		.byte	0x9f
 546 002f 2A000000 		.4byte	.LVL2
 547 0033 3C000000 		.4byte	.LVL3
 548 0037 0200     		.2byte	0x2
 549 0039 30       		.byte	0x30
 550 003a 9F       		.byte	0x9f
 551 003b 3C000000 		.4byte	.LVL3
 552 003f 40000000 		.4byte	.LVL4
 553 0043 0200     		.2byte	0x2
 554 0045 31       		.byte	0x31
 555 0046 9F       		.byte	0x9f
 556 0047 40000000 		.4byte	.LVL4
 557 004b 44000000 		.4byte	.LVL5
 558 004f 0200     		.2byte	0x2
 559 0051 32       		.byte	0x32
 560 0052 9F       		.byte	0x9f
 561 0053 44000000 		.4byte	.LVL5
ARM GAS  /tmp/ccoFoQLH.s 			page 11


 562 0057 50000000 		.4byte	.LVL6
 563 005b 0200     		.2byte	0x2
 564 005d 30       		.byte	0x30
 565 005e 9F       		.byte	0x9f
 566 005f 00000000 		.4byte	0
 567 0063 00000000 		.4byte	0
 568              	.LLST2:
 569 0067 00000000 		.4byte	.LVL0
 570 006b 56000000 		.4byte	.LVL7
 571 006f 0200     		.2byte	0x2
 572 0071 30       		.byte	0x30
 573 0072 9F       		.byte	0x9f
 574 0073 B0000000 		.4byte	.LVL8
 575 0077 CA000000 		.4byte	.LVL9
 576 007b 0200     		.2byte	0x2
 577 007d 30       		.byte	0x30
 578 007e 9F       		.byte	0x9f
 579 007f CA000000 		.4byte	.LVL9
 580 0083 D4000000 		.4byte	.LVL10
 581 0087 0200     		.2byte	0x2
 582 0089 31       		.byte	0x31
 583 008a 9F       		.byte	0x9f
 584 008b D4000000 		.4byte	.LVL10
 585 008f 04010000 		.4byte	.LFE0
 586 0093 0200     		.2byte	0x2
 587 0095 30       		.byte	0x30
 588 0096 9F       		.byte	0x9f
 589 0097 00000000 		.4byte	0
 590 009b 00000000 		.4byte	0
 591              		.section	.debug_aranges,"",%progbits
 592 0000 1C000000 		.4byte	0x1c
 593 0004 0200     		.2byte	0x2
 594 0006 00000000 		.4byte	.Ldebug_info0
 595 000a 04       		.byte	0x4
 596 000b 00       		.byte	0
 597 000c 0000     		.2byte	0
 598 000e 0000     		.2byte	0
 599 0010 00000000 		.4byte	.LFB0
 600 0014 04010000 		.4byte	.LFE0-.LFB0
 601 0018 00000000 		.4byte	0
 602 001c 00000000 		.4byte	0
 603              		.section	.debug_ranges,"",%progbits
 604              	.Ldebug_ranges0:
 605 0000 00000000 		.4byte	.LFB0
 606 0004 04010000 		.4byte	.LFE0
 607 0008 00000000 		.4byte	0
 608 000c 00000000 		.4byte	0
 609              		.section	.debug_line,"",%progbits
 610              	.Ldebug_line0:
 611 0000 89000000 		.section	.debug_str,"MS",%progbits,1
 611      02003D00 
 611      00000201 
 611      FB0E0D00 
 611      01010101 
 612              	.LASF6:
 613 0000 6C6F6E67 		.ascii	"long long int\000"
 613      206C6F6E 
ARM GAS  /tmp/ccoFoQLH.s 			page 12


 613      6720696E 
 613      7400
 614              	.LASF8:
 615 000e 756E7369 		.ascii	"unsigned int\000"
 615      676E6564 
 615      20696E74 
 615      00
 616              	.LASF18:
 617 001b 2E2E2F4E 		.ascii	"../NNet/NNet.c\000"
 617      4E65742F 
 617      4E4E6574 
 617      2E6300
 618              	.LASF19:
 619 002a 2F686F6D 		.ascii	"/home/bhimebau/forge/annsynth/src\000"
 619      652F6268 
 619      696D6562 
 619      61752F66 
 619      6F726765 
 620              	.LASF15:
 621 004c 68696464 		.ascii	"hiddens\000"
 621      656E7300 
 622              	.LASF5:
 623 0054 6C6F6E67 		.ascii	"long unsigned int\000"
 623      20756E73 
 623      69676E65 
 623      6420696E 
 623      7400
 624              	.LASF7:
 625 0066 6C6F6E67 		.ascii	"long long unsigned int\000"
 625      206C6F6E 
 625      6720756E 
 625      7369676E 
 625      65642069 
 626              	.LASF20:
 627 007d 4576616C 		.ascii	"EvaluateNet\000"
 627      75617465 
 627      4E657400 
 628              	.LASF16:
 629 0089 6F757470 		.ascii	"outputs\000"
 629      75747300 
 630              	.LASF14:
 631 0091 696E7075 		.ascii	"inputs\000"
 631      747300
 632              	.LASF1:
 633 0098 756E7369 		.ascii	"unsigned char\000"
 633      676E6564 
 633      20636861 
 633      7200
 634              	.LASF10:
 635 00a6 63686172 		.ascii	"char\000"
 635      00
 636              	.LASF4:
 637 00ab 6C6F6E67 		.ascii	"long int\000"
 637      20696E74 
 637      00
 638              	.LASF3:
 639 00b4 73686F72 		.ascii	"short unsigned int\000"
ARM GAS  /tmp/ccoFoQLH.s 			page 13


 639      7420756E 
 639      7369676E 
 639      65642069 
 639      6E7400
 640              	.LASF0:
 641 00c7 7369676E 		.ascii	"signed char\000"
 641      65642063 
 641      68617200 
 642              	.LASF21:
 643 00d3 6E657874 		.ascii	"next_input\000"
 643      5F696E70 
 643      757400
 644              	.LASF11:
 645 00de 666C6F61 		.ascii	"float\000"
 645      7400
 646              	.LASF2:
 647 00e4 73686F72 		.ascii	"short int\000"
 647      7420696E 
 647      7400
 648              	.LASF12:
 649 00ee 77656967 		.ascii	"weights_ih\000"
 649      6874735F 
 649      696800
 650              	.LASF13:
 651 00f9 77656967 		.ascii	"weights_ho\000"
 651      6874735F 
 651      686F00
 652              	.LASF17:
 653 0104 474E5520 		.ascii	"GNU C 4.9.3 20141119 (release) [ARM/embedded-4_9-br"
 653      4320342E 
 653      392E3320 
 653      32303134 
 653      31313139 
 654 0137 616E6368 		.ascii	"anch revision 218278] -mcpu=cortex-m4 -mfloat-abi=h"
 654      20726576 
 654      6973696F 
 654      6E203231 
 654      38323738 
 655 016a 61726420 		.ascii	"ard -mfpu=fpv4-sp-d16 -mno-thumb-interwork -mthumb "
 655      2D6D6670 
 655      753D6670 
 655      76342D73 
 655      702D6431 
 656 019d 2D676764 		.ascii	"-ggdb -O2 -fomit-frame-pointer -falign-functions=16"
 656      62202D4F 
 656      32202D66 
 656      6F6D6974 
 656      2D667261 
 657 01d0 202D6666 		.ascii	" -ffunction-sections -fdata-sections -fno-common -f"
 657      756E6374 
 657      696F6E2D 
 657      73656374 
 657      696F6E73 
 658 0203 73696E67 		.ascii	"single-precision-constant\000"
 658      6C652D70 
 658      72656369 
 658      73696F6E 
ARM GAS  /tmp/ccoFoQLH.s 			page 14


 658      2D636F6E 
 659              	.LASF9:
 660 021d 73697A65 		.ascii	"sizetype\000"
 660      74797065 
 660      00
 661              		.ident	"GCC: (GNU Tools for ARM Embedded Processors) 4.9.3 20141119 (release) [ARM/embedded-4_9-br
ARM GAS  /tmp/ccoFoQLH.s 			page 15


DEFINED SYMBOLS
                            *ABS*:00000000 NNet.c
     /tmp/ccoFoQLH.s:21     .text.EvaluateNet:00000000 $t
     /tmp/ccoFoQLH.s:27     .text.EvaluateNet:00000000 EvaluateNet
     /tmp/ccoFoQLH.s:166    .text.EvaluateNet:000000e4 $d
     /tmp/ccoFoQLH.s:199    .bss.outputs:00000000 outputs
     /tmp/ccoFoQLH.s:185    .bss.hiddens:00000000 hiddens
     /tmp/ccoFoQLH.s:192    .bss.inputs:00000000 inputs
     /tmp/ccoFoQLH.s:181    .bss.hiddens:00000000 $d
     /tmp/ccoFoQLH.s:188    .bss.inputs:00000000 $d
     /tmp/ccoFoQLH.s:195    .bss.outputs:00000000 $d
                     .debug_frame:00000010 $d
     /tmp/ccoFoQLH.s:180    .text.EvaluateNet:00000104 $t

UNDEFINED SYMBOLS
weights_ih
weights_ho
