ARM GAS  /tmp/cc433mHO.s 			page 1


   1              		.syntax unified
   2              		.cpu cortex-m4
   3              		.eabi_attribute 27, 3
   4              		.eabi_attribute 28, 1
   5              		.fpu fpv4-sp-d16
   6              		.eabi_attribute 20, 1
   7              		.eabi_attribute 21, 1
   8              		.eabi_attribute 23, 3
   9              		.eabi_attribute 24, 1
  10              		.eabi_attribute 25, 1
  11              		.eabi_attribute 26, 1
  12              		.eabi_attribute 30, 2
  13              		.eabi_attribute 34, 1
  14              		.eabi_attribute 18, 4
  15              		.thumb
  16              		.file	"pwm_lld.c"
  17              		.text
  18              	.Ltext0:
  19              		.cfi_sections	.debug_frame
  20              	.Letext0:
  21              		.file 1 "/l/arm2/gcc-arm-none-eabi-4_9-2014q4/arm-none-eabi/include/machine/_default_types.h"
  22              		.file 2 "/l/arm2/gcc-arm-none-eabi-4_9-2014q4/arm-none-eabi/include/stdint.h"
  23              		.file 3 "../ChibiOS/os/rt/ports/ARMCMx/compilers/GCC/chtypes.h"
  24              		.file 4 "../ChibiOS/os/rt/include/chsystypes.h"
  25              		.file 5 "../ChibiOS/os/rt/include/chschd.h"
  26              		.file 6 "../ChibiOS/os/rt/ports/ARMCMx/chcore.h"
  27              		.file 7 "../ChibiOS/os/rt/ports/ARMCMx/chcore_v7m.h"
  28              		.file 8 "../ChibiOS/os/rt/include/chtm.h"
  29              		.file 9 "../ChibiOS/os/rt/include/chmtx.h"
  30              		.file 10 "../ChibiOS/os/ext/CMSIS/include/core_cm4.h"
  31              		.section	.debug_info,"",%progbits
  32              	.Ldebug_info0:
  33 0000 88060000 		.4byte	0x688
  34 0004 0400     		.2byte	0x4
  35 0006 00000000 		.4byte	.Ldebug_abbrev0
  36 000a 04       		.byte	0x4
  37 000b 01       		.uleb128 0x1
  38 000c EA020000 		.4byte	.LASF95
  39 0010 01       		.byte	0x1
  40 0011 B1010000 		.4byte	.LASF96
  41 0015 48040000 		.4byte	.LASF97
  42 0019 00000000 		.4byte	.Ldebug_line0
  43 001d 02       		.uleb128 0x2
  44 001e 04       		.byte	0x4
  45 001f 05       		.byte	0x5
  46 0020 696E7400 		.ascii	"int\000"
  47 0024 03       		.uleb128 0x3
  48 0025 04       		.byte	0x4
  49 0026 07       		.byte	0x7
  50 0027 2D010000 		.4byte	.LASF0
  51 002b 03       		.uleb128 0x3
  52 002c 01       		.byte	0x1
  53 002d 06       		.byte	0x6
  54 002e B6000000 		.4byte	.LASF1
  55 0032 04       		.uleb128 0x4
  56 0033 1D000000 		.4byte	.LASF5
  57 0037 01       		.byte	0x1
ARM GAS  /tmp/cc433mHO.s 			page 2


  58 0038 1D       		.byte	0x1d
  59 0039 3D000000 		.4byte	0x3d
  60 003d 03       		.uleb128 0x3
  61 003e 01       		.byte	0x1
  62 003f 08       		.byte	0x8
  63 0040 AB020000 		.4byte	.LASF2
  64 0044 03       		.uleb128 0x3
  65 0045 02       		.byte	0x2
  66 0046 05       		.byte	0x5
  67 0047 C3020000 		.4byte	.LASF3
  68 004b 03       		.uleb128 0x3
  69 004c 02       		.byte	0x2
  70 004d 07       		.byte	0x7
  71 004e 56010000 		.4byte	.LASF4
  72 0052 04       		.uleb128 0x4
  73 0053 A7010000 		.4byte	.LASF6
  74 0057 01       		.byte	0x1
  75 0058 3F       		.byte	0x3f
  76 0059 5D000000 		.4byte	0x5d
  77 005d 03       		.uleb128 0x3
  78 005e 04       		.byte	0x4
  79 005f 05       		.byte	0x5
  80 0060 E3000000 		.4byte	.LASF7
  81 0064 04       		.uleb128 0x4
  82 0065 AF040000 		.4byte	.LASF8
  83 0069 01       		.byte	0x1
  84 006a 41       		.byte	0x41
  85 006b 6F000000 		.4byte	0x6f
  86 006f 03       		.uleb128 0x3
  87 0070 04       		.byte	0x4
  88 0071 07       		.byte	0x7
  89 0072 6A040000 		.4byte	.LASF9
  90 0076 03       		.uleb128 0x3
  91 0077 08       		.byte	0x8
  92 0078 05       		.byte	0x5
  93 0079 A8000000 		.4byte	.LASF10
  94 007d 04       		.uleb128 0x4
  95 007e 55020000 		.4byte	.LASF11
  96 0082 01       		.byte	0x1
  97 0083 5B       		.byte	0x5b
  98 0084 88000000 		.4byte	0x88
  99 0088 03       		.uleb128 0x3
 100 0089 08       		.byte	0x8
 101 008a 07       		.byte	0x7
 102 008b 42000000 		.4byte	.LASF12
 103 008f 04       		.uleb128 0x4
 104 0090 FF040000 		.4byte	.LASF13
 105 0094 02       		.byte	0x2
 106 0095 15       		.byte	0x15
 107 0096 32000000 		.4byte	0x32
 108 009a 04       		.uleb128 0x4
 109 009b A3020000 		.4byte	.LASF14
 110 009f 02       		.byte	0x2
 111 00a0 2C       		.byte	0x2c
 112 00a1 52000000 		.4byte	0x52
 113 00a5 04       		.uleb128 0x4
 114 00a6 27040000 		.4byte	.LASF15
ARM GAS  /tmp/cc433mHO.s 			page 3


 115 00aa 02       		.byte	0x2
 116 00ab 2D       		.byte	0x2d
 117 00ac 64000000 		.4byte	0x64
 118 00b0 04       		.uleb128 0x4
 119 00b1 14000000 		.4byte	.LASF16
 120 00b5 02       		.byte	0x2
 121 00b6 39       		.byte	0x39
 122 00b7 7D000000 		.4byte	0x7d
 123 00bb 05       		.uleb128 0x5
 124 00bc 9A000000 		.4byte	0x9a
 125 00c0 04       		.uleb128 0x4
 126 00c1 D3040000 		.4byte	.LASF17
 127 00c5 03       		.byte	0x3
 128 00c6 45       		.byte	0x45
 129 00c7 A5000000 		.4byte	0xa5
 130 00cb 04       		.uleb128 0x4
 131 00cc 85010000 		.4byte	.LASF18
 132 00d0 03       		.byte	0x3
 133 00d1 48       		.byte	0x48
 134 00d2 8F000000 		.4byte	0x8f
 135 00d6 04       		.uleb128 0x4
 136 00d7 EC000000 		.4byte	.LASF19
 137 00db 03       		.byte	0x3
 138 00dc 49       		.byte	0x49
 139 00dd 8F000000 		.4byte	0x8f
 140 00e1 04       		.uleb128 0x4
 141 00e2 60020000 		.4byte	.LASF20
 142 00e6 03       		.byte	0x3
 143 00e7 4A       		.byte	0x4a
 144 00e8 8F000000 		.4byte	0x8f
 145 00ec 04       		.uleb128 0x4
 146 00ed 7F020000 		.4byte	.LASF21
 147 00f1 03       		.byte	0x3
 148 00f2 4C       		.byte	0x4c
 149 00f3 A5000000 		.4byte	0xa5
 150 00f7 04       		.uleb128 0x4
 151 00f8 73010000 		.4byte	.LASF22
 152 00fc 03       		.byte	0x3
 153 00fd 4D       		.byte	0x4d
 154 00fe 9A000000 		.4byte	0x9a
 155 0102 04       		.uleb128 0x4
 156 0103 9B010000 		.4byte	.LASF23
 157 0107 03       		.byte	0x3
 158 0108 4F       		.byte	0x4f
 159 0109 A5000000 		.4byte	0xa5
 160 010d 04       		.uleb128 0x4
 161 010e 91040000 		.4byte	.LASF24
 162 0112 04       		.byte	0x4
 163 0113 33       		.byte	0x33
 164 0114 A5000000 		.4byte	0xa5
 165 0118 04       		.uleb128 0x4
 166 0119 81040000 		.4byte	.LASF25
 167 011d 04       		.byte	0x4
 168 011e 3F       		.byte	0x3f
 169 011f 23010000 		.4byte	0x123
 170 0123 06       		.uleb128 0x6
 171 0124 69010000 		.4byte	.LASF44
ARM GAS  /tmp/cc433mHO.s 			page 4


 172 0128 44       		.byte	0x44
 173 0129 05       		.byte	0x5
 174 012a BE       		.byte	0xbe
 175 012b 10020000 		.4byte	0x210
 176 012f 07       		.uleb128 0x7
 177 0130 E3020000 		.4byte	.LASF26
 178 0134 05       		.byte	0x5
 179 0135 BF       		.byte	0xbf
 180 0136 BA050000 		.4byte	0x5ba
 181 013a 00       		.byte	0
 182 013b 07       		.uleb128 0x7
 183 013c 78020000 		.4byte	.LASF27
 184 0140 05       		.byte	0x5
 185 0141 C1       		.byte	0xc1
 186 0142 BA050000 		.4byte	0x5ba
 187 0146 04       		.byte	0x4
 188 0147 07       		.uleb128 0x7
 189 0148 A1000000 		.4byte	.LASF28
 190 014c 05       		.byte	0x5
 191 014d C3       		.byte	0xc3
 192 014e EC000000 		.4byte	0xec
 193 0152 08       		.byte	0x8
 194 0153 07       		.uleb128 0x7
 195 0154 32050000 		.4byte	.LASF29
 196 0158 05       		.byte	0x5
 197 0159 C4       		.byte	0xc4
 198 015a 3A040000 		.4byte	0x43a
 199 015e 0C       		.byte	0xc
 200 015f 07       		.uleb128 0x7
 201 0160 F5000000 		.4byte	.LASF30
 202 0164 05       		.byte	0x5
 203 0165 C6       		.byte	0xc6
 204 0166 BA050000 		.4byte	0x5ba
 205 016a 10       		.byte	0x10
 206 016b 07       		.uleb128 0x7
 207 016c 24020000 		.4byte	.LASF31
 208 0170 05       		.byte	0x5
 209 0171 C7       		.byte	0xc7
 210 0172 BA050000 		.4byte	0x5ba
 211 0176 14       		.byte	0x14
 212 0177 07       		.uleb128 0x7
 213 0178 0E050000 		.4byte	.LASF32
 214 017c 05       		.byte	0x5
 215 017d CE       		.byte	0xce
 216 017e F8050000 		.4byte	0x5f8
 217 0182 18       		.byte	0x18
 218 0183 07       		.uleb128 0x7
 219 0184 CD020000 		.4byte	.LASF33
 220 0188 05       		.byte	0x5
 221 0189 D9       		.byte	0xd9
 222 018a D6000000 		.4byte	0xd6
 223 018e 1C       		.byte	0x1c
 224 018f 07       		.uleb128 0x7
 225 0190 03040000 		.4byte	.LASF34
 226 0194 05       		.byte	0x5
 227 0195 DD       		.byte	0xdd
 228 0196 CB000000 		.4byte	0xcb
ARM GAS  /tmp/cc433mHO.s 			page 5


 229 019a 1D       		.byte	0x1d
 230 019b 07       		.uleb128 0x7
 231 019c F2040000 		.4byte	.LASF35
 232 01a0 05       		.byte	0x5
 233 01a1 E2       		.byte	0xe2
 234 01a2 E1000000 		.4byte	0xe1
 235 01a6 1E       		.byte	0x1e
 236 01a7 08       		.uleb128 0x8
 237 01a8 705F7500 		.ascii	"p_u\000"
 238 01ac 05       		.byte	0x5
 239 01ad 1401     		.2byte	0x114
 240 01af C0050000 		.4byte	0x5c0
 241 01b3 20       		.byte	0x20
 242 01b4 09       		.uleb128 0x9
 243 01b5 EE010000 		.4byte	.LASF36
 244 01b9 05       		.byte	0x5
 245 01ba 1901     		.2byte	0x119
 246 01bc 10020000 		.4byte	0x210
 247 01c0 24       		.byte	0x24
 248 01c1 09       		.uleb128 0x9
 249 01c2 4B010000 		.4byte	.LASF37
 250 01c6 05       		.byte	0x5
 251 01c7 1F01     		.2byte	0x11f
 252 01c9 34020000 		.4byte	0x234
 253 01cd 28       		.byte	0x28
 254 01ce 09       		.uleb128 0x9
 255 01cf 24050000 		.4byte	.LASF38
 256 01d3 05       		.byte	0x5
 257 01d4 2301     		.2byte	0x123
 258 01d6 F7000000 		.4byte	0xf7
 259 01da 30       		.byte	0x30
 260 01db 09       		.uleb128 0x9
 261 01dc 1C040000 		.4byte	.LASF39
 262 01e0 05       		.byte	0x5
 263 01e1 2901     		.2byte	0x129
 264 01e3 02010000 		.4byte	0x102
 265 01e7 34       		.byte	0x34
 266 01e8 09       		.uleb128 0x9
 267 01e9 B9020000 		.4byte	.LASF40
 268 01ed 05       		.byte	0x5
 269 01ee 3001     		.2byte	0x130
 270 01f0 3B060000 		.4byte	0x63b
 271 01f4 38       		.byte	0x38
 272 01f5 09       		.uleb128 0x9
 273 01f6 9B040000 		.4byte	.LASF41
 274 01fa 05       		.byte	0x5
 275 01fb 3401     		.2byte	0x134
 276 01fd EC000000 		.4byte	0xec
 277 0201 3C       		.byte	0x3c
 278 0202 09       		.uleb128 0x9
 279 0203 C2000000 		.4byte	.LASF42
 280 0207 05       		.byte	0x5
 281 0208 3A01     		.2byte	0x13a
 282 020a E7020000 		.4byte	0x2e7
 283 020e 40       		.byte	0x40
 284 020f 00       		.byte	0
 285 0210 04       		.uleb128 0x4
ARM GAS  /tmp/cc433mHO.s 			page 6


 286 0211 15050000 		.4byte	.LASF43
 287 0215 04       		.byte	0x4
 288 0216 44       		.byte	0x44
 289 0217 1B020000 		.4byte	0x21b
 290 021b 06       		.uleb128 0x6
 291 021c 38040000 		.4byte	.LASF45
 292 0220 04       		.byte	0x4
 293 0221 05       		.byte	0x5
 294 0222 AC       		.byte	0xac
 295 0223 34020000 		.4byte	0x234
 296 0227 07       		.uleb128 0x7
 297 0228 E3020000 		.4byte	.LASF26
 298 022c 05       		.byte	0x5
 299 022d AD       		.byte	0xad
 300 022e BA050000 		.4byte	0x5ba
 301 0232 00       		.byte	0
 302 0233 00       		.byte	0
 303 0234 04       		.uleb128 0x4
 304 0235 E2040000 		.4byte	.LASF46
 305 0239 04       		.byte	0x4
 306 023a 4B       		.byte	0x4b
 307 023b 3F020000 		.4byte	0x23f
 308 023f 06       		.uleb128 0x6
 309 0240 90000000 		.4byte	.LASF47
 310 0244 08       		.byte	0x8
 311 0245 05       		.byte	0x5
 312 0246 B3       		.byte	0xb3
 313 0247 64020000 		.4byte	0x264
 314 024b 07       		.uleb128 0x7
 315 024c E3020000 		.4byte	.LASF26
 316 0250 05       		.byte	0x5
 317 0251 B4       		.byte	0xb4
 318 0252 BA050000 		.4byte	0x5ba
 319 0256 00       		.byte	0
 320 0257 07       		.uleb128 0x7
 321 0258 78020000 		.4byte	.LASF27
 322 025c 05       		.byte	0x5
 323 025d B5       		.byte	0xb5
 324 025e BA050000 		.4byte	0x5ba
 325 0262 04       		.byte	0x4
 326 0263 00       		.byte	0
 327 0264 04       		.uleb128 0x4
 328 0265 00000000 		.4byte	.LASF48
 329 0269 04       		.byte	0x4
 330 026a 52       		.byte	0x52
 331 026b 6F020000 		.4byte	0x26f
 332 026f 0A       		.uleb128 0xa
 333 0270 8D010000 		.4byte	.LASF49
 334 0274 1C       		.byte	0x1c
 335 0275 05       		.byte	0x5
 336 0276 7201     		.2byte	0x172
 337 0278 CB020000 		.4byte	0x2cb
 338 027c 09       		.uleb128 0x9
 339 027d 30040000 		.4byte	.LASF50
 340 0281 05       		.byte	0x5
 341 0282 7301     		.2byte	0x173
 342 0284 34020000 		.4byte	0x234
ARM GAS  /tmp/cc433mHO.s 			page 7


 343 0288 00       		.byte	0
 344 0289 09       		.uleb128 0x9
 345 028a D5020000 		.4byte	.LASF51
 346 028e 05       		.byte	0x5
 347 028f 7401     		.2byte	0x174
 348 0291 EC000000 		.4byte	0xec
 349 0295 08       		.byte	0x8
 350 0296 09       		.uleb128 0x9
 351 0297 2C020000 		.4byte	.LASF52
 352 029b 05       		.byte	0x5
 353 029c 7601     		.2byte	0x176
 354 029e 3A040000 		.4byte	0x43a
 355 02a2 0C       		.byte	0xc
 356 02a3 09       		.uleb128 0x9
 357 02a4 FD000000 		.4byte	.LASF53
 358 02a8 05       		.byte	0x5
 359 02a9 7901     		.2byte	0x179
 360 02ab BA050000 		.4byte	0x5ba
 361 02af 10       		.byte	0x10
 362 02b0 09       		.uleb128 0x9
 363 02b1 4D020000 		.4byte	.LASF54
 364 02b5 05       		.byte	0x5
 365 02b6 7A01     		.2byte	0x17a
 366 02b8 BA050000 		.4byte	0x5ba
 367 02bc 14       		.byte	0x14
 368 02bd 09       		.uleb128 0x9
 369 02be 43020000 		.4byte	.LASF55
 370 02c2 05       		.byte	0x5
 371 02c3 7D01     		.2byte	0x17d
 372 02c5 BA050000 		.4byte	0x5ba
 373 02c9 18       		.byte	0x18
 374 02ca 00       		.byte	0
 375 02cb 04       		.uleb128 0x4
 376 02cc A6040000 		.4byte	.LASF56
 377 02d0 04       		.byte	0x4
 378 02d1 57       		.byte	0x57
 379 02d2 D6020000 		.4byte	0x2d6
 380 02d6 0B       		.uleb128 0xb
 381 02d7 04       		.byte	0x4
 382 02d8 DC020000 		.4byte	0x2dc
 383 02dc 0C       		.uleb128 0xc
 384 02dd E7020000 		.4byte	0x2e7
 385 02e1 0D       		.uleb128 0xd
 386 02e2 E7020000 		.4byte	0x2e7
 387 02e6 00       		.byte	0
 388 02e7 0E       		.uleb128 0xe
 389 02e8 04       		.byte	0x4
 390 02e9 04       		.uleb128 0x4
 391 02ea 68020000 		.4byte	.LASF57
 392 02ee 04       		.byte	0x4
 393 02ef 5C       		.byte	0x5c
 394 02f0 F4020000 		.4byte	0x2f4
 395 02f4 0A       		.uleb128 0xa
 396 02f5 0B040000 		.4byte	.LASF58
 397 02f9 14       		.byte	0x14
 398 02fa 05       		.byte	0x5
 399 02fb 4D01     		.2byte	0x14d
ARM GAS  /tmp/cc433mHO.s 			page 8


 400 02fd 43030000 		.4byte	0x343
 401 0301 09       		.uleb128 0x9
 402 0302 3A010000 		.4byte	.LASF59
 403 0306 05       		.byte	0x5
 404 0307 4E01     		.2byte	0x14e
 405 0309 41060000 		.4byte	0x641
 406 030d 00       		.byte	0
 407 030e 09       		.uleb128 0x9
 408 030f 0E010000 		.4byte	.LASF60
 409 0313 05       		.byte	0x5
 410 0314 4F01     		.2byte	0x14f
 411 0316 41060000 		.4byte	0x641
 412 031a 04       		.byte	0x4
 413 031b 09       		.uleb128 0x9
 414 031c 42010000 		.4byte	.LASF61
 415 0320 05       		.byte	0x5
 416 0321 5001     		.2byte	0x150
 417 0323 0D010000 		.4byte	0x10d
 418 0327 08       		.byte	0x8
 419 0328 09       		.uleb128 0x9
 420 0329 38050000 		.4byte	.LASF62
 421 032d 05       		.byte	0x5
 422 032e 5101     		.2byte	0x151
 423 0330 CB020000 		.4byte	0x2cb
 424 0334 0C       		.byte	0xc
 425 0335 09       		.uleb128 0x9
 426 0336 DB040000 		.4byte	.LASF63
 427 033a 05       		.byte	0x5
 428 033b 5301     		.2byte	0x153
 429 033d E7020000 		.4byte	0x2e7
 430 0341 10       		.byte	0x10
 431 0342 00       		.byte	0
 432 0343 04       		.uleb128 0x4
 433 0344 6D000000 		.4byte	.LASF64
 434 0348 04       		.byte	0x4
 435 0349 61       		.byte	0x61
 436 034a 4E030000 		.4byte	0x34e
 437 034e 0A       		.uleb128 0xa
 438 034f 01020000 		.4byte	.LASF65
 439 0353 10       		.byte	0x10
 440 0354 05       		.byte	0x5
 441 0355 5D01     		.2byte	0x15d
 442 0357 90030000 		.4byte	0x390
 443 035b 09       		.uleb128 0x9
 444 035c 3A010000 		.4byte	.LASF59
 445 0360 05       		.byte	0x5
 446 0361 5E01     		.2byte	0x15e
 447 0363 41060000 		.4byte	0x641
 448 0367 00       		.byte	0
 449 0368 09       		.uleb128 0x9
 450 0369 0E010000 		.4byte	.LASF60
 451 036d 05       		.byte	0x5
 452 036e 6001     		.2byte	0x160
 453 0370 41060000 		.4byte	0x641
 454 0374 04       		.byte	0x4
 455 0375 09       		.uleb128 0x9
 456 0376 42010000 		.4byte	.LASF61
ARM GAS  /tmp/cc433mHO.s 			page 9


 457 037a 05       		.byte	0x5
 458 037b 6201     		.2byte	0x162
 459 037d 0D010000 		.4byte	0x10d
 460 0381 08       		.byte	0x8
 461 0382 09       		.uleb128 0x9
 462 0383 18020000 		.4byte	.LASF66
 463 0387 05       		.byte	0x5
 464 0388 6A01     		.2byte	0x16a
 465 038a 0D010000 		.4byte	0x10d
 466 038e 0C       		.byte	0xc
 467 038f 00       		.byte	0
 468 0390 04       		.uleb128 0x4
 469 0391 33000000 		.4byte	.LASF67
 470 0395 04       		.byte	0x4
 471 0396 66       		.byte	0x66
 472 0397 9B030000 		.4byte	0x39b
 473 039b 0A       		.uleb128 0xa
 474 039c 8D020000 		.4byte	.LASF68
 475 03a0 04       		.byte	0x4
 476 03a1 05       		.byte	0x5
 477 03a2 8401     		.2byte	0x184
 478 03a4 B6030000 		.4byte	0x3b6
 479 03a8 09       		.uleb128 0x9
 480 03a9 BA040000 		.4byte	.LASF69
 481 03ad 05       		.byte	0x5
 482 03ae 8C01     		.2byte	0x18c
 483 03b0 47060000 		.4byte	0x647
 484 03b4 00       		.byte	0
 485 03b5 00       		.byte	0
 486 03b6 04       		.uleb128 0x4
 487 03b7 79010000 		.4byte	.LASF70
 488 03bb 04       		.byte	0x4
 489 03bc 6B       		.byte	0x6b
 490 03bd C1030000 		.4byte	0x3c1
 491 03c1 0F       		.uleb128 0xf
 492 03c2 D9000000 		.4byte	.LASF71
 493 03c6 D801     		.2byte	0x1d8
 494 03c8 05       		.byte	0x5
 495 03c9 A401     		.2byte	0x1a4
 496 03cb 1D040000 		.4byte	0x41d
 497 03cf 09       		.uleb128 0x9
 498 03d0 F9040000 		.4byte	.LASF72
 499 03d4 05       		.byte	0x5
 500 03d5 A801     		.2byte	0x1a8
 501 03d7 64020000 		.4byte	0x264
 502 03db 00       		.byte	0
 503 03dc 09       		.uleb128 0x9
 504 03dd D2000000 		.4byte	.LASF73
 505 03e1 05       		.byte	0x5
 506 03e2 AC01     		.2byte	0x1ac
 507 03e4 43030000 		.4byte	0x343
 508 03e8 1C       		.byte	0x1c
 509 03e9 08       		.uleb128 0x8
 510 03ea 64626700 		.ascii	"dbg\000"
 511 03ee 05       		.byte	0x5
 512 03ef B001     		.2byte	0x1b0
 513 03f1 90030000 		.4byte	0x390
ARM GAS  /tmp/cc433mHO.s 			page 10


 514 03f5 2C       		.byte	0x2c
 515 03f6 09       		.uleb128 0x9
 516 03f7 62000000 		.4byte	.LASF74
 517 03fb 05       		.byte	0x5
 518 03fc B401     		.2byte	0x1b4
 519 03fe 18010000 		.4byte	0x118
 520 0402 30       		.byte	0x30
 521 0403 08       		.uleb128 0x8
 522 0404 746D00   		.ascii	"tm\000"
 523 0407 05       		.byte	0x5
 524 0408 B901     		.2byte	0x1b9
 525 040a AF050000 		.4byte	0x5af
 526 040e 74       		.byte	0x74
 527 040f 09       		.uleb128 0x9
 528 0410 1E010000 		.4byte	.LASF75
 529 0414 05       		.byte	0x5
 530 0415 C501     		.2byte	0x1c5
 531 0417 4C060000 		.4byte	0x64c
 532 041b 78       		.byte	0x78
 533 041c 00       		.byte	0
 534 041d 03       		.uleb128 0x3
 535 041e 04       		.byte	0x4
 536 041f 07       		.byte	0x7
 537 0420 F8010000 		.4byte	.LASF76
 538 0424 04       		.uleb128 0x4
 539 0425 05010000 		.4byte	.LASF77
 540 0429 06       		.byte	0x6
 541 042a 85       		.byte	0x85
 542 042b E7020000 		.4byte	0x2e7
 543 042f 04       		.uleb128 0x4
 544 0430 E3010000 		.4byte	.LASF78
 545 0434 06       		.byte	0x6
 546 0435 8D       		.byte	0x8d
 547 0436 B0000000 		.4byte	0xb0
 548 043a 06       		.uleb128 0x6
 549 043b CB040000 		.4byte	.LASF79
 550 043f 04       		.byte	0x4
 551 0440 06       		.byte	0x6
 552 0441 A9       		.byte	0xa9
 553 0442 53040000 		.4byte	0x453
 554 0446 10       		.uleb128 0x10
 555 0447 72313300 		.ascii	"r13\000"
 556 044b 06       		.byte	0x6
 557 044c AA       		.byte	0xaa
 558 044d 94050000 		.4byte	0x594
 559 0451 00       		.byte	0
 560 0452 00       		.byte	0
 561 0453 06       		.uleb128 0x6
 562 0454 27000000 		.4byte	.LASF80
 563 0458 64       		.byte	0x64
 564 0459 07       		.byte	0x7
 565 045a F4       		.byte	0xf4
 566 045b 94050000 		.4byte	0x594
 567 045f 10       		.uleb128 0x10
 568 0460 73313600 		.ascii	"s16\000"
 569 0464 07       		.byte	0x7
 570 0465 F6       		.byte	0xf6
ARM GAS  /tmp/cc433mHO.s 			page 11


 571 0466 24040000 		.4byte	0x424
 572 046a 00       		.byte	0
 573 046b 10       		.uleb128 0x10
 574 046c 73313700 		.ascii	"s17\000"
 575 0470 07       		.byte	0x7
 576 0471 F7       		.byte	0xf7
 577 0472 24040000 		.4byte	0x424
 578 0476 04       		.byte	0x4
 579 0477 10       		.uleb128 0x10
 580 0478 73313800 		.ascii	"s18\000"
 581 047c 07       		.byte	0x7
 582 047d F8       		.byte	0xf8
 583 047e 24040000 		.4byte	0x424
 584 0482 08       		.byte	0x8
 585 0483 10       		.uleb128 0x10
 586 0484 73313900 		.ascii	"s19\000"
 587 0488 07       		.byte	0x7
 588 0489 F9       		.byte	0xf9
 589 048a 24040000 		.4byte	0x424
 590 048e 0C       		.byte	0xc
 591 048f 10       		.uleb128 0x10
 592 0490 73323000 		.ascii	"s20\000"
 593 0494 07       		.byte	0x7
 594 0495 FA       		.byte	0xfa
 595 0496 24040000 		.4byte	0x424
 596 049a 10       		.byte	0x10
 597 049b 10       		.uleb128 0x10
 598 049c 73323100 		.ascii	"s21\000"
 599 04a0 07       		.byte	0x7
 600 04a1 FB       		.byte	0xfb
 601 04a2 24040000 		.4byte	0x424
 602 04a6 14       		.byte	0x14
 603 04a7 10       		.uleb128 0x10
 604 04a8 73323200 		.ascii	"s22\000"
 605 04ac 07       		.byte	0x7
 606 04ad FC       		.byte	0xfc
 607 04ae 24040000 		.4byte	0x424
 608 04b2 18       		.byte	0x18
 609 04b3 10       		.uleb128 0x10
 610 04b4 73323300 		.ascii	"s23\000"
 611 04b8 07       		.byte	0x7
 612 04b9 FD       		.byte	0xfd
 613 04ba 24040000 		.4byte	0x424
 614 04be 1C       		.byte	0x1c
 615 04bf 10       		.uleb128 0x10
 616 04c0 73323400 		.ascii	"s24\000"
 617 04c4 07       		.byte	0x7
 618 04c5 FE       		.byte	0xfe
 619 04c6 24040000 		.4byte	0x424
 620 04ca 20       		.byte	0x20
 621 04cb 10       		.uleb128 0x10
 622 04cc 73323500 		.ascii	"s25\000"
 623 04d0 07       		.byte	0x7
 624 04d1 FF       		.byte	0xff
 625 04d2 24040000 		.4byte	0x424
 626 04d6 24       		.byte	0x24
 627 04d7 08       		.uleb128 0x8
ARM GAS  /tmp/cc433mHO.s 			page 12


 628 04d8 73323600 		.ascii	"s26\000"
 629 04dc 07       		.byte	0x7
 630 04dd 0001     		.2byte	0x100
 631 04df 24040000 		.4byte	0x424
 632 04e3 28       		.byte	0x28
 633 04e4 08       		.uleb128 0x8
 634 04e5 73323700 		.ascii	"s27\000"
 635 04e9 07       		.byte	0x7
 636 04ea 0101     		.2byte	0x101
 637 04ec 24040000 		.4byte	0x424
 638 04f0 2C       		.byte	0x2c
 639 04f1 08       		.uleb128 0x8
 640 04f2 73323800 		.ascii	"s28\000"
 641 04f6 07       		.byte	0x7
 642 04f7 0201     		.2byte	0x102
 643 04f9 24040000 		.4byte	0x424
 644 04fd 30       		.byte	0x30
 645 04fe 08       		.uleb128 0x8
 646 04ff 73323900 		.ascii	"s29\000"
 647 0503 07       		.byte	0x7
 648 0504 0301     		.2byte	0x103
 649 0506 24040000 		.4byte	0x424
 650 050a 34       		.byte	0x34
 651 050b 08       		.uleb128 0x8
 652 050c 73333000 		.ascii	"s30\000"
 653 0510 07       		.byte	0x7
 654 0511 0401     		.2byte	0x104
 655 0513 24040000 		.4byte	0x424
 656 0517 38       		.byte	0x38
 657 0518 08       		.uleb128 0x8
 658 0519 73333100 		.ascii	"s31\000"
 659 051d 07       		.byte	0x7
 660 051e 0501     		.2byte	0x105
 661 0520 24040000 		.4byte	0x424
 662 0524 3C       		.byte	0x3c
 663 0525 08       		.uleb128 0x8
 664 0526 723400   		.ascii	"r4\000"
 665 0529 07       		.byte	0x7
 666 052a 0701     		.2byte	0x107
 667 052c 24040000 		.4byte	0x424
 668 0530 40       		.byte	0x40
 669 0531 08       		.uleb128 0x8
 670 0532 723500   		.ascii	"r5\000"
 671 0535 07       		.byte	0x7
 672 0536 0801     		.2byte	0x108
 673 0538 24040000 		.4byte	0x424
 674 053c 44       		.byte	0x44
 675 053d 08       		.uleb128 0x8
 676 053e 723600   		.ascii	"r6\000"
 677 0541 07       		.byte	0x7
 678 0542 0901     		.2byte	0x109
 679 0544 24040000 		.4byte	0x424
 680 0548 48       		.byte	0x48
 681 0549 08       		.uleb128 0x8
 682 054a 723700   		.ascii	"r7\000"
 683 054d 07       		.byte	0x7
 684 054e 0A01     		.2byte	0x10a
ARM GAS  /tmp/cc433mHO.s 			page 13


 685 0550 24040000 		.4byte	0x424
 686 0554 4C       		.byte	0x4c
 687 0555 08       		.uleb128 0x8
 688 0556 723800   		.ascii	"r8\000"
 689 0559 07       		.byte	0x7
 690 055a 0B01     		.2byte	0x10b
 691 055c 24040000 		.4byte	0x424
 692 0560 50       		.byte	0x50
 693 0561 08       		.uleb128 0x8
 694 0562 723900   		.ascii	"r9\000"
 695 0565 07       		.byte	0x7
 696 0566 0C01     		.2byte	0x10c
 697 0568 24040000 		.4byte	0x424
 698 056c 54       		.byte	0x54
 699 056d 08       		.uleb128 0x8
 700 056e 72313000 		.ascii	"r10\000"
 701 0572 07       		.byte	0x7
 702 0573 0D01     		.2byte	0x10d
 703 0575 24040000 		.4byte	0x424
 704 0579 58       		.byte	0x58
 705 057a 08       		.uleb128 0x8
 706 057b 72313100 		.ascii	"r11\000"
 707 057f 07       		.byte	0x7
 708 0580 0E01     		.2byte	0x10e
 709 0582 24040000 		.4byte	0x424
 710 0586 5C       		.byte	0x5c
 711 0587 08       		.uleb128 0x8
 712 0588 6C7200   		.ascii	"lr\000"
 713 058b 07       		.byte	0x7
 714 058c 0F01     		.2byte	0x10f
 715 058e 24040000 		.4byte	0x424
 716 0592 60       		.byte	0x60
 717 0593 00       		.byte	0
 718 0594 0B       		.uleb128 0xb
 719 0595 04       		.byte	0x4
 720 0596 53040000 		.4byte	0x453
 721 059a 11       		.uleb128 0x11
 722 059b 04       		.byte	0x4
 723 059c 08       		.byte	0x8
 724 059d 38       		.byte	0x38
 725 059e AF050000 		.4byte	0x5af
 726 05a2 07       		.uleb128 0x7
 727 05a3 C4040000 		.4byte	.LASF81
 728 05a7 08       		.byte	0x8
 729 05a8 3C       		.byte	0x3c
 730 05a9 C0000000 		.4byte	0xc0
 731 05ad 00       		.byte	0
 732 05ae 00       		.byte	0
 733 05af 04       		.uleb128 0x4
 734 05b0 32020000 		.4byte	.LASF82
 735 05b4 08       		.byte	0x8
 736 05b5 3D       		.byte	0x3d
 737 05b6 9A050000 		.4byte	0x59a
 738 05ba 0B       		.uleb128 0xb
 739 05bb 04       		.byte	0x4
 740 05bc 18010000 		.4byte	0x118
 741 05c0 12       		.uleb128 0x12
ARM GAS  /tmp/cc433mHO.s 			page 14


 742 05c1 04       		.byte	0x4
 743 05c2 05       		.byte	0x5
 744 05c3 F6       		.byte	0xf6
 745 05c4 F8050000 		.4byte	0x5f8
 746 05c8 13       		.uleb128 0x13
 747 05c9 0D000000 		.4byte	.LASF83
 748 05cd 05       		.byte	0x5
 749 05ce FD       		.byte	0xfd
 750 05cf F7000000 		.4byte	0xf7
 751 05d3 14       		.uleb128 0x14
 752 05d4 59000000 		.4byte	.LASF84
 753 05d8 05       		.byte	0x5
 754 05d9 0401     		.2byte	0x104
 755 05db F7000000 		.4byte	0xf7
 756 05df 14       		.uleb128 0x14
 757 05e0 07050000 		.4byte	.LASF85
 758 05e4 05       		.byte	0x5
 759 05e5 0B01     		.2byte	0x10b
 760 05e7 E7020000 		.4byte	0x2e7
 761 05eb 14       		.uleb128 0x14
 762 05ec DC020000 		.4byte	.LASF86
 763 05f0 05       		.byte	0x5
 764 05f1 1201     		.2byte	0x112
 765 05f3 02010000 		.4byte	0x102
 766 05f7 00       		.byte	0
 767 05f8 0B       		.uleb128 0xb
 768 05f9 04       		.byte	0x4
 769 05fa FE050000 		.4byte	0x5fe
 770 05fe 15       		.uleb128 0x15
 771 05ff 03060000 		.4byte	0x603
 772 0603 03       		.uleb128 0x3
 773 0604 01       		.byte	0x1
 774 0605 08       		.byte	0x8
 775 0606 7C040000 		.4byte	.LASF87
 776 060a 06       		.uleb128 0x6
 777 060b 87020000 		.4byte	.LASF88
 778 060f 10       		.byte	0x10
 779 0610 09       		.byte	0x9
 780 0611 39       		.byte	0x39
 781 0612 3B060000 		.4byte	0x63b
 782 0616 07       		.uleb128 0x7
 783 0617 CA000000 		.4byte	.LASF89
 784 061b 09       		.byte	0x9
 785 061c 3A       		.byte	0x3a
 786 061d 34020000 		.4byte	0x234
 787 0621 00       		.byte	0
 788 0622 07       		.uleb128 0x7
 789 0623 2A050000 		.4byte	.LASF90
 790 0627 09       		.byte	0x9
 791 0628 3C       		.byte	0x3c
 792 0629 BA050000 		.4byte	0x5ba
 793 062d 08       		.byte	0x8
 794 062e 07       		.uleb128 0x7
 795 062f 8A040000 		.4byte	.LASF91
 796 0633 09       		.byte	0x9
 797 0634 3E       		.byte	0x3e
 798 0635 67060000 		.4byte	0x667
ARM GAS  /tmp/cc433mHO.s 			page 15


 799 0639 0C       		.byte	0xc
 800 063a 00       		.byte	0
 801 063b 0B       		.uleb128 0xb
 802 063c 04       		.byte	0x4
 803 063d 0A060000 		.4byte	0x60a
 804 0641 0B       		.uleb128 0xb
 805 0642 04       		.byte	0x4
 806 0643 E9020000 		.4byte	0x2e9
 807 0647 05       		.uleb128 0x5
 808 0648 F8050000 		.4byte	0x5f8
 809 064c 16       		.uleb128 0x16
 810 064d 2F040000 		.4byte	0x42f
 811 0651 5C060000 		.4byte	0x65c
 812 0655 17       		.uleb128 0x17
 813 0656 1D040000 		.4byte	0x41d
 814 065a 2B       		.byte	0x2b
 815 065b 00       		.byte	0
 816 065c 04       		.uleb128 0x4
 817 065d 16010000 		.4byte	.LASF92
 818 0661 09       		.byte	0x9
 819 0662 34       		.byte	0x34
 820 0663 0A060000 		.4byte	0x60a
 821 0667 0B       		.uleb128 0xb
 822 0668 04       		.byte	0x4
 823 0669 5C060000 		.4byte	0x65c
 824 066d 03       		.uleb128 0x3
 825 066e 01       		.byte	0x1
 826 066f 02       		.byte	0x2
 827 0670 9D020000 		.4byte	.LASF93
 828 0674 18       		.uleb128 0x18
 829 0675 83000000 		.4byte	.LASF94
 830 0679 0A       		.byte	0xa
 831 067a A706     		.2byte	0x6a7
 832 067c BB000000 		.4byte	0xbb
 833 0680 19       		.uleb128 0x19
 834 0681 636800   		.ascii	"ch\000"
 835 0684 05       		.byte	0x5
 836 0685 EB01     		.2byte	0x1eb
 837 0687 B6030000 		.4byte	0x3b6
 838 068b 00       		.byte	0
 839              		.section	.debug_abbrev,"",%progbits
 840              	.Ldebug_abbrev0:
 841 0000 01       		.uleb128 0x1
 842 0001 11       		.uleb128 0x11
 843 0002 01       		.byte	0x1
 844 0003 25       		.uleb128 0x25
 845 0004 0E       		.uleb128 0xe
 846 0005 13       		.uleb128 0x13
 847 0006 0B       		.uleb128 0xb
 848 0007 03       		.uleb128 0x3
 849 0008 0E       		.uleb128 0xe
 850 0009 1B       		.uleb128 0x1b
 851 000a 0E       		.uleb128 0xe
 852 000b 10       		.uleb128 0x10
 853 000c 17       		.uleb128 0x17
 854 000d 00       		.byte	0
 855 000e 00       		.byte	0
ARM GAS  /tmp/cc433mHO.s 			page 16


 856 000f 02       		.uleb128 0x2
 857 0010 24       		.uleb128 0x24
 858 0011 00       		.byte	0
 859 0012 0B       		.uleb128 0xb
 860 0013 0B       		.uleb128 0xb
 861 0014 3E       		.uleb128 0x3e
 862 0015 0B       		.uleb128 0xb
 863 0016 03       		.uleb128 0x3
 864 0017 08       		.uleb128 0x8
 865 0018 00       		.byte	0
 866 0019 00       		.byte	0
 867 001a 03       		.uleb128 0x3
 868 001b 24       		.uleb128 0x24
 869 001c 00       		.byte	0
 870 001d 0B       		.uleb128 0xb
 871 001e 0B       		.uleb128 0xb
 872 001f 3E       		.uleb128 0x3e
 873 0020 0B       		.uleb128 0xb
 874 0021 03       		.uleb128 0x3
 875 0022 0E       		.uleb128 0xe
 876 0023 00       		.byte	0
 877 0024 00       		.byte	0
 878 0025 04       		.uleb128 0x4
 879 0026 16       		.uleb128 0x16
 880 0027 00       		.byte	0
 881 0028 03       		.uleb128 0x3
 882 0029 0E       		.uleb128 0xe
 883 002a 3A       		.uleb128 0x3a
 884 002b 0B       		.uleb128 0xb
 885 002c 3B       		.uleb128 0x3b
 886 002d 0B       		.uleb128 0xb
 887 002e 49       		.uleb128 0x49
 888 002f 13       		.uleb128 0x13
 889 0030 00       		.byte	0
 890 0031 00       		.byte	0
 891 0032 05       		.uleb128 0x5
 892 0033 35       		.uleb128 0x35
 893 0034 00       		.byte	0
 894 0035 49       		.uleb128 0x49
 895 0036 13       		.uleb128 0x13
 896 0037 00       		.byte	0
 897 0038 00       		.byte	0
 898 0039 06       		.uleb128 0x6
 899 003a 13       		.uleb128 0x13
 900 003b 01       		.byte	0x1
 901 003c 03       		.uleb128 0x3
 902 003d 0E       		.uleb128 0xe
 903 003e 0B       		.uleb128 0xb
 904 003f 0B       		.uleb128 0xb
 905 0040 3A       		.uleb128 0x3a
 906 0041 0B       		.uleb128 0xb
 907 0042 3B       		.uleb128 0x3b
 908 0043 0B       		.uleb128 0xb
 909 0044 01       		.uleb128 0x1
 910 0045 13       		.uleb128 0x13
 911 0046 00       		.byte	0
 912 0047 00       		.byte	0
ARM GAS  /tmp/cc433mHO.s 			page 17


 913 0048 07       		.uleb128 0x7
 914 0049 0D       		.uleb128 0xd
 915 004a 00       		.byte	0
 916 004b 03       		.uleb128 0x3
 917 004c 0E       		.uleb128 0xe
 918 004d 3A       		.uleb128 0x3a
 919 004e 0B       		.uleb128 0xb
 920 004f 3B       		.uleb128 0x3b
 921 0050 0B       		.uleb128 0xb
 922 0051 49       		.uleb128 0x49
 923 0052 13       		.uleb128 0x13
 924 0053 38       		.uleb128 0x38
 925 0054 0B       		.uleb128 0xb
 926 0055 00       		.byte	0
 927 0056 00       		.byte	0
 928 0057 08       		.uleb128 0x8
 929 0058 0D       		.uleb128 0xd
 930 0059 00       		.byte	0
 931 005a 03       		.uleb128 0x3
 932 005b 08       		.uleb128 0x8
 933 005c 3A       		.uleb128 0x3a
 934 005d 0B       		.uleb128 0xb
 935 005e 3B       		.uleb128 0x3b
 936 005f 05       		.uleb128 0x5
 937 0060 49       		.uleb128 0x49
 938 0061 13       		.uleb128 0x13
 939 0062 38       		.uleb128 0x38
 940 0063 0B       		.uleb128 0xb
 941 0064 00       		.byte	0
 942 0065 00       		.byte	0
 943 0066 09       		.uleb128 0x9
 944 0067 0D       		.uleb128 0xd
 945 0068 00       		.byte	0
 946 0069 03       		.uleb128 0x3
 947 006a 0E       		.uleb128 0xe
 948 006b 3A       		.uleb128 0x3a
 949 006c 0B       		.uleb128 0xb
 950 006d 3B       		.uleb128 0x3b
 951 006e 05       		.uleb128 0x5
 952 006f 49       		.uleb128 0x49
 953 0070 13       		.uleb128 0x13
 954 0071 38       		.uleb128 0x38
 955 0072 0B       		.uleb128 0xb
 956 0073 00       		.byte	0
 957 0074 00       		.byte	0
 958 0075 0A       		.uleb128 0xa
 959 0076 13       		.uleb128 0x13
 960 0077 01       		.byte	0x1
 961 0078 03       		.uleb128 0x3
 962 0079 0E       		.uleb128 0xe
 963 007a 0B       		.uleb128 0xb
 964 007b 0B       		.uleb128 0xb
 965 007c 3A       		.uleb128 0x3a
 966 007d 0B       		.uleb128 0xb
 967 007e 3B       		.uleb128 0x3b
 968 007f 05       		.uleb128 0x5
 969 0080 01       		.uleb128 0x1
ARM GAS  /tmp/cc433mHO.s 			page 18


 970 0081 13       		.uleb128 0x13
 971 0082 00       		.byte	0
 972 0083 00       		.byte	0
 973 0084 0B       		.uleb128 0xb
 974 0085 0F       		.uleb128 0xf
 975 0086 00       		.byte	0
 976 0087 0B       		.uleb128 0xb
 977 0088 0B       		.uleb128 0xb
 978 0089 49       		.uleb128 0x49
 979 008a 13       		.uleb128 0x13
 980 008b 00       		.byte	0
 981 008c 00       		.byte	0
 982 008d 0C       		.uleb128 0xc
 983 008e 15       		.uleb128 0x15
 984 008f 01       		.byte	0x1
 985 0090 27       		.uleb128 0x27
 986 0091 19       		.uleb128 0x19
 987 0092 01       		.uleb128 0x1
 988 0093 13       		.uleb128 0x13
 989 0094 00       		.byte	0
 990 0095 00       		.byte	0
 991 0096 0D       		.uleb128 0xd
 992 0097 05       		.uleb128 0x5
 993 0098 00       		.byte	0
 994 0099 49       		.uleb128 0x49
 995 009a 13       		.uleb128 0x13
 996 009b 00       		.byte	0
 997 009c 00       		.byte	0
 998 009d 0E       		.uleb128 0xe
 999 009e 0F       		.uleb128 0xf
 1000 009f 00       		.byte	0
 1001 00a0 0B       		.uleb128 0xb
 1002 00a1 0B       		.uleb128 0xb
 1003 00a2 00       		.byte	0
 1004 00a3 00       		.byte	0
 1005 00a4 0F       		.uleb128 0xf
 1006 00a5 13       		.uleb128 0x13
 1007 00a6 01       		.byte	0x1
 1008 00a7 03       		.uleb128 0x3
 1009 00a8 0E       		.uleb128 0xe
 1010 00a9 0B       		.uleb128 0xb
 1011 00aa 05       		.uleb128 0x5
 1012 00ab 3A       		.uleb128 0x3a
 1013 00ac 0B       		.uleb128 0xb
 1014 00ad 3B       		.uleb128 0x3b
 1015 00ae 05       		.uleb128 0x5
 1016 00af 01       		.uleb128 0x1
 1017 00b0 13       		.uleb128 0x13
 1018 00b1 00       		.byte	0
 1019 00b2 00       		.byte	0
 1020 00b3 10       		.uleb128 0x10
 1021 00b4 0D       		.uleb128 0xd
 1022 00b5 00       		.byte	0
 1023 00b6 03       		.uleb128 0x3
 1024 00b7 08       		.uleb128 0x8
 1025 00b8 3A       		.uleb128 0x3a
 1026 00b9 0B       		.uleb128 0xb
ARM GAS  /tmp/cc433mHO.s 			page 19


 1027 00ba 3B       		.uleb128 0x3b
 1028 00bb 0B       		.uleb128 0xb
 1029 00bc 49       		.uleb128 0x49
 1030 00bd 13       		.uleb128 0x13
 1031 00be 38       		.uleb128 0x38
 1032 00bf 0B       		.uleb128 0xb
 1033 00c0 00       		.byte	0
 1034 00c1 00       		.byte	0
 1035 00c2 11       		.uleb128 0x11
 1036 00c3 13       		.uleb128 0x13
 1037 00c4 01       		.byte	0x1
 1038 00c5 0B       		.uleb128 0xb
 1039 00c6 0B       		.uleb128 0xb
 1040 00c7 3A       		.uleb128 0x3a
 1041 00c8 0B       		.uleb128 0xb
 1042 00c9 3B       		.uleb128 0x3b
 1043 00ca 0B       		.uleb128 0xb
 1044 00cb 01       		.uleb128 0x1
 1045 00cc 13       		.uleb128 0x13
 1046 00cd 00       		.byte	0
 1047 00ce 00       		.byte	0
 1048 00cf 12       		.uleb128 0x12
 1049 00d0 17       		.uleb128 0x17
 1050 00d1 01       		.byte	0x1
 1051 00d2 0B       		.uleb128 0xb
 1052 00d3 0B       		.uleb128 0xb
 1053 00d4 3A       		.uleb128 0x3a
 1054 00d5 0B       		.uleb128 0xb
 1055 00d6 3B       		.uleb128 0x3b
 1056 00d7 0B       		.uleb128 0xb
 1057 00d8 01       		.uleb128 0x1
 1058 00d9 13       		.uleb128 0x13
 1059 00da 00       		.byte	0
 1060 00db 00       		.byte	0
 1061 00dc 13       		.uleb128 0x13
 1062 00dd 0D       		.uleb128 0xd
 1063 00de 00       		.byte	0
 1064 00df 03       		.uleb128 0x3
 1065 00e0 0E       		.uleb128 0xe
 1066 00e1 3A       		.uleb128 0x3a
 1067 00e2 0B       		.uleb128 0xb
 1068 00e3 3B       		.uleb128 0x3b
 1069 00e4 0B       		.uleb128 0xb
 1070 00e5 49       		.uleb128 0x49
 1071 00e6 13       		.uleb128 0x13
 1072 00e7 00       		.byte	0
 1073 00e8 00       		.byte	0
 1074 00e9 14       		.uleb128 0x14
 1075 00ea 0D       		.uleb128 0xd
 1076 00eb 00       		.byte	0
 1077 00ec 03       		.uleb128 0x3
 1078 00ed 0E       		.uleb128 0xe
 1079 00ee 3A       		.uleb128 0x3a
 1080 00ef 0B       		.uleb128 0xb
 1081 00f0 3B       		.uleb128 0x3b
 1082 00f1 05       		.uleb128 0x5
 1083 00f2 49       		.uleb128 0x49
ARM GAS  /tmp/cc433mHO.s 			page 20


 1084 00f3 13       		.uleb128 0x13
 1085 00f4 00       		.byte	0
 1086 00f5 00       		.byte	0
 1087 00f6 15       		.uleb128 0x15
 1088 00f7 26       		.uleb128 0x26
 1089 00f8 00       		.byte	0
 1090 00f9 49       		.uleb128 0x49
 1091 00fa 13       		.uleb128 0x13
 1092 00fb 00       		.byte	0
 1093 00fc 00       		.byte	0
 1094 00fd 16       		.uleb128 0x16
 1095 00fe 01       		.uleb128 0x1
 1096 00ff 01       		.byte	0x1
 1097 0100 49       		.uleb128 0x49
 1098 0101 13       		.uleb128 0x13
 1099 0102 01       		.uleb128 0x1
 1100 0103 13       		.uleb128 0x13
 1101 0104 00       		.byte	0
 1102 0105 00       		.byte	0
 1103 0106 17       		.uleb128 0x17
 1104 0107 21       		.uleb128 0x21
 1105 0108 00       		.byte	0
 1106 0109 49       		.uleb128 0x49
 1107 010a 13       		.uleb128 0x13
 1108 010b 2F       		.uleb128 0x2f
 1109 010c 0B       		.uleb128 0xb
 1110 010d 00       		.byte	0
 1111 010e 00       		.byte	0
 1112 010f 18       		.uleb128 0x18
 1113 0110 34       		.uleb128 0x34
 1114 0111 00       		.byte	0
 1115 0112 03       		.uleb128 0x3
 1116 0113 0E       		.uleb128 0xe
 1117 0114 3A       		.uleb128 0x3a
 1118 0115 0B       		.uleb128 0xb
 1119 0116 3B       		.uleb128 0x3b
 1120 0117 05       		.uleb128 0x5
 1121 0118 49       		.uleb128 0x49
 1122 0119 13       		.uleb128 0x13
 1123 011a 3F       		.uleb128 0x3f
 1124 011b 19       		.uleb128 0x19
 1125 011c 3C       		.uleb128 0x3c
 1126 011d 19       		.uleb128 0x19
 1127 011e 00       		.byte	0
 1128 011f 00       		.byte	0
 1129 0120 19       		.uleb128 0x19
 1130 0121 34       		.uleb128 0x34
 1131 0122 00       		.byte	0
 1132 0123 03       		.uleb128 0x3
 1133 0124 08       		.uleb128 0x8
 1134 0125 3A       		.uleb128 0x3a
 1135 0126 0B       		.uleb128 0xb
 1136 0127 3B       		.uleb128 0x3b
 1137 0128 05       		.uleb128 0x5
 1138 0129 49       		.uleb128 0x49
 1139 012a 13       		.uleb128 0x13
 1140 012b 3F       		.uleb128 0x3f
ARM GAS  /tmp/cc433mHO.s 			page 21


 1141 012c 19       		.uleb128 0x19
 1142 012d 3C       		.uleb128 0x3c
 1143 012e 19       		.uleb128 0x19
 1144 012f 00       		.byte	0
 1145 0130 00       		.byte	0
 1146 0131 00       		.byte	0
 1147              		.section	.debug_aranges,"",%progbits
 1148 0000 14000000 		.4byte	0x14
 1149 0004 0200     		.2byte	0x2
 1150 0006 00000000 		.4byte	.Ldebug_info0
 1151 000a 04       		.byte	0x4
 1152 000b 00       		.byte	0
 1153 000c 0000     		.2byte	0
 1154 000e 0000     		.2byte	0
 1155 0010 00000000 		.4byte	0
 1156 0014 00000000 		.4byte	0
 1157              		.section	.debug_line,"",%progbits
 1158              	.Ldebug_line0:
 1159 0000 A2010000 		.section	.debug_str,"MS",%progbits,1
 1159      02009C01 
 1159      00000201 
 1159      FB0E0D00 
 1159      01010101 
 1160              	.LASF48:
 1161 0000 72656164 		.ascii	"ready_list_t\000"
 1161      795F6C69 
 1161      73745F74 
 1161      00
 1162              	.LASF83:
 1163 000d 7264796D 		.ascii	"rdymsg\000"
 1163      736700
 1164              	.LASF16:
 1165 0014 75696E74 		.ascii	"uint64_t\000"
 1165      36345F74 
 1165      00
 1166              	.LASF5:
 1167 001d 5F5F7569 		.ascii	"__uint8_t\000"
 1167      6E74385F 
 1167      7400
 1168              	.LASF80:
 1169 0027 706F7274 		.ascii	"port_intctx\000"
 1169      5F696E74 
 1169      63747800 
 1170              	.LASF67:
 1171 0033 73797374 		.ascii	"system_debug_t\000"
 1171      656D5F64 
 1171      65627567 
 1171      5F7400
 1172              	.LASF12:
 1173 0042 6C6F6E67 		.ascii	"long long unsigned int\000"
 1173      206C6F6E 
 1173      6720756E 
 1173      7369676E 
 1173      65642069 
 1174              	.LASF84:
 1175 0059 65786974 		.ascii	"exitcode\000"
 1175      636F6465 
ARM GAS  /tmp/cc433mHO.s 			page 22


 1175      00
 1176              	.LASF74:
 1177 0062 6D61696E 		.ascii	"mainthread\000"
 1177      74687265 
 1177      616400
 1178              	.LASF64:
 1179 006d 76697274 		.ascii	"virtual_timers_list_t\000"
 1179      75616C5F 
 1179      74696D65 
 1179      72735F6C 
 1179      6973745F 
 1180              	.LASF94:
 1181 0083 49544D5F 		.ascii	"ITM_RxBuffer\000"
 1181      52784275 
 1181      66666572 
 1181      00
 1182              	.LASF47:
 1183 0090 63685F74 		.ascii	"ch_threads_queue\000"
 1183      68726561 
 1183      64735F71 
 1183      75657565 
 1183      00
 1184              	.LASF28:
 1185 00a1 705F7072 		.ascii	"p_prio\000"
 1185      696F00
 1186              	.LASF10:
 1187 00a8 6C6F6E67 		.ascii	"long long int\000"
 1187      206C6F6E 
 1187      6720696E 
 1187      7400
 1188              	.LASF1:
 1189 00b6 7369676E 		.ascii	"signed char\000"
 1189      65642063 
 1189      68617200 
 1190              	.LASF42:
 1191 00c2 705F6D70 		.ascii	"p_mpool\000"
 1191      6F6F6C00 
 1192              	.LASF89:
 1193 00ca 6D5F7175 		.ascii	"m_queue\000"
 1193      65756500 
 1194              	.LASF73:
 1195 00d2 76746C69 		.ascii	"vtlist\000"
 1195      737400
 1196              	.LASF71:
 1197 00d9 63685F73 		.ascii	"ch_system\000"
 1197      79737465 
 1197      6D00
 1198              	.LASF7:
 1199 00e3 6C6F6E67 		.ascii	"long int\000"
 1199      20696E74 
 1199      00
 1200              	.LASF19:
 1201 00ec 74737461 		.ascii	"tstate_t\000"
 1201      74655F74 
 1201      00
 1202              	.LASF30:
 1203 00f5 705F6E65 		.ascii	"p_newer\000"
ARM GAS  /tmp/cc433mHO.s 			page 23


 1203      77657200 
 1204              	.LASF53:
 1205 00fd 725F6E65 		.ascii	"r_newer\000"
 1205      77657200 
 1206              	.LASF77:
 1207 0105 72656761 		.ascii	"regarm_t\000"
 1207      726D5F74 
 1207      00
 1208              	.LASF60:
 1209 010e 76745F70 		.ascii	"vt_prev\000"
 1209      72657600 
 1210              	.LASF92:
 1211 0116 6D757465 		.ascii	"mutex_t\000"
 1211      785F7400 
 1212              	.LASF75:
 1213 011e 69646C65 		.ascii	"idle_thread_wa\000"
 1213      5F746872 
 1213      6561645F 
 1213      776100
 1214              	.LASF0:
 1215 012d 756E7369 		.ascii	"unsigned int\000"
 1215      676E6564 
 1215      20696E74 
 1215      00
 1216              	.LASF59:
 1217 013a 76745F6E 		.ascii	"vt_next\000"
 1217      65787400 
 1218              	.LASF61:
 1219 0142 76745F64 		.ascii	"vt_delta\000"
 1219      656C7461 
 1219      00
 1220              	.LASF37:
 1221 014b 705F6D73 		.ascii	"p_msgqueue\000"
 1221      67717565 
 1221      756500
 1222              	.LASF4:
 1223 0156 73686F72 		.ascii	"short unsigned int\000"
 1223      7420756E 
 1223      7369676E 
 1223      65642069 
 1223      6E7400
 1224              	.LASF44:
 1225 0169 63685F74 		.ascii	"ch_thread\000"
 1225      68726561 
 1225      6400
 1226              	.LASF22:
 1227 0173 6D73675F 		.ascii	"msg_t\000"
 1227      7400
 1228              	.LASF70:
 1229 0179 63685F73 		.ascii	"ch_system_t\000"
 1229      79737465 
 1229      6D5F7400 
 1230              	.LASF18:
 1231 0185 746D6F64 		.ascii	"tmode_t\000"
 1231      655F7400 
 1232              	.LASF49:
 1233 018d 63685F72 		.ascii	"ch_ready_list\000"
ARM GAS  /tmp/cc433mHO.s 			page 24


 1233      65616479 
 1233      5F6C6973 
 1233      7400
 1234              	.LASF23:
 1235 019b 6576656E 		.ascii	"eventmask_t\000"
 1235      746D6173 
 1235      6B5F7400 
 1236              	.LASF6:
 1237 01a7 5F5F696E 		.ascii	"__int32_t\000"
 1237      7433325F 
 1237      7400
 1238              	.LASF96:
 1239 01b1 2E2E2F43 		.ascii	"../ChibiOS/os/hal/ports/STM32/LLD/TIMv1/pwm_lld.c\000"
 1239      68696269 
 1239      4F532F6F 
 1239      732F6861 
 1239      6C2F706F 
 1240              	.LASF78:
 1241 01e3 73746B61 		.ascii	"stkalign_t\000"
 1241      6C69676E 
 1241      5F7400
 1242              	.LASF36:
 1243 01ee 705F7761 		.ascii	"p_waiting\000"
 1243      6974696E 
 1243      6700
 1244              	.LASF76:
 1245 01f8 73697A65 		.ascii	"sizetype\000"
 1245      74797065 
 1245      00
 1246              	.LASF65:
 1247 0201 63685F76 		.ascii	"ch_virtual_timers_list\000"
 1247      69727475 
 1247      616C5F74 
 1247      696D6572 
 1247      735F6C69 
 1248              	.LASF66:
 1249 0218 76745F6C 		.ascii	"vt_lasttime\000"
 1249      61737474 
 1249      696D6500 
 1250              	.LASF31:
 1251 0224 705F6F6C 		.ascii	"p_older\000"
 1251      64657200 
 1252              	.LASF52:
 1253 022c 725F6374 		.ascii	"r_ctx\000"
 1253      7800
 1254              	.LASF82:
 1255 0232 746D5F63 		.ascii	"tm_calibration_t\000"
 1255      616C6962 
 1255      72617469 
 1255      6F6E5F74 
 1255      00
 1256              	.LASF55:
 1257 0243 725F6375 		.ascii	"r_current\000"
 1257      7272656E 
 1257      7400
 1258              	.LASF54:
 1259 024d 725F6F6C 		.ascii	"r_older\000"
ARM GAS  /tmp/cc433mHO.s 			page 25


 1259      64657200 
 1260              	.LASF11:
 1261 0255 5F5F7569 		.ascii	"__uint64_t\000"
 1261      6E743634 
 1261      5F7400
 1262              	.LASF20:
 1263 0260 74726566 		.ascii	"trefs_t\000"
 1263      735F7400 
 1264              	.LASF57:
 1265 0268 76697274 		.ascii	"virtual_timer_t\000"
 1265      75616C5F 
 1265      74696D65 
 1265      725F7400 
 1266              	.LASF27:
 1267 0278 705F7072 		.ascii	"p_prev\000"
 1267      657600
 1268              	.LASF21:
 1269 027f 74707269 		.ascii	"tprio_t\000"
 1269      6F5F7400 
 1270              	.LASF88:
 1271 0287 6D757465 		.ascii	"mutex\000"
 1271      7800
 1272              	.LASF68:
 1273 028d 63685F73 		.ascii	"ch_system_debug\000"
 1273      79737465 
 1273      6D5F6465 
 1273      62756700 
 1274              	.LASF93:
 1275 029d 5F426F6F 		.ascii	"_Bool\000"
 1275      6C00
 1276              	.LASF14:
 1277 02a3 696E7433 		.ascii	"int32_t\000"
 1277      325F7400 
 1278              	.LASF2:
 1279 02ab 756E7369 		.ascii	"unsigned char\000"
 1279      676E6564 
 1279      20636861 
 1279      7200
 1280              	.LASF40:
 1281 02b9 705F6D74 		.ascii	"p_mtxlist\000"
 1281      786C6973 
 1281      7400
 1282              	.LASF3:
 1283 02c3 73686F72 		.ascii	"short int\000"
 1283      7420696E 
 1283      7400
 1284              	.LASF33:
 1285 02cd 705F7374 		.ascii	"p_state\000"
 1285      61746500 
 1286              	.LASF51:
 1287 02d5 725F7072 		.ascii	"r_prio\000"
 1287      696F00
 1288              	.LASF86:
 1289 02dc 65776D61 		.ascii	"ewmask\000"
 1289      736B00
 1290              	.LASF26:
 1291 02e3 705F6E65 		.ascii	"p_next\000"
ARM GAS  /tmp/cc433mHO.s 			page 26


 1291      787400
 1292              	.LASF95:
 1293 02ea 474E5520 		.ascii	"GNU C 4.9.3 20141119 (release) [ARM/embedded-4_9-br"
 1293      4320342E 
 1293      392E3320 
 1293      32303134 
 1293      31313139 
 1294 031d 616E6368 		.ascii	"anch revision 218278] -mcpu=cortex-m4 -mfloat-abi=h"
 1294      20726576 
 1294      6973696F 
 1294      6E203231 
 1294      38323738 
 1295 0350 61726420 		.ascii	"ard -mfpu=fpv4-sp-d16 -mno-thumb-interwork -mthumb "
 1295      2D6D6670 
 1295      753D6670 
 1295      76342D73 
 1295      702D6431 
 1296 0383 2D676764 		.ascii	"-ggdb -O2 -fomit-frame-pointer -falign-functions=16"
 1296      62202D4F 
 1296      32202D66 
 1296      6F6D6974 
 1296      2D667261 
 1297 03b6 202D6666 		.ascii	" -ffunction-sections -fdata-sections -fno-common -f"
 1297      756E6374 
 1297      696F6E2D 
 1297      73656374 
 1297      696F6E73 
 1298 03e9 73696E67 		.ascii	"single-precision-constant\000"
 1298      6C652D70 
 1298      72656369 
 1298      73696F6E 
 1298      2D636F6E 
 1299              	.LASF34:
 1300 0403 705F666C 		.ascii	"p_flags\000"
 1300      61677300 
 1301              	.LASF58:
 1302 040b 63685F76 		.ascii	"ch_virtual_timer\000"
 1302      69727475 
 1302      616C5F74 
 1302      696D6572 
 1302      00
 1303              	.LASF39:
 1304 041c 705F6570 		.ascii	"p_epending\000"
 1304      656E6469 
 1304      6E6700
 1305              	.LASF15:
 1306 0427 75696E74 		.ascii	"uint32_t\000"
 1306      33325F74 
 1306      00
 1307              	.LASF50:
 1308 0430 725F7175 		.ascii	"r_queue\000"
 1308      65756500 
 1309              	.LASF45:
 1310 0438 63685F74 		.ascii	"ch_threads_list\000"
 1310      68726561 
 1310      64735F6C 
 1310      69737400 
ARM GAS  /tmp/cc433mHO.s 			page 27


 1311              	.LASF97:
 1312 0448 2F686F6D 		.ascii	"/home/bhimebau/forge/annsynth/src\000"
 1312      652F6268 
 1312      696D6562 
 1312      61752F66 
 1312      6F726765 
 1313              	.LASF9:
 1314 046a 6C6F6E67 		.ascii	"long unsigned int\000"
 1314      20756E73 
 1314      69676E65 
 1314      6420696E 
 1314      7400
 1315              	.LASF87:
 1316 047c 63686172 		.ascii	"char\000"
 1316      00
 1317              	.LASF25:
 1318 0481 74687265 		.ascii	"thread_t\000"
 1318      61645F74 
 1318      00
 1319              	.LASF91:
 1320 048a 6D5F6E65 		.ascii	"m_next\000"
 1320      787400
 1321              	.LASF24:
 1322 0491 73797374 		.ascii	"systime_t\000"
 1322      696D655F 
 1322      7400
 1323              	.LASF41:
 1324 049b 705F7265 		.ascii	"p_realprio\000"
 1324      616C7072 
 1324      696F00
 1325              	.LASF56:
 1326 04a6 76746675 		.ascii	"vtfunc_t\000"
 1326      6E635F74 
 1326      00
 1327              	.LASF8:
 1328 04af 5F5F7569 		.ascii	"__uint32_t\000"
 1328      6E743332 
 1328      5F7400
 1329              	.LASF69:
 1330 04ba 70616E69 		.ascii	"panic_msg\000"
 1330      635F6D73 
 1330      6700
 1331              	.LASF81:
 1332 04c4 6F666673 		.ascii	"offset\000"
 1332      657400
 1333              	.LASF79:
 1334 04cb 636F6E74 		.ascii	"context\000"
 1334      65787400 
 1335              	.LASF17:
 1336 04d3 7274636E 		.ascii	"rtcnt_t\000"
 1336      745F7400 
 1337              	.LASF63:
 1338 04db 76745F70 		.ascii	"vt_par\000"
 1338      617200
 1339              	.LASF46:
 1340 04e2 74687265 		.ascii	"threads_queue_t\000"
 1340      6164735F 
ARM GAS  /tmp/cc433mHO.s 			page 28


 1340      71756575 
 1340      655F7400 
 1341              	.LASF35:
 1342 04f2 705F7265 		.ascii	"p_refs\000"
 1342      667300
 1343              	.LASF72:
 1344 04f9 726C6973 		.ascii	"rlist\000"
 1344      7400
 1345              	.LASF13:
 1346 04ff 75696E74 		.ascii	"uint8_t\000"
 1346      385F7400 
 1347              	.LASF85:
 1348 0507 77746F62 		.ascii	"wtobjp\000"
 1348      6A7000
 1349              	.LASF32:
 1350 050e 705F6E61 		.ascii	"p_name\000"
 1350      6D6500
 1351              	.LASF43:
 1352 0515 74687265 		.ascii	"threads_list_t\000"
 1352      6164735F 
 1352      6C697374 
 1352      5F7400
 1353              	.LASF38:
 1354 0524 705F6D73 		.ascii	"p_msg\000"
 1354      6700
 1355              	.LASF90:
 1356 052a 6D5F6F77 		.ascii	"m_owner\000"
 1356      6E657200 
 1357              	.LASF29:
 1358 0532 705F6374 		.ascii	"p_ctx\000"
 1358      7800
 1359              	.LASF62:
 1360 0538 76745F66 		.ascii	"vt_func\000"
 1360      756E6300 
 1361              		.ident	"GCC: (GNU Tools for ARM Embedded Processors) 4.9.3 20141119 (release) [ARM/embedded-4_9-br
ARM GAS  /tmp/cc433mHO.s 			page 29


DEFINED SYMBOLS
                            *ABS*:00000000 pwm_lld.c

NO UNDEFINED SYMBOLS
