ARM GAS  /tmp/ccFFhQsY.s 			page 1


   1              		.syntax unified
   2              		.cpu cortex-m4
   3              		.eabi_attribute 27, 3
   4              		.eabi_attribute 28, 1
   5              		.fpu fpv4-sp-d16
   6              		.eabi_attribute 20, 1
   7              		.eabi_attribute 21, 1
   8              		.eabi_attribute 23, 3
   9              		.eabi_attribute 24, 1
  10              		.eabi_attribute 25, 1
  11              		.eabi_attribute 26, 1
  12              		.eabi_attribute 30, 2
  13              		.eabi_attribute 34, 1
  14              		.eabi_attribute 18, 4
  15              		.thumb
  16              		.file	"st.c"
  17              		.text
  18              	.Ltext0:
  19              		.cfi_sections	.debug_frame
  20              		.section	.text.stInit,"ax",%progbits
  21              		.align	2
  22              		.p2align 4,,15
  23              		.global	stInit
  24              		.thumb
  25              		.thumb_func
  26              		.type	stInit, %function
  27              	stInit:
  28              	.LFB255:
  29              		.file 1 "../ChibiOS/os/hal/src/st.c"
  30              		.loc 1 63 0
  31              		.cfi_startproc
  32              		@ args = 0, pretend = 0, frame = 0
  33              		@ frame_needed = 0, uses_anonymous_args = 0
  34              		@ link register save eliminated.
  35              		.loc 1 65 0
  36 0000 FFF7FEBF 		b	st_lld_init
  37              	.LVL0:
  38              		.cfi_endproc
  39              	.LFE255:
  40              		.size	stInit, .-stInit
  41 0004 AFF30080 		.section	.text.stStartAlarm,"ax",%progbits
  41      AFF30080 
  41      AFF30080 
  42              		.align	2
  43              		.p2align 4,,15
  44              		.global	stStartAlarm
  45              		.thumb
  46              		.thumb_func
  47              		.type	stStartAlarm, %function
  48              	stStartAlarm:
  49              	.LFB256:
  50              		.loc 1 80 0
  51              		.cfi_startproc
  52              		@ args = 0, pretend = 0, frame = 0
  53              		@ frame_needed = 0, uses_anonymous_args = 0
  54              		@ link register save eliminated.
  55              	.LVL1:
ARM GAS  /tmp/ccFFhQsY.s 			page 2


  56              	.LBB10:
  57              	.LBB11:
  58              		.file 2 "../ChibiOS/os/hal/ports/STM32/LLD/TIMv1/st_lld.h"
  59              		.loc 2 142 0
  60 0000 4FF08043 		mov	r3, #1073741824
  61              	.LVL2:
  62              		.loc 2 143 0
  63 0004 0021     		movs	r1, #0
  64              		.loc 2 144 0
  65 0006 0222     		movs	r2, #2
  66              		.loc 2 142 0
  67 0008 5863     		str	r0, [r3, #52]
  68              		.loc 2 143 0
  69 000a 1961     		str	r1, [r3, #16]
  70              		.loc 2 144 0
  71 000c DA60     		str	r2, [r3, #12]
  72 000e 7047     		bx	lr
  73              	.LBE11:
  74              	.LBE10:
  75              		.cfi_endproc
  76              	.LFE256:
  77              		.size	stStartAlarm, .-stStartAlarm
  78              		.section	.text.stStopAlarm,"ax",%progbits
  79              		.align	2
  80              		.p2align 4,,15
  81              		.global	stStopAlarm
  82              		.thumb
  83              		.thumb_func
  84              		.type	stStopAlarm, %function
  85              	stStopAlarm:
  86              	.LFB257:
  87              		.loc 1 94 0
  88              		.cfi_startproc
  89              		@ args = 0, pretend = 0, frame = 0
  90              		@ frame_needed = 0, uses_anonymous_args = 0
  91              		@ link register save eliminated.
  92              	.LBB12:
  93              	.LBB13:
  94              		.loc 2 154 0
  95 0000 4FF08043 		mov	r3, #1073741824
  96 0004 0022     		movs	r2, #0
  97 0006 DA60     		str	r2, [r3, #12]
  98 0008 7047     		bx	lr
  99              	.LBE13:
 100              	.LBE12:
 101              		.cfi_endproc
 102              	.LFE257:
 103              		.size	stStopAlarm, .-stStopAlarm
 104 000a 00BFAFF3 		.section	.text.stSetAlarm,"ax",%progbits
 104      0080
 105              		.align	2
 106              		.p2align 4,,15
 107              		.global	stSetAlarm
 108              		.thumb
 109              		.thumb_func
 110              		.type	stSetAlarm, %function
 111              	stSetAlarm:
ARM GAS  /tmp/ccFFhQsY.s 			page 3


 112              	.LFB258:
 113              		.loc 1 108 0
 114              		.cfi_startproc
 115              		@ args = 0, pretend = 0, frame = 0
 116              		@ frame_needed = 0, uses_anonymous_args = 0
 117              		@ link register save eliminated.
 118              	.LVL3:
 119              	.LBB14:
 120              	.LBB15:
 121              		.loc 2 166 0
 122 0000 4FF08043 		mov	r3, #1073741824
 123              	.LVL4:
 124 0004 5863     		str	r0, [r3, #52]
 125 0006 7047     		bx	lr
 126              	.LBE15:
 127              	.LBE14:
 128              		.cfi_endproc
 129              	.LFE258:
 130              		.size	stSetAlarm, .-stSetAlarm
 131 0008 AFF30080 		.section	.text.stGetAlarm,"ax",%progbits
 131      AFF30080 
 132              		.align	2
 133              		.p2align 4,,15
 134              		.global	stGetAlarm
 135              		.thumb
 136              		.thumb_func
 137              		.type	stGetAlarm, %function
 138              	stGetAlarm:
 139              	.LFB259:
 140              		.loc 1 124 0
 141              		.cfi_startproc
 142              		@ args = 0, pretend = 0, frame = 0
 143              		@ frame_needed = 0, uses_anonymous_args = 0
 144              		@ link register save eliminated.
 145              	.LBB16:
 146              	.LBB17:
 147              		.loc 2 178 0
 148 0000 4FF08043 		mov	r3, #1073741824
 149 0004 586B     		ldr	r0, [r3, #52]
 150              	.LBE17:
 151              	.LBE16:
 152              		.loc 1 129 0
 153 0006 7047     		bx	lr
 154              		.cfi_endproc
 155              	.LFE259:
 156              		.size	stGetAlarm, .-stGetAlarm
 157 0008 AFF30080 		.text
 157      AFF30080 
 158              	.Letext0:
 159              		.file 3 "/l/arm2/gcc-arm-none-eabi-4_9-2014q4/arm-none-eabi/include/machine/_default_types.h"
 160              		.file 4 "/l/arm2/gcc-arm-none-eabi-4_9-2014q4/arm-none-eabi/include/stdint.h"
 161              		.file 5 "../ChibiOS/os/rt/ports/ARMCMx/compilers/GCC/chtypes.h"
 162              		.file 6 "../ChibiOS/os/rt/include/chsystypes.h"
 163              		.file 7 "../ChibiOS/os/rt/include/chschd.h"
 164              		.file 8 "../ChibiOS/os/rt/ports/ARMCMx/chcore.h"
 165              		.file 9 "../ChibiOS/os/rt/ports/ARMCMx/chcore_v7m.h"
 166              		.file 10 "../ChibiOS/os/hal/ports/STM32/LLD/TIMv1/stm32_tim.h"
ARM GAS  /tmp/ccFFhQsY.s 			page 4


 167              		.file 11 "../ChibiOS/os/rt/include/chtm.h"
 168              		.file 12 "../ChibiOS/os/rt/include/chmtx.h"
 169              		.file 13 "../ChibiOS/os/ext/CMSIS/include/core_cm4.h"
 170              		.section	.debug_info,"",%progbits
 171              	.Ldebug_info0:
 172 0000 4D090000 		.4byte	0x94d
 173 0004 0400     		.2byte	0x4
 174 0006 00000000 		.4byte	.Ldebug_abbrev0
 175 000a 04       		.byte	0x4
 176 000b 01       		.uleb128 0x1
 177 000c 8E020000 		.4byte	.LASF113
 178 0010 01       		.byte	0x1
 179 0011 47000000 		.4byte	.LASF114
 180 0015 A0040000 		.4byte	.LASF115
 181 0019 00000000 		.4byte	.Ldebug_ranges0+0
 182 001d 00000000 		.4byte	0
 183 0021 00000000 		.4byte	.Ldebug_line0
 184 0025 02       		.uleb128 0x2
 185 0026 04       		.byte	0x4
 186 0027 05       		.byte	0x5
 187 0028 696E7400 		.ascii	"int\000"
 188 002c 03       		.uleb128 0x3
 189 002d 04       		.byte	0x4
 190 002e 07       		.byte	0x7
 191 002f 83010000 		.4byte	.LASF0
 192 0033 03       		.uleb128 0x3
 193 0034 01       		.byte	0x1
 194 0035 06       		.byte	0x6
 195 0036 EB000000 		.4byte	.LASF1
 196 003a 04       		.uleb128 0x4
 197 003b 22000000 		.4byte	.LASF5
 198 003f 03       		.byte	0x3
 199 0040 1D       		.byte	0x1d
 200 0041 45000000 		.4byte	0x45
 201 0045 03       		.uleb128 0x3
 202 0046 01       		.byte	0x1
 203 0047 08       		.byte	0x8
 204 0048 FD030000 		.4byte	.LASF2
 205 004c 03       		.uleb128 0x3
 206 004d 02       		.byte	0x2
 207 004e 05       		.byte	0x5
 208 004f 15040000 		.4byte	.LASF3
 209 0053 03       		.uleb128 0x3
 210 0054 02       		.byte	0x2
 211 0055 07       		.byte	0x7
 212 0056 2A010000 		.4byte	.LASF4
 213 005a 04       		.uleb128 0x4
 214 005b F3010000 		.4byte	.LASF6
 215 005f 03       		.byte	0x3
 216 0060 3F       		.byte	0x3f
 217 0061 65000000 		.4byte	0x65
 218 0065 03       		.uleb128 0x3
 219 0066 04       		.byte	0x4
 220 0067 05       		.byte	0x5
 221 0068 10010000 		.4byte	.LASF7
 222 006c 04       		.uleb128 0x4
 223 006d 1D050000 		.4byte	.LASF8
ARM GAS  /tmp/ccFFhQsY.s 			page 5


 224 0071 03       		.byte	0x3
 225 0072 41       		.byte	0x41
 226 0073 77000000 		.4byte	0x77
 227 0077 03       		.uleb128 0x3
 228 0078 04       		.byte	0x4
 229 0079 07       		.byte	0x7
 230 007a C2040000 		.4byte	.LASF9
 231 007e 03       		.uleb128 0x3
 232 007f 08       		.byte	0x8
 233 0080 05       		.byte	0x5
 234 0081 5E010000 		.4byte	.LASF10
 235 0085 04       		.uleb128 0x4
 236 0086 A7030000 		.4byte	.LASF11
 237 008a 03       		.byte	0x3
 238 008b 5B       		.byte	0x5b
 239 008c 90000000 		.4byte	0x90
 240 0090 03       		.uleb128 0x3
 241 0091 08       		.byte	0x8
 242 0092 07       		.byte	0x7
 243 0093 62000000 		.4byte	.LASF12
 244 0097 04       		.uleb128 0x4
 245 0098 3C040000 		.4byte	.LASF13
 246 009c 04       		.byte	0x4
 247 009d 15       		.byte	0x15
 248 009e 3A000000 		.4byte	0x3a
 249 00a2 04       		.uleb128 0x4
 250 00a3 F5030000 		.4byte	.LASF14
 251 00a7 04       		.byte	0x4
 252 00a8 2C       		.byte	0x2c
 253 00a9 5A000000 		.4byte	0x5a
 254 00ad 04       		.uleb128 0x4
 255 00ae 7F040000 		.4byte	.LASF15
 256 00b2 04       		.byte	0x4
 257 00b3 2D       		.byte	0x2d
 258 00b4 6C000000 		.4byte	0x6c
 259 00b8 04       		.uleb128 0x4
 260 00b9 19000000 		.4byte	.LASF16
 261 00bd 04       		.byte	0x4
 262 00be 39       		.byte	0x39
 263 00bf 85000000 		.4byte	0x85
 264 00c3 05       		.uleb128 0x5
 265 00c4 A2000000 		.4byte	0xa2
 266 00c8 05       		.uleb128 0x5
 267 00c9 AD000000 		.4byte	0xad
 268 00cd 04       		.uleb128 0x4
 269 00ce 54050000 		.4byte	.LASF17
 270 00d2 05       		.byte	0x5
 271 00d3 45       		.byte	0x45
 272 00d4 AD000000 		.4byte	0xad
 273 00d8 04       		.uleb128 0x4
 274 00d9 C5050000 		.4byte	.LASF18
 275 00dd 05       		.byte	0x5
 276 00de 48       		.byte	0x48
 277 00df 97000000 		.4byte	0x97
 278 00e3 04       		.uleb128 0x4
 279 00e4 19010000 		.4byte	.LASF19
 280 00e8 05       		.byte	0x5
ARM GAS  /tmp/ccFFhQsY.s 			page 6


 281 00e9 49       		.byte	0x49
 282 00ea 97000000 		.4byte	0x97
 283 00ee 04       		.uleb128 0x4
 284 00ef B2030000 		.4byte	.LASF20
 285 00f3 05       		.byte	0x5
 286 00f4 4A       		.byte	0x4a
 287 00f5 97000000 		.4byte	0x97
 288 00f9 04       		.uleb128 0x4
 289 00fa D1030000 		.4byte	.LASF21
 290 00fe 05       		.byte	0x5
 291 00ff 4C       		.byte	0x4c
 292 0100 AD000000 		.4byte	0xad
 293 0104 04       		.uleb128 0x4
 294 0105 BB010000 		.4byte	.LASF22
 295 0109 05       		.byte	0x5
 296 010a 4D       		.byte	0x4d
 297 010b A2000000 		.4byte	0xa2
 298 010f 04       		.uleb128 0x4
 299 0110 E7010000 		.4byte	.LASF23
 300 0114 05       		.byte	0x5
 301 0115 4F       		.byte	0x4f
 302 0116 AD000000 		.4byte	0xad
 303 011a 04       		.uleb128 0x4
 304 011b FF040000 		.4byte	.LASF24
 305 011f 06       		.byte	0x6
 306 0120 33       		.byte	0x33
 307 0121 AD000000 		.4byte	0xad
 308 0125 04       		.uleb128 0x4
 309 0126 EA040000 		.4byte	.LASF25
 310 012a 06       		.byte	0x6
 311 012b 3F       		.byte	0x3f
 312 012c 30010000 		.4byte	0x130
 313 0130 06       		.uleb128 0x6
 314 0131 B1010000 		.4byte	.LASF44
 315 0135 44       		.byte	0x44
 316 0136 07       		.byte	0x7
 317 0137 BE       		.byte	0xbe
 318 0138 1D020000 		.4byte	0x21d
 319 013c 07       		.uleb128 0x7
 320 013d 35040000 		.4byte	.LASF26
 321 0141 07       		.byte	0x7
 322 0142 BF       		.byte	0xbf
 323 0143 09070000 		.4byte	0x709
 324 0147 00       		.byte	0
 325 0148 07       		.uleb128 0x7
 326 0149 CA030000 		.4byte	.LASF27
 327 014d 07       		.byte	0x7
 328 014e C1       		.byte	0xc1
 329 014f 09070000 		.4byte	0x709
 330 0153 04       		.byte	0x4
 331 0154 07       		.uleb128 0x7
 332 0155 D2000000 		.4byte	.LASF28
 333 0159 07       		.byte	0x7
 334 015a C3       		.byte	0xc3
 335 015b F9000000 		.4byte	0xf9
 336 015f 08       		.byte	0x8
 337 0160 07       		.uleb128 0x7
ARM GAS  /tmp/ccFFhQsY.s 			page 7


 338 0161 EE050000 		.4byte	.LASF29
 339 0165 07       		.byte	0x7
 340 0166 C4       		.byte	0xc4
 341 0167 67040000 		.4byte	0x467
 342 016b 0C       		.byte	0xc
 343 016c 07       		.uleb128 0x7
 344 016d 22010000 		.4byte	.LASF30
 345 0171 07       		.byte	0x7
 346 0172 C6       		.byte	0xc6
 347 0173 09070000 		.4byte	0x709
 348 0177 10       		.byte	0x10
 349 0178 07       		.uleb128 0x7
 350 0179 51020000 		.4byte	.LASF31
 351 017d 07       		.byte	0x7
 352 017e C7       		.byte	0xc7
 353 017f 09070000 		.4byte	0x709
 354 0183 14       		.byte	0x14
 355 0184 07       		.uleb128 0x7
 356 0185 AF050000 		.4byte	.LASF32
 357 0189 07       		.byte	0x7
 358 018a CE       		.byte	0xce
 359 018b 47070000 		.4byte	0x747
 360 018f 18       		.byte	0x18
 361 0190 07       		.uleb128 0x7
 362 0191 1F040000 		.4byte	.LASF33
 363 0195 07       		.byte	0x7
 364 0196 D9       		.byte	0xd9
 365 0197 E3000000 		.4byte	0xe3
 366 019b 1C       		.byte	0x1c
 367 019c 07       		.uleb128 0x7
 368 019d 7B010000 		.4byte	.LASF34
 369 01a1 07       		.byte	0x7
 370 01a2 DD       		.byte	0xdd
 371 01a3 D8000000 		.4byte	0xd8
 372 01a7 1D       		.byte	0x1d
 373 01a8 07       		.uleb128 0x7
 374 01a9 85050000 		.4byte	.LASF35
 375 01ad 07       		.byte	0x7
 376 01ae E2       		.byte	0xe2
 377 01af EE000000 		.4byte	0xee
 378 01b3 1E       		.byte	0x1e
 379 01b4 08       		.uleb128 0x8
 380 01b5 705F7500 		.ascii	"p_u\000"
 381 01b9 07       		.byte	0x7
 382 01ba 1401     		.2byte	0x114
 383 01bc 0F070000 		.4byte	0x70f
 384 01c0 20       		.byte	0x20
 385 01c1 09       		.uleb128 0x9
 386 01c2 1B020000 		.4byte	.LASF36
 387 01c6 07       		.byte	0x7
 388 01c7 1901     		.2byte	0x119
 389 01c9 1D020000 		.4byte	0x21d
 390 01cd 24       		.byte	0x24
 391 01ce 09       		.uleb128 0x9
 392 01cf A1010000 		.4byte	.LASF37
 393 01d3 07       		.byte	0x7
 394 01d4 1F01     		.2byte	0x11f
ARM GAS  /tmp/ccFFhQsY.s 			page 8


 395 01d6 41020000 		.4byte	0x241
 396 01da 28       		.byte	0x28
 397 01db 09       		.uleb128 0x9
 398 01dc 4E050000 		.4byte	.LASF38
 399 01e0 07       		.byte	0x7
 400 01e1 2301     		.2byte	0x123
 401 01e3 04010000 		.4byte	0x104
 402 01e7 30       		.byte	0x30
 403 01e8 09       		.uleb128 0x9
 404 01e9 74040000 		.4byte	.LASF39
 405 01ed 07       		.byte	0x7
 406 01ee 2901     		.2byte	0x129
 407 01f0 0F010000 		.4byte	0x10f
 408 01f4 34       		.byte	0x34
 409 01f5 09       		.uleb128 0x9
 410 01f6 0B040000 		.4byte	.LASF40
 411 01fa 07       		.byte	0x7
 412 01fb 3001     		.2byte	0x130
 413 01fd 8A070000 		.4byte	0x78a
 414 0201 38       		.byte	0x38
 415 0202 09       		.uleb128 0x9
 416 0203 09050000 		.4byte	.LASF41
 417 0207 07       		.byte	0x7
 418 0208 3401     		.2byte	0x134
 419 020a F9000000 		.4byte	0xf9
 420 020e 3C       		.byte	0x3c
 421 020f 09       		.uleb128 0x9
 422 0210 45010000 		.4byte	.LASF42
 423 0214 07       		.byte	0x7
 424 0215 3A01     		.2byte	0x13a
 425 0217 F4020000 		.4byte	0x2f4
 426 021b 40       		.byte	0x40
 427 021c 00       		.byte	0
 428 021d 04       		.uleb128 0x4
 429 021e B6050000 		.4byte	.LASF43
 430 0222 06       		.byte	0x6
 431 0223 44       		.byte	0x44
 432 0224 28020000 		.4byte	0x228
 433 0228 06       		.uleb128 0x6
 434 0229 90040000 		.4byte	.LASF45
 435 022d 04       		.byte	0x4
 436 022e 07       		.byte	0x7
 437 022f AC       		.byte	0xac
 438 0230 41020000 		.4byte	0x241
 439 0234 07       		.uleb128 0x7
 440 0235 35040000 		.4byte	.LASF26
 441 0239 07       		.byte	0x7
 442 023a AD       		.byte	0xad
 443 023b 09070000 		.4byte	0x709
 444 023f 00       		.byte	0
 445 0240 00       		.byte	0
 446 0241 04       		.uleb128 0x4
 447 0242 75050000 		.4byte	.LASF46
 448 0246 06       		.byte	0x6
 449 0247 4B       		.byte	0x4b
 450 0248 4C020000 		.4byte	0x24c
 451 024c 06       		.uleb128 0x6
ARM GAS  /tmp/ccFFhQsY.s 			page 9


 452 024d C1000000 		.4byte	.LASF47
 453 0251 08       		.byte	0x8
 454 0252 07       		.byte	0x7
 455 0253 B3       		.byte	0xb3
 456 0254 71020000 		.4byte	0x271
 457 0258 07       		.uleb128 0x7
 458 0259 35040000 		.4byte	.LASF26
 459 025d 07       		.byte	0x7
 460 025e B4       		.byte	0xb4
 461 025f 09070000 		.4byte	0x709
 462 0263 00       		.byte	0
 463 0264 07       		.uleb128 0x7
 464 0265 CA030000 		.4byte	.LASF27
 465 0269 07       		.byte	0x7
 466 026a B5       		.byte	0xb5
 467 026b 09070000 		.4byte	0x709
 468 026f 04       		.byte	0x4
 469 0270 00       		.byte	0
 470 0271 04       		.uleb128 0x4
 471 0272 00000000 		.4byte	.LASF48
 472 0276 06       		.byte	0x6
 473 0277 52       		.byte	0x52
 474 0278 7C020000 		.4byte	0x27c
 475 027c 0A       		.uleb128 0xa
 476 027d D9010000 		.4byte	.LASF49
 477 0281 1C       		.byte	0x1c
 478 0282 07       		.byte	0x7
 479 0283 7201     		.2byte	0x172
 480 0285 D8020000 		.4byte	0x2d8
 481 0289 09       		.uleb128 0x9
 482 028a 88040000 		.4byte	.LASF50
 483 028e 07       		.byte	0x7
 484 028f 7301     		.2byte	0x173
 485 0291 41020000 		.4byte	0x241
 486 0295 00       		.byte	0
 487 0296 09       		.uleb128 0x9
 488 0297 27040000 		.4byte	.LASF51
 489 029b 07       		.byte	0x7
 490 029c 7401     		.2byte	0x174
 491 029e F9000000 		.4byte	0xf9
 492 02a2 08       		.byte	0x8
 493 02a3 09       		.uleb128 0x9
 494 02a4 60020000 		.4byte	.LASF52
 495 02a8 07       		.byte	0x7
 496 02a9 7601     		.2byte	0x176
 497 02ab 67040000 		.4byte	0x467
 498 02af 0C       		.byte	0xc
 499 02b0 09       		.uleb128 0x9
 500 02b1 3D010000 		.4byte	.LASF53
 501 02b5 07       		.byte	0x7
 502 02b6 7901     		.2byte	0x179
 503 02b8 09070000 		.4byte	0x709
 504 02bc 10       		.byte	0x10
 505 02bd 09       		.uleb128 0x9
 506 02be 86020000 		.4byte	.LASF54
 507 02c2 07       		.byte	0x7
 508 02c3 7A01     		.2byte	0x17a
ARM GAS  /tmp/ccFFhQsY.s 			page 10


 509 02c5 09070000 		.4byte	0x709
 510 02c9 14       		.byte	0x14
 511 02ca 09       		.uleb128 0x9
 512 02cb 7C020000 		.4byte	.LASF55
 513 02cf 07       		.byte	0x7
 514 02d0 7D01     		.2byte	0x17d
 515 02d2 09070000 		.4byte	0x709
 516 02d6 18       		.byte	0x18
 517 02d7 00       		.byte	0
 518 02d8 04       		.uleb128 0x4
 519 02d9 14050000 		.4byte	.LASF56
 520 02dd 06       		.byte	0x6
 521 02de 57       		.byte	0x57
 522 02df E3020000 		.4byte	0x2e3
 523 02e3 0B       		.uleb128 0xb
 524 02e4 04       		.byte	0x4
 525 02e5 E9020000 		.4byte	0x2e9
 526 02e9 0C       		.uleb128 0xc
 527 02ea F4020000 		.4byte	0x2f4
 528 02ee 0D       		.uleb128 0xd
 529 02ef F4020000 		.4byte	0x2f4
 530 02f3 00       		.byte	0
 531 02f4 0E       		.uleb128 0xe
 532 02f5 04       		.byte	0x4
 533 02f6 04       		.uleb128 0x4
 534 02f7 BA030000 		.4byte	.LASF57
 535 02fb 06       		.byte	0x6
 536 02fc 5C       		.byte	0x5c
 537 02fd 01030000 		.4byte	0x301
 538 0301 0A       		.uleb128 0xa
 539 0302 4D040000 		.4byte	.LASF58
 540 0306 14       		.byte	0x14
 541 0307 07       		.byte	0x7
 542 0308 4D01     		.2byte	0x14d
 543 030a 50030000 		.4byte	0x350
 544 030e 09       		.uleb128 0x9
 545 030f 90010000 		.4byte	.LASF59
 546 0313 07       		.byte	0x7
 547 0314 4E01     		.2byte	0x14e
 548 0316 90070000 		.4byte	0x790
 549 031a 00       		.byte	0
 550 031b 09       		.uleb128 0x9
 551 031c 56010000 		.4byte	.LASF60
 552 0320 07       		.byte	0x7
 553 0321 4F01     		.2byte	0x14f
 554 0323 90070000 		.4byte	0x790
 555 0327 04       		.byte	0x4
 556 0328 09       		.uleb128 0x9
 557 0329 98010000 		.4byte	.LASF61
 558 032d 07       		.byte	0x7
 559 032e 5001     		.2byte	0x150
 560 0330 1A010000 		.4byte	0x11a
 561 0334 08       		.byte	0x8
 562 0335 09       		.uleb128 0x9
 563 0336 F4050000 		.4byte	.LASF62
 564 033a 07       		.byte	0x7
 565 033b 5101     		.2byte	0x151
ARM GAS  /tmp/ccFFhQsY.s 			page 11


 566 033d D8020000 		.4byte	0x2d8
 567 0341 0C       		.byte	0xc
 568 0342 09       		.uleb128 0x9
 569 0343 6E050000 		.4byte	.LASF63
 570 0347 07       		.byte	0x7
 571 0348 5301     		.2byte	0x153
 572 034a F4020000 		.4byte	0x2f4
 573 034e 10       		.byte	0x10
 574 034f 00       		.byte	0
 575 0350 04       		.uleb128 0x4
 576 0351 8D000000 		.4byte	.LASF64
 577 0355 06       		.byte	0x6
 578 0356 61       		.byte	0x61
 579 0357 5B030000 		.4byte	0x35b
 580 035b 0A       		.uleb128 0xa
 581 035c 2E020000 		.4byte	.LASF65
 582 0360 10       		.byte	0x10
 583 0361 07       		.byte	0x7
 584 0362 5D01     		.2byte	0x15d
 585 0364 9D030000 		.4byte	0x39d
 586 0368 09       		.uleb128 0x9
 587 0369 90010000 		.4byte	.LASF59
 588 036d 07       		.byte	0x7
 589 036e 5E01     		.2byte	0x15e
 590 0370 90070000 		.4byte	0x790
 591 0374 00       		.byte	0
 592 0375 09       		.uleb128 0x9
 593 0376 56010000 		.4byte	.LASF60
 594 037a 07       		.byte	0x7
 595 037b 6001     		.2byte	0x160
 596 037d 90070000 		.4byte	0x790
 597 0381 04       		.byte	0x4
 598 0382 09       		.uleb128 0x9
 599 0383 98010000 		.4byte	.LASF61
 600 0387 07       		.byte	0x7
 601 0388 6201     		.2byte	0x162
 602 038a 1A010000 		.4byte	0x11a
 603 038e 08       		.byte	0x8
 604 038f 09       		.uleb128 0x9
 605 0390 45020000 		.4byte	.LASF66
 606 0394 07       		.byte	0x7
 607 0395 6A01     		.2byte	0x16a
 608 0397 1A010000 		.4byte	0x11a
 609 039b 0C       		.byte	0xc
 610 039c 00       		.byte	0
 611 039d 04       		.uleb128 0x4
 612 039e 38000000 		.4byte	.LASF67
 613 03a2 06       		.byte	0x6
 614 03a3 66       		.byte	0x66
 615 03a4 A8030000 		.4byte	0x3a8
 616 03a8 0A       		.uleb128 0xa
 617 03a9 DF030000 		.4byte	.LASF68
 618 03ad 04       		.byte	0x4
 619 03ae 07       		.byte	0x7
 620 03af 8401     		.2byte	0x184
 621 03b1 C3030000 		.4byte	0x3c3
 622 03b5 09       		.uleb128 0x9
ARM GAS  /tmp/ccFFhQsY.s 			page 12


 623 03b6 28050000 		.4byte	.LASF69
 624 03ba 07       		.byte	0x7
 625 03bb 8C01     		.2byte	0x18c
 626 03bd 96070000 		.4byte	0x796
 627 03c1 00       		.byte	0
 628 03c2 00       		.byte	0
 629 03c3 04       		.uleb128 0x4
 630 03c4 C1010000 		.4byte	.LASF70
 631 03c8 06       		.byte	0x6
 632 03c9 6B       		.byte	0x6b
 633 03ca CE030000 		.4byte	0x3ce
 634 03ce 0F       		.uleb128 0xf
 635 03cf 06010000 		.4byte	.LASF71
 636 03d3 D801     		.2byte	0x1d8
 637 03d5 07       		.byte	0x7
 638 03d6 A401     		.2byte	0x1a4
 639 03d8 2A040000 		.4byte	0x42a
 640 03dc 09       		.uleb128 0x9
 641 03dd 8C050000 		.4byte	.LASF72
 642 03e1 07       		.byte	0x7
 643 03e2 A801     		.2byte	0x1a8
 644 03e4 71020000 		.4byte	0x271
 645 03e8 00       		.byte	0
 646 03e9 09       		.uleb128 0x9
 647 03ea FF000000 		.4byte	.LASF73
 648 03ee 07       		.byte	0x7
 649 03ef AC01     		.2byte	0x1ac
 650 03f1 50030000 		.4byte	0x350
 651 03f5 1C       		.byte	0x1c
 652 03f6 08       		.uleb128 0x8
 653 03f7 64626700 		.ascii	"dbg\000"
 654 03fb 07       		.byte	0x7
 655 03fc B001     		.2byte	0x1b0
 656 03fe 9D030000 		.4byte	0x39d
 657 0402 2C       		.byte	0x2c
 658 0403 09       		.uleb128 0x9
 659 0404 82000000 		.4byte	.LASF74
 660 0408 07       		.byte	0x7
 661 0409 B401     		.2byte	0x1b4
 662 040b 25010000 		.4byte	0x125
 663 040f 30       		.byte	0x30
 664 0410 08       		.uleb128 0x8
 665 0411 746D00   		.ascii	"tm\000"
 666 0414 07       		.byte	0x7
 667 0415 B901     		.2byte	0x1b9
 668 0417 FE060000 		.4byte	0x6fe
 669 041b 74       		.byte	0x74
 670 041c 09       		.uleb128 0x9
 671 041d 6C010000 		.4byte	.LASF75
 672 0421 07       		.byte	0x7
 673 0422 C501     		.2byte	0x1c5
 674 0424 9B070000 		.4byte	0x79b
 675 0428 78       		.byte	0x78
 676 0429 00       		.byte	0
 677 042a 03       		.uleb128 0x3
 678 042b 04       		.byte	0x4
 679 042c 07       		.byte	0x7
ARM GAS  /tmp/ccFFhQsY.s 			page 13


 680 042d 25020000 		.4byte	.LASF76
 681 0431 10       		.uleb128 0x10
 682 0432 AD000000 		.4byte	0xad
 683 0436 41040000 		.4byte	0x441
 684 043a 11       		.uleb128 0x11
 685 043b 2A040000 		.4byte	0x42a
 686 043f 01       		.byte	0x1
 687 0440 00       		.byte	0
 688 0441 10       		.uleb128 0x10
 689 0442 AD000000 		.4byte	0xad
 690 0446 51040000 		.4byte	0x451
 691 044a 11       		.uleb128 0x11
 692 044b 2A040000 		.4byte	0x42a
 693 044f 03       		.byte	0x3
 694 0450 00       		.byte	0
 695 0451 04       		.uleb128 0x4
 696 0452 4D010000 		.4byte	.LASF77
 697 0456 08       		.byte	0x8
 698 0457 85       		.byte	0x85
 699 0458 F4020000 		.4byte	0x2f4
 700 045c 04       		.uleb128 0x4
 701 045d 10020000 		.4byte	.LASF78
 702 0461 08       		.byte	0x8
 703 0462 8D       		.byte	0x8d
 704 0463 B8000000 		.4byte	0xb8
 705 0467 06       		.uleb128 0x6
 706 0468 46050000 		.4byte	.LASF79
 707 046c 04       		.byte	0x4
 708 046d 08       		.byte	0x8
 709 046e A9       		.byte	0xa9
 710 046f 80040000 		.4byte	0x480
 711 0473 12       		.uleb128 0x12
 712 0474 72313300 		.ascii	"r13\000"
 713 0478 08       		.byte	0x8
 714 0479 AA       		.byte	0xaa
 715 047a C1050000 		.4byte	0x5c1
 716 047e 00       		.byte	0
 717 047f 00       		.byte	0
 718 0480 06       		.uleb128 0x6
 719 0481 2C000000 		.4byte	.LASF80
 720 0485 64       		.byte	0x64
 721 0486 09       		.byte	0x9
 722 0487 F4       		.byte	0xf4
 723 0488 C1050000 		.4byte	0x5c1
 724 048c 12       		.uleb128 0x12
 725 048d 73313600 		.ascii	"s16\000"
 726 0491 09       		.byte	0x9
 727 0492 F6       		.byte	0xf6
 728 0493 51040000 		.4byte	0x451
 729 0497 00       		.byte	0
 730 0498 12       		.uleb128 0x12
 731 0499 73313700 		.ascii	"s17\000"
 732 049d 09       		.byte	0x9
 733 049e F7       		.byte	0xf7
 734 049f 51040000 		.4byte	0x451
 735 04a3 04       		.byte	0x4
 736 04a4 12       		.uleb128 0x12
ARM GAS  /tmp/ccFFhQsY.s 			page 14


 737 04a5 73313800 		.ascii	"s18\000"
 738 04a9 09       		.byte	0x9
 739 04aa F8       		.byte	0xf8
 740 04ab 51040000 		.4byte	0x451
 741 04af 08       		.byte	0x8
 742 04b0 12       		.uleb128 0x12
 743 04b1 73313900 		.ascii	"s19\000"
 744 04b5 09       		.byte	0x9
 745 04b6 F9       		.byte	0xf9
 746 04b7 51040000 		.4byte	0x451
 747 04bb 0C       		.byte	0xc
 748 04bc 12       		.uleb128 0x12
 749 04bd 73323000 		.ascii	"s20\000"
 750 04c1 09       		.byte	0x9
 751 04c2 FA       		.byte	0xfa
 752 04c3 51040000 		.4byte	0x451
 753 04c7 10       		.byte	0x10
 754 04c8 12       		.uleb128 0x12
 755 04c9 73323100 		.ascii	"s21\000"
 756 04cd 09       		.byte	0x9
 757 04ce FB       		.byte	0xfb
 758 04cf 51040000 		.4byte	0x451
 759 04d3 14       		.byte	0x14
 760 04d4 12       		.uleb128 0x12
 761 04d5 73323200 		.ascii	"s22\000"
 762 04d9 09       		.byte	0x9
 763 04da FC       		.byte	0xfc
 764 04db 51040000 		.4byte	0x451
 765 04df 18       		.byte	0x18
 766 04e0 12       		.uleb128 0x12
 767 04e1 73323300 		.ascii	"s23\000"
 768 04e5 09       		.byte	0x9
 769 04e6 FD       		.byte	0xfd
 770 04e7 51040000 		.4byte	0x451
 771 04eb 1C       		.byte	0x1c
 772 04ec 12       		.uleb128 0x12
 773 04ed 73323400 		.ascii	"s24\000"
 774 04f1 09       		.byte	0x9
 775 04f2 FE       		.byte	0xfe
 776 04f3 51040000 		.4byte	0x451
 777 04f7 20       		.byte	0x20
 778 04f8 12       		.uleb128 0x12
 779 04f9 73323500 		.ascii	"s25\000"
 780 04fd 09       		.byte	0x9
 781 04fe FF       		.byte	0xff
 782 04ff 51040000 		.4byte	0x451
 783 0503 24       		.byte	0x24
 784 0504 08       		.uleb128 0x8
 785 0505 73323600 		.ascii	"s26\000"
 786 0509 09       		.byte	0x9
 787 050a 0001     		.2byte	0x100
 788 050c 51040000 		.4byte	0x451
 789 0510 28       		.byte	0x28
 790 0511 08       		.uleb128 0x8
 791 0512 73323700 		.ascii	"s27\000"
 792 0516 09       		.byte	0x9
 793 0517 0101     		.2byte	0x101
ARM GAS  /tmp/ccFFhQsY.s 			page 15


 794 0519 51040000 		.4byte	0x451
 795 051d 2C       		.byte	0x2c
 796 051e 08       		.uleb128 0x8
 797 051f 73323800 		.ascii	"s28\000"
 798 0523 09       		.byte	0x9
 799 0524 0201     		.2byte	0x102
 800 0526 51040000 		.4byte	0x451
 801 052a 30       		.byte	0x30
 802 052b 08       		.uleb128 0x8
 803 052c 73323900 		.ascii	"s29\000"
 804 0530 09       		.byte	0x9
 805 0531 0301     		.2byte	0x103
 806 0533 51040000 		.4byte	0x451
 807 0537 34       		.byte	0x34
 808 0538 08       		.uleb128 0x8
 809 0539 73333000 		.ascii	"s30\000"
 810 053d 09       		.byte	0x9
 811 053e 0401     		.2byte	0x104
 812 0540 51040000 		.4byte	0x451
 813 0544 38       		.byte	0x38
 814 0545 08       		.uleb128 0x8
 815 0546 73333100 		.ascii	"s31\000"
 816 054a 09       		.byte	0x9
 817 054b 0501     		.2byte	0x105
 818 054d 51040000 		.4byte	0x451
 819 0551 3C       		.byte	0x3c
 820 0552 08       		.uleb128 0x8
 821 0553 723400   		.ascii	"r4\000"
 822 0556 09       		.byte	0x9
 823 0557 0701     		.2byte	0x107
 824 0559 51040000 		.4byte	0x451
 825 055d 40       		.byte	0x40
 826 055e 08       		.uleb128 0x8
 827 055f 723500   		.ascii	"r5\000"
 828 0562 09       		.byte	0x9
 829 0563 0801     		.2byte	0x108
 830 0565 51040000 		.4byte	0x451
 831 0569 44       		.byte	0x44
 832 056a 08       		.uleb128 0x8
 833 056b 723600   		.ascii	"r6\000"
 834 056e 09       		.byte	0x9
 835 056f 0901     		.2byte	0x109
 836 0571 51040000 		.4byte	0x451
 837 0575 48       		.byte	0x48
 838 0576 08       		.uleb128 0x8
 839 0577 723700   		.ascii	"r7\000"
 840 057a 09       		.byte	0x9
 841 057b 0A01     		.2byte	0x10a
 842 057d 51040000 		.4byte	0x451
 843 0581 4C       		.byte	0x4c
 844 0582 08       		.uleb128 0x8
 845 0583 723800   		.ascii	"r8\000"
 846 0586 09       		.byte	0x9
 847 0587 0B01     		.2byte	0x10b
 848 0589 51040000 		.4byte	0x451
 849 058d 50       		.byte	0x50
 850 058e 08       		.uleb128 0x8
ARM GAS  /tmp/ccFFhQsY.s 			page 16


 851 058f 723900   		.ascii	"r9\000"
 852 0592 09       		.byte	0x9
 853 0593 0C01     		.2byte	0x10c
 854 0595 51040000 		.4byte	0x451
 855 0599 54       		.byte	0x54
 856 059a 08       		.uleb128 0x8
 857 059b 72313000 		.ascii	"r10\000"
 858 059f 09       		.byte	0x9
 859 05a0 0D01     		.2byte	0x10d
 860 05a2 51040000 		.4byte	0x451
 861 05a6 58       		.byte	0x58
 862 05a7 08       		.uleb128 0x8
 863 05a8 72313100 		.ascii	"r11\000"
 864 05ac 09       		.byte	0x9
 865 05ad 0E01     		.2byte	0x10e
 866 05af 51040000 		.4byte	0x451
 867 05b3 5C       		.byte	0x5c
 868 05b4 08       		.uleb128 0x8
 869 05b5 6C7200   		.ascii	"lr\000"
 870 05b8 09       		.byte	0x9
 871 05b9 0F01     		.2byte	0x10f
 872 05bb 51040000 		.4byte	0x451
 873 05bf 60       		.byte	0x60
 874 05c0 00       		.byte	0
 875 05c1 0B       		.uleb128 0xb
 876 05c2 04       		.byte	0x4
 877 05c3 80040000 		.4byte	0x480
 878 05c7 13       		.uleb128 0x13
 879 05c8 60       		.byte	0x60
 880 05c9 0A       		.byte	0xa
 881 05ca 9E01     		.2byte	0x19e
 882 05cc D3060000 		.4byte	0x6d3
 883 05d0 08       		.uleb128 0x8
 884 05d1 43523100 		.ascii	"CR1\000"
 885 05d5 0A       		.byte	0xa
 886 05d6 9F01     		.2byte	0x19f
 887 05d8 C8000000 		.4byte	0xc8
 888 05dc 00       		.byte	0
 889 05dd 08       		.uleb128 0x8
 890 05de 43523200 		.ascii	"CR2\000"
 891 05e2 0A       		.byte	0xa
 892 05e3 A001     		.2byte	0x1a0
 893 05e5 C8000000 		.4byte	0xc8
 894 05e9 04       		.byte	0x4
 895 05ea 09       		.uleb128 0x9
 896 05eb AC010000 		.4byte	.LASF81
 897 05ef 0A       		.byte	0xa
 898 05f0 A101     		.2byte	0x1a1
 899 05f2 C8000000 		.4byte	0xc8
 900 05f6 08       		.byte	0x8
 901 05f7 09       		.uleb128 0x9
 902 05f8 0D000000 		.4byte	.LASF82
 903 05fc 0A       		.byte	0xa
 904 05fd A201     		.2byte	0x1a2
 905 05ff C8000000 		.4byte	0xc8
 906 0603 0C       		.byte	0xc
 907 0604 08       		.uleb128 0x8
ARM GAS  /tmp/ccFFhQsY.s 			page 17


 908 0605 535200   		.ascii	"SR\000"
 909 0608 0A       		.byte	0xa
 910 0609 A301     		.2byte	0x1a3
 911 060b C8000000 		.4byte	0xc8
 912 060f 10       		.byte	0x10
 913 0610 08       		.uleb128 0x8
 914 0611 45475200 		.ascii	"EGR\000"
 915 0615 0A       		.byte	0xa
 916 0616 A401     		.2byte	0x1a4
 917 0618 C8000000 		.4byte	0xc8
 918 061c 14       		.byte	0x14
 919 061d 09       		.uleb128 0x9
 920 061e D9000000 		.4byte	.LASF83
 921 0622 0A       		.byte	0xa
 922 0623 A501     		.2byte	0x1a5
 923 0625 C8000000 		.4byte	0xc8
 924 0629 18       		.byte	0x18
 925 062a 09       		.uleb128 0x9
 926 062b DF000000 		.4byte	.LASF84
 927 062f 0A       		.byte	0xa
 928 0630 A601     		.2byte	0x1a6
 929 0632 C8000000 		.4byte	0xc8
 930 0636 1C       		.byte	0x1c
 931 0637 09       		.uleb128 0x9
 932 0638 F3040000 		.4byte	.LASF85
 933 063c 0A       		.byte	0xa
 934 063d A701     		.2byte	0x1a7
 935 063f C8000000 		.4byte	0xc8
 936 0643 20       		.byte	0x20
 937 0644 08       		.uleb128 0x8
 938 0645 434E5400 		.ascii	"CNT\000"
 939 0649 0A       		.byte	0xa
 940 064a A801     		.2byte	0x1a8
 941 064c C8000000 		.4byte	0xc8
 942 0650 24       		.byte	0x24
 943 0651 08       		.uleb128 0x8
 944 0652 50534300 		.ascii	"PSC\000"
 945 0656 0A       		.byte	0xa
 946 0657 A901     		.2byte	0x1a9
 947 0659 C8000000 		.4byte	0xc8
 948 065d 28       		.byte	0x28
 949 065e 08       		.uleb128 0x8
 950 065f 41525200 		.ascii	"ARR\000"
 951 0663 0A       		.byte	0xa
 952 0664 AA01     		.2byte	0x1aa
 953 0666 C8000000 		.4byte	0xc8
 954 066a 2C       		.byte	0x2c
 955 066b 08       		.uleb128 0x8
 956 066c 52435200 		.ascii	"RCR\000"
 957 0670 0A       		.byte	0xa
 958 0671 AB01     		.2byte	0x1ab
 959 0673 C8000000 		.4byte	0xc8
 960 0677 30       		.byte	0x30
 961 0678 08       		.uleb128 0x8
 962 0679 43435200 		.ascii	"CCR\000"
 963 067d 0A       		.byte	0xa
 964 067e AC01     		.2byte	0x1ac
ARM GAS  /tmp/ccFFhQsY.s 			page 18


 965 0680 D3060000 		.4byte	0x6d3
 966 0684 34       		.byte	0x34
 967 0685 09       		.uleb128 0x9
 968 0686 BC000000 		.4byte	.LASF86
 969 068a 0A       		.byte	0xa
 970 068b AD01     		.2byte	0x1ad
 971 068d C8000000 		.4byte	0xc8
 972 0691 44       		.byte	0x44
 973 0692 08       		.uleb128 0x8
 974 0693 44435200 		.ascii	"DCR\000"
 975 0697 0A       		.byte	0xa
 976 0698 AE01     		.2byte	0x1ae
 977 069a C8000000 		.4byte	0xc8
 978 069e 48       		.byte	0x48
 979 069f 09       		.uleb128 0x9
 980 06a0 E5040000 		.4byte	.LASF87
 981 06a4 0A       		.byte	0xa
 982 06a5 AF01     		.2byte	0x1af
 983 06a7 C8000000 		.4byte	0xc8
 984 06ab 4C       		.byte	0x4c
 985 06ac 08       		.uleb128 0x8
 986 06ad 4F5200   		.ascii	"OR\000"
 987 06b0 0A       		.byte	0xa
 988 06b1 B001     		.2byte	0x1b0
 989 06b3 C8000000 		.4byte	0xc8
 990 06b7 50       		.byte	0x50
 991 06b8 09       		.uleb128 0x9
 992 06b9 E5000000 		.4byte	.LASF88
 993 06bd 0A       		.byte	0xa
 994 06be B101     		.2byte	0x1b1
 995 06c0 C8000000 		.4byte	0xc8
 996 06c4 54       		.byte	0x54
 997 06c5 09       		.uleb128 0x9
 998 06c6 6F040000 		.4byte	.LASF89
 999 06ca 0A       		.byte	0xa
 1000 06cb B201     		.2byte	0x1b2
 1001 06cd D8060000 		.4byte	0x6d8
 1002 06d1 58       		.byte	0x58
 1003 06d2 00       		.byte	0
 1004 06d3 05       		.uleb128 0x5
 1005 06d4 41040000 		.4byte	0x441
 1006 06d8 05       		.uleb128 0x5
 1007 06d9 31040000 		.4byte	0x431
 1008 06dd 14       		.uleb128 0x14
 1009 06de CD010000 		.4byte	.LASF90
 1010 06e2 0A       		.byte	0xa
 1011 06e3 B301     		.2byte	0x1b3
 1012 06e5 C7050000 		.4byte	0x5c7
 1013 06e9 15       		.uleb128 0x15
 1014 06ea 04       		.byte	0x4
 1015 06eb 0B       		.byte	0xb
 1016 06ec 38       		.byte	0x38
 1017 06ed FE060000 		.4byte	0x6fe
 1018 06f1 07       		.uleb128 0x7
 1019 06f2 32050000 		.4byte	.LASF91
 1020 06f6 0B       		.byte	0xb
 1021 06f7 3C       		.byte	0x3c
ARM GAS  /tmp/ccFFhQsY.s 			page 19


 1022 06f8 CD000000 		.4byte	0xcd
 1023 06fc 00       		.byte	0
 1024 06fd 00       		.byte	0
 1025 06fe 04       		.uleb128 0x4
 1026 06ff 66020000 		.4byte	.LASF92
 1027 0703 0B       		.byte	0xb
 1028 0704 3D       		.byte	0x3d
 1029 0705 E9060000 		.4byte	0x6e9
 1030 0709 0B       		.uleb128 0xb
 1031 070a 04       		.byte	0x4
 1032 070b 25010000 		.4byte	0x125
 1033 070f 16       		.uleb128 0x16
 1034 0710 04       		.byte	0x4
 1035 0711 07       		.byte	0x7
 1036 0712 F6       		.byte	0xf6
 1037 0713 47070000 		.4byte	0x747
 1038 0717 17       		.uleb128 0x17
 1039 0718 12000000 		.4byte	.LASF93
 1040 071c 07       		.byte	0x7
 1041 071d FD       		.byte	0xfd
 1042 071e 04010000 		.4byte	0x104
 1043 0722 18       		.uleb128 0x18
 1044 0723 79000000 		.4byte	.LASF94
 1045 0727 07       		.byte	0x7
 1046 0728 0401     		.2byte	0x104
 1047 072a 04010000 		.4byte	0x104
 1048 072e 18       		.uleb128 0x18
 1049 072f A8050000 		.4byte	.LASF95
 1050 0733 07       		.byte	0x7
 1051 0734 0B01     		.2byte	0x10b
 1052 0736 F4020000 		.4byte	0x2f4
 1053 073a 18       		.uleb128 0x18
 1054 073b 2E040000 		.4byte	.LASF96
 1055 073f 07       		.byte	0x7
 1056 0740 1201     		.2byte	0x112
 1057 0742 0F010000 		.4byte	0x10f
 1058 0746 00       		.byte	0
 1059 0747 0B       		.uleb128 0xb
 1060 0748 04       		.byte	0x4
 1061 0749 4D070000 		.4byte	0x74d
 1062 074d 19       		.uleb128 0x19
 1063 074e 52070000 		.4byte	0x752
 1064 0752 03       		.uleb128 0x3
 1065 0753 01       		.byte	0x1
 1066 0754 08       		.byte	0x8
 1067 0755 E0040000 		.4byte	.LASF97
 1068 0759 06       		.uleb128 0x6
 1069 075a D9030000 		.4byte	.LASF98
 1070 075e 10       		.byte	0x10
 1071 075f 0C       		.byte	0xc
 1072 0760 39       		.byte	0x39
 1073 0761 8A070000 		.4byte	0x78a
 1074 0765 07       		.uleb128 0x7
 1075 0766 F7000000 		.4byte	.LASF99
 1076 076a 0C       		.byte	0xc
 1077 076b 3A       		.byte	0x3a
 1078 076c 41020000 		.4byte	0x241
ARM GAS  /tmp/ccFFhQsY.s 			page 20


 1079 0770 00       		.byte	0
 1080 0771 07       		.uleb128 0x7
 1081 0772 E6050000 		.4byte	.LASF100
 1082 0776 0C       		.byte	0xc
 1083 0777 3C       		.byte	0x3c
 1084 0778 09070000 		.4byte	0x709
 1085 077c 08       		.byte	0x8
 1086 077d 07       		.uleb128 0x7
 1087 077e F8040000 		.4byte	.LASF101
 1088 0782 0C       		.byte	0xc
 1089 0783 3E       		.byte	0x3e
 1090 0784 B6070000 		.4byte	0x7b6
 1091 0788 0C       		.byte	0xc
 1092 0789 00       		.byte	0
 1093 078a 0B       		.uleb128 0xb
 1094 078b 04       		.byte	0x4
 1095 078c 59070000 		.4byte	0x759
 1096 0790 0B       		.uleb128 0xb
 1097 0791 04       		.byte	0x4
 1098 0792 F6020000 		.4byte	0x2f6
 1099 0796 05       		.uleb128 0x5
 1100 0797 47070000 		.4byte	0x747
 1101 079b 10       		.uleb128 0x10
 1102 079c 5C040000 		.4byte	0x45c
 1103 07a0 AB070000 		.4byte	0x7ab
 1104 07a4 11       		.uleb128 0x11
 1105 07a5 2A040000 		.4byte	0x42a
 1106 07a9 2B       		.byte	0x2b
 1107 07aa 00       		.byte	0
 1108 07ab 04       		.uleb128 0x4
 1109 07ac DE050000 		.4byte	.LASF102
 1110 07b0 0C       		.byte	0xc
 1111 07b1 34       		.byte	0x34
 1112 07b2 59070000 		.4byte	0x759
 1113 07b6 0B       		.uleb128 0xb
 1114 07b7 04       		.byte	0x4
 1115 07b8 AB070000 		.4byte	0x7ab
 1116 07bc 03       		.uleb128 0x3
 1117 07bd 01       		.byte	0x1
 1118 07be 02       		.byte	0x2
 1119 07bf EF030000 		.4byte	.LASF103
 1120 07c3 1A       		.uleb128 0x1a
 1121 07c4 FD010000 		.4byte	.LASF104
 1122 07c8 02       		.byte	0x2
 1123 07c9 8C       		.byte	0x8c
 1124 07ca 03       		.byte	0x3
 1125 07cb DB070000 		.4byte	0x7db
 1126 07cf 1B       		.uleb128 0x1b
 1127 07d0 77020000 		.4byte	.LASF106
 1128 07d4 02       		.byte	0x2
 1129 07d5 8C       		.byte	0x8c
 1130 07d6 1A010000 		.4byte	0x11a
 1131 07da 00       		.byte	0
 1132 07db 1C       		.uleb128 0x1c
 1133 07dc 5C050000 		.4byte	.LASF116
 1134 07e0 02       		.byte	0x2
 1135 07e1 98       		.byte	0x98
ARM GAS  /tmp/ccFFhQsY.s 			page 21


 1136 07e2 03       		.byte	0x3
 1137 07e3 1A       		.uleb128 0x1a
 1138 07e4 CD050000 		.4byte	.LASF105
 1139 07e8 02       		.byte	0x2
 1140 07e9 A4       		.byte	0xa4
 1141 07ea 03       		.byte	0x3
 1142 07eb FB070000 		.4byte	0x7fb
 1143 07ef 1B       		.uleb128 0x1b
 1144 07f0 77020000 		.4byte	.LASF106
 1145 07f4 02       		.byte	0x2
 1146 07f5 A4       		.byte	0xa4
 1147 07f6 1A010000 		.4byte	0x11a
 1148 07fa 00       		.byte	0
 1149 07fb 1D       		.uleb128 0x1d
 1150 07fc 5E040000 		.4byte	.LASF117
 1151 0800 02       		.byte	0x2
 1152 0801 B0       		.byte	0xb0
 1153 0802 1A010000 		.4byte	0x11a
 1154 0806 03       		.byte	0x3
 1155 0807 1E       		.uleb128 0x1e
 1156 0808 59020000 		.4byte	.LASF107
 1157 080c 01       		.byte	0x1
 1158 080d 3F       		.byte	0x3f
 1159 080e 00000000 		.4byte	.LFB255
 1160 0812 04000000 		.4byte	.LFE255-.LFB255
 1161 0816 01       		.uleb128 0x1
 1162 0817 9C       		.byte	0x9c
 1163 0818 26080000 		.4byte	0x826
 1164 081c 1F       		.uleb128 0x1f
 1165 081d 04000000 		.4byte	.LVL0
 1166 0821 49090000 		.4byte	0x949
 1167 0825 00       		.byte	0
 1168 0826 1E       		.uleb128 0x1e
 1169 0827 39050000 		.4byte	.LASF108
 1170 082b 01       		.byte	0x1
 1171 082c 50       		.byte	0x50
 1172 082d 00000000 		.4byte	.LFB256
 1173 0831 10000000 		.4byte	.LFE256-.LFB256
 1174 0835 01       		.uleb128 0x1
 1175 0836 9C       		.byte	0x9c
 1176 0837 69080000 		.4byte	0x869
 1177 083b 20       		.uleb128 0x20
 1178 083c 77020000 		.4byte	.LASF106
 1179 0840 01       		.byte	0x1
 1180 0841 50       		.byte	0x50
 1181 0842 1A010000 		.4byte	0x11a
 1182 0846 01       		.uleb128 0x1
 1183 0847 50       		.byte	0x50
 1184 0848 21       		.uleb128 0x21
 1185 0849 44040000 		.4byte	.LASF111
 1186 084d 79080000 		.4byte	0x879
 1187 0851 22       		.uleb128 0x22
 1188 0852 C3070000 		.4byte	0x7c3
 1189 0856 00000000 		.4byte	.LBB10
 1190 085a 10000000 		.4byte	.LBE10-.LBB10
 1191 085e 01       		.byte	0x1
 1192 085f 54       		.byte	0x54
ARM GAS  /tmp/ccFFhQsY.s 			page 22


 1193 0860 23       		.uleb128 0x23
 1194 0861 CF070000 		.4byte	0x7cf
 1195 0865 01       		.uleb128 0x1
 1196 0866 50       		.byte	0x50
 1197 0867 00       		.byte	0
 1198 0868 00       		.byte	0
 1199 0869 10       		.uleb128 0x10
 1200 086a 52070000 		.4byte	0x752
 1201 086e 79080000 		.4byte	0x879
 1202 0872 11       		.uleb128 0x11
 1203 0873 2A040000 		.4byte	0x42a
 1204 0877 0C       		.byte	0xc
 1205 0878 00       		.byte	0
 1206 0879 19       		.uleb128 0x19
 1207 087a 69080000 		.4byte	0x869
 1208 087e 1E       		.uleb128 0x1e
 1209 087f D4040000 		.4byte	.LASF109
 1210 0883 01       		.byte	0x1
 1211 0884 5E       		.byte	0x5e
 1212 0885 00000000 		.4byte	.LFB257
 1213 0889 0A000000 		.4byte	.LFE257-.LFB257
 1214 088d 01       		.uleb128 0x1
 1215 088e 9C       		.byte	0x9c
 1216 088f A3080000 		.4byte	0x8a3
 1217 0893 24       		.uleb128 0x24
 1218 0894 DB070000 		.4byte	0x7db
 1219 0898 00000000 		.4byte	.LBB12
 1220 089c 0A000000 		.4byte	.LBE12-.LBB12
 1221 08a0 01       		.byte	0x1
 1222 08a1 60       		.byte	0x60
 1223 08a2 00       		.byte	0
 1224 08a3 1E       		.uleb128 0x1e
 1225 08a4 92050000 		.4byte	.LASF110
 1226 08a8 01       		.byte	0x1
 1227 08a9 6C       		.byte	0x6c
 1228 08aa 00000000 		.4byte	.LFB258
 1229 08ae 08000000 		.4byte	.LFE258-.LFB258
 1230 08b2 01       		.uleb128 0x1
 1231 08b3 9C       		.byte	0x9c
 1232 08b4 E6080000 		.4byte	0x8e6
 1233 08b8 20       		.uleb128 0x20
 1234 08b9 77020000 		.4byte	.LASF106
 1235 08bd 01       		.byte	0x1
 1236 08be 6C       		.byte	0x6c
 1237 08bf 1A010000 		.4byte	0x11a
 1238 08c3 01       		.uleb128 0x1
 1239 08c4 50       		.byte	0x50
 1240 08c5 21       		.uleb128 0x21
 1241 08c6 44040000 		.4byte	.LASF111
 1242 08ca F6080000 		.4byte	0x8f6
 1243 08ce 22       		.uleb128 0x22
 1244 08cf E3070000 		.4byte	0x7e3
 1245 08d3 00000000 		.4byte	.LBB14
 1246 08d7 08000000 		.4byte	.LBE14-.LBB14
 1247 08db 01       		.byte	0x1
 1248 08dc 70       		.byte	0x70
 1249 08dd 23       		.uleb128 0x23
ARM GAS  /tmp/ccFFhQsY.s 			page 23


 1250 08de EF070000 		.4byte	0x7ef
 1251 08e2 01       		.uleb128 0x1
 1252 08e3 50       		.byte	0x50
 1253 08e4 00       		.byte	0
 1254 08e5 00       		.byte	0
 1255 08e6 10       		.uleb128 0x10
 1256 08e7 52070000 		.4byte	0x752
 1257 08eb F6080000 		.4byte	0x8f6
 1258 08ef 11       		.uleb128 0x11
 1259 08f0 2A040000 		.4byte	0x42a
 1260 08f4 0A       		.byte	0xa
 1261 08f5 00       		.byte	0
 1262 08f6 19       		.uleb128 0x19
 1263 08f7 E6080000 		.4byte	0x8e6
 1264 08fb 25       		.uleb128 0x25
 1265 08fc 9D050000 		.4byte	.LASF118
 1266 0900 01       		.byte	0x1
 1267 0901 7C       		.byte	0x7c
 1268 0902 1A010000 		.4byte	0x11a
 1269 0906 00000000 		.4byte	.LFB259
 1270 090a 08000000 		.4byte	.LFE259-.LFB259
 1271 090e 01       		.uleb128 0x1
 1272 090f 9C       		.byte	0x9c
 1273 0910 2D090000 		.4byte	0x92d
 1274 0914 21       		.uleb128 0x21
 1275 0915 44040000 		.4byte	.LASF111
 1276 0919 2D090000 		.4byte	0x92d
 1277 091d 24       		.uleb128 0x24
 1278 091e FB070000 		.4byte	0x7fb
 1279 0922 00000000 		.4byte	.LBB16
 1280 0926 06000000 		.4byte	.LBE16-.LBB16
 1281 092a 01       		.byte	0x1
 1282 092b 80       		.byte	0x80
 1283 092c 00       		.byte	0
 1284 092d 19       		.uleb128 0x19
 1285 092e E6080000 		.4byte	0x8e6
 1286 0932 26       		.uleb128 0x26
 1287 0933 A3000000 		.4byte	.LASF112
 1288 0937 0D       		.byte	0xd
 1289 0938 A706     		.2byte	0x6a7
 1290 093a C3000000 		.4byte	0xc3
 1291 093e 27       		.uleb128 0x27
 1292 093f 636800   		.ascii	"ch\000"
 1293 0942 07       		.byte	0x7
 1294 0943 EB01     		.2byte	0x1eb
 1295 0945 C3030000 		.4byte	0x3c3
 1296 0949 28       		.uleb128 0x28
 1297 094a B0000000 		.4byte	.LASF119
 1298 094e 02       		.byte	0x2
 1299 094f 6E       		.byte	0x6e
 1300 0950 00       		.byte	0
 1301              		.section	.debug_abbrev,"",%progbits
 1302              	.Ldebug_abbrev0:
 1303 0000 01       		.uleb128 0x1
 1304 0001 11       		.uleb128 0x11
 1305 0002 01       		.byte	0x1
 1306 0003 25       		.uleb128 0x25
ARM GAS  /tmp/ccFFhQsY.s 			page 24


 1307 0004 0E       		.uleb128 0xe
 1308 0005 13       		.uleb128 0x13
 1309 0006 0B       		.uleb128 0xb
 1310 0007 03       		.uleb128 0x3
 1311 0008 0E       		.uleb128 0xe
 1312 0009 1B       		.uleb128 0x1b
 1313 000a 0E       		.uleb128 0xe
 1314 000b 55       		.uleb128 0x55
 1315 000c 17       		.uleb128 0x17
 1316 000d 11       		.uleb128 0x11
 1317 000e 01       		.uleb128 0x1
 1318 000f 10       		.uleb128 0x10
 1319 0010 17       		.uleb128 0x17
 1320 0011 00       		.byte	0
 1321 0012 00       		.byte	0
 1322 0013 02       		.uleb128 0x2
 1323 0014 24       		.uleb128 0x24
 1324 0015 00       		.byte	0
 1325 0016 0B       		.uleb128 0xb
 1326 0017 0B       		.uleb128 0xb
 1327 0018 3E       		.uleb128 0x3e
 1328 0019 0B       		.uleb128 0xb
 1329 001a 03       		.uleb128 0x3
 1330 001b 08       		.uleb128 0x8
 1331 001c 00       		.byte	0
 1332 001d 00       		.byte	0
 1333 001e 03       		.uleb128 0x3
 1334 001f 24       		.uleb128 0x24
 1335 0020 00       		.byte	0
 1336 0021 0B       		.uleb128 0xb
 1337 0022 0B       		.uleb128 0xb
 1338 0023 3E       		.uleb128 0x3e
 1339 0024 0B       		.uleb128 0xb
 1340 0025 03       		.uleb128 0x3
 1341 0026 0E       		.uleb128 0xe
 1342 0027 00       		.byte	0
 1343 0028 00       		.byte	0
 1344 0029 04       		.uleb128 0x4
 1345 002a 16       		.uleb128 0x16
 1346 002b 00       		.byte	0
 1347 002c 03       		.uleb128 0x3
 1348 002d 0E       		.uleb128 0xe
 1349 002e 3A       		.uleb128 0x3a
 1350 002f 0B       		.uleb128 0xb
 1351 0030 3B       		.uleb128 0x3b
 1352 0031 0B       		.uleb128 0xb
 1353 0032 49       		.uleb128 0x49
 1354 0033 13       		.uleb128 0x13
 1355 0034 00       		.byte	0
 1356 0035 00       		.byte	0
 1357 0036 05       		.uleb128 0x5
 1358 0037 35       		.uleb128 0x35
 1359 0038 00       		.byte	0
 1360 0039 49       		.uleb128 0x49
 1361 003a 13       		.uleb128 0x13
 1362 003b 00       		.byte	0
 1363 003c 00       		.byte	0
ARM GAS  /tmp/ccFFhQsY.s 			page 25


 1364 003d 06       		.uleb128 0x6
 1365 003e 13       		.uleb128 0x13
 1366 003f 01       		.byte	0x1
 1367 0040 03       		.uleb128 0x3
 1368 0041 0E       		.uleb128 0xe
 1369 0042 0B       		.uleb128 0xb
 1370 0043 0B       		.uleb128 0xb
 1371 0044 3A       		.uleb128 0x3a
 1372 0045 0B       		.uleb128 0xb
 1373 0046 3B       		.uleb128 0x3b
 1374 0047 0B       		.uleb128 0xb
 1375 0048 01       		.uleb128 0x1
 1376 0049 13       		.uleb128 0x13
 1377 004a 00       		.byte	0
 1378 004b 00       		.byte	0
 1379 004c 07       		.uleb128 0x7
 1380 004d 0D       		.uleb128 0xd
 1381 004e 00       		.byte	0
 1382 004f 03       		.uleb128 0x3
 1383 0050 0E       		.uleb128 0xe
 1384 0051 3A       		.uleb128 0x3a
 1385 0052 0B       		.uleb128 0xb
 1386 0053 3B       		.uleb128 0x3b
 1387 0054 0B       		.uleb128 0xb
 1388 0055 49       		.uleb128 0x49
 1389 0056 13       		.uleb128 0x13
 1390 0057 38       		.uleb128 0x38
 1391 0058 0B       		.uleb128 0xb
 1392 0059 00       		.byte	0
 1393 005a 00       		.byte	0
 1394 005b 08       		.uleb128 0x8
 1395 005c 0D       		.uleb128 0xd
 1396 005d 00       		.byte	0
 1397 005e 03       		.uleb128 0x3
 1398 005f 08       		.uleb128 0x8
 1399 0060 3A       		.uleb128 0x3a
 1400 0061 0B       		.uleb128 0xb
 1401 0062 3B       		.uleb128 0x3b
 1402 0063 05       		.uleb128 0x5
 1403 0064 49       		.uleb128 0x49
 1404 0065 13       		.uleb128 0x13
 1405 0066 38       		.uleb128 0x38
 1406 0067 0B       		.uleb128 0xb
 1407 0068 00       		.byte	0
 1408 0069 00       		.byte	0
 1409 006a 09       		.uleb128 0x9
 1410 006b 0D       		.uleb128 0xd
 1411 006c 00       		.byte	0
 1412 006d 03       		.uleb128 0x3
 1413 006e 0E       		.uleb128 0xe
 1414 006f 3A       		.uleb128 0x3a
 1415 0070 0B       		.uleb128 0xb
 1416 0071 3B       		.uleb128 0x3b
 1417 0072 05       		.uleb128 0x5
 1418 0073 49       		.uleb128 0x49
 1419 0074 13       		.uleb128 0x13
 1420 0075 38       		.uleb128 0x38
ARM GAS  /tmp/ccFFhQsY.s 			page 26


 1421 0076 0B       		.uleb128 0xb
 1422 0077 00       		.byte	0
 1423 0078 00       		.byte	0
 1424 0079 0A       		.uleb128 0xa
 1425 007a 13       		.uleb128 0x13
 1426 007b 01       		.byte	0x1
 1427 007c 03       		.uleb128 0x3
 1428 007d 0E       		.uleb128 0xe
 1429 007e 0B       		.uleb128 0xb
 1430 007f 0B       		.uleb128 0xb
 1431 0080 3A       		.uleb128 0x3a
 1432 0081 0B       		.uleb128 0xb
 1433 0082 3B       		.uleb128 0x3b
 1434 0083 05       		.uleb128 0x5
 1435 0084 01       		.uleb128 0x1
 1436 0085 13       		.uleb128 0x13
 1437 0086 00       		.byte	0
 1438 0087 00       		.byte	0
 1439 0088 0B       		.uleb128 0xb
 1440 0089 0F       		.uleb128 0xf
 1441 008a 00       		.byte	0
 1442 008b 0B       		.uleb128 0xb
 1443 008c 0B       		.uleb128 0xb
 1444 008d 49       		.uleb128 0x49
 1445 008e 13       		.uleb128 0x13
 1446 008f 00       		.byte	0
 1447 0090 00       		.byte	0
 1448 0091 0C       		.uleb128 0xc
 1449 0092 15       		.uleb128 0x15
 1450 0093 01       		.byte	0x1
 1451 0094 27       		.uleb128 0x27
 1452 0095 19       		.uleb128 0x19
 1453 0096 01       		.uleb128 0x1
 1454 0097 13       		.uleb128 0x13
 1455 0098 00       		.byte	0
 1456 0099 00       		.byte	0
 1457 009a 0D       		.uleb128 0xd
 1458 009b 05       		.uleb128 0x5
 1459 009c 00       		.byte	0
 1460 009d 49       		.uleb128 0x49
 1461 009e 13       		.uleb128 0x13
 1462 009f 00       		.byte	0
 1463 00a0 00       		.byte	0
 1464 00a1 0E       		.uleb128 0xe
 1465 00a2 0F       		.uleb128 0xf
 1466 00a3 00       		.byte	0
 1467 00a4 0B       		.uleb128 0xb
 1468 00a5 0B       		.uleb128 0xb
 1469 00a6 00       		.byte	0
 1470 00a7 00       		.byte	0
 1471 00a8 0F       		.uleb128 0xf
 1472 00a9 13       		.uleb128 0x13
 1473 00aa 01       		.byte	0x1
 1474 00ab 03       		.uleb128 0x3
 1475 00ac 0E       		.uleb128 0xe
 1476 00ad 0B       		.uleb128 0xb
 1477 00ae 05       		.uleb128 0x5
ARM GAS  /tmp/ccFFhQsY.s 			page 27


 1478 00af 3A       		.uleb128 0x3a
 1479 00b0 0B       		.uleb128 0xb
 1480 00b1 3B       		.uleb128 0x3b
 1481 00b2 05       		.uleb128 0x5
 1482 00b3 01       		.uleb128 0x1
 1483 00b4 13       		.uleb128 0x13
 1484 00b5 00       		.byte	0
 1485 00b6 00       		.byte	0
 1486 00b7 10       		.uleb128 0x10
 1487 00b8 01       		.uleb128 0x1
 1488 00b9 01       		.byte	0x1
 1489 00ba 49       		.uleb128 0x49
 1490 00bb 13       		.uleb128 0x13
 1491 00bc 01       		.uleb128 0x1
 1492 00bd 13       		.uleb128 0x13
 1493 00be 00       		.byte	0
 1494 00bf 00       		.byte	0
 1495 00c0 11       		.uleb128 0x11
 1496 00c1 21       		.uleb128 0x21
 1497 00c2 00       		.byte	0
 1498 00c3 49       		.uleb128 0x49
 1499 00c4 13       		.uleb128 0x13
 1500 00c5 2F       		.uleb128 0x2f
 1501 00c6 0B       		.uleb128 0xb
 1502 00c7 00       		.byte	0
 1503 00c8 00       		.byte	0
 1504 00c9 12       		.uleb128 0x12
 1505 00ca 0D       		.uleb128 0xd
 1506 00cb 00       		.byte	0
 1507 00cc 03       		.uleb128 0x3
 1508 00cd 08       		.uleb128 0x8
 1509 00ce 3A       		.uleb128 0x3a
 1510 00cf 0B       		.uleb128 0xb
 1511 00d0 3B       		.uleb128 0x3b
 1512 00d1 0B       		.uleb128 0xb
 1513 00d2 49       		.uleb128 0x49
 1514 00d3 13       		.uleb128 0x13
 1515 00d4 38       		.uleb128 0x38
 1516 00d5 0B       		.uleb128 0xb
 1517 00d6 00       		.byte	0
 1518 00d7 00       		.byte	0
 1519 00d8 13       		.uleb128 0x13
 1520 00d9 13       		.uleb128 0x13
 1521 00da 01       		.byte	0x1
 1522 00db 0B       		.uleb128 0xb
 1523 00dc 0B       		.uleb128 0xb
 1524 00dd 3A       		.uleb128 0x3a
 1525 00de 0B       		.uleb128 0xb
 1526 00df 3B       		.uleb128 0x3b
 1527 00e0 05       		.uleb128 0x5
 1528 00e1 01       		.uleb128 0x1
 1529 00e2 13       		.uleb128 0x13
 1530 00e3 00       		.byte	0
 1531 00e4 00       		.byte	0
 1532 00e5 14       		.uleb128 0x14
 1533 00e6 16       		.uleb128 0x16
 1534 00e7 00       		.byte	0
ARM GAS  /tmp/ccFFhQsY.s 			page 28


 1535 00e8 03       		.uleb128 0x3
 1536 00e9 0E       		.uleb128 0xe
 1537 00ea 3A       		.uleb128 0x3a
 1538 00eb 0B       		.uleb128 0xb
 1539 00ec 3B       		.uleb128 0x3b
 1540 00ed 05       		.uleb128 0x5
 1541 00ee 49       		.uleb128 0x49
 1542 00ef 13       		.uleb128 0x13
 1543 00f0 00       		.byte	0
 1544 00f1 00       		.byte	0
 1545 00f2 15       		.uleb128 0x15
 1546 00f3 13       		.uleb128 0x13
 1547 00f4 01       		.byte	0x1
 1548 00f5 0B       		.uleb128 0xb
 1549 00f6 0B       		.uleb128 0xb
 1550 00f7 3A       		.uleb128 0x3a
 1551 00f8 0B       		.uleb128 0xb
 1552 00f9 3B       		.uleb128 0x3b
 1553 00fa 0B       		.uleb128 0xb
 1554 00fb 01       		.uleb128 0x1
 1555 00fc 13       		.uleb128 0x13
 1556 00fd 00       		.byte	0
 1557 00fe 00       		.byte	0
 1558 00ff 16       		.uleb128 0x16
 1559 0100 17       		.uleb128 0x17
 1560 0101 01       		.byte	0x1
 1561 0102 0B       		.uleb128 0xb
 1562 0103 0B       		.uleb128 0xb
 1563 0104 3A       		.uleb128 0x3a
 1564 0105 0B       		.uleb128 0xb
 1565 0106 3B       		.uleb128 0x3b
 1566 0107 0B       		.uleb128 0xb
 1567 0108 01       		.uleb128 0x1
 1568 0109 13       		.uleb128 0x13
 1569 010a 00       		.byte	0
 1570 010b 00       		.byte	0
 1571 010c 17       		.uleb128 0x17
 1572 010d 0D       		.uleb128 0xd
 1573 010e 00       		.byte	0
 1574 010f 03       		.uleb128 0x3
 1575 0110 0E       		.uleb128 0xe
 1576 0111 3A       		.uleb128 0x3a
 1577 0112 0B       		.uleb128 0xb
 1578 0113 3B       		.uleb128 0x3b
 1579 0114 0B       		.uleb128 0xb
 1580 0115 49       		.uleb128 0x49
 1581 0116 13       		.uleb128 0x13
 1582 0117 00       		.byte	0
 1583 0118 00       		.byte	0
 1584 0119 18       		.uleb128 0x18
 1585 011a 0D       		.uleb128 0xd
 1586 011b 00       		.byte	0
 1587 011c 03       		.uleb128 0x3
 1588 011d 0E       		.uleb128 0xe
 1589 011e 3A       		.uleb128 0x3a
 1590 011f 0B       		.uleb128 0xb
 1591 0120 3B       		.uleb128 0x3b
ARM GAS  /tmp/ccFFhQsY.s 			page 29


 1592 0121 05       		.uleb128 0x5
 1593 0122 49       		.uleb128 0x49
 1594 0123 13       		.uleb128 0x13
 1595 0124 00       		.byte	0
 1596 0125 00       		.byte	0
 1597 0126 19       		.uleb128 0x19
 1598 0127 26       		.uleb128 0x26
 1599 0128 00       		.byte	0
 1600 0129 49       		.uleb128 0x49
 1601 012a 13       		.uleb128 0x13
 1602 012b 00       		.byte	0
 1603 012c 00       		.byte	0
 1604 012d 1A       		.uleb128 0x1a
 1605 012e 2E       		.uleb128 0x2e
 1606 012f 01       		.byte	0x1
 1607 0130 03       		.uleb128 0x3
 1608 0131 0E       		.uleb128 0xe
 1609 0132 3A       		.uleb128 0x3a
 1610 0133 0B       		.uleb128 0xb
 1611 0134 3B       		.uleb128 0x3b
 1612 0135 0B       		.uleb128 0xb
 1613 0136 27       		.uleb128 0x27
 1614 0137 19       		.uleb128 0x19
 1615 0138 20       		.uleb128 0x20
 1616 0139 0B       		.uleb128 0xb
 1617 013a 01       		.uleb128 0x1
 1618 013b 13       		.uleb128 0x13
 1619 013c 00       		.byte	0
 1620 013d 00       		.byte	0
 1621 013e 1B       		.uleb128 0x1b
 1622 013f 05       		.uleb128 0x5
 1623 0140 00       		.byte	0
 1624 0141 03       		.uleb128 0x3
 1625 0142 0E       		.uleb128 0xe
 1626 0143 3A       		.uleb128 0x3a
 1627 0144 0B       		.uleb128 0xb
 1628 0145 3B       		.uleb128 0x3b
 1629 0146 0B       		.uleb128 0xb
 1630 0147 49       		.uleb128 0x49
 1631 0148 13       		.uleb128 0x13
 1632 0149 00       		.byte	0
 1633 014a 00       		.byte	0
 1634 014b 1C       		.uleb128 0x1c
 1635 014c 2E       		.uleb128 0x2e
 1636 014d 00       		.byte	0
 1637 014e 03       		.uleb128 0x3
 1638 014f 0E       		.uleb128 0xe
 1639 0150 3A       		.uleb128 0x3a
 1640 0151 0B       		.uleb128 0xb
 1641 0152 3B       		.uleb128 0x3b
 1642 0153 0B       		.uleb128 0xb
 1643 0154 27       		.uleb128 0x27
 1644 0155 19       		.uleb128 0x19
 1645 0156 20       		.uleb128 0x20
 1646 0157 0B       		.uleb128 0xb
 1647 0158 00       		.byte	0
 1648 0159 00       		.byte	0
ARM GAS  /tmp/ccFFhQsY.s 			page 30


 1649 015a 1D       		.uleb128 0x1d
 1650 015b 2E       		.uleb128 0x2e
 1651 015c 00       		.byte	0
 1652 015d 03       		.uleb128 0x3
 1653 015e 0E       		.uleb128 0xe
 1654 015f 3A       		.uleb128 0x3a
 1655 0160 0B       		.uleb128 0xb
 1656 0161 3B       		.uleb128 0x3b
 1657 0162 0B       		.uleb128 0xb
 1658 0163 27       		.uleb128 0x27
 1659 0164 19       		.uleb128 0x19
 1660 0165 49       		.uleb128 0x49
 1661 0166 13       		.uleb128 0x13
 1662 0167 20       		.uleb128 0x20
 1663 0168 0B       		.uleb128 0xb
 1664 0169 00       		.byte	0
 1665 016a 00       		.byte	0
 1666 016b 1E       		.uleb128 0x1e
 1667 016c 2E       		.uleb128 0x2e
 1668 016d 01       		.byte	0x1
 1669 016e 3F       		.uleb128 0x3f
 1670 016f 19       		.uleb128 0x19
 1671 0170 03       		.uleb128 0x3
 1672 0171 0E       		.uleb128 0xe
 1673 0172 3A       		.uleb128 0x3a
 1674 0173 0B       		.uleb128 0xb
 1675 0174 3B       		.uleb128 0x3b
 1676 0175 0B       		.uleb128 0xb
 1677 0176 27       		.uleb128 0x27
 1678 0177 19       		.uleb128 0x19
 1679 0178 11       		.uleb128 0x11
 1680 0179 01       		.uleb128 0x1
 1681 017a 12       		.uleb128 0x12
 1682 017b 06       		.uleb128 0x6
 1683 017c 40       		.uleb128 0x40
 1684 017d 18       		.uleb128 0x18
 1685 017e 9742     		.uleb128 0x2117
 1686 0180 19       		.uleb128 0x19
 1687 0181 01       		.uleb128 0x1
 1688 0182 13       		.uleb128 0x13
 1689 0183 00       		.byte	0
 1690 0184 00       		.byte	0
 1691 0185 1F       		.uleb128 0x1f
 1692 0186 898201   		.uleb128 0x4109
 1693 0189 00       		.byte	0
 1694 018a 11       		.uleb128 0x11
 1695 018b 01       		.uleb128 0x1
 1696 018c 9542     		.uleb128 0x2115
 1697 018e 19       		.uleb128 0x19
 1698 018f 31       		.uleb128 0x31
 1699 0190 13       		.uleb128 0x13
 1700 0191 00       		.byte	0
 1701 0192 00       		.byte	0
 1702 0193 20       		.uleb128 0x20
 1703 0194 05       		.uleb128 0x5
 1704 0195 00       		.byte	0
 1705 0196 03       		.uleb128 0x3
ARM GAS  /tmp/ccFFhQsY.s 			page 31


 1706 0197 0E       		.uleb128 0xe
 1707 0198 3A       		.uleb128 0x3a
 1708 0199 0B       		.uleb128 0xb
 1709 019a 3B       		.uleb128 0x3b
 1710 019b 0B       		.uleb128 0xb
 1711 019c 49       		.uleb128 0x49
 1712 019d 13       		.uleb128 0x13
 1713 019e 02       		.uleb128 0x2
 1714 019f 18       		.uleb128 0x18
 1715 01a0 00       		.byte	0
 1716 01a1 00       		.byte	0
 1717 01a2 21       		.uleb128 0x21
 1718 01a3 34       		.uleb128 0x34
 1719 01a4 00       		.byte	0
 1720 01a5 03       		.uleb128 0x3
 1721 01a6 0E       		.uleb128 0xe
 1722 01a7 49       		.uleb128 0x49
 1723 01a8 13       		.uleb128 0x13
 1724 01a9 34       		.uleb128 0x34
 1725 01aa 19       		.uleb128 0x19
 1726 01ab 00       		.byte	0
 1727 01ac 00       		.byte	0
 1728 01ad 22       		.uleb128 0x22
 1729 01ae 1D       		.uleb128 0x1d
 1730 01af 01       		.byte	0x1
 1731 01b0 31       		.uleb128 0x31
 1732 01b1 13       		.uleb128 0x13
 1733 01b2 11       		.uleb128 0x11
 1734 01b3 01       		.uleb128 0x1
 1735 01b4 12       		.uleb128 0x12
 1736 01b5 06       		.uleb128 0x6
 1737 01b6 58       		.uleb128 0x58
 1738 01b7 0B       		.uleb128 0xb
 1739 01b8 59       		.uleb128 0x59
 1740 01b9 0B       		.uleb128 0xb
 1741 01ba 00       		.byte	0
 1742 01bb 00       		.byte	0
 1743 01bc 23       		.uleb128 0x23
 1744 01bd 05       		.uleb128 0x5
 1745 01be 00       		.byte	0
 1746 01bf 31       		.uleb128 0x31
 1747 01c0 13       		.uleb128 0x13
 1748 01c1 02       		.uleb128 0x2
 1749 01c2 18       		.uleb128 0x18
 1750 01c3 00       		.byte	0
 1751 01c4 00       		.byte	0
 1752 01c5 24       		.uleb128 0x24
 1753 01c6 1D       		.uleb128 0x1d
 1754 01c7 00       		.byte	0
 1755 01c8 31       		.uleb128 0x31
 1756 01c9 13       		.uleb128 0x13
 1757 01ca 11       		.uleb128 0x11
 1758 01cb 01       		.uleb128 0x1
 1759 01cc 12       		.uleb128 0x12
 1760 01cd 06       		.uleb128 0x6
 1761 01ce 58       		.uleb128 0x58
 1762 01cf 0B       		.uleb128 0xb
ARM GAS  /tmp/ccFFhQsY.s 			page 32


 1763 01d0 59       		.uleb128 0x59
 1764 01d1 0B       		.uleb128 0xb
 1765 01d2 00       		.byte	0
 1766 01d3 00       		.byte	0
 1767 01d4 25       		.uleb128 0x25
 1768 01d5 2E       		.uleb128 0x2e
 1769 01d6 01       		.byte	0x1
 1770 01d7 3F       		.uleb128 0x3f
 1771 01d8 19       		.uleb128 0x19
 1772 01d9 03       		.uleb128 0x3
 1773 01da 0E       		.uleb128 0xe
 1774 01db 3A       		.uleb128 0x3a
 1775 01dc 0B       		.uleb128 0xb
 1776 01dd 3B       		.uleb128 0x3b
 1777 01de 0B       		.uleb128 0xb
 1778 01df 27       		.uleb128 0x27
 1779 01e0 19       		.uleb128 0x19
 1780 01e1 49       		.uleb128 0x49
 1781 01e2 13       		.uleb128 0x13
 1782 01e3 11       		.uleb128 0x11
 1783 01e4 01       		.uleb128 0x1
 1784 01e5 12       		.uleb128 0x12
 1785 01e6 06       		.uleb128 0x6
 1786 01e7 40       		.uleb128 0x40
 1787 01e8 18       		.uleb128 0x18
 1788 01e9 9742     		.uleb128 0x2117
 1789 01eb 19       		.uleb128 0x19
 1790 01ec 01       		.uleb128 0x1
 1791 01ed 13       		.uleb128 0x13
 1792 01ee 00       		.byte	0
 1793 01ef 00       		.byte	0
 1794 01f0 26       		.uleb128 0x26
 1795 01f1 34       		.uleb128 0x34
 1796 01f2 00       		.byte	0
 1797 01f3 03       		.uleb128 0x3
 1798 01f4 0E       		.uleb128 0xe
 1799 01f5 3A       		.uleb128 0x3a
 1800 01f6 0B       		.uleb128 0xb
 1801 01f7 3B       		.uleb128 0x3b
 1802 01f8 05       		.uleb128 0x5
 1803 01f9 49       		.uleb128 0x49
 1804 01fa 13       		.uleb128 0x13
 1805 01fb 3F       		.uleb128 0x3f
 1806 01fc 19       		.uleb128 0x19
 1807 01fd 3C       		.uleb128 0x3c
 1808 01fe 19       		.uleb128 0x19
 1809 01ff 00       		.byte	0
 1810 0200 00       		.byte	0
 1811 0201 27       		.uleb128 0x27
 1812 0202 34       		.uleb128 0x34
 1813 0203 00       		.byte	0
 1814 0204 03       		.uleb128 0x3
 1815 0205 08       		.uleb128 0x8
 1816 0206 3A       		.uleb128 0x3a
 1817 0207 0B       		.uleb128 0xb
 1818 0208 3B       		.uleb128 0x3b
 1819 0209 05       		.uleb128 0x5
ARM GAS  /tmp/ccFFhQsY.s 			page 33


 1820 020a 49       		.uleb128 0x49
 1821 020b 13       		.uleb128 0x13
 1822 020c 3F       		.uleb128 0x3f
 1823 020d 19       		.uleb128 0x19
 1824 020e 3C       		.uleb128 0x3c
 1825 020f 19       		.uleb128 0x19
 1826 0210 00       		.byte	0
 1827 0211 00       		.byte	0
 1828 0212 28       		.uleb128 0x28
 1829 0213 2E       		.uleb128 0x2e
 1830 0214 00       		.byte	0
 1831 0215 3F       		.uleb128 0x3f
 1832 0216 19       		.uleb128 0x19
 1833 0217 03       		.uleb128 0x3
 1834 0218 0E       		.uleb128 0xe
 1835 0219 3A       		.uleb128 0x3a
 1836 021a 0B       		.uleb128 0xb
 1837 021b 3B       		.uleb128 0x3b
 1838 021c 0B       		.uleb128 0xb
 1839 021d 27       		.uleb128 0x27
 1840 021e 19       		.uleb128 0x19
 1841 021f 3C       		.uleb128 0x3c
 1842 0220 19       		.uleb128 0x19
 1843 0221 00       		.byte	0
 1844 0222 00       		.byte	0
 1845 0223 00       		.byte	0
 1846              		.section	.debug_aranges,"",%progbits
 1847 0000 3C000000 		.4byte	0x3c
 1848 0004 0200     		.2byte	0x2
 1849 0006 00000000 		.4byte	.Ldebug_info0
 1850 000a 04       		.byte	0x4
 1851 000b 00       		.byte	0
 1852 000c 0000     		.2byte	0
 1853 000e 0000     		.2byte	0
 1854 0010 00000000 		.4byte	.LFB255
 1855 0014 04000000 		.4byte	.LFE255-.LFB255
 1856 0018 00000000 		.4byte	.LFB256
 1857 001c 10000000 		.4byte	.LFE256-.LFB256
 1858 0020 00000000 		.4byte	.LFB257
 1859 0024 0A000000 		.4byte	.LFE257-.LFB257
 1860 0028 00000000 		.4byte	.LFB258
 1861 002c 08000000 		.4byte	.LFE258-.LFB258
 1862 0030 00000000 		.4byte	.LFB259
 1863 0034 08000000 		.4byte	.LFE259-.LFB259
 1864 0038 00000000 		.4byte	0
 1865 003c 00000000 		.4byte	0
 1866              		.section	.debug_ranges,"",%progbits
 1867              	.Ldebug_ranges0:
 1868 0000 00000000 		.4byte	.LFB255
 1869 0004 04000000 		.4byte	.LFE255
 1870 0008 00000000 		.4byte	.LFB256
 1871 000c 10000000 		.4byte	.LFE256
 1872 0010 00000000 		.4byte	.LFB257
 1873 0014 0A000000 		.4byte	.LFE257
 1874 0018 00000000 		.4byte	.LFB258
 1875 001c 08000000 		.4byte	.LFE258
 1876 0020 00000000 		.4byte	.LFB259
ARM GAS  /tmp/ccFFhQsY.s 			page 34


 1877 0024 08000000 		.4byte	.LFE259
 1878 0028 00000000 		.4byte	0
 1879 002c 00000000 		.4byte	0
 1880              		.section	.debug_line,"",%progbits
 1881              	.Ldebug_line0:
 1882 0000 71020000 		.section	.debug_str,"MS",%progbits,1
 1882      0200FD01 
 1882      00000201 
 1882      FB0E0D00 
 1882      01010101 
 1883              	.LASF48:
 1884 0000 72656164 		.ascii	"ready_list_t\000"
 1884      795F6C69 
 1884      73745F74 
 1884      00
 1885              	.LASF82:
 1886 000d 44494552 		.ascii	"DIER\000"
 1886      00
 1887              	.LASF93:
 1888 0012 7264796D 		.ascii	"rdymsg\000"
 1888      736700
 1889              	.LASF16:
 1890 0019 75696E74 		.ascii	"uint64_t\000"
 1890      36345F74 
 1890      00
 1891              	.LASF5:
 1892 0022 5F5F7569 		.ascii	"__uint8_t\000"
 1892      6E74385F 
 1892      7400
 1893              	.LASF80:
 1894 002c 706F7274 		.ascii	"port_intctx\000"
 1894      5F696E74 
 1894      63747800 
 1895              	.LASF67:
 1896 0038 73797374 		.ascii	"system_debug_t\000"
 1896      656D5F64 
 1896      65627567 
 1896      5F7400
 1897              	.LASF114:
 1898 0047 2E2E2F43 		.ascii	"../ChibiOS/os/hal/src/st.c\000"
 1898      68696269 
 1898      4F532F6F 
 1898      732F6861 
 1898      6C2F7372 
 1899              	.LASF12:
 1900 0062 6C6F6E67 		.ascii	"long long unsigned int\000"
 1900      206C6F6E 
 1900      6720756E 
 1900      7369676E 
 1900      65642069 
 1901              	.LASF94:
 1902 0079 65786974 		.ascii	"exitcode\000"
 1902      636F6465 
 1902      00
 1903              	.LASF74:
 1904 0082 6D61696E 		.ascii	"mainthread\000"
 1904      74687265 
ARM GAS  /tmp/ccFFhQsY.s 			page 35


 1904      616400
 1905              	.LASF64:
 1906 008d 76697274 		.ascii	"virtual_timers_list_t\000"
 1906      75616C5F 
 1906      74696D65 
 1906      72735F6C 
 1906      6973745F 
 1907              	.LASF112:
 1908 00a3 49544D5F 		.ascii	"ITM_RxBuffer\000"
 1908      52784275 
 1908      66666572 
 1908      00
 1909              	.LASF119:
 1910 00b0 73745F6C 		.ascii	"st_lld_init\000"
 1910      6C645F69 
 1910      6E697400 
 1911              	.LASF86:
 1912 00bc 42445452 		.ascii	"BDTR\000"
 1912      00
 1913              	.LASF47:
 1914 00c1 63685F74 		.ascii	"ch_threads_queue\000"
 1914      68726561 
 1914      64735F71 
 1914      75657565 
 1914      00
 1915              	.LASF28:
 1916 00d2 705F7072 		.ascii	"p_prio\000"
 1916      696F00
 1917              	.LASF83:
 1918 00d9 43434D52 		.ascii	"CCMR1\000"
 1918      3100
 1919              	.LASF84:
 1920 00df 43434D52 		.ascii	"CCMR2\000"
 1920      3200
 1921              	.LASF88:
 1922 00e5 43434D52 		.ascii	"CCMR3\000"
 1922      3300
 1923              	.LASF1:
 1924 00eb 7369676E 		.ascii	"signed char\000"
 1924      65642063 
 1924      68617200 
 1925              	.LASF99:
 1926 00f7 6D5F7175 		.ascii	"m_queue\000"
 1926      65756500 
 1927              	.LASF73:
 1928 00ff 76746C69 		.ascii	"vtlist\000"
 1928      737400
 1929              	.LASF71:
 1930 0106 63685F73 		.ascii	"ch_system\000"
 1930      79737465 
 1930      6D00
 1931              	.LASF7:
 1932 0110 6C6F6E67 		.ascii	"long int\000"
 1932      20696E74 
 1932      00
 1933              	.LASF19:
 1934 0119 74737461 		.ascii	"tstate_t\000"
ARM GAS  /tmp/ccFFhQsY.s 			page 36


 1934      74655F74 
 1934      00
 1935              	.LASF30:
 1936 0122 705F6E65 		.ascii	"p_newer\000"
 1936      77657200 
 1937              	.LASF4:
 1938 012a 73686F72 		.ascii	"short unsigned int\000"
 1938      7420756E 
 1938      7369676E 
 1938      65642069 
 1938      6E7400
 1939              	.LASF53:
 1940 013d 725F6E65 		.ascii	"r_newer\000"
 1940      77657200 
 1941              	.LASF42:
 1942 0145 705F6D70 		.ascii	"p_mpool\000"
 1942      6F6F6C00 
 1943              	.LASF77:
 1944 014d 72656761 		.ascii	"regarm_t\000"
 1944      726D5F74 
 1944      00
 1945              	.LASF60:
 1946 0156 76745F70 		.ascii	"vt_prev\000"
 1946      72657600 
 1947              	.LASF10:
 1948 015e 6C6F6E67 		.ascii	"long long int\000"
 1948      206C6F6E 
 1948      6720696E 
 1948      7400
 1949              	.LASF75:
 1950 016c 69646C65 		.ascii	"idle_thread_wa\000"
 1950      5F746872 
 1950      6561645F 
 1950      776100
 1951              	.LASF34:
 1952 017b 705F666C 		.ascii	"p_flags\000"
 1952      61677300 
 1953              	.LASF0:
 1954 0183 756E7369 		.ascii	"unsigned int\000"
 1954      676E6564 
 1954      20696E74 
 1954      00
 1955              	.LASF59:
 1956 0190 76745F6E 		.ascii	"vt_next\000"
 1956      65787400 
 1957              	.LASF61:
 1958 0198 76745F64 		.ascii	"vt_delta\000"
 1958      656C7461 
 1958      00
 1959              	.LASF37:
 1960 01a1 705F6D73 		.ascii	"p_msgqueue\000"
 1960      67717565 
 1960      756500
 1961              	.LASF81:
 1962 01ac 534D4352 		.ascii	"SMCR\000"
 1962      00
 1963              	.LASF44:
ARM GAS  /tmp/ccFFhQsY.s 			page 37


 1964 01b1 63685F74 		.ascii	"ch_thread\000"
 1964      68726561 
 1964      6400
 1965              	.LASF22:
 1966 01bb 6D73675F 		.ascii	"msg_t\000"
 1966      7400
 1967              	.LASF70:
 1968 01c1 63685F73 		.ascii	"ch_system_t\000"
 1968      79737465 
 1968      6D5F7400 
 1969              	.LASF90:
 1970 01cd 73746D33 		.ascii	"stm32_tim_t\000"
 1970      325F7469 
 1970      6D5F7400 
 1971              	.LASF49:
 1972 01d9 63685F72 		.ascii	"ch_ready_list\000"
 1972      65616479 
 1972      5F6C6973 
 1972      7400
 1973              	.LASF23:
 1974 01e7 6576656E 		.ascii	"eventmask_t\000"
 1974      746D6173 
 1974      6B5F7400 
 1975              	.LASF6:
 1976 01f3 5F5F696E 		.ascii	"__int32_t\000"
 1976      7433325F 
 1976      7400
 1977              	.LASF104:
 1978 01fd 73745F6C 		.ascii	"st_lld_start_alarm\000"
 1978      6C645F73 
 1978      74617274 
 1978      5F616C61 
 1978      726D00
 1979              	.LASF78:
 1980 0210 73746B61 		.ascii	"stkalign_t\000"
 1980      6C69676E 
 1980      5F7400
 1981              	.LASF36:
 1982 021b 705F7761 		.ascii	"p_waiting\000"
 1982      6974696E 
 1982      6700
 1983              	.LASF76:
 1984 0225 73697A65 		.ascii	"sizetype\000"
 1984      74797065 
 1984      00
 1985              	.LASF65:
 1986 022e 63685F76 		.ascii	"ch_virtual_timers_list\000"
 1986      69727475 
 1986      616C5F74 
 1986      696D6572 
 1986      735F6C69 
 1987              	.LASF66:
 1988 0245 76745F6C 		.ascii	"vt_lasttime\000"
 1988      61737474 
 1988      696D6500 
 1989              	.LASF31:
 1990 0251 705F6F6C 		.ascii	"p_older\000"
ARM GAS  /tmp/ccFFhQsY.s 			page 38


 1990      64657200 
 1991              	.LASF107:
 1992 0259 7374496E 		.ascii	"stInit\000"
 1992      697400
 1993              	.LASF52:
 1994 0260 725F6374 		.ascii	"r_ctx\000"
 1994      7800
 1995              	.LASF92:
 1996 0266 746D5F63 		.ascii	"tm_calibration_t\000"
 1996      616C6962 
 1996      72617469 
 1996      6F6E5F74 
 1996      00
 1997              	.LASF106:
 1998 0277 74696D65 		.ascii	"time\000"
 1998      00
 1999              	.LASF55:
 2000 027c 725F6375 		.ascii	"r_current\000"
 2000      7272656E 
 2000      7400
 2001              	.LASF54:
 2002 0286 725F6F6C 		.ascii	"r_older\000"
 2002      64657200 
 2003              	.LASF113:
 2004 028e 474E5520 		.ascii	"GNU C 4.9.3 20141119 (release) [ARM/embedded-4_9-br"
 2004      4320342E 
 2004      392E3320 
 2004      32303134 
 2004      31313139 
 2005 02c1 616E6368 		.ascii	"anch revision 218278] -mcpu=cortex-m4 -mfloat-abi=h"
 2005      20726576 
 2005      6973696F 
 2005      6E203231 
 2005      38323738 
 2006 02f4 61726420 		.ascii	"ard -mfpu=fpv4-sp-d16 -mno-thumb-interwork -mthumb "
 2006      2D6D6670 
 2006      753D6670 
 2006      76342D73 
 2006      702D6431 
 2007 0327 2D676764 		.ascii	"-ggdb -O2 -fomit-frame-pointer -falign-functions=16"
 2007      62202D4F 
 2007      32202D66 
 2007      6F6D6974 
 2007      2D667261 
 2008 035a 202D6666 		.ascii	" -ffunction-sections -fdata-sections -fno-common -f"
 2008      756E6374 
 2008      696F6E2D 
 2008      73656374 
 2008      696F6E73 
 2009 038d 73696E67 		.ascii	"single-precision-constant\000"
 2009      6C652D70 
 2009      72656369 
 2009      73696F6E 
 2009      2D636F6E 
 2010              	.LASF11:
 2011 03a7 5F5F7569 		.ascii	"__uint64_t\000"
 2011      6E743634 
ARM GAS  /tmp/ccFFhQsY.s 			page 39


 2011      5F7400
 2012              	.LASF20:
 2013 03b2 74726566 		.ascii	"trefs_t\000"
 2013      735F7400 
 2014              	.LASF57:
 2015 03ba 76697274 		.ascii	"virtual_timer_t\000"
 2015      75616C5F 
 2015      74696D65 
 2015      725F7400 
 2016              	.LASF27:
 2017 03ca 705F7072 		.ascii	"p_prev\000"
 2017      657600
 2018              	.LASF21:
 2019 03d1 74707269 		.ascii	"tprio_t\000"
 2019      6F5F7400 
 2020              	.LASF98:
 2021 03d9 6D757465 		.ascii	"mutex\000"
 2021      7800
 2022              	.LASF68:
 2023 03df 63685F73 		.ascii	"ch_system_debug\000"
 2023      79737465 
 2023      6D5F6465 
 2023      62756700 
 2024              	.LASF103:
 2025 03ef 5F426F6F 		.ascii	"_Bool\000"
 2025      6C00
 2026              	.LASF14:
 2027 03f5 696E7433 		.ascii	"int32_t\000"
 2027      325F7400 
 2028              	.LASF2:
 2029 03fd 756E7369 		.ascii	"unsigned char\000"
 2029      676E6564 
 2029      20636861 
 2029      7200
 2030              	.LASF40:
 2031 040b 705F6D74 		.ascii	"p_mtxlist\000"
 2031      786C6973 
 2031      7400
 2032              	.LASF3:
 2033 0415 73686F72 		.ascii	"short int\000"
 2033      7420696E 
 2033      7400
 2034              	.LASF33:
 2035 041f 705F7374 		.ascii	"p_state\000"
 2035      61746500 
 2036              	.LASF51:
 2037 0427 725F7072 		.ascii	"r_prio\000"
 2037      696F00
 2038              	.LASF96:
 2039 042e 65776D61 		.ascii	"ewmask\000"
 2039      736B00
 2040              	.LASF26:
 2041 0435 705F6E65 		.ascii	"p_next\000"
 2041      787400
 2042              	.LASF13:
 2043 043c 75696E74 		.ascii	"uint8_t\000"
 2043      385F7400 
ARM GAS  /tmp/ccFFhQsY.s 			page 40


 2044              	.LASF111:
 2045 0444 5F5F6675 		.ascii	"__func__\000"
 2045      6E635F5F 
 2045      00
 2046              	.LASF58:
 2047 044d 63685F76 		.ascii	"ch_virtual_timer\000"
 2047      69727475 
 2047      616C5F74 
 2047      696D6572 
 2047      00
 2048              	.LASF117:
 2049 045e 73745F6C 		.ascii	"st_lld_get_alarm\000"
 2049      6C645F67 
 2049      65745F61 
 2049      6C61726D 
 2049      00
 2050              	.LASF89:
 2051 046f 43435852 		.ascii	"CCXR\000"
 2051      00
 2052              	.LASF39:
 2053 0474 705F6570 		.ascii	"p_epending\000"
 2053      656E6469 
 2053      6E6700
 2054              	.LASF15:
 2055 047f 75696E74 		.ascii	"uint32_t\000"
 2055      33325F74 
 2055      00
 2056              	.LASF50:
 2057 0488 725F7175 		.ascii	"r_queue\000"
 2057      65756500 
 2058              	.LASF45:
 2059 0490 63685F74 		.ascii	"ch_threads_list\000"
 2059      68726561 
 2059      64735F6C 
 2059      69737400 
 2060              	.LASF115:
 2061 04a0 2F686F6D 		.ascii	"/home/bhimebau/forge/annsynth/src\000"
 2061      652F6268 
 2061      696D6562 
 2061      61752F66 
 2061      6F726765 
 2062              	.LASF9:
 2063 04c2 6C6F6E67 		.ascii	"long unsigned int\000"
 2063      20756E73 
 2063      69676E65 
 2063      6420696E 
 2063      7400
 2064              	.LASF109:
 2065 04d4 73745374 		.ascii	"stStopAlarm\000"
 2065      6F70416C 
 2065      61726D00 
 2066              	.LASF97:
 2067 04e0 63686172 		.ascii	"char\000"
 2067      00
 2068              	.LASF87:
 2069 04e5 444D4152 		.ascii	"DMAR\000"
 2069      00
ARM GAS  /tmp/ccFFhQsY.s 			page 41


 2070              	.LASF25:
 2071 04ea 74687265 		.ascii	"thread_t\000"
 2071      61645F74 
 2071      00
 2072              	.LASF85:
 2073 04f3 43434552 		.ascii	"CCER\000"
 2073      00
 2074              	.LASF101:
 2075 04f8 6D5F6E65 		.ascii	"m_next\000"
 2075      787400
 2076              	.LASF24:
 2077 04ff 73797374 		.ascii	"systime_t\000"
 2077      696D655F 
 2077      7400
 2078              	.LASF41:
 2079 0509 705F7265 		.ascii	"p_realprio\000"
 2079      616C7072 
 2079      696F00
 2080              	.LASF56:
 2081 0514 76746675 		.ascii	"vtfunc_t\000"
 2081      6E635F74 
 2081      00
 2082              	.LASF8:
 2083 051d 5F5F7569 		.ascii	"__uint32_t\000"
 2083      6E743332 
 2083      5F7400
 2084              	.LASF69:
 2085 0528 70616E69 		.ascii	"panic_msg\000"
 2085      635F6D73 
 2085      6700
 2086              	.LASF91:
 2087 0532 6F666673 		.ascii	"offset\000"
 2087      657400
 2088              	.LASF108:
 2089 0539 73745374 		.ascii	"stStartAlarm\000"
 2089      61727441 
 2089      6C61726D 
 2089      00
 2090              	.LASF79:
 2091 0546 636F6E74 		.ascii	"context\000"
 2091      65787400 
 2092              	.LASF38:
 2093 054e 705F6D73 		.ascii	"p_msg\000"
 2093      6700
 2094              	.LASF17:
 2095 0554 7274636E 		.ascii	"rtcnt_t\000"
 2095      745F7400 
 2096              	.LASF116:
 2097 055c 73745F6C 		.ascii	"st_lld_stop_alarm\000"
 2097      6C645F73 
 2097      746F705F 
 2097      616C6172 
 2097      6D00
 2098              	.LASF63:
 2099 056e 76745F70 		.ascii	"vt_par\000"
 2099      617200
 2100              	.LASF46:
ARM GAS  /tmp/ccFFhQsY.s 			page 42


 2101 0575 74687265 		.ascii	"threads_queue_t\000"
 2101      6164735F 
 2101      71756575 
 2101      655F7400 
 2102              	.LASF35:
 2103 0585 705F7265 		.ascii	"p_refs\000"
 2103      667300
 2104              	.LASF72:
 2105 058c 726C6973 		.ascii	"rlist\000"
 2105      7400
 2106              	.LASF110:
 2107 0592 73745365 		.ascii	"stSetAlarm\000"
 2107      74416C61 
 2107      726D00
 2108              	.LASF118:
 2109 059d 73744765 		.ascii	"stGetAlarm\000"
 2109      74416C61 
 2109      726D00
 2110              	.LASF95:
 2111 05a8 77746F62 		.ascii	"wtobjp\000"
 2111      6A7000
 2112              	.LASF32:
 2113 05af 705F6E61 		.ascii	"p_name\000"
 2113      6D6500
 2114              	.LASF43:
 2115 05b6 74687265 		.ascii	"threads_list_t\000"
 2115      6164735F 
 2115      6C697374 
 2115      5F7400
 2116              	.LASF18:
 2117 05c5 746D6F64 		.ascii	"tmode_t\000"
 2117      655F7400 
 2118              	.LASF105:
 2119 05cd 73745F6C 		.ascii	"st_lld_set_alarm\000"
 2119      6C645F73 
 2119      65745F61 
 2119      6C61726D 
 2119      00
 2120              	.LASF102:
 2121 05de 6D757465 		.ascii	"mutex_t\000"
 2121      785F7400 
 2122              	.LASF100:
 2123 05e6 6D5F6F77 		.ascii	"m_owner\000"
 2123      6E657200 
 2124              	.LASF29:
 2125 05ee 705F6374 		.ascii	"p_ctx\000"
 2125      7800
 2126              	.LASF62:
 2127 05f4 76745F66 		.ascii	"vt_func\000"
 2127      756E6300 
 2128              		.ident	"GCC: (GNU Tools for ARM Embedded Processors) 4.9.3 20141119 (release) [ARM/embedded-4_9-br
ARM GAS  /tmp/ccFFhQsY.s 			page 43


DEFINED SYMBOLS
                            *ABS*:00000000 st.c
     /tmp/ccFFhQsY.s:21     .text.stInit:00000000 $t
     /tmp/ccFFhQsY.s:27     .text.stInit:00000000 stInit
     /tmp/ccFFhQsY.s:42     .text.stStartAlarm:00000000 $t
     /tmp/ccFFhQsY.s:48     .text.stStartAlarm:00000000 stStartAlarm
     /tmp/ccFFhQsY.s:79     .text.stStopAlarm:00000000 $t
     /tmp/ccFFhQsY.s:85     .text.stStopAlarm:00000000 stStopAlarm
     /tmp/ccFFhQsY.s:105    .text.stSetAlarm:00000000 $t
     /tmp/ccFFhQsY.s:111    .text.stSetAlarm:00000000 stSetAlarm
     /tmp/ccFFhQsY.s:132    .text.stGetAlarm:00000000 $t
     /tmp/ccFFhQsY.s:138    .text.stGetAlarm:00000000 stGetAlarm
                     .debug_frame:00000010 $d

UNDEFINED SYMBOLS
st_lld_init
