ARM GAS  /tmp/ccsE4bmM.s 			page 1


   1              		.syntax unified
   2              		.cpu cortex-m4
   3              		.eabi_attribute 27, 3
   4              		.eabi_attribute 28, 1
   5              		.fpu fpv4-sp-d16
   6              		.eabi_attribute 20, 1
   7              		.eabi_attribute 21, 1
   8              		.eabi_attribute 23, 3
   9              		.eabi_attribute 24, 1
  10              		.eabi_attribute 25, 1
  11              		.eabi_attribute 26, 1
  12              		.eabi_attribute 30, 2
  13              		.eabi_attribute 34, 1
  14              		.eabi_attribute 18, 4
  15              		.thumb
  16              		.file	"vectors.c"
  17              		.text
  18              	.Ltext0:
  19              		.cfi_sections	.debug_frame
  20              		.section	.text._unhandled_exception,"ax",%progbits
  21              		.align	2
  22              		.p2align 4,,15
  23              		.global	_unhandled_exception
  24              		.thumb
  25              		.thumb_func
  26              		.type	_unhandled_exception, %function
  27              	_unhandled_exception:
  28              	.LFB112:
  29              		.file 1 "../ChibiOS/os/common/ports/ARMCMx/compilers/GCC/vectors.c"
  30              		.loc 1 76 0
  31              		.cfi_startproc
  32              		@ Volatile: function does not return.
  33              		@ args = 0, pretend = 0, frame = 0
  34              		@ frame_needed = 0, uses_anonymous_args = 0
  35              		@ link register save eliminated.
  36              	.L2:
  37              		.loc 1 79 0 discriminator 1
  38 0000 FEE7     		b	.L2
  39              		.cfi_endproc
  40              	.LFE112:
  41              		.size	_unhandled_exception, .-_unhandled_exception
  42              		.weak	Reset_Handler
  43              		.thumb_set Reset_Handler,_unhandled_exception
  44              		.weak	NMI_Handler
  45              		.thumb_set NMI_Handler,_unhandled_exception
  46              		.weak	HardFault_Handler
  47              		.thumb_set HardFault_Handler,_unhandled_exception
  48              		.weak	MemManage_Handler
  49              		.thumb_set MemManage_Handler,_unhandled_exception
  50              		.weak	BusFault_Handler
  51              		.thumb_set BusFault_Handler,_unhandled_exception
  52              		.weak	UsageFault_Handler
  53              		.thumb_set UsageFault_Handler,_unhandled_exception
  54              		.weak	Vector1C
  55              		.thumb_set Vector1C,_unhandled_exception
  56              		.weak	Vector20
  57              		.thumb_set Vector20,_unhandled_exception
ARM GAS  /tmp/ccsE4bmM.s 			page 2


  58              		.weak	Vector24
  59              		.thumb_set Vector24,_unhandled_exception
  60              		.weak	Vector28
  61              		.thumb_set Vector28,_unhandled_exception
  62              		.weak	SVC_Handler
  63              		.thumb_set SVC_Handler,_unhandled_exception
  64              		.weak	DebugMon_Handler
  65              		.thumb_set DebugMon_Handler,_unhandled_exception
  66              		.weak	Vector34
  67              		.thumb_set Vector34,_unhandled_exception
  68              		.weak	PendSV_Handler
  69              		.thumb_set PendSV_Handler,_unhandled_exception
  70              		.weak	SysTick_Handler
  71              		.thumb_set SysTick_Handler,_unhandled_exception
  72              		.weak	Vector40
  73              		.thumb_set Vector40,_unhandled_exception
  74              		.weak	Vector44
  75              		.thumb_set Vector44,_unhandled_exception
  76              		.weak	Vector48
  77              		.thumb_set Vector48,_unhandled_exception
  78              		.weak	Vector4C
  79              		.thumb_set Vector4C,_unhandled_exception
  80              		.weak	Vector50
  81              		.thumb_set Vector50,_unhandled_exception
  82              		.weak	Vector54
  83              		.thumb_set Vector54,_unhandled_exception
  84              		.weak	Vector58
  85              		.thumb_set Vector58,_unhandled_exception
  86              		.weak	Vector5C
  87              		.thumb_set Vector5C,_unhandled_exception
  88              		.weak	Vector60
  89              		.thumb_set Vector60,_unhandled_exception
  90              		.weak	Vector64
  91              		.thumb_set Vector64,_unhandled_exception
  92              		.weak	Vector68
  93              		.thumb_set Vector68,_unhandled_exception
  94              		.weak	Vector6C
  95              		.thumb_set Vector6C,_unhandled_exception
  96              		.weak	Vector70
  97              		.thumb_set Vector70,_unhandled_exception
  98              		.weak	Vector74
  99              		.thumb_set Vector74,_unhandled_exception
 100              		.weak	Vector78
 101              		.thumb_set Vector78,_unhandled_exception
 102              		.weak	Vector7C
 103              		.thumb_set Vector7C,_unhandled_exception
 104              		.weak	Vector80
 105              		.thumb_set Vector80,_unhandled_exception
 106              		.weak	Vector84
 107              		.thumb_set Vector84,_unhandled_exception
 108              		.weak	Vector88
 109              		.thumb_set Vector88,_unhandled_exception
 110              		.weak	Vector8C
 111              		.thumb_set Vector8C,_unhandled_exception
 112              		.weak	Vector90
 113              		.thumb_set Vector90,_unhandled_exception
 114              		.weak	Vector94
ARM GAS  /tmp/ccsE4bmM.s 			page 3


 115              		.thumb_set Vector94,_unhandled_exception
 116              		.weak	Vector98
 117              		.thumb_set Vector98,_unhandled_exception
 118              		.weak	Vector9C
 119              		.thumb_set Vector9C,_unhandled_exception
 120              		.weak	VectorA0
 121              		.thumb_set VectorA0,_unhandled_exception
 122              		.weak	VectorA4
 123              		.thumb_set VectorA4,_unhandled_exception
 124              		.weak	VectorA8
 125              		.thumb_set VectorA8,_unhandled_exception
 126              		.weak	VectorAC
 127              		.thumb_set VectorAC,_unhandled_exception
 128              		.weak	VectorB0
 129              		.thumb_set VectorB0,_unhandled_exception
 130              		.weak	VectorB4
 131              		.thumb_set VectorB4,_unhandled_exception
 132              		.weak	VectorB8
 133              		.thumb_set VectorB8,_unhandled_exception
 134              		.weak	VectorBC
 135              		.thumb_set VectorBC,_unhandled_exception
 136              		.weak	VectorC0
 137              		.thumb_set VectorC0,_unhandled_exception
 138              		.weak	VectorC4
 139              		.thumb_set VectorC4,_unhandled_exception
 140              		.weak	VectorC8
 141              		.thumb_set VectorC8,_unhandled_exception
 142              		.weak	VectorCC
 143              		.thumb_set VectorCC,_unhandled_exception
 144              		.weak	VectorD0
 145              		.thumb_set VectorD0,_unhandled_exception
 146              		.weak	VectorD4
 147              		.thumb_set VectorD4,_unhandled_exception
 148              		.weak	VectorD8
 149              		.thumb_set VectorD8,_unhandled_exception
 150              		.weak	VectorDC
 151              		.thumb_set VectorDC,_unhandled_exception
 152              		.weak	VectorE0
 153              		.thumb_set VectorE0,_unhandled_exception
 154              		.weak	VectorE4
 155              		.thumb_set VectorE4,_unhandled_exception
 156              		.weak	VectorE8
 157              		.thumb_set VectorE8,_unhandled_exception
 158              		.weak	VectorEC
 159              		.thumb_set VectorEC,_unhandled_exception
 160              		.weak	VectorF0
 161              		.thumb_set VectorF0,_unhandled_exception
 162              		.weak	VectorF4
 163              		.thumb_set VectorF4,_unhandled_exception
 164              		.weak	VectorF8
 165              		.thumb_set VectorF8,_unhandled_exception
 166              		.weak	VectorFC
 167              		.thumb_set VectorFC,_unhandled_exception
 168              		.weak	Vector100
 169              		.thumb_set Vector100,_unhandled_exception
 170              		.weak	Vector104
 171              		.thumb_set Vector104,_unhandled_exception
ARM GAS  /tmp/ccsE4bmM.s 			page 4


 172              		.weak	Vector108
 173              		.thumb_set Vector108,_unhandled_exception
 174              		.weak	Vector10C
 175              		.thumb_set Vector10C,_unhandled_exception
 176              		.weak	Vector110
 177              		.thumb_set Vector110,_unhandled_exception
 178              		.weak	Vector114
 179              		.thumb_set Vector114,_unhandled_exception
 180              		.weak	Vector118
 181              		.thumb_set Vector118,_unhandled_exception
 182              		.weak	Vector11C
 183              		.thumb_set Vector11C,_unhandled_exception
 184              		.weak	Vector120
 185              		.thumb_set Vector120,_unhandled_exception
 186              		.weak	Vector124
 187              		.thumb_set Vector124,_unhandled_exception
 188              		.weak	Vector128
 189              		.thumb_set Vector128,_unhandled_exception
 190              		.weak	Vector12C
 191              		.thumb_set Vector12C,_unhandled_exception
 192              		.weak	Vector130
 193              		.thumb_set Vector130,_unhandled_exception
 194              		.weak	Vector134
 195              		.thumb_set Vector134,_unhandled_exception
 196              		.weak	Vector138
 197              		.thumb_set Vector138,_unhandled_exception
 198              		.weak	Vector13C
 199              		.thumb_set Vector13C,_unhandled_exception
 200              		.weak	Vector140
 201              		.thumb_set Vector140,_unhandled_exception
 202              		.weak	Vector144
 203              		.thumb_set Vector144,_unhandled_exception
 204              		.weak	Vector148
 205              		.thumb_set Vector148,_unhandled_exception
 206              		.weak	Vector14C
 207              		.thumb_set Vector14C,_unhandled_exception
 208              		.weak	Vector150
 209              		.thumb_set Vector150,_unhandled_exception
 210              		.weak	Vector154
 211              		.thumb_set Vector154,_unhandled_exception
 212              		.weak	Vector158
 213              		.thumb_set Vector158,_unhandled_exception
 214              		.weak	Vector15C
 215              		.thumb_set Vector15C,_unhandled_exception
 216              		.weak	Vector160
 217              		.thumb_set Vector160,_unhandled_exception
 218              		.weak	Vector164
 219              		.thumb_set Vector164,_unhandled_exception
 220              		.weak	Vector168
 221              		.thumb_set Vector168,_unhandled_exception
 222              		.weak	Vector16C
 223              		.thumb_set Vector16C,_unhandled_exception
 224              		.weak	Vector170
 225              		.thumb_set Vector170,_unhandled_exception
 226              		.weak	Vector174
 227              		.thumb_set Vector174,_unhandled_exception
 228              		.weak	Vector178
ARM GAS  /tmp/ccsE4bmM.s 			page 5


 229              		.thumb_set Vector178,_unhandled_exception
 230              		.weak	Vector17C
 231              		.thumb_set Vector17C,_unhandled_exception
 232              		.weak	Vector180
 233              		.thumb_set Vector180,_unhandled_exception
 234              		.weak	Vector184
 235              		.thumb_set Vector184,_unhandled_exception
 236              		.weak	Vector188
 237              		.thumb_set Vector188,_unhandled_exception
 238              		.weak	Vector18C
 239              		.thumb_set Vector18C,_unhandled_exception
 240              		.weak	Vector190
 241              		.thumb_set Vector190,_unhandled_exception
 242              		.weak	Vector194
 243              		.thumb_set Vector194,_unhandled_exception
 244              		.weak	Vector198
 245              		.thumb_set Vector198,_unhandled_exception
 246              		.weak	Vector19C
 247              		.thumb_set Vector19C,_unhandled_exception
 248              		.global	_vectors
 249 0002 00BFAFF3 		.section	vectors,"aw",%progbits
 249      0080AFF3 
 249      0080AFF3 
 249      0080
 250              		.align	2
 251              		.type	_vectors, %object
 252              		.size	_vectors, 416
 253              	_vectors:
 254 0000 00000000 		.word	__main_stack_end__
 255 0004 00000000 		.word	Reset_Handler
 256 0008 00000000 		.word	NMI_Handler
 257 000c 00000000 		.word	HardFault_Handler
 258 0010 00000000 		.word	MemManage_Handler
 259 0014 00000000 		.word	BusFault_Handler
 260 0018 00000000 		.word	UsageFault_Handler
 261 001c 00000000 		.word	Vector1C
 262 0020 00000000 		.word	Vector20
 263 0024 00000000 		.word	Vector24
 264 0028 00000000 		.word	Vector28
 265 002c 00000000 		.word	SVC_Handler
 266 0030 00000000 		.word	DebugMon_Handler
 267 0034 00000000 		.word	Vector34
 268 0038 00000000 		.word	PendSV_Handler
 269 003c 00000000 		.word	SysTick_Handler
 270 0040 00000000 		.word	Vector40
 271 0044 00000000 		.word	Vector44
 272 0048 00000000 		.word	Vector48
 273 004c 00000000 		.word	Vector4C
 274 0050 00000000 		.word	Vector50
 275 0054 00000000 		.word	Vector54
 276 0058 00000000 		.word	Vector58
 277 005c 00000000 		.word	Vector5C
 278 0060 00000000 		.word	Vector60
 279 0064 00000000 		.word	Vector64
 280 0068 00000000 		.word	Vector68
 281 006c 00000000 		.word	Vector6C
 282 0070 00000000 		.word	Vector70
ARM GAS  /tmp/ccsE4bmM.s 			page 6


 283 0074 00000000 		.word	Vector74
 284 0078 00000000 		.word	Vector78
 285 007c 00000000 		.word	Vector7C
 286 0080 00000000 		.word	Vector80
 287 0084 00000000 		.word	Vector84
 288 0088 00000000 		.word	Vector88
 289 008c 00000000 		.word	Vector8C
 290 0090 00000000 		.word	Vector90
 291 0094 00000000 		.word	Vector94
 292 0098 00000000 		.word	Vector98
 293 009c 00000000 		.word	Vector9C
 294 00a0 00000000 		.word	VectorA0
 295 00a4 00000000 		.word	VectorA4
 296 00a8 00000000 		.word	VectorA8
 297 00ac 00000000 		.word	VectorAC
 298 00b0 00000000 		.word	VectorB0
 299 00b4 00000000 		.word	VectorB4
 300 00b8 00000000 		.word	VectorB8
 301 00bc 00000000 		.word	VectorBC
 302 00c0 00000000 		.word	VectorC0
 303 00c4 00000000 		.word	VectorC4
 304 00c8 00000000 		.word	VectorC8
 305 00cc 00000000 		.word	VectorCC
 306 00d0 00000000 		.word	VectorD0
 307 00d4 00000000 		.word	VectorD4
 308 00d8 00000000 		.word	VectorD8
 309 00dc 00000000 		.word	VectorDC
 310 00e0 00000000 		.word	VectorE0
 311 00e4 00000000 		.word	VectorE4
 312 00e8 00000000 		.word	VectorE8
 313 00ec 00000000 		.word	VectorEC
 314 00f0 00000000 		.word	VectorF0
 315 00f4 00000000 		.word	VectorF4
 316 00f8 00000000 		.word	VectorF8
 317 00fc 00000000 		.word	VectorFC
 318 0100 00000000 		.word	Vector100
 319 0104 00000000 		.word	Vector104
 320 0108 00000000 		.word	Vector108
 321 010c 00000000 		.word	Vector10C
 322 0110 00000000 		.word	Vector110
 323 0114 00000000 		.word	Vector114
 324 0118 00000000 		.word	Vector118
 325 011c 00000000 		.word	Vector11C
 326 0120 00000000 		.word	Vector120
 327 0124 00000000 		.word	Vector124
 328 0128 00000000 		.word	Vector128
 329 012c 00000000 		.word	Vector12C
 330 0130 00000000 		.word	Vector130
 331 0134 00000000 		.word	Vector134
 332 0138 00000000 		.word	Vector138
 333 013c 00000000 		.word	Vector13C
 334 0140 00000000 		.word	Vector140
 335 0144 00000000 		.word	Vector144
 336 0148 00000000 		.word	Vector148
 337 014c 00000000 		.word	Vector14C
 338 0150 00000000 		.word	Vector150
 339 0154 00000000 		.word	Vector154
ARM GAS  /tmp/ccsE4bmM.s 			page 7


 340 0158 00000000 		.word	Vector158
 341 015c 00000000 		.word	Vector15C
 342 0160 00000000 		.word	Vector160
 343 0164 00000000 		.word	Vector164
 344 0168 00000000 		.word	Vector168
 345 016c 00000000 		.word	Vector16C
 346 0170 00000000 		.word	Vector170
 347 0174 00000000 		.word	Vector174
 348 0178 00000000 		.word	Vector178
 349 017c 00000000 		.word	Vector17C
 350 0180 00000000 		.word	Vector180
 351 0184 00000000 		.word	Vector184
 352 0188 00000000 		.word	Vector188
 353 018c 00000000 		.word	Vector18C
 354 0190 00000000 		.word	Vector190
 355 0194 00000000 		.word	Vector194
 356 0198 00000000 		.word	Vector198
 357 019c 00000000 		.word	Vector19C
 358              		.text
 359              	.Letext0:
 360              		.file 2 "/l/arm2/gcc-arm-none-eabi-4_9-2014q4/arm-none-eabi/include/machine/_default_types.h"
 361              		.file 3 "/l/arm2/gcc-arm-none-eabi-4_9-2014q4/arm-none-eabi/include/stdint.h"
 362              		.file 4 "../ChibiOS/os/ext/CMSIS/include/core_cm4.h"
 363              		.section	.debug_info,"",%progbits
 364              	.Ldebug_info0:
 365 0000 E3010000 		.4byte	0x1e3
 366 0004 0400     		.2byte	0x4
 367 0006 00000000 		.4byte	.Ldebug_abbrev0
 368 000a 04       		.byte	0x4
 369 000b 01       		.uleb128 0x1
 370 000c 41010000 		.4byte	.LASF36
 371 0010 01       		.byte	0x1
 372 0011 A6000000 		.4byte	.LASF37
 373 0015 08010000 		.4byte	.LASF38
 374 0019 00000000 		.4byte	.Ldebug_ranges0+0
 375 001d 00000000 		.4byte	0
 376 0021 00000000 		.4byte	.Ldebug_line0
 377 0025 02       		.uleb128 0x2
 378 0026 01       		.byte	0x1
 379 0027 06       		.byte	0x6
 380 0028 36030000 		.4byte	.LASF0
 381 002c 02       		.uleb128 0x2
 382 002d 01       		.byte	0x1
 383 002e 08       		.byte	0x8
 384 002f 7A000000 		.4byte	.LASF1
 385 0033 02       		.uleb128 0x2
 386 0034 02       		.byte	0x2
 387 0035 05       		.byte	0x5
 388 0036 08030000 		.4byte	.LASF2
 389 003a 02       		.uleb128 0x2
 390 003b 02       		.byte	0x2
 391 003c 07       		.byte	0x7
 392 003d 3F000000 		.4byte	.LASF3
 393 0041 03       		.uleb128 0x3
 394 0042 25000000 		.4byte	.LASF5
 395 0046 02       		.byte	0x2
 396 0047 3F       		.byte	0x3f
ARM GAS  /tmp/ccsE4bmM.s 			page 8


 397 0048 4C000000 		.4byte	0x4c
 398 004c 02       		.uleb128 0x2
 399 004d 04       		.byte	0x4
 400 004e 05       		.byte	0x5
 401 004f 1B030000 		.4byte	.LASF4
 402 0053 03       		.uleb128 0x3
 403 0054 2A010000 		.4byte	.LASF6
 404 0058 02       		.byte	0x2
 405 0059 41       		.byte	0x41
 406 005a 5E000000 		.4byte	0x5e
 407 005e 02       		.uleb128 0x2
 408 005f 04       		.byte	0x4
 409 0060 07       		.byte	0x7
 410 0061 88000000 		.4byte	.LASF7
 411 0065 02       		.uleb128 0x2
 412 0066 08       		.byte	0x8
 413 0067 05       		.byte	0x5
 414 0068 CC020000 		.4byte	.LASF8
 415 006c 02       		.uleb128 0x2
 416 006d 08       		.byte	0x8
 417 006e 07       		.byte	0x7
 418 006f 70020000 		.4byte	.LASF9
 419 0073 04       		.uleb128 0x4
 420 0074 04       		.byte	0x4
 421 0075 05       		.byte	0x5
 422 0076 696E7400 		.ascii	"int\000"
 423 007a 02       		.uleb128 0x2
 424 007b 04       		.byte	0x4
 425 007c 07       		.byte	0x7
 426 007d 5A020000 		.4byte	.LASF10
 427 0081 03       		.uleb128 0x3
 428 0082 5D000000 		.4byte	.LASF11
 429 0086 03       		.byte	0x3
 430 0087 2C       		.byte	0x2c
 431 0088 41000000 		.4byte	0x41
 432 008c 03       		.uleb128 0x3
 433 008d 12030000 		.4byte	.LASF12
 434 0091 03       		.byte	0x3
 435 0092 2D       		.byte	0x2d
 436 0093 53000000 		.4byte	0x53
 437 0097 02       		.uleb128 0x2
 438 0098 04       		.byte	0x4
 439 0099 07       		.byte	0x7
 440 009a B0020000 		.4byte	.LASF13
 441 009e 03       		.uleb128 0x3
 442 009f 00000000 		.4byte	.LASF14
 443 00a3 01       		.byte	0x1
 444 00a4 2C       		.byte	0x2c
 445 00a5 A9000000 		.4byte	0xa9
 446 00a9 05       		.uleb128 0x5
 447 00aa 04       		.byte	0x4
 448 00ab AF000000 		.4byte	0xaf
 449 00af 06       		.uleb128 0x6
 450 00b0 07       		.uleb128 0x7
 451 00b1 A001     		.2byte	0x1a0
 452 00b3 01       		.byte	0x1
 453 00b4 31       		.byte	0x31
ARM GAS  /tmp/ccsE4bmM.s 			page 9


 454 00b5 86010000 		.4byte	0x186
 455 00b9 08       		.uleb128 0x8
 456 00ba 52000000 		.4byte	.LASF15
 457 00be 01       		.byte	0x1
 458 00bf 32       		.byte	0x32
 459 00c0 86010000 		.4byte	0x186
 460 00c4 00       		.byte	0
 461 00c5 08       		.uleb128 0x8
 462 00c6 A2020000 		.4byte	.LASF16
 463 00ca 01       		.byte	0x1
 464 00cb 33       		.byte	0x33
 465 00cc 9E000000 		.4byte	0x9e
 466 00d0 04       		.byte	0x4
 467 00d1 08       		.uleb128 0x8
 468 00d2 35010000 		.4byte	.LASF17
 469 00d6 01       		.byte	0x1
 470 00d7 34       		.byte	0x34
 471 00d8 9E000000 		.4byte	0x9e
 472 00dc 08       		.byte	0x8
 473 00dd 08       		.uleb128 0x8
 474 00de F6000000 		.4byte	.LASF18
 475 00e2 01       		.byte	0x1
 476 00e3 35       		.byte	0x35
 477 00e4 9E000000 		.4byte	0x9e
 478 00e8 0C       		.byte	0xc
 479 00e9 08       		.uleb128 0x8
 480 00ea 24030000 		.4byte	.LASF19
 481 00ee 01       		.byte	0x1
 482 00ef 36       		.byte	0x36
 483 00f0 9E000000 		.4byte	0x9e
 484 00f4 10       		.byte	0x10
 485 00f5 08       		.uleb128 0x8
 486 00f6 DA020000 		.4byte	.LASF20
 487 00fa 01       		.byte	0x1
 488 00fb 37       		.byte	0x37
 489 00fc 9E000000 		.4byte	0x9e
 490 0100 14       		.byte	0x14
 491 0101 08       		.uleb128 0x8
 492 0102 B9020000 		.4byte	.LASF21
 493 0106 01       		.byte	0x1
 494 0107 38       		.byte	0x38
 495 0108 9E000000 		.4byte	0x9e
 496 010c 18       		.byte	0x18
 497 010d 08       		.uleb128 0x8
 498 010e ED000000 		.4byte	.LASF22
 499 0112 01       		.byte	0x1
 500 0113 39       		.byte	0x39
 501 0114 9E000000 		.4byte	0x9e
 502 0118 1C       		.byte	0x1c
 503 0119 08       		.uleb128 0x8
 504 011a 67020000 		.4byte	.LASF23
 505 011e 01       		.byte	0x1
 506 011f 3A       		.byte	0x3a
 507 0120 9E000000 		.4byte	0x9e
 508 0124 20       		.byte	0x20
 509 0125 08       		.uleb128 0x8
 510 0126 87020000 		.4byte	.LASF24
ARM GAS  /tmp/ccsE4bmM.s 			page 10


 511 012a 01       		.byte	0x1
 512 012b 3B       		.byte	0x3b
 513 012c 9E000000 		.4byte	0x9e
 514 0130 24       		.byte	0x24
 515 0131 08       		.uleb128 0x8
 516 0132 90020000 		.4byte	.LASF25
 517 0136 01       		.byte	0x1
 518 0137 3C       		.byte	0x3c
 519 0138 9E000000 		.4byte	0x9e
 520 013c 28       		.byte	0x28
 521 013d 08       		.uleb128 0x8
 522 013e 9A000000 		.4byte	.LASF26
 523 0142 01       		.byte	0x1
 524 0143 3D       		.byte	0x3d
 525 0144 9E000000 		.4byte	0x9e
 526 0148 2C       		.byte	0x2c
 527 0149 08       		.uleb128 0x8
 528 014a 65000000 		.4byte	.LASF27
 529 014e 01       		.byte	0x1
 530 014f 3E       		.byte	0x3e
 531 0150 9E000000 		.4byte	0x9e
 532 0154 30       		.byte	0x30
 533 0155 08       		.uleb128 0x8
 534 0156 0D000000 		.4byte	.LASF28
 535 015a 01       		.byte	0x1
 536 015b 3F       		.byte	0x3f
 537 015c 9E000000 		.4byte	0x9e
 538 0160 34       		.byte	0x34
 539 0161 08       		.uleb128 0x8
 540 0162 16000000 		.4byte	.LASF29
 541 0166 01       		.byte	0x1
 542 0167 40       		.byte	0x40
 543 0168 9E000000 		.4byte	0x9e
 544 016c 38       		.byte	0x38
 545 016d 08       		.uleb128 0x8
 546 016e 2F000000 		.4byte	.LASF30
 547 0172 01       		.byte	0x1
 548 0173 41       		.byte	0x41
 549 0174 9E000000 		.4byte	0x9e
 550 0178 3C       		.byte	0x3c
 551 0179 08       		.uleb128 0x8
 552 017a 00030000 		.4byte	.LASF31
 553 017e 01       		.byte	0x1
 554 017f 42       		.byte	0x42
 555 0180 8C010000 		.4byte	0x18c
 556 0184 40       		.byte	0x40
 557 0185 00       		.byte	0
 558 0186 05       		.uleb128 0x5
 559 0187 04       		.byte	0x4
 560 0188 8C000000 		.4byte	0x8c
 561 018c 09       		.uleb128 0x9
 562 018d 9E000000 		.4byte	0x9e
 563 0191 9C010000 		.4byte	0x19c
 564 0195 0A       		.uleb128 0xa
 565 0196 97000000 		.4byte	0x97
 566 019a 57       		.byte	0x57
 567 019b 00       		.byte	0
ARM GAS  /tmp/ccsE4bmM.s 			page 11


 568 019c 03       		.uleb128 0x3
 569 019d 42030000 		.4byte	.LASF32
 570 01a1 01       		.byte	0x1
 571 01a2 43       		.byte	0x43
 572 01a3 B0000000 		.4byte	0xb0
 573 01a7 0B       		.uleb128 0xb
 574 01a8 EB020000 		.4byte	.LASF39
 575 01ac 01       		.byte	0x1
 576 01ad 4C       		.byte	0x4c
 577 01ae 00000000 		.4byte	.LFB112
 578 01b2 02000000 		.4byte	.LFE112-.LFB112
 579 01b6 01       		.uleb128 0x1
 580 01b7 9C       		.byte	0x9c
 581 01b8 0C       		.uleb128 0xc
 582 01b9 E0000000 		.4byte	.LASF33
 583 01bd 04       		.byte	0x4
 584 01be A706     		.2byte	0x6a7
 585 01c0 C4010000 		.4byte	0x1c4
 586 01c4 0D       		.uleb128 0xd
 587 01c5 81000000 		.4byte	0x81
 588 01c9 0E       		.uleb128 0xe
 589 01ca 4C030000 		.4byte	.LASF34
 590 01ce 01       		.byte	0x1
 591 01cf 53       		.byte	0x53
 592 01d0 8C000000 		.4byte	0x8c
 593 01d4 0F       		.uleb128 0xf
 594 01d5 99020000 		.4byte	.LASF35
 595 01d9 01       		.byte	0x1
 596 01da D101     		.2byte	0x1d1
 597 01dc 9C010000 		.4byte	0x19c
 598 01e0 05       		.uleb128 0x5
 599 01e1 03       		.byte	0x3
 600 01e2 00000000 		.4byte	_vectors
 601 01e6 00       		.byte	0
 602              		.section	.debug_abbrev,"",%progbits
 603              	.Ldebug_abbrev0:
 604 0000 01       		.uleb128 0x1
 605 0001 11       		.uleb128 0x11
 606 0002 01       		.byte	0x1
 607 0003 25       		.uleb128 0x25
 608 0004 0E       		.uleb128 0xe
 609 0005 13       		.uleb128 0x13
 610 0006 0B       		.uleb128 0xb
 611 0007 03       		.uleb128 0x3
 612 0008 0E       		.uleb128 0xe
 613 0009 1B       		.uleb128 0x1b
 614 000a 0E       		.uleb128 0xe
 615 000b 55       		.uleb128 0x55
 616 000c 17       		.uleb128 0x17
 617 000d 11       		.uleb128 0x11
 618 000e 01       		.uleb128 0x1
 619 000f 10       		.uleb128 0x10
 620 0010 17       		.uleb128 0x17
 621 0011 00       		.byte	0
 622 0012 00       		.byte	0
 623 0013 02       		.uleb128 0x2
 624 0014 24       		.uleb128 0x24
ARM GAS  /tmp/ccsE4bmM.s 			page 12


 625 0015 00       		.byte	0
 626 0016 0B       		.uleb128 0xb
 627 0017 0B       		.uleb128 0xb
 628 0018 3E       		.uleb128 0x3e
 629 0019 0B       		.uleb128 0xb
 630 001a 03       		.uleb128 0x3
 631 001b 0E       		.uleb128 0xe
 632 001c 00       		.byte	0
 633 001d 00       		.byte	0
 634 001e 03       		.uleb128 0x3
 635 001f 16       		.uleb128 0x16
 636 0020 00       		.byte	0
 637 0021 03       		.uleb128 0x3
 638 0022 0E       		.uleb128 0xe
 639 0023 3A       		.uleb128 0x3a
 640 0024 0B       		.uleb128 0xb
 641 0025 3B       		.uleb128 0x3b
 642 0026 0B       		.uleb128 0xb
 643 0027 49       		.uleb128 0x49
 644 0028 13       		.uleb128 0x13
 645 0029 00       		.byte	0
 646 002a 00       		.byte	0
 647 002b 04       		.uleb128 0x4
 648 002c 24       		.uleb128 0x24
 649 002d 00       		.byte	0
 650 002e 0B       		.uleb128 0xb
 651 002f 0B       		.uleb128 0xb
 652 0030 3E       		.uleb128 0x3e
 653 0031 0B       		.uleb128 0xb
 654 0032 03       		.uleb128 0x3
 655 0033 08       		.uleb128 0x8
 656 0034 00       		.byte	0
 657 0035 00       		.byte	0
 658 0036 05       		.uleb128 0x5
 659 0037 0F       		.uleb128 0xf
 660 0038 00       		.byte	0
 661 0039 0B       		.uleb128 0xb
 662 003a 0B       		.uleb128 0xb
 663 003b 49       		.uleb128 0x49
 664 003c 13       		.uleb128 0x13
 665 003d 00       		.byte	0
 666 003e 00       		.byte	0
 667 003f 06       		.uleb128 0x6
 668 0040 15       		.uleb128 0x15
 669 0041 00       		.byte	0
 670 0042 27       		.uleb128 0x27
 671 0043 19       		.uleb128 0x19
 672 0044 00       		.byte	0
 673 0045 00       		.byte	0
 674 0046 07       		.uleb128 0x7
 675 0047 13       		.uleb128 0x13
 676 0048 01       		.byte	0x1
 677 0049 0B       		.uleb128 0xb
 678 004a 05       		.uleb128 0x5
 679 004b 3A       		.uleb128 0x3a
 680 004c 0B       		.uleb128 0xb
 681 004d 3B       		.uleb128 0x3b
ARM GAS  /tmp/ccsE4bmM.s 			page 13


 682 004e 0B       		.uleb128 0xb
 683 004f 01       		.uleb128 0x1
 684 0050 13       		.uleb128 0x13
 685 0051 00       		.byte	0
 686 0052 00       		.byte	0
 687 0053 08       		.uleb128 0x8
 688 0054 0D       		.uleb128 0xd
 689 0055 00       		.byte	0
 690 0056 03       		.uleb128 0x3
 691 0057 0E       		.uleb128 0xe
 692 0058 3A       		.uleb128 0x3a
 693 0059 0B       		.uleb128 0xb
 694 005a 3B       		.uleb128 0x3b
 695 005b 0B       		.uleb128 0xb
 696 005c 49       		.uleb128 0x49
 697 005d 13       		.uleb128 0x13
 698 005e 38       		.uleb128 0x38
 699 005f 0B       		.uleb128 0xb
 700 0060 00       		.byte	0
 701 0061 00       		.byte	0
 702 0062 09       		.uleb128 0x9
 703 0063 01       		.uleb128 0x1
 704 0064 01       		.byte	0x1
 705 0065 49       		.uleb128 0x49
 706 0066 13       		.uleb128 0x13
 707 0067 01       		.uleb128 0x1
 708 0068 13       		.uleb128 0x13
 709 0069 00       		.byte	0
 710 006a 00       		.byte	0
 711 006b 0A       		.uleb128 0xa
 712 006c 21       		.uleb128 0x21
 713 006d 00       		.byte	0
 714 006e 49       		.uleb128 0x49
 715 006f 13       		.uleb128 0x13
 716 0070 2F       		.uleb128 0x2f
 717 0071 0B       		.uleb128 0xb
 718 0072 00       		.byte	0
 719 0073 00       		.byte	0
 720 0074 0B       		.uleb128 0xb
 721 0075 2E       		.uleb128 0x2e
 722 0076 00       		.byte	0
 723 0077 3F       		.uleb128 0x3f
 724 0078 19       		.uleb128 0x19
 725 0079 03       		.uleb128 0x3
 726 007a 0E       		.uleb128 0xe
 727 007b 3A       		.uleb128 0x3a
 728 007c 0B       		.uleb128 0xb
 729 007d 3B       		.uleb128 0x3b
 730 007e 0B       		.uleb128 0xb
 731 007f 27       		.uleb128 0x27
 732 0080 19       		.uleb128 0x19
 733 0081 11       		.uleb128 0x11
 734 0082 01       		.uleb128 0x1
 735 0083 12       		.uleb128 0x12
 736 0084 06       		.uleb128 0x6
 737 0085 40       		.uleb128 0x40
 738 0086 18       		.uleb128 0x18
ARM GAS  /tmp/ccsE4bmM.s 			page 14


 739 0087 9742     		.uleb128 0x2117
 740 0089 19       		.uleb128 0x19
 741 008a 00       		.byte	0
 742 008b 00       		.byte	0
 743 008c 0C       		.uleb128 0xc
 744 008d 34       		.uleb128 0x34
 745 008e 00       		.byte	0
 746 008f 03       		.uleb128 0x3
 747 0090 0E       		.uleb128 0xe
 748 0091 3A       		.uleb128 0x3a
 749 0092 0B       		.uleb128 0xb
 750 0093 3B       		.uleb128 0x3b
 751 0094 05       		.uleb128 0x5
 752 0095 49       		.uleb128 0x49
 753 0096 13       		.uleb128 0x13
 754 0097 3F       		.uleb128 0x3f
 755 0098 19       		.uleb128 0x19
 756 0099 3C       		.uleb128 0x3c
 757 009a 19       		.uleb128 0x19
 758 009b 00       		.byte	0
 759 009c 00       		.byte	0
 760 009d 0D       		.uleb128 0xd
 761 009e 35       		.uleb128 0x35
 762 009f 00       		.byte	0
 763 00a0 49       		.uleb128 0x49
 764 00a1 13       		.uleb128 0x13
 765 00a2 00       		.byte	0
 766 00a3 00       		.byte	0
 767 00a4 0E       		.uleb128 0xe
 768 00a5 34       		.uleb128 0x34
 769 00a6 00       		.byte	0
 770 00a7 03       		.uleb128 0x3
 771 00a8 0E       		.uleb128 0xe
 772 00a9 3A       		.uleb128 0x3a
 773 00aa 0B       		.uleb128 0xb
 774 00ab 3B       		.uleb128 0x3b
 775 00ac 0B       		.uleb128 0xb
 776 00ad 49       		.uleb128 0x49
 777 00ae 13       		.uleb128 0x13
 778 00af 3F       		.uleb128 0x3f
 779 00b0 19       		.uleb128 0x19
 780 00b1 3C       		.uleb128 0x3c
 781 00b2 19       		.uleb128 0x19
 782 00b3 00       		.byte	0
 783 00b4 00       		.byte	0
 784 00b5 0F       		.uleb128 0xf
 785 00b6 34       		.uleb128 0x34
 786 00b7 00       		.byte	0
 787 00b8 03       		.uleb128 0x3
 788 00b9 0E       		.uleb128 0xe
 789 00ba 3A       		.uleb128 0x3a
 790 00bb 0B       		.uleb128 0xb
 791 00bc 3B       		.uleb128 0x3b
 792 00bd 05       		.uleb128 0x5
 793 00be 49       		.uleb128 0x49
 794 00bf 13       		.uleb128 0x13
 795 00c0 3F       		.uleb128 0x3f
ARM GAS  /tmp/ccsE4bmM.s 			page 15


 796 00c1 19       		.uleb128 0x19
 797 00c2 02       		.uleb128 0x2
 798 00c3 18       		.uleb128 0x18
 799 00c4 00       		.byte	0
 800 00c5 00       		.byte	0
 801 00c6 00       		.byte	0
 802              		.section	.debug_aranges,"",%progbits
 803 0000 1C000000 		.4byte	0x1c
 804 0004 0200     		.2byte	0x2
 805 0006 00000000 		.4byte	.Ldebug_info0
 806 000a 04       		.byte	0x4
 807 000b 00       		.byte	0
 808 000c 0000     		.2byte	0
 809 000e 0000     		.2byte	0
 810 0010 00000000 		.4byte	.LFB112
 811 0014 02000000 		.4byte	.LFE112-.LFB112
 812 0018 00000000 		.4byte	0
 813 001c 00000000 		.4byte	0
 814              		.section	.debug_ranges,"",%progbits
 815              	.Ldebug_ranges0:
 816 0000 00000000 		.4byte	.LFB112
 817 0004 02000000 		.4byte	.LFE112
 818 0008 00000000 		.4byte	0
 819 000c 00000000 		.4byte	0
 820              		.section	.debug_line,"",%progbits
 821              	.Ldebug_line0:
 822 0000 37010000 		.section	.debug_str,"MS",%progbits,1
 822      02001C01 
 822      00000201 
 822      FB0E0D00 
 822      01010101 
 823              	.LASF14:
 824 0000 6972715F 		.ascii	"irq_vector_t\000"
 824      76656374 
 824      6F725F74 
 824      00
 825              	.LASF28:
 826 000d 76656374 		.ascii	"vector34\000"
 826      6F723334 
 826      00
 827              	.LASF29:
 828 0016 70656E64 		.ascii	"pendsv_handler\000"
 828      73765F68 
 828      616E646C 
 828      657200
 829              	.LASF5:
 830 0025 5F5F696E 		.ascii	"__int32_t\000"
 830      7433325F 
 830      7400
 831              	.LASF30:
 832 002f 73797374 		.ascii	"systick_handler\000"
 832      69636B5F 
 832      68616E64 
 832      6C657200 
 833              	.LASF3:
 834 003f 73686F72 		.ascii	"short unsigned int\000"
 834      7420756E 
ARM GAS  /tmp/ccsE4bmM.s 			page 16


 834      7369676E 
 834      65642069 
 834      6E7400
 835              	.LASF15:
 836 0052 696E6974 		.ascii	"init_stack\000"
 836      5F737461 
 836      636B00
 837              	.LASF11:
 838 005d 696E7433 		.ascii	"int32_t\000"
 838      325F7400 
 839              	.LASF27:
 840 0065 64656275 		.ascii	"debugmonitor_handler\000"
 840      676D6F6E 
 840      69746F72 
 840      5F68616E 
 840      646C6572 
 841              	.LASF1:
 842 007a 756E7369 		.ascii	"unsigned char\000"
 842      676E6564 
 842      20636861 
 842      7200
 843              	.LASF7:
 844 0088 6C6F6E67 		.ascii	"long unsigned int\000"
 844      20756E73 
 844      69676E65 
 844      6420696E 
 844      7400
 845              	.LASF26:
 846 009a 7376635F 		.ascii	"svc_handler\000"
 846      68616E64 
 846      6C657200 
 847              	.LASF37:
 848 00a6 2E2E2F43 		.ascii	"../ChibiOS/os/common/ports/ARMCMx/compilers/GCC/vec"
 848      68696269 
 848      4F532F6F 
 848      732F636F 
 848      6D6D6F6E 
 849 00d9 746F7273 		.ascii	"tors.c\000"
 849      2E6300
 850              	.LASF33:
 851 00e0 49544D5F 		.ascii	"ITM_RxBuffer\000"
 851      52784275 
 851      66666572 
 851      00
 852              	.LASF22:
 853 00ed 76656374 		.ascii	"vector1c\000"
 853      6F723163 
 853      00
 854              	.LASF18:
 855 00f6 68617264 		.ascii	"hardfault_handler\000"
 855      6661756C 
 855      745F6861 
 855      6E646C65 
 855      7200
 856              	.LASF38:
 857 0108 2F686F6D 		.ascii	"/home/bhimebau/forge/annsynth/src\000"
 857      652F6268 
ARM GAS  /tmp/ccsE4bmM.s 			page 17


 857      696D6562 
 857      61752F66 
 857      6F726765 
 858              	.LASF6:
 859 012a 5F5F7569 		.ascii	"__uint32_t\000"
 859      6E743332 
 859      5F7400
 860              	.LASF17:
 861 0135 6E6D695F 		.ascii	"nmi_handler\000"
 861      68616E64 
 861      6C657200 
 862              	.LASF36:
 863 0141 474E5520 		.ascii	"GNU C 4.9.3 20141119 (release) [ARM/embedded-4_9-br"
 863      4320342E 
 863      392E3320 
 863      32303134 
 863      31313139 
 864 0174 616E6368 		.ascii	"anch revision 218278] -mcpu=cortex-m4 -mfloat-abi=h"
 864      20726576 
 864      6973696F 
 864      6E203231 
 864      38323738 
 865 01a7 61726420 		.ascii	"ard -mfpu=fpv4-sp-d16 -mno-thumb-interwork -mthumb "
 865      2D6D6670 
 865      753D6670 
 865      76342D73 
 865      702D6431 
 866 01da 2D676764 		.ascii	"-ggdb -O2 -fomit-frame-pointer -falign-functions=16"
 866      62202D4F 
 866      32202D66 
 866      6F6D6974 
 866      2D667261 
 867 020d 202D6666 		.ascii	" -ffunction-sections -fdata-sections -fno-common -f"
 867      756E6374 
 867      696F6E2D 
 867      73656374 
 867      696F6E73 
 868 0240 73696E67 		.ascii	"single-precision-constant\000"
 868      6C652D70 
 868      72656369 
 868      73696F6E 
 868      2D636F6E 
 869              	.LASF10:
 870 025a 756E7369 		.ascii	"unsigned int\000"
 870      676E6564 
 870      20696E74 
 870      00
 871              	.LASF23:
 872 0267 76656374 		.ascii	"vector20\000"
 872      6F723230 
 872      00
 873              	.LASF9:
 874 0270 6C6F6E67 		.ascii	"long long unsigned int\000"
 874      206C6F6E 
 874      6720756E 
 874      7369676E 
 874      65642069 
ARM GAS  /tmp/ccsE4bmM.s 			page 18


 875              	.LASF24:
 876 0287 76656374 		.ascii	"vector24\000"
 876      6F723234 
 876      00
 877              	.LASF25:
 878 0290 76656374 		.ascii	"vector28\000"
 878      6F723238 
 878      00
 879              	.LASF35:
 880 0299 5F766563 		.ascii	"_vectors\000"
 880      746F7273 
 880      00
 881              	.LASF16:
 882 02a2 72657365 		.ascii	"reset_handler\000"
 882      745F6861 
 882      6E646C65 
 882      7200
 883              	.LASF13:
 884 02b0 73697A65 		.ascii	"sizetype\000"
 884      74797065 
 884      00
 885              	.LASF21:
 886 02b9 75736167 		.ascii	"usagefault_handler\000"
 886      65666175 
 886      6C745F68 
 886      616E646C 
 886      657200
 887              	.LASF8:
 888 02cc 6C6F6E67 		.ascii	"long long int\000"
 888      206C6F6E 
 888      6720696E 
 888      7400
 889              	.LASF20:
 890 02da 62757366 		.ascii	"busfault_handler\000"
 890      61756C74 
 890      5F68616E 
 890      646C6572 
 890      00
 891              	.LASF39:
 892 02eb 5F756E68 		.ascii	"_unhandled_exception\000"
 892      616E646C 
 892      65645F65 
 892      78636570 
 892      74696F6E 
 893              	.LASF31:
 894 0300 76656374 		.ascii	"vectors\000"
 894      6F727300 
 895              	.LASF2:
 896 0308 73686F72 		.ascii	"short int\000"
 896      7420696E 
 896      7400
 897              	.LASF12:
 898 0312 75696E74 		.ascii	"uint32_t\000"
 898      33325F74 
 898      00
 899              	.LASF4:
 900 031b 6C6F6E67 		.ascii	"long int\000"
ARM GAS  /tmp/ccsE4bmM.s 			page 19


 900      20696E74 
 900      00
 901              	.LASF19:
 902 0324 6D656D6D 		.ascii	"memmanage_handler\000"
 902      616E6167 
 902      655F6861 
 902      6E646C65 
 902      7200
 903              	.LASF0:
 904 0336 7369676E 		.ascii	"signed char\000"
 904      65642063 
 904      68617200 
 905              	.LASF32:
 906 0342 76656374 		.ascii	"vectors_t\000"
 906      6F72735F 
 906      7400
 907              	.LASF34:
 908 034c 5F5F6D61 		.ascii	"__main_stack_end__\000"
 908      696E5F73 
 908      7461636B 
 908      5F656E64 
 908      5F5F00
 909              		.ident	"GCC: (GNU Tools for ARM Embedded Processors) 4.9.3 20141119 (release) [ARM/embedded-4_9-br
ARM GAS  /tmp/ccsE4bmM.s 			page 20


DEFINED SYMBOLS
                            *ABS*:00000000 vectors.c
     /tmp/ccsE4bmM.s:21     .text._unhandled_exception:00000000 $t
     /tmp/ccsE4bmM.s:27     .text._unhandled_exception:00000000 _unhandled_exception
     /tmp/ccsE4bmM.s:27     .text._unhandled_exception:00000000 Reset_Handler
     /tmp/ccsE4bmM.s:27     .text._unhandled_exception:00000000 NMI_Handler
     /tmp/ccsE4bmM.s:27     .text._unhandled_exception:00000000 HardFault_Handler
     /tmp/ccsE4bmM.s:27     .text._unhandled_exception:00000000 MemManage_Handler
     /tmp/ccsE4bmM.s:27     .text._unhandled_exception:00000000 BusFault_Handler
     /tmp/ccsE4bmM.s:27     .text._unhandled_exception:00000000 UsageFault_Handler
     /tmp/ccsE4bmM.s:27     .text._unhandled_exception:00000000 Vector1C
     /tmp/ccsE4bmM.s:27     .text._unhandled_exception:00000000 Vector20
     /tmp/ccsE4bmM.s:27     .text._unhandled_exception:00000000 Vector24
     /tmp/ccsE4bmM.s:27     .text._unhandled_exception:00000000 Vector28
     /tmp/ccsE4bmM.s:27     .text._unhandled_exception:00000000 SVC_Handler
     /tmp/ccsE4bmM.s:27     .text._unhandled_exception:00000000 DebugMon_Handler
     /tmp/ccsE4bmM.s:27     .text._unhandled_exception:00000000 Vector34
     /tmp/ccsE4bmM.s:27     .text._unhandled_exception:00000000 PendSV_Handler
     /tmp/ccsE4bmM.s:27     .text._unhandled_exception:00000000 SysTick_Handler
     /tmp/ccsE4bmM.s:27     .text._unhandled_exception:00000000 Vector40
     /tmp/ccsE4bmM.s:27     .text._unhandled_exception:00000000 Vector44
     /tmp/ccsE4bmM.s:27     .text._unhandled_exception:00000000 Vector48
     /tmp/ccsE4bmM.s:27     .text._unhandled_exception:00000000 Vector4C
     /tmp/ccsE4bmM.s:27     .text._unhandled_exception:00000000 Vector50
     /tmp/ccsE4bmM.s:27     .text._unhandled_exception:00000000 Vector54
     /tmp/ccsE4bmM.s:27     .text._unhandled_exception:00000000 Vector58
     /tmp/ccsE4bmM.s:27     .text._unhandled_exception:00000000 Vector5C
     /tmp/ccsE4bmM.s:27     .text._unhandled_exception:00000000 Vector60
     /tmp/ccsE4bmM.s:27     .text._unhandled_exception:00000000 Vector64
     /tmp/ccsE4bmM.s:27     .text._unhandled_exception:00000000 Vector68
     /tmp/ccsE4bmM.s:27     .text._unhandled_exception:00000000 Vector6C
     /tmp/ccsE4bmM.s:27     .text._unhandled_exception:00000000 Vector70
     /tmp/ccsE4bmM.s:27     .text._unhandled_exception:00000000 Vector74
     /tmp/ccsE4bmM.s:27     .text._unhandled_exception:00000000 Vector78
     /tmp/ccsE4bmM.s:27     .text._unhandled_exception:00000000 Vector7C
     /tmp/ccsE4bmM.s:27     .text._unhandled_exception:00000000 Vector80
     /tmp/ccsE4bmM.s:27     .text._unhandled_exception:00000000 Vector84
     /tmp/ccsE4bmM.s:27     .text._unhandled_exception:00000000 Vector88
     /tmp/ccsE4bmM.s:27     .text._unhandled_exception:00000000 Vector8C
     /tmp/ccsE4bmM.s:27     .text._unhandled_exception:00000000 Vector90
     /tmp/ccsE4bmM.s:27     .text._unhandled_exception:00000000 Vector94
     /tmp/ccsE4bmM.s:27     .text._unhandled_exception:00000000 Vector98
     /tmp/ccsE4bmM.s:27     .text._unhandled_exception:00000000 Vector9C
     /tmp/ccsE4bmM.s:27     .text._unhandled_exception:00000000 VectorA0
     /tmp/ccsE4bmM.s:27     .text._unhandled_exception:00000000 VectorA4
     /tmp/ccsE4bmM.s:27     .text._unhandled_exception:00000000 VectorA8
     /tmp/ccsE4bmM.s:27     .text._unhandled_exception:00000000 VectorAC
     /tmp/ccsE4bmM.s:27     .text._unhandled_exception:00000000 VectorB0
     /tmp/ccsE4bmM.s:27     .text._unhandled_exception:00000000 VectorB4
     /tmp/ccsE4bmM.s:27     .text._unhandled_exception:00000000 VectorB8
     /tmp/ccsE4bmM.s:27     .text._unhandled_exception:00000000 VectorBC
     /tmp/ccsE4bmM.s:27     .text._unhandled_exception:00000000 VectorC0
     /tmp/ccsE4bmM.s:27     .text._unhandled_exception:00000000 VectorC4
     /tmp/ccsE4bmM.s:27     .text._unhandled_exception:00000000 VectorC8
     /tmp/ccsE4bmM.s:27     .text._unhandled_exception:00000000 VectorCC
     /tmp/ccsE4bmM.s:27     .text._unhandled_exception:00000000 VectorD0
     /tmp/ccsE4bmM.s:27     .text._unhandled_exception:00000000 VectorD4
ARM GAS  /tmp/ccsE4bmM.s 			page 21


     /tmp/ccsE4bmM.s:27     .text._unhandled_exception:00000000 VectorD8
     /tmp/ccsE4bmM.s:27     .text._unhandled_exception:00000000 VectorDC
     /tmp/ccsE4bmM.s:27     .text._unhandled_exception:00000000 VectorE0
     /tmp/ccsE4bmM.s:27     .text._unhandled_exception:00000000 VectorE4
     /tmp/ccsE4bmM.s:27     .text._unhandled_exception:00000000 VectorE8
     /tmp/ccsE4bmM.s:27     .text._unhandled_exception:00000000 VectorEC
     /tmp/ccsE4bmM.s:27     .text._unhandled_exception:00000000 VectorF0
     /tmp/ccsE4bmM.s:27     .text._unhandled_exception:00000000 VectorF4
     /tmp/ccsE4bmM.s:27     .text._unhandled_exception:00000000 VectorF8
     /tmp/ccsE4bmM.s:27     .text._unhandled_exception:00000000 VectorFC
     /tmp/ccsE4bmM.s:27     .text._unhandled_exception:00000000 Vector100
     /tmp/ccsE4bmM.s:27     .text._unhandled_exception:00000000 Vector104
     /tmp/ccsE4bmM.s:27     .text._unhandled_exception:00000000 Vector108
     /tmp/ccsE4bmM.s:27     .text._unhandled_exception:00000000 Vector10C
     /tmp/ccsE4bmM.s:27     .text._unhandled_exception:00000000 Vector110
     /tmp/ccsE4bmM.s:27     .text._unhandled_exception:00000000 Vector114
     /tmp/ccsE4bmM.s:27     .text._unhandled_exception:00000000 Vector118
     /tmp/ccsE4bmM.s:27     .text._unhandled_exception:00000000 Vector11C
     /tmp/ccsE4bmM.s:27     .text._unhandled_exception:00000000 Vector120
     /tmp/ccsE4bmM.s:27     .text._unhandled_exception:00000000 Vector124
     /tmp/ccsE4bmM.s:27     .text._unhandled_exception:00000000 Vector128
     /tmp/ccsE4bmM.s:27     .text._unhandled_exception:00000000 Vector12C
     /tmp/ccsE4bmM.s:27     .text._unhandled_exception:00000000 Vector130
     /tmp/ccsE4bmM.s:27     .text._unhandled_exception:00000000 Vector134
     /tmp/ccsE4bmM.s:27     .text._unhandled_exception:00000000 Vector138
     /tmp/ccsE4bmM.s:27     .text._unhandled_exception:00000000 Vector13C
     /tmp/ccsE4bmM.s:27     .text._unhandled_exception:00000000 Vector140
     /tmp/ccsE4bmM.s:27     .text._unhandled_exception:00000000 Vector144
     /tmp/ccsE4bmM.s:27     .text._unhandled_exception:00000000 Vector148
     /tmp/ccsE4bmM.s:27     .text._unhandled_exception:00000000 Vector14C
     /tmp/ccsE4bmM.s:27     .text._unhandled_exception:00000000 Vector150
     /tmp/ccsE4bmM.s:27     .text._unhandled_exception:00000000 Vector154
     /tmp/ccsE4bmM.s:27     .text._unhandled_exception:00000000 Vector158
     /tmp/ccsE4bmM.s:27     .text._unhandled_exception:00000000 Vector15C
     /tmp/ccsE4bmM.s:27     .text._unhandled_exception:00000000 Vector160
     /tmp/ccsE4bmM.s:27     .text._unhandled_exception:00000000 Vector164
     /tmp/ccsE4bmM.s:27     .text._unhandled_exception:00000000 Vector168
     /tmp/ccsE4bmM.s:27     .text._unhandled_exception:00000000 Vector16C
     /tmp/ccsE4bmM.s:27     .text._unhandled_exception:00000000 Vector170
     /tmp/ccsE4bmM.s:27     .text._unhandled_exception:00000000 Vector174
     /tmp/ccsE4bmM.s:27     .text._unhandled_exception:00000000 Vector178
     /tmp/ccsE4bmM.s:27     .text._unhandled_exception:00000000 Vector17C
     /tmp/ccsE4bmM.s:27     .text._unhandled_exception:00000000 Vector180
     /tmp/ccsE4bmM.s:27     .text._unhandled_exception:00000000 Vector184
     /tmp/ccsE4bmM.s:27     .text._unhandled_exception:00000000 Vector188
     /tmp/ccsE4bmM.s:27     .text._unhandled_exception:00000000 Vector18C
     /tmp/ccsE4bmM.s:27     .text._unhandled_exception:00000000 Vector190
     /tmp/ccsE4bmM.s:27     .text._unhandled_exception:00000000 Vector194
     /tmp/ccsE4bmM.s:27     .text._unhandled_exception:00000000 Vector198
     /tmp/ccsE4bmM.s:27     .text._unhandled_exception:00000000 Vector19C
     /tmp/ccsE4bmM.s:253    vectors:00000000 _vectors
     /tmp/ccsE4bmM.s:250    vectors:00000000 $d
                     .debug_frame:00000010 $d

UNDEFINED SYMBOLS
__main_stack_end__
